#
# There is insufficient memory for the Java Runtime Environment to continue.
# Native memory allocation (malloc) failed to allocate 1071376 bytes. Error detail: Chunk::new
# Possible reasons:
#   The system is out of physical RAM or swap space
#   This process is running with CompressedOops enabled, and the Java Heap may be blocking the growth of the native heap
# Possible solutions:
#   Reduce memory load on the system
#   Increase physical memory or swap space
#   Check if swap backing store is full
#   Decrease Java heap size (-Xmx/-Xms)
#   Decrease number of Java threads
#   Decrease Java thread stack sizes (-Xss)
#   Set larger code cache with -XX:ReservedCodeCacheSize=
#   JVM is running with Unscaled Compressed Oops mode in which the Java heap is
#     placed in the first 4GB address space. The Java Heap base address is the
#     maximum limit for the native heap growth. Please use -XX:HeapBaseMinAddress
#     to set the Java Heap base and to place the Java Heap above 4GB virtual address.
# This output file may be truncated or incomplete.
#
#  Out of Memory Error (arena.cpp:168), pid=16244, tid=14728
#
# JRE version: OpenJDK Runtime Environment Temurin-21.0.8+9 (21.0.8+9) (build 21.0.8+9-LTS)
# Java VM: OpenJDK 64-Bit Server VM Temurin-21.0.8+9 (21.0.8+9-LTS, mixed mode, sharing, tiered, compressed oops, compressed class ptrs, parallel gc, windows-amd64)
# No core dump will be written. Minidumps are not enabled by default on client versions of Windows
#

---------------  S U M M A R Y ------------

Command Line: --add-modules=ALL-SYSTEM --add-opens=java.base/java.util=ALL-UNNAMED --add-opens=java.base/java.lang=ALL-UNNAMED --add-opens=java.base/sun.nio.fs=ALL-UNNAMED -Declipse.application=org.eclipse.jdt.ls.core.id1 -Dosgi.bundles.defaultStartLevel=4 -Declipse.product=org.eclipse.jdt.ls.core.product -Djava.import.generatesMetadataFilesAtProjectRoot=false -DDetectVMInstallationsJob.disabled=true -Dfile.encoding=utf8 -XX:+UseParallelGC -XX:GCTimeRatio=4 -XX:AdaptiveSizePolicyWeight=90 -Dsun.zip.disableMemoryMapping=true -Xmx2G -Xms100m -Xlog:disable -javaagent:c:\Users\hungk\.vscode\extensions\redhat.java-1.46.0-win32-x64\lombok\lombok-1.18.39-4050.jar -XX:+HeapDumpOnOutOfMemoryError -XX:HeapDumpPath=c:\Users\hungk\AppData\Roaming\Code\User\workspaceStorage\c1ea95a410cbd50c8eb2bc13e37241c0\redhat.java -Daether.dependencyCollector.impl=bf c:\Users\hungk\.vscode\extensions\redhat.java-1.46.0-win32-x64\server\plugins\org.eclipse.equinox.launcher_1.7.0.v20250519-0528.jar -configuration c:\Users\hungk\AppData\Roaming\Code\User\globalStorage\redhat.java\1.46.0\config_win -data c:\Users\hungk\AppData\Roaming\Code\User\workspaceStorage\c1ea95a410cbd50c8eb2bc13e37241c0\redhat.java\jdt_ws --pipe=\\.\pipe\lsp-787c6b61a2db96d138b026efd4f50072-sock

Host: 11th Gen Intel(R) Core(TM) i5-11400H @ 2.70GHz, 12 cores, 7G,  Windows 11 , 64 bit Build 26100 (10.0.26100.2454)
Time: Mon Oct 27 14:31:06 2025 SE Asia Standard Time elapsed time: 63.059775 seconds (0d 0h 1m 3s)

---------------  T H R E A D  ---------------

Current thread (0x00000213b064c610):  JavaThread "C2 CompilerThread0" daemon [_thread_in_native, id=14728, stack(0x0000008599d00000,0x0000008599e00000) (1024K)]


Current CompileTask:
C2:63059 8369       4       org.gradle.tooling.internal.provider.ProviderConnection$BuildProgressListenerInvokingBuildEventConsumer::dispatch (18 bytes)

Stack: [0x0000008599d00000,0x0000008599e00000]
Native frames: (J=compiled Java code, j=interpreted, Vv=VM code, C=native code)
V  [jvm.dll+0x6d2449]
V  [jvm.dll+0x8ae341]
V  [jvm.dll+0x8b08be]
V  [jvm.dll+0x8b0fa3]
V  [jvm.dll+0x280c96]
V  [jvm.dll+0xc581d]
V  [jvm.dll+0xc5d53]
V  [jvm.dll+0x3b9162]
V  [jvm.dll+0x1e1409]
V  [jvm.dll+0x249022]
V  [jvm.dll+0x2484af]
V  [jvm.dll+0x1c89ee]
V  [jvm.dll+0x257d4d]
V  [jvm.dll+0x2562ea]
V  [jvm.dll+0x3f2d16]
V  [jvm.dll+0x857e6b]
V  [jvm.dll+0x6d0b0d]
C  [ucrtbase.dll+0x14ea0]
C  [KERNEL32.DLL+0x2e8d7]
C  [ntdll.dll+0xdfbcc]


---------------  P R O C E S S  ---------------

Threads class SMR info:
_java_thread_list=0x0000021412aa5a00, length=63, elements={
0x00000213b05a35b0, 0x00000213b054e020, 0x00000213b0643cd0, 0x00000213b0647ef0,
0x00000213b0649020, 0x00000214093a1fb0, 0x00000213b064bc80, 0x00000213b064c610,
0x00000213b0657090, 0x000002140949e190, 0x000002140972a1f0, 0x000002140aac60f0,
0x000002140f1945b0, 0x000002140f39b760, 0x000002140f39c190, 0x000002140f34d180,
0x00000214095fada0, 0x000002140f6c8a60, 0x000002140f6c7d40, 0x000002140f6c83d0,
0x000002140f6c90f0, 0x000002140f6c9780, 0x000002140f6ca4a0, 0x000002140f6c9e10,
0x000002140f6cb1c0, 0x0000021411587c40, 0x00000214115854e0, 0x0000021411586200,
0x00000214115882d0, 0x0000021411584e50, 0x0000021411588960, 0x0000021411586890,
0x00000214115875b0, 0x0000021411586f20, 0x0000021411588ff0, 0x0000021411585b70,
0x000002141158bde0, 0x000002141158b0c0, 0x000002141158c470, 0x000002141158aa30,
0x0000021411589680, 0x0000021411589d10, 0x000002141158a3a0, 0x000002141158b750,
0x0000021411e9b210, 0x0000021411e9b8a0, 0x0000021411e997d0, 0x0000021411e99e60,
0x0000021411e9c5c0, 0x0000021411e9cc50, 0x0000021411e9d970, 0x0000021411e9fa40,
0x0000021411e99140, 0x0000021411e9d2e0, 0x0000021411e9a4f0, 0x0000021411e9e000,
0x0000021411e9e690, 0x00000213b042b8d0, 0x00000214125b38e0, 0x0000021411ea00d0,
0x000002140a343560, 0x000002140a342840, 0x000002140a341b20
}

Java Threads: ( => current thread )
  0x00000213b05a35b0 JavaThread "main"                              [_thread_blocked, id=25572, stack(0x0000008599300000,0x0000008599400000) (1024K)]
  0x00000213b054e020 JavaThread "Reference Handler"          daemon [_thread_blocked, id=14080, stack(0x0000008599700000,0x0000008599800000) (1024K)]
  0x00000213b0643cd0 JavaThread "Finalizer"                  daemon [_thread_blocked, id=12620, stack(0x0000008599800000,0x0000008599900000) (1024K)]
  0x00000213b0647ef0 JavaThread "Signal Dispatcher"          daemon [_thread_blocked, id=18268, stack(0x0000008599900000,0x0000008599a00000) (1024K)]
  0x00000213b0649020 JavaThread "Attach Listener"            daemon [_thread_blocked, id=12928, stack(0x0000008599a00000,0x0000008599b00000) (1024K)]
  0x00000214093a1fb0 JavaThread "Service Thread"             daemon [_thread_blocked, id=14388, stack(0x0000008599b00000,0x0000008599c00000) (1024K)]
  0x00000213b064bc80 JavaThread "Monitor Deflation Thread"   daemon [_thread_blocked, id=5768, stack(0x0000008599c00000,0x0000008599d00000) (1024K)]
=>0x00000213b064c610 JavaThread "C2 CompilerThread0"         daemon [_thread_in_native, id=14728, stack(0x0000008599d00000,0x0000008599e00000) (1024K)]
  0x00000213b0657090 JavaThread "C1 CompilerThread0"         daemon [_thread_blocked, id=10080, stack(0x0000008599e00000,0x0000008599f00000) (1024K)]
  0x000002140949e190 JavaThread "Common-Cleaner"             daemon [_thread_blocked, id=4500, stack(0x0000008599f00000,0x000000859a000000) (1024K)]
  0x000002140972a1f0 JavaThread "Notification Thread"        daemon [_thread_blocked, id=23340, stack(0x000000859a100000,0x000000859a200000) (1024K)]
  0x000002140aac60f0 JavaThread "Active Thread: Equinox Container: 3f712068-a03b-40c6-814d-d9d7f1fdfced"        [_thread_blocked, id=25272, stack(0x000000859a900000,0x000000859aa00000) (1024K)]
  0x000002140f1945b0 JavaThread "Refresh Thread: Equinox Container: 3f712068-a03b-40c6-814d-d9d7f1fdfced" daemon [_thread_blocked, id=2744, stack(0x000000859a000000,0x000000859a100000) (1024K)]
  0x000002140f39b760 JavaThread "Framework Event Dispatcher: Equinox Container: 3f712068-a03b-40c6-814d-d9d7f1fdfced" daemon [_thread_blocked, id=22360, stack(0x000000859aa00000,0x000000859ab00000) (1024K)]
  0x000002140f39c190 JavaThread "Start Level: Equinox Container: 3f712068-a03b-40c6-814d-d9d7f1fdfced" daemon [_thread_blocked, id=11668, stack(0x000000859ab00000,0x000000859ac00000) (1024K)]
  0x000002140f34d180 JavaThread "Bundle File Closer"         daemon [_thread_blocked, id=19472, stack(0x000000859b000000,0x000000859b100000) (1024K)]
  0x00000214095fada0 JavaThread "SCR Component Actor"        daemon [_thread_blocked, id=14708, stack(0x000000859ac00000,0x000000859ad00000) (1024K)]
  0x000002140f6c8a60 JavaThread "Worker-JM"                         [_thread_blocked, id=22604, stack(0x000000859b200000,0x000000859b300000) (1024K)]
  0x000002140f6c7d40 JavaThread "JNA Cleaner"                daemon [_thread_blocked, id=21804, stack(0x000000859af00000,0x000000859b000000) (1024K)]
  0x000002140f6c83d0 JavaThread "Worker-0: Initialize Workspace"        [_thread_blocked, id=18624, stack(0x000000859b100000,0x000000859b200000) (1024K)]
  0x000002140f6c90f0 JavaThread "Worker-1"                          [_thread_blocked, id=5336, stack(0x000000859b300000,0x000000859b400000) (1024K)]
  0x000002140f6c9780 JavaThread "Java indexing"              daemon [_thread_blocked, id=13248, stack(0x000000859b400000,0x000000859b500000) (1024K)]
  0x000002140f6ca4a0 JavaThread "Worker-2"                          [_thread_blocked, id=21416, stack(0x000000859b500000,0x000000859b600000) (1024K)]
  0x000002140f6c9e10 JavaThread "Worker-3"                          [_thread_blocked, id=11044, stack(0x000000859b800000,0x000000859b900000) (1024K)]
  0x000002140f6cb1c0 JavaThread "Worker-4"                          [_thread_blocked, id=12764, stack(0x000000859b900000,0x000000859ba00000) (1024K)]
  0x0000021411587c40 JavaThread "Worker-5: Synchronize Gradle projects with workspace"        [_thread_blocked, id=18076, stack(0x000000859ba00000,0x000000859bb00000) (1024K)]
  0x00000214115854e0 JavaThread "Thread-1"                   daemon [_thread_in_native, id=20096, stack(0x000000859bb00000,0x000000859bc00000) (1024K)]
  0x0000021411586200 JavaThread "Thread-2"                   daemon [_thread_in_native, id=21944, stack(0x000000859bc00000,0x000000859bd00000) (1024K)]
  0x00000214115882d0 JavaThread "Thread-3"                   daemon [_thread_in_native, id=13868, stack(0x000000859bd00000,0x000000859be00000) (1024K)]
  0x0000021411584e50 JavaThread "Thread-4"                   daemon [_thread_in_native, id=21920, stack(0x000000859be00000,0x000000859bf00000) (1024K)]
  0x0000021411588960 JavaThread "Thread-5"                   daemon [_thread_in_native, id=13084, stack(0x000000859bf00000,0x000000859c000000) (1024K)]
  0x0000021411586890 JavaThread "Thread-6"                   daemon [_thread_in_native, id=19152, stack(0x000000859c000000,0x000000859c100000) (1024K)]
  0x00000214115875b0 JavaThread "Thread-7"                   daemon [_thread_in_native, id=18116, stack(0x000000859c100000,0x000000859c200000) (1024K)]
  0x0000021411586f20 JavaThread "Thread-8"                   daemon [_thread_in_native, id=17948, stack(0x000000859c200000,0x000000859c300000) (1024K)]
  0x0000021411588ff0 JavaThread "Thread-9"                   daemon [_thread_in_native, id=21256, stack(0x000000859c300000,0x000000859c400000) (1024K)]
  0x0000021411585b70 JavaThread "Thread-10"                  daemon [_thread_in_native, id=7004, stack(0x000000859c400000,0x000000859c500000) (1024K)]
  0x000002141158bde0 JavaThread "Thread-11"                  daemon [_thread_in_native, id=17748, stack(0x000000859c500000,0x000000859c600000) (1024K)]
  0x000002141158b0c0 JavaThread "Thread-12"                  daemon [_thread_in_native, id=25196, stack(0x000000859c600000,0x000000859c700000) (1024K)]
  0x000002141158c470 JavaThread "Thread-13"                  daemon [_thread_in_native, id=15768, stack(0x000000859c700000,0x000000859c800000) (1024K)]
  0x000002141158aa30 JavaThread "pool-2-thread-1"                   [_thread_blocked, id=9600, stack(0x000000859c800000,0x000000859c900000) (1024K)]
  0x0000021411589680 JavaThread "Timer-0"                           [_thread_blocked, id=3524, stack(0x000000859c900000,0x000000859ca00000) (1024K)]
  0x0000021411589d10 JavaThread "Timer-1"                           [_thread_blocked, id=2748, stack(0x000000859ca00000,0x000000859cb00000) (1024K)]
  0x000002141158a3a0 JavaThread "WorkspaceEventsHandler"            [_thread_blocked, id=6836, stack(0x000000859cb00000,0x000000859cc00000) (1024K)]
  0x000002141158b750 JavaThread "pool-1-thread-1"                   [_thread_blocked, id=23860, stack(0x000000859cc00000,0x000000859cd00000) (1024K)]
  0x0000021411e9b210 JavaThread "ForkJoinPool.commonPool-worker-1" daemon [_thread_blocked, id=3860, stack(0x000000859ce00000,0x000000859cf00000) (1024K)]
  0x0000021411e9b8a0 JavaThread "ForkJoinPool.commonPool-worker-2" daemon [_thread_blocked, id=21264, stack(0x000000859cf00000,0x000000859d000000) (1024K)]
  0x0000021411e997d0 JavaThread "ForkJoinPool.commonPool-worker-3" daemon [_thread_blocked, id=14272, stack(0x000000859d000000,0x000000859d100000) (1024K)]
  0x0000021411e99e60 JavaThread "ForkJoinPool.commonPool-worker-4" daemon [_thread_blocked, id=2996, stack(0x000000859d100000,0x000000859d200000) (1024K)]
  0x0000021411e9c5c0 JavaThread "Timer-2"                           [_thread_blocked, id=16828, stack(0x000000859d200000,0x000000859d300000) (1024K)]
  0x0000021411e9cc50 JavaThread "Exec process"                      [_thread_blocked, id=24604, stack(0x000000859d400000,0x000000859d500000) (1024K)]
  0x0000021411e9d970 JavaThread "Exec process Thread 2"             [_thread_blocked, id=4008, stack(0x000000859d500000,0x000000859d600000) (1024K)]
  0x0000021411e9fa40 JavaThread "Exec process Thread 3"             [_thread_blocked, id=12888, stack(0x000000859d600000,0x000000859d700000) (1024K)]
  0x0000021411e99140 JavaThread "Timer-3"                           [_thread_blocked, id=3308, stack(0x000000859cd00000,0x000000859ce00000) (1024K)]
  0x0000021411e9d2e0 JavaThread "Timer-4"                           [_thread_blocked, id=20720, stack(0x000000859d300000,0x000000859d400000) (1024K)]
  0x0000021411e9a4f0 JavaThread "Timer-5"                           [_thread_blocked, id=15736, stack(0x000000859d700000,0x000000859d800000) (1024K)]
  0x0000021411e9e000 JavaThread "Timer-6"                           [_thread_blocked, id=10876, stack(0x000000859d800000,0x000000859d900000) (1024K)]
  0x0000021411e9e690 JavaThread "Timer-7"                           [_thread_blocked, id=6972, stack(0x000000859d900000,0x000000859da00000) (1024K)]
  0x00000213b042b8d0 JavaThread "C2 CompilerThread1"         daemon [_thread_in_native, id=21328, stack(0x0000008599100000,0x0000008599200000) (1024K)]
  0x00000214125b38e0 JavaThread "C2 CompilerThread2"         daemon [_thread_in_native, id=2908, stack(0x0000008599000000,0x0000008599100000) (1024K)]
  0x0000021411ea00d0 JavaThread "Timer-8"                           [_thread_blocked, id=21760, stack(0x0000008599200000,0x0000008599300000) (1024K)]
  0x000002140a343560 JavaThread "Timer-9"                           [_thread_blocked, id=23560, stack(0x000000859da00000,0x000000859db00000) (1024K)]
  0x000002140a342840 JavaThread "Connection worker"                 [_thread_in_native, id=25072, stack(0x000000859dc00000,0x000000859dd00000) (1024K)]
  0x000002140a341b20 JavaThread "pool-4-thread-1"                   [_thread_blocked, id=11376, stack(0x000000859dd00000,0x000000859de00000) (1024K)]
Total: 63

Other Threads:
  0x00000213ae37ec10 VMThread "VM Thread"                           [id=6864, stack(0x0000008599600000,0x0000008599700000) (1024K)]
  0x00000213b0610470 WatcherThread "VM Periodic Task Thread"        [id=22864, stack(0x0000008599500000,0x0000008599600000) (1024K)]
  0x00000213b05c1600 WorkerThread "GC Thread#0"                     [id=20900, stack(0x0000008599400000,0x0000008599500000) (1024K)]
  0x000002140972c9f0 WorkerThread "GC Thread#1"                     [id=17740, stack(0x000000859a300000,0x000000859a400000) (1024K)]
  0x000002140972cd90 WorkerThread "GC Thread#2"                     [id=10900, stack(0x000000859a400000,0x000000859a500000) (1024K)]
  0x000002140a40f850 WorkerThread "GC Thread#3"                     [id=25364, stack(0x000000859a500000,0x000000859a600000) (1024K)]
  0x000002140a40fbf0 WorkerThread "GC Thread#4"                     [id=15396, stack(0x000000859a600000,0x000000859a700000) (1024K)]
  0x000002140f184000 WorkerThread "GC Thread#5"                     [id=17768, stack(0x000000859a700000,0x000000859a800000) (1024K)]
  0x000002140f1843a0 WorkerThread "GC Thread#6"                     [id=10928, stack(0x000000859a800000,0x000000859a900000) (1024K)]
  0x000002140f1435f0 WorkerThread "GC Thread#7"                     [id=23676, stack(0x000000859a200000,0x000000859a300000) (1024K)]
  0x000002140f0c7620 WorkerThread "GC Thread#8"                     [id=23556, stack(0x000000859ad00000,0x000000859ae00000) (1024K)]
  0x000002140f0c79c0 WorkerThread "GC Thread#9"                     [id=8932, stack(0x000000859ae00000,0x000000859af00000) (1024K)]
Total: 12

Threads with active compile tasks:
C2 CompilerThread0  63088 8369       4       org.gradle.tooling.internal.provider.ProviderConnection$BuildProgressListenerInvokingBuildEventConsumer::dispatch (18 bytes)
C1 CompilerThread0  63088 8385   !   2       org.eclipse.core.internal.jobs.JobListeners::waitAndSendEvents (445 bytes)
C2 CompilerThread1  63088 8370   !   4       org.gradle.tooling.internal.consumer.parameters.FailsafeBuildProgressListenerAdapter::onEvent (28 bytes)
C2 CompilerThread2  63088 8368       4       org.gradle.tooling.internal.provider.StreamedValueConsumer::dispatch (48 bytes)
Total: 4

VM state: not at safepoint (normal execution)

VM Mutex/Monitor currently owned by a thread:  ([mutex/lock_event])
[0x00007ffefa483fd8] MethodCompileQueue_lock - owner thread: 0x00000213b0657090
[0x00007ffefa485358] CodeCache_lock - owner thread: 0x00000213b0657090
[0x00007ffefa4854d8] Compile_lock - owner thread: 0x00000213b0657090

Heap address: 0x0000000080000000, size: 2048 MB, Compressed Oops mode: 32-bit

CDS archive(s) mapped at: [0x00000213c7000000-0x00000213c7ba0000-0x00000213c7ba0000), size 12189696, SharedBaseAddress: 0x00000213c7000000, ArchiveRelocationMode: 1.
Compressed class space mapped at: 0x00000213c8000000-0x0000021408000000, reserved size: 1073741824
Narrow klass base: 0x00000213c7000000, Narrow klass shift: 0, Narrow klass range: 0x100000000

GC Precious Log:
 CardTable entry size: 512
 CPUs: 12 total, 12 available
 Memory: 7929M
 Large Page Support: Disabled
 NUMA Support: Disabled
 Compressed Oops: Enabled (32-bit)
 Alignments: Space 512K, Generation 512K, Heap 2M
 Heap Min Capacity: 100M
 Heap Initial Capacity: 100M
 Heap Max Capacity: 2G
 Pre-touch: Disabled
 Parallel Workers: 10

Heap:
 PSYoungGen      total 21504K, used 13036K [0x00000000d5580000, 0x00000000d7000000, 0x0000000100000000)
  eden space 20992K, 59% used [0x00000000d5580000,0x00000000d61bb3d8,0x00000000d6a00000)
  from space 512K, 100% used [0x00000000d6f00000,0x00000000d6f80000,0x00000000d6f80000)
  to   space 512K, 0% used [0x00000000d6f80000,0x00000000d6f80000,0x00000000d7000000)
 ParOldGen       total 68608K, used 43755K [0x0000000080000000, 0x0000000084300000, 0x00000000d5580000)
  object space 68608K, 63% used [0x0000000080000000,0x0000000082abadb0,0x0000000084300000)
 Metaspace       used 64942K, committed 66432K, reserved 1114112K
  class space    used 8195K, committed 8832K, reserved 1048576K

Card table byte_map: [0x00000213aff40000,0x00000213b0350000] _byte_map_base: 0x00000213afb40000

Marking Bits: (ParMarkBitMap*) 0x00007ffefa48a340
 Begin Bits: [0x00000213c2a40000, 0x00000213c4a40000)
 End Bits:   [0x00000213c4a40000, 0x00000213c6a40000)

Polling page: 0x00000213ae410000

Metaspace:

Usage:
  Non-class:     55.42 MB used.
      Class:      8.00 MB used.
       Both:     63.42 MB used.

Virtual space:
  Non-class space:       64.00 MB reserved,      56.25 MB ( 88%) committed,  1 nodes.
      Class space:        1.00 GB reserved,       8.62 MB ( <1%) committed,  1 nodes.
             Both:        1.06 GB reserved,      64.88 MB (  6%) committed. 

Chunk freelists:
   Non-Class:  7.59 MB
       Class:  7.28 MB
        Both:  14.88 MB

MaxMetaspaceSize: unlimited
CompressedClassSpaceSize: 1.00 GB
Initial GC threshold: 21.00 MB
Current GC threshold: 97.31 MB
CDS: on
 - commit_granule_bytes: 65536.
 - commit_granule_words: 8192.
 - virtual_space_node_default_size: 8388608.
 - enlarge_chunks_in_place: 1.
 - use_allocation_guard: 0.


Internal statistics:

num_allocs_failed_limit: 9.
num_arena_births: 1288.
num_arena_deaths: 14.
num_vsnodes_births: 2.
num_vsnodes_deaths: 0.
num_space_committed: 1038.
num_space_uncommitted: 0.
num_chunks_returned_to_freelist: 23.
num_chunks_taken_from_freelist: 4278.
num_chunk_merges: 15.
num_chunk_splits: 2662.
num_chunks_enlarged: 1502.
num_inconsistent_stats: 0.

CodeHeap 'non-profiled nmethods': size=120000Kb used=4871Kb max_used=4871Kb free=115128Kb
 bounds [0x00000213bb260000, 0x00000213bb730000, 0x00000213c2790000]
CodeHeap 'profiled nmethods': size=120000Kb used=15072Kb max_used=15072Kb free=104927Kb
 bounds [0x00000213b3790000, 0x00000213b4650000, 0x00000213bacc0000]
CodeHeap 'non-nmethods': size=5760Kb used=1399Kb max_used=1458Kb free=4360Kb
 bounds [0x00000213bacc0000, 0x00000213baf30000, 0x00000213bb260000]
CodeCache: size=245760Kb, used=21342Kb, max_used=21401Kb, free=224415Kb
 total_blobs=8392, nmethods=7698, adapters=600, full_count=0
Compilation: enabled, stopped_count=0, restarted_count=0

Compilation events (20 events):
Event: 62.696 Thread 0x00000213b064c610 8364       4       java.io.ObjectInputFilter$Config::getSerialFilterFactorySingleton (11 bytes)
Event: 62.696 Thread 0x00000214125b38e0 nmethod 8363 0x00000213bb71ff90 code [0x00000213bb720120, 0x00000213bb7201a8]
Event: 62.696 Thread 0x00000214125b38e0 8365       4       java.io.ObjectInputFilter$Config::getSerialFilterFactory (21 bytes)
Event: 62.696 Thread 0x00000213b0657090 nmethod 8362 0x00000213b463cb10 code [0x00000213b463cda0, 0x00000213b463d900]
Event: 62.696 Thread 0x00000213b0657090 8367       3       java.io.ObjectInputStream::readStreamHeader (61 bytes)
Event: 62.697 Thread 0x00000213b064c610 nmethod 8364 0x00000213bb720290 code [0x00000213bb720420, 0x00000213bb7204d8]
Event: 62.697 Thread 0x00000213b064c610 8366       4       java.io.ObjectInputFilter$Config::getSerialFilter (21 bytes)
Event: 62.697 Thread 0x00000214125b38e0 nmethod 8365 0x00000213bb720590 code [0x00000213bb720720, 0x00000213bb7207c0]
Event: 62.697 Thread 0x00000213b064c610 nmethod 8366 0x00000213bb720890 code [0x00000213bb720a20, 0x00000213bb720a98]
Event: 62.697 Thread 0x00000213b0657090 nmethod 8367 0x00000213b463dd10 code [0x00000213b463dfe0, 0x00000213b463ecf8]
Event: 62.698 Thread 0x00000214125b38e0 8368       4       org.gradle.tooling.internal.provider.StreamedValueConsumer::dispatch (48 bytes)
Event: 62.698 Thread 0x00000213b064c610 8369       4       org.gradle.tooling.internal.provider.ProviderConnection$BuildProgressListenerInvokingBuildEventConsumer::dispatch (18 bytes)
Event: 62.698 Thread 0x00000213b0657090 8373       3       org.gradle.tooling.internal.consumer.parameters.BuildProgressListenerAdapter::broadcastInternalProgressEvent (183 bytes)
Event: 62.699 Thread 0x00000213b0657090 nmethod 8373 0x00000213b463f210 code [0x00000213b463f7e0, 0x00000213b4642e70]
Event: 62.701 Thread 0x00000213b042b8d0 nmethod 8361 0x00000213bb720b90 code [0x00000213bb720d80, 0x00000213bb721688]
Event: 62.702 Thread 0x00000213b042b8d0 8370   !   4       org.gradle.tooling.internal.consumer.parameters.FailsafeBuildProgressListenerAdapter::onEvent (28 bytes)
Event: 62.792 Thread 0x00000213b0657090 8374   !   3       com.esotericsoftware.kryo.io.Input::fill (32 bytes)
Event: 62.793 Thread 0x00000213b0657090 nmethod 8374 0x00000213b4643790 code [0x00000213b4643960, 0x00000213b4643c90]
Event: 62.884 Thread 0x00000213b0657090 8379       2       org.eclipse.core.internal.jobs.JobManager::select (60 bytes)
Event: 62.885 Thread 0x00000213b0657090 nmethod 8379 0x00000213b4643e10 code [0x00000213b4643fe0, 0x00000213b4644288]

GC Heap History (20 events):
Event: 61.564 GC heap before
{Heap before GC invocations=91 (full 3):
 PSYoungGen      total 21504K, used 21120K [0x00000000d5580000, 0x00000000d7000000, 0x0000000100000000)
  eden space 20992K, 100% used [0x00000000d5580000,0x00000000d6a00000,0x00000000d6a00000)
  from space 512K, 25% used [0x00000000d6f00000,0x00000000d6f20000,0x00000000d6f80000)
  to   space 512K, 0% used [0x00000000d6f80000,0x00000000d6f80000,0x00000000d7000000)
 ParOldGen       total 68608K, used 43427K [0x0000000080000000, 0x0000000084300000, 0x00000000d5580000)
  object space 68608K, 63% used [0x0000000080000000,0x0000000082a68da0,0x0000000084300000)
 Metaspace       used 64544K, committed 65920K, reserved 1114112K
  class space    used 8131K, committed 8704K, reserved 1048576K
}
Event: 61.564 GC heap after
{Heap after GC invocations=91 (full 3):
 PSYoungGen      total 21504K, used 192K [0x00000000d5580000, 0x00000000d7000000, 0x0000000100000000)
  eden space 20992K, 0% used [0x00000000d5580000,0x00000000d5580000,0x00000000d6a00000)
  from space 512K, 37% used [0x00000000d6f80000,0x00000000d6fb0000,0x00000000d7000000)
  to   space 512K, 0% used [0x00000000d6f00000,0x00000000d6f00000,0x00000000d6f80000)
 ParOldGen       total 68608K, used 43443K [0x0000000080000000, 0x0000000084300000, 0x00000000d5580000)
  object space 68608K, 63% used [0x0000000080000000,0x0000000082a6cda0,0x0000000084300000)
 Metaspace       used 64544K, committed 65920K, reserved 1114112K
  class space    used 8131K, committed 8704K, reserved 1048576K
}
Event: 61.616 GC heap before
{Heap before GC invocations=92 (full 3):
 PSYoungGen      total 21504K, used 21184K [0x00000000d5580000, 0x00000000d7000000, 0x0000000100000000)
  eden space 20992K, 100% used [0x00000000d5580000,0x00000000d6a00000,0x00000000d6a00000)
  from space 512K, 37% used [0x00000000d6f80000,0x00000000d6fb0000,0x00000000d7000000)
  to   space 512K, 0% used [0x00000000d6f00000,0x00000000d6f00000,0x00000000d6f80000)
 ParOldGen       total 68608K, used 43443K [0x0000000080000000, 0x0000000084300000, 0x00000000d5580000)
  object space 68608K, 63% used [0x0000000080000000,0x0000000082a6cda0,0x0000000084300000)
 Metaspace       used 64544K, committed 65920K, reserved 1114112K
  class space    used 8131K, committed 8704K, reserved 1048576K
}
Event: 61.617 GC heap after
{Heap after GC invocations=92 (full 3):
 PSYoungGen      total 21504K, used 160K [0x00000000d5580000, 0x00000000d7000000, 0x0000000100000000)
  eden space 20992K, 0% used [0x00000000d5580000,0x00000000d5580000,0x00000000d6a00000)
  from space 512K, 31% used [0x00000000d6f00000,0x00000000d6f28000,0x00000000d6f80000)
  to   space 512K, 0% used [0x00000000d6f80000,0x00000000d6f80000,0x00000000d7000000)
 ParOldGen       total 68608K, used 43507K [0x0000000080000000, 0x0000000084300000, 0x00000000d5580000)
  object space 68608K, 63% used [0x0000000080000000,0x0000000082a7cda0,0x0000000084300000)
 Metaspace       used 64544K, committed 65920K, reserved 1114112K
  class space    used 8131K, committed 8704K, reserved 1048576K
}
Event: 61.657 GC heap before
{Heap before GC invocations=93 (full 3):
 PSYoungGen      total 21504K, used 21152K [0x00000000d5580000, 0x00000000d7000000, 0x0000000100000000)
  eden space 20992K, 100% used [0x00000000d5580000,0x00000000d6a00000,0x00000000d6a00000)
  from space 512K, 31% used [0x00000000d6f00000,0x00000000d6f28000,0x00000000d6f80000)
  to   space 512K, 0% used [0x00000000d6f80000,0x00000000d6f80000,0x00000000d7000000)
 ParOldGen       total 68608K, used 43507K [0x0000000080000000, 0x0000000084300000, 0x00000000d5580000)
  object space 68608K, 63% used [0x0000000080000000,0x0000000082a7cda0,0x0000000084300000)
 Metaspace       used 64544K, committed 65920K, reserved 1114112K
  class space    used 8131K, committed 8704K, reserved 1048576K
}
Event: 61.658 GC heap after
{Heap after GC invocations=93 (full 3):
 PSYoungGen      total 21504K, used 192K [0x00000000d5580000, 0x00000000d7000000, 0x0000000100000000)
  eden space 20992K, 0% used [0x00000000d5580000,0x00000000d5580000,0x00000000d6a00000)
  from space 512K, 37% used [0x00000000d6f80000,0x00000000d6fb0000,0x00000000d7000000)
  to   space 512K, 0% used [0x00000000d6f00000,0x00000000d6f00000,0x00000000d6f80000)
 ParOldGen       total 68608K, used 43507K [0x0000000080000000, 0x0000000084300000, 0x00000000d5580000)
  object space 68608K, 63% used [0x0000000080000000,0x0000000082a7cda0,0x0000000084300000)
 Metaspace       used 64544K, committed 65920K, reserved 1114112K
  class space    used 8131K, committed 8704K, reserved 1048576K
}
Event: 61.700 GC heap before
{Heap before GC invocations=94 (full 3):
 PSYoungGen      total 21504K, used 21184K [0x00000000d5580000, 0x00000000d7000000, 0x0000000100000000)
  eden space 20992K, 100% used [0x00000000d5580000,0x00000000d6a00000,0x00000000d6a00000)
  from space 512K, 37% used [0x00000000d6f80000,0x00000000d6fb0000,0x00000000d7000000)
  to   space 512K, 0% used [0x00000000d6f00000,0x00000000d6f00000,0x00000000d6f80000)
 ParOldGen       total 68608K, used 43507K [0x0000000080000000, 0x0000000084300000, 0x00000000d5580000)
  object space 68608K, 63% used [0x0000000080000000,0x0000000082a7cda0,0x0000000084300000)
 Metaspace       used 64544K, committed 65920K, reserved 1114112K
  class space    used 8131K, committed 8704K, reserved 1048576K
}
Event: 61.700 GC heap after
{Heap after GC invocations=94 (full 3):
 PSYoungGen      total 21504K, used 64K [0x00000000d5580000, 0x00000000d7000000, 0x0000000100000000)
  eden space 20992K, 0% used [0x00000000d5580000,0x00000000d5580000,0x00000000d6a00000)
  from space 512K, 12% used [0x00000000d6f00000,0x00000000d6f10000,0x00000000d6f80000)
  to   space 512K, 0% used [0x00000000d6f80000,0x00000000d6f80000,0x00000000d7000000)
 ParOldGen       total 68608K, used 43531K [0x0000000080000000, 0x0000000084300000, 0x00000000d5580000)
  object space 68608K, 63% used [0x0000000080000000,0x0000000082a82da0,0x0000000084300000)
 Metaspace       used 64544K, committed 65920K, reserved 1114112K
  class space    used 8131K, committed 8704K, reserved 1048576K
}
Event: 61.741 GC heap before
{Heap before GC invocations=95 (full 3):
 PSYoungGen      total 21504K, used 21056K [0x00000000d5580000, 0x00000000d7000000, 0x0000000100000000)
  eden space 20992K, 100% used [0x00000000d5580000,0x00000000d6a00000,0x00000000d6a00000)
  from space 512K, 12% used [0x00000000d6f00000,0x00000000d6f10000,0x00000000d6f80000)
  to   space 512K, 0% used [0x00000000d6f80000,0x00000000d6f80000,0x00000000d7000000)
 ParOldGen       total 68608K, used 43531K [0x0000000080000000, 0x0000000084300000, 0x00000000d5580000)
  object space 68608K, 63% used [0x0000000080000000,0x0000000082a82da0,0x0000000084300000)
 Metaspace       used 64544K, committed 65920K, reserved 1114112K
  class space    used 8131K, committed 8704K, reserved 1048576K
}
Event: 61.741 GC heap after
{Heap after GC invocations=95 (full 3):
 PSYoungGen      total 21504K, used 160K [0x00000000d5580000, 0x00000000d7000000, 0x0000000100000000)
  eden space 20992K, 0% used [0x00000000d5580000,0x00000000d5580000,0x00000000d6a00000)
  from space 512K, 31% used [0x00000000d6f80000,0x00000000d6fa8000,0x00000000d7000000)
  to   space 512K, 0% used [0x00000000d6f00000,0x00000000d6f00000,0x00000000d6f80000)
 ParOldGen       total 68608K, used 43531K [0x0000000080000000, 0x0000000084300000, 0x00000000d5580000)
  object space 68608K, 63% used [0x0000000080000000,0x0000000082a82da0,0x0000000084300000)
 Metaspace       used 64544K, committed 65920K, reserved 1114112K
  class space    used 8131K, committed 8704K, reserved 1048576K
}
Event: 61.808 GC heap before
{Heap before GC invocations=96 (full 3):
 PSYoungGen      total 21504K, used 21152K [0x00000000d5580000, 0x00000000d7000000, 0x0000000100000000)
  eden space 20992K, 100% used [0x00000000d5580000,0x00000000d6a00000,0x00000000d6a00000)
  from space 512K, 31% used [0x00000000d6f80000,0x00000000d6fa8000,0x00000000d7000000)
  to   space 512K, 0% used [0x00000000d6f00000,0x00000000d6f00000,0x00000000d6f80000)
 ParOldGen       total 68608K, used 43531K [0x0000000080000000, 0x0000000084300000, 0x00000000d5580000)
  object space 68608K, 63% used [0x0000000080000000,0x0000000082a82da0,0x0000000084300000)
 Metaspace       used 64544K, committed 65920K, reserved 1114112K
  class space    used 8131K, committed 8704K, reserved 1048576K
}
Event: 61.809 GC heap after
{Heap after GC invocations=96 (full 3):
 PSYoungGen      total 21504K, used 96K [0x00000000d5580000, 0x00000000d7000000, 0x0000000100000000)
  eden space 20992K, 0% used [0x00000000d5580000,0x00000000d5580000,0x00000000d6a00000)
  from space 512K, 18% used [0x00000000d6f00000,0x00000000d6f18000,0x00000000d6f80000)
  to   space 512K, 0% used [0x00000000d6f80000,0x00000000d6f80000,0x00000000d7000000)
 ParOldGen       total 68608K, used 43547K [0x0000000080000000, 0x0000000084300000, 0x00000000d5580000)
  object space 68608K, 63% used [0x0000000080000000,0x0000000082a86da0,0x0000000084300000)
 Metaspace       used 64544K, committed 65920K, reserved 1114112K
  class space    used 8131K, committed 8704K, reserved 1048576K
}
Event: 61.912 GC heap before
{Heap before GC invocations=97 (full 3):
 PSYoungGen      total 21504K, used 21088K [0x00000000d5580000, 0x00000000d7000000, 0x0000000100000000)
  eden space 20992K, 100% used [0x00000000d5580000,0x00000000d6a00000,0x00000000d6a00000)
  from space 512K, 18% used [0x00000000d6f00000,0x00000000d6f18000,0x00000000d6f80000)
  to   space 512K, 0% used [0x00000000d6f80000,0x00000000d6f80000,0x00000000d7000000)
 ParOldGen       total 68608K, used 43547K [0x0000000080000000, 0x0000000084300000, 0x00000000d5580000)
  object space 68608K, 63% used [0x0000000080000000,0x0000000082a86da0,0x0000000084300000)
 Metaspace       used 64544K, committed 65920K, reserved 1114112K
  class space    used 8131K, committed 8704K, reserved 1048576K
}
Event: 61.913 GC heap after
{Heap after GC invocations=97 (full 3):
 PSYoungGen      total 21504K, used 256K [0x00000000d5580000, 0x00000000d7000000, 0x0000000100000000)
  eden space 20992K, 0% used [0x00000000d5580000,0x00000000d5580000,0x00000000d6a00000)
  from space 512K, 50% used [0x00000000d6f80000,0x00000000d6fc0000,0x00000000d7000000)
  to   space 512K, 0% used [0x00000000d6f00000,0x00000000d6f00000,0x00000000d6f80000)
 ParOldGen       total 68608K, used 43547K [0x0000000080000000, 0x0000000084300000, 0x00000000d5580000)
  object space 68608K, 63% used [0x0000000080000000,0x0000000082a86da0,0x0000000084300000)
 Metaspace       used 64544K, committed 65920K, reserved 1114112K
  class space    used 8131K, committed 8704K, reserved 1048576K
}
Event: 61.951 GC heap before
{Heap before GC invocations=98 (full 3):
 PSYoungGen      total 21504K, used 21248K [0x00000000d5580000, 0x00000000d7000000, 0x0000000100000000)
  eden space 20992K, 100% used [0x00000000d5580000,0x00000000d6a00000,0x00000000d6a00000)
  from space 512K, 50% used [0x00000000d6f80000,0x00000000d6fc0000,0x00000000d7000000)
  to   space 512K, 0% used [0x00000000d6f00000,0x00000000d6f00000,0x00000000d6f80000)
 ParOldGen       total 68608K, used 43547K [0x0000000080000000, 0x0000000084300000, 0x00000000d5580000)
  object space 68608K, 63% used [0x0000000080000000,0x0000000082a86da0,0x0000000084300000)
 Metaspace       used 64544K, committed 65920K, reserved 1114112K
  class space    used 8131K, committed 8704K, reserved 1048576K
}
Event: 61.952 GC heap after
{Heap after GC invocations=98 (full 3):
 PSYoungGen      total 21504K, used 192K [0x00000000d5580000, 0x00000000d7000000, 0x0000000100000000)
  eden space 20992K, 0% used [0x00000000d5580000,0x00000000d5580000,0x00000000d6a00000)
  from space 512K, 37% used [0x00000000d6f00000,0x00000000d6f30000,0x00000000d6f80000)
  to   space 512K, 0% used [0x00000000d6f80000,0x00000000d6f80000,0x00000000d7000000)
 ParOldGen       total 68608K, used 43547K [0x0000000080000000, 0x0000000084300000, 0x00000000d5580000)
  object space 68608K, 63% used [0x0000000080000000,0x0000000082a86da0,0x0000000084300000)
 Metaspace       used 64544K, committed 65920K, reserved 1114112K
  class space    used 8131K, committed 8704K, reserved 1048576K
}
Event: 61.992 GC heap before
{Heap before GC invocations=99 (full 3):
 PSYoungGen      total 21504K, used 21184K [0x00000000d5580000, 0x00000000d7000000, 0x0000000100000000)
  eden space 20992K, 100% used [0x00000000d5580000,0x00000000d6a00000,0x00000000d6a00000)
  from space 512K, 37% used [0x00000000d6f00000,0x00000000d6f30000,0x00000000d6f80000)
  to   space 512K, 0% used [0x00000000d6f80000,0x00000000d6f80000,0x00000000d7000000)
 ParOldGen       total 68608K, used 43547K [0x0000000080000000, 0x0000000084300000, 0x00000000d5580000)
  object space 68608K, 63% used [0x0000000080000000,0x0000000082a86da0,0x0000000084300000)
 Metaspace       used 64544K, committed 65920K, reserved 1114112K
  class space    used 8131K, committed 8704K, reserved 1048576K
}
Event: 61.992 GC heap after
{Heap after GC invocations=99 (full 3):
 PSYoungGen      total 21504K, used 128K [0x00000000d5580000, 0x00000000d7000000, 0x0000000100000000)
  eden space 20992K, 0% used [0x00000000d5580000,0x00000000d5580000,0x00000000d6a00000)
  from space 512K, 25% used [0x00000000d6f80000,0x00000000d6fa0000,0x00000000d7000000)
  to   space 512K, 0% used [0x00000000d6f00000,0x00000000d6f00000,0x00000000d6f80000)
 ParOldGen       total 68608K, used 43571K [0x0000000080000000, 0x0000000084300000, 0x00000000d5580000)
  object space 68608K, 63% used [0x0000000080000000,0x0000000082a8cda0,0x0000000084300000)
 Metaspace       used 64544K, committed 65920K, reserved 1114112K
  class space    used 8131K, committed 8704K, reserved 1048576K
}
Event: 62.786 GC heap before
{Heap before GC invocations=100 (full 3):
 PSYoungGen      total 21504K, used 21120K [0x00000000d5580000, 0x00000000d7000000, 0x0000000100000000)
  eden space 20992K, 100% used [0x00000000d5580000,0x00000000d6a00000,0x00000000d6a00000)
  from space 512K, 25% used [0x00000000d6f80000,0x00000000d6fa0000,0x00000000d7000000)
  to   space 512K, 0% used [0x00000000d6f00000,0x00000000d6f00000,0x00000000d6f80000)
 ParOldGen       total 68608K, used 43571K [0x0000000080000000, 0x0000000084300000, 0x00000000d5580000)
  object space 68608K, 63% used [0x0000000080000000,0x0000000082a8cda0,0x0000000084300000)
 Metaspace       used 64941K, committed 66432K, reserved 1114112K
  class space    used 8195K, committed 8832K, reserved 1048576K
}
Event: 62.788 GC heap after
{Heap after GC invocations=100 (full 3):
 PSYoungGen      total 21504K, used 512K [0x00000000d5580000, 0x00000000d7000000, 0x0000000100000000)
  eden space 20992K, 0% used [0x00000000d5580000,0x00000000d5580000,0x00000000d6a00000)
  from space 512K, 100% used [0x00000000d6f00000,0x00000000d6f80000,0x00000000d6f80000)
  to   space 512K, 0% used [0x00000000d6f80000,0x00000000d6f80000,0x00000000d7000000)
 ParOldGen       total 68608K, used 43755K [0x0000000080000000, 0x0000000084300000, 0x00000000d5580000)
  object space 68608K, 63% used [0x0000000080000000,0x0000000082abadb0,0x0000000084300000)
 Metaspace       used 64941K, committed 66432K, reserved 1114112K
  class space    used 8195K, committed 8832K, reserved 1048576K
}

Dll operation events (15 events):
Event: 0.013 Loaded shared library c:\Users\hungk\.vscode\extensions\redhat.java-1.46.0-win32-x64\jre\21.0.8-win32-x86_64\bin\java.dll
Event: 0.111 Loaded shared library c:\Users\hungk\.vscode\extensions\redhat.java-1.46.0-win32-x64\jre\21.0.8-win32-x86_64\bin\zip.dll
Event: 0.138 Loaded shared library C:\Users\hungk\.vscode\extensions\redhat.java-1.46.0-win32-x64\jre\21.0.8-win32-x86_64\bin\instrument.dll
Event: 0.144 Loaded shared library C:\Users\hungk\.vscode\extensions\redhat.java-1.46.0-win32-x64\jre\21.0.8-win32-x86_64\bin\net.dll
Event: 0.147 Loaded shared library C:\Users\hungk\.vscode\extensions\redhat.java-1.46.0-win32-x64\jre\21.0.8-win32-x86_64\bin\nio.dll
Event: 0.152 Loaded shared library C:\Users\hungk\.vscode\extensions\redhat.java-1.46.0-win32-x64\jre\21.0.8-win32-x86_64\bin\zip.dll
Event: 0.171 Loaded shared library C:\Users\hungk\.vscode\extensions\redhat.java-1.46.0-win32-x64\jre\21.0.8-win32-x86_64\bin\jimage.dll
Event: 0.254 Loaded shared library c:\Users\hungk\.vscode\extensions\redhat.java-1.46.0-win32-x64\jre\21.0.8-win32-x86_64\bin\verify.dll
Event: 5.342 Loaded shared library C:\Users\hungk\AppData\Roaming\Code\User\globalStorage\redhat.java\1.46.0\config_win\org.eclipse.equinox.launcher\org.eclipse.equinox.launcher.win32.win32.x86_64_1.2.1400.v20250801-0854\eclipse_11916.dll
Event: 11.928 Loaded shared library C:\Users\hungk\AppData\Local\Temp\jna-99640741\jna14967263948841784276.dll
Event: 15.361 Loaded shared library C:\Users\hungk\.gradle\native\c067742578af261105cb4f569cf0c3c89f3d7b1fecec35dd04571415982c5e48\windows-amd64\native-platform.dll
Event: 16.518 Loaded shared library C:\Users\hungk\.vscode\extensions\redhat.java-1.46.0-win32-x64\jre\21.0.8-win32-x86_64\bin\management.dll
Event: 16.526 Loaded shared library C:\Users\hungk\.vscode\extensions\redhat.java-1.46.0-win32-x64\jre\21.0.8-win32-x86_64\bin\management_ext.dll
Event: 19.256 Loaded shared library C:\Users\hungk\.vscode\extensions\redhat.java-1.46.0-win32-x64\jre\21.0.8-win32-x86_64\bin\extnet.dll
Event: 21.694 Loaded shared library C:\Users\hungk\.vscode\extensions\redhat.java-1.46.0-win32-x64\jre\21.0.8-win32-x86_64\bin\sunmscapi.dll

Deoptimization events (20 events):
Event: 62.547 Thread 0x000002140a342840 Uncommon trap: trap_request=0xffffffc6 fr.pc=0x00000213bb670f64 relative=0x0000000000000d84
Event: 62.547 Thread 0x000002140a342840 Uncommon trap: reason=bimorphic_or_optimized_type_check action=maybe_recompile pc=0x00000213bb670f64 method=org.gradle.internal.event.ListenerBroadcast.dispatch(Lorg/gradle/internal/dispatch/MethodInvocation;)V @ 5 c2
Event: 62.547 Thread 0x000002140a342840 DEOPT PACKING pc=0x00000213bb670f64 sp=0x000000859dcfe390
Event: 62.547 Thread 0x000002140a342840 DEOPT UNPACKING pc=0x00000213bad16da2 sp=0x000000859dcfe300 mode 2
Event: 62.556 Thread 0x000002140f6cb1c0 Uncommon trap: trap_request=0xffffff76 fr.pc=0x00000213bb649fa8 relative=0x00000000000005c8
Event: 62.556 Thread 0x000002140f6cb1c0 Uncommon trap: reason=predicate action=maybe_recompile pc=0x00000213bb649fa8 method=org.eclipse.core.internal.jobs.JobManager.select(Ljava/util/List;Ljava/lang/Object;Lorg/eclipse/core/internal/jobs/InternalJob;I)V @ 8 c2
Event: 62.556 Thread 0x000002140f6cb1c0 DEOPT PACKING pc=0x00000213bb649fa8 sp=0x000000859b9fee40
Event: 62.556 Thread 0x000002140f6cb1c0 DEOPT UNPACKING pc=0x00000213bad16da2 sp=0x000000859b9fee28 mode 2
Event: 62.587 Thread 0x000002140a342840 Uncommon trap: trap_request=0xffffff54 fr.pc=0x00000213bb6accec relative=0x00000000000002cc
Event: 62.587 Thread 0x000002140a342840 Uncommon trap: reason=speculate_null_assert action=make_not_entrant pc=0x00000213bb6accec method=sun.nio.ch.WEPollSelectorImpl.processUpdateQueue()V @ 42 c2
Event: 62.587 Thread 0x000002140a342840 DEOPT PACKING pc=0x00000213bb6accec sp=0x000000859dcfe3b0
Event: 62.587 Thread 0x000002140a342840 DEOPT UNPACKING pc=0x00000213bad16da2 sp=0x000000859dcfe0e8 mode 2
Event: 62.602 Thread 0x000002140a342840 Uncommon trap: trap_request=0xffffff45 fr.pc=0x00000213bb6a5f6c relative=0x000000000000042c
Event: 62.602 Thread 0x000002140a342840 Uncommon trap: reason=unstable_if action=reinterpret pc=0x00000213bb6a5f6c method=org.gradle.internal.serialize.AbstractDecoder.getInputStream()Ljava/io/InputStream; @ 4 c2
Event: 62.602 Thread 0x000002140a342840 DEOPT PACKING pc=0x00000213bb6a5f6c sp=0x000000859dcfe390
Event: 62.602 Thread 0x000002140a342840 DEOPT UNPACKING pc=0x00000213bad16da2 sp=0x000000859dcfe1e8 mode 2
Event: 62.602 Thread 0x000002140a342840 Uncommon trap: trap_request=0xffffff45 fr.pc=0x00000213bb683230 relative=0x0000000000006010
Event: 62.602 Thread 0x000002140a342840 Uncommon trap: reason=unstable_if action=reinterpret pc=0x00000213bb683230 method=org.gradle.tooling.internal.consumer.parameters.BuildProgressListenerAdapter.getParentDescriptor(Ljava/lang/Object;)Lorg/gradle/tooling/events/OperationDescriptor; @ 1 c2
Event: 62.602 Thread 0x000002140a342840 DEOPT PACKING pc=0x00000213bb683230 sp=0x000000859dcfe190
Event: 62.602 Thread 0x000002140a342840 DEOPT UNPACKING pc=0x00000213bad16da2 sp=0x000000859dcfdf60 mode 2

Classes loaded (20 events):
Event: 22.443 Loading class java/lang/UnsupportedClassVersionError
Event: 22.444 Loading class java/lang/UnsupportedClassVersionError done
Event: 29.020 Loading class java/time/Ser
Event: 29.021 Loading class java/time/Ser done
Event: 31.374 Loading class sun/nio/cs/ISO_8859_1$Encoder
Event: 31.374 Loading class sun/nio/cs/ISO_8859_1$Encoder done
Event: 31.374 Loading class sun/nio/cs/Surrogate$Parser
Event: 31.375 Loading class sun/nio/cs/Surrogate$Parser done
Event: 31.375 Loading class sun/nio/cs/Surrogate
Event: 31.375 Loading class sun/nio/cs/Surrogate done
Event: 62.332 Loading class java/net/Proxy
Event: 62.334 Loading class java/net/Proxy done
Event: 62.383 Loading class java/lang/Throwable$PrintStreamOrWriter
Event: 62.383 Loading class java/lang/Throwable$PrintStreamOrWriter done
Event: 62.464 Loading class sun/misc/SharedSecrets
Event: 62.465 Loading class sun/misc/SharedSecrets done
Event: 62.465 Loading class java/lang/Throwable$WrappedPrintWriter
Event: 62.465 Loading class java/lang/Throwable$WrappedPrintWriter done
Event: 62.556 Loading class java/security/DigestInputStream
Event: 62.556 Loading class java/security/DigestInputStream done

Classes unloaded (7 events):
Event: 13.230 Thread 0x00000213ae37ec10 Unloading class 0x00000213c81ad400 'java/lang/invoke/LambdaForm$MH+0x00000213c81ad400'
Event: 13.230 Thread 0x00000213ae37ec10 Unloading class 0x00000213c81ad000 'java/lang/invoke/LambdaForm$MH+0x00000213c81ad000'
Event: 13.230 Thread 0x00000213ae37ec10 Unloading class 0x00000213c81acc00 'java/lang/invoke/LambdaForm$MH+0x00000213c81acc00'
Event: 13.230 Thread 0x00000213ae37ec10 Unloading class 0x00000213c81ac800 'java/lang/invoke/LambdaForm$MH+0x00000213c81ac800'
Event: 13.230 Thread 0x00000213ae37ec10 Unloading class 0x00000213c81ac400 'java/lang/invoke/LambdaForm$BMH+0x00000213c81ac400'
Event: 13.230 Thread 0x00000213ae37ec10 Unloading class 0x00000213c81ac000 'java/lang/invoke/LambdaForm$DMH+0x00000213c81ac000'
Event: 13.230 Thread 0x00000213ae37ec10 Unloading class 0x00000213c81aac00 'java/lang/invoke/LambdaForm$DMH+0x00000213c81aac00'

Classes redefined (0 events):
No events

Internal exceptions (20 events):
Event: 29.418 Thread 0x0000021411e9ed20 Exception <a 'java/lang/NoSuchMethodError'{0x00000000d6788110}: static Lorg/gradle/internal/build/event/types/AbstractTaskResult;.<clinit>()V> (0x00000000d6788110) 
thrown [s\src\hotspot\share\prims\jni.cpp, line 1111]
Event: 29.419 Thread 0x0000021411e9ed20 Exception <a 'java/lang/NoSuchMethodError'{0x00000000d6797328}: static Lorg/gradle/internal/build/event/types/DefaultTaskSuccessResult;.<clinit>()V> (0x00000000d6797328) 
thrown [s\src\hotspot\share\prims\jni.cpp, line 1111]
Event: 30.032 Thread 0x0000021411e9ed20 Exception <a 'java/lang/NoSuchMethodError'{0x00000000d562e440}: static Lorg/gradle/internal/build/event/types/DefaultWorkItemDescriptor;.<clinit>()V> (0x00000000d562e440) 
thrown [s\src\hotspot\share\prims\jni.cpp, line 1111]
Event: 33.508 Thread 0x0000021411e9ed20 Exception <a 'java/lang/NoSuchMethodError'{0x00000000d56bb058}: static Lorg/gradle/internal/build/event/types/DefaultTaskSkippedResult;.<clinit>()V> (0x00000000d56bb058) 
thrown [s\src\hotspot\share\prims\jni.cpp, line 1111]
Event: 60.624 Thread 0x0000021411e9ed20 Exception <a 'java/lang/NoSuchMethodError'{0x00000000d5980730}: static Lorg/gradle/tooling/internal/provider/PhasedBuildActionResult;.<clinit>()V> (0x00000000d5980730) 
thrown [s\src\hotspot\share\prims\jni.cpp, line 1111]
Event: 60.627 Thread 0x0000021411e9ed20 Exception <a 'java/lang/NoSuchMethodError'{0x00000000d598f790}: static Lorg/gradle/tooling/internal/provider/serialization/SerializedPayload;.<clinit>()V> (0x00000000d598f790) 
thrown [s\src\hotspot\share\prims\jni.cpp, line 1111]
Event: 62.010 Thread 0x0000021411e9ed20 Exception <a 'java/lang/NoSuchMethodError'{0x00000000d5c71e30}: static Lorg/gradle/internal/build/event/types/DefaultFailureResult;.<clinit>()V> (0x00000000d5c71e30) 
thrown [s\src\hotspot\share\prims\jni.cpp, line 1111]
Event: 62.013 Thread 0x0000021411e9ed20 Exception <a 'java/lang/NoSuchMethodError'{0x00000000d5c977c0}: static Lorg/gradle/internal/build/event/types/DefaultFailure;.<clinit>()V> (0x00000000d5c977c0) 
thrown [s\src\hotspot\share\prims\jni.cpp, line 1111]
Event: 62.329 Thread 0x0000021411e9ed20 Exception <a 'java/lang/NoSuchMethodError'{0x00000000d5d22fc0}: static Lorg/gradle/internal/classloader/ClassLoaderSpec;.<clinit>()V> (0x00000000d5d22fc0) 
thrown [s\src\hotspot\share\prims\jni.cpp, line 1111]
Event: 62.330 Thread 0x0000021411e9ed20 Exception <a 'java/lang/NoSuchMethodError'{0x00000000d5d33a98}: static Lorg/gradle/internal/classloader/VisitableURLClassLoader$Spec;.<clinit>()V> (0x00000000d5d33a98) 
thrown [s\src\hotspot\share\prims\jni.cpp, line 1111]
Event: 62.372 Thread 0x0000021411e9ed20 Exception <a 'java/lang/NoSuchMethodError'{0x00000000d5e2f8c8}: static [B.<clinit>()V> (0x00000000d5e2f8c8) 
thrown [s\src\hotspot\share\prims\jni.cpp, line 1111]
Event: 62.387 Thread 0x0000021411e9ed20 Exception <a 'java/lang/NoSuchMethodError'{0x00000000d5ec56c8}: static [Ljava/lang/StackTraceElement;.<clinit>()V> (0x00000000d5ec56c8) 
thrown [s\src\hotspot\share\prims\jni.cpp, line 1111]
Event: 62.435 Thread 0x0000021411e9ed20 Exception <a 'java/lang/NoSuchMethodError'{0x00000000d60806c8}: static Lorg/gradle/api/GradleException;.<clinit>()V> (0x00000000d60806c8) 
thrown [s\src\hotspot\share\prims\jni.cpp, line 1111]
Event: 62.435 Thread 0x0000021411e9ed20 Exception <a 'java/lang/NoSuchMethodError'{0x00000000d6081b68}: static Lorg/gradle/api/internal/tasks/DefaultTaskContainer$TaskCreationException;.<clinit>()V> (0x00000000d6081b68) 
thrown [s\src\hotspot\share\prims\jni.cpp, line 1111]
Event: 62.441 Thread 0x0000021411e9ed20 Exception <a 'java/lang/NoSuchMethodError'{0x00000000d60bdbf8}: static Lorg/gradle/tooling/internal/protocol/InternalBuildActionFailureException;.<clinit>()V> (0x00000000d60bdbf8) 
thrown [s\src\hotspot\share\prims\jni.cpp, line 1111]
Event: 62.465 Thread 0x000002140f6c83d0 Exception <a 'java/lang/ClassNotFoundException'{0x00000000d619f648}: sun/misc/SharedSecrets> (0x00000000d619f648) 
thrown [s\src\hotspot\share\classfile\systemDictionary.cpp, line 312]
Event: 62.467 Thread 0x000002140f6c83d0 Exception <a 'java/lang/NoSuchMethodError'{0x00000000d61d43c8}: 'void java.lang.invoke.DirectMethodHandle$Holder.invokeStatic(java.lang.Object, int, java.lang.Object)'> (0x00000000d61d43c8) 
thrown [s\src\hotspot\share\interpreter\linkResolver.cpp, line 773]
Event: 62.468 Thread 0x000002140f6c83d0 Exception <a 'java/lang/NoSuchMethodError'{0x00000000d61ee5a8}: 'void java.lang.invoke.DirectMethodHandle$Holder.invokeSpecialIFC(java.lang.Object, java.lang.Object, java.lang.Object, java.lang.Object)'> (0x00000000d61ee5a8) 
thrown [s\src\hotspot\share\interpreter\linkResolver.cpp, line 773]
Event: 62.518 Thread 0x000002140f6c83d0 Implicit null exception at 0x00000213bb588b7d to 0x00000213bb5926e4
Event: 62.602 Thread 0x000002140a342840 Implicit null exception at 0x00000213bb67d78d to 0x00000213bb683204

ZGC Phase Switch (0 events):
No events

VM Operations (20 events):
Event: 61.700 Executing VM operation: ParallelGCFailedAllocation (Allocation Failure)
Event: 61.700 Executing VM operation: ParallelGCFailedAllocation (Allocation Failure) done
Event: 61.741 Executing VM operation: ParallelGCFailedAllocation (Allocation Failure)
Event: 61.741 Executing VM operation: ParallelGCFailedAllocation (Allocation Failure) done
Event: 61.808 Executing VM operation: ParallelGCFailedAllocation (Allocation Failure)
Event: 61.809 Executing VM operation: ParallelGCFailedAllocation (Allocation Failure) done
Event: 61.912 Executing VM operation: ParallelGCFailedAllocation (Allocation Failure)
Event: 61.913 Executing VM operation: ParallelGCFailedAllocation (Allocation Failure) done
Event: 61.951 Executing VM operation: ParallelGCFailedAllocation (Allocation Failure)
Event: 61.952 Executing VM operation: ParallelGCFailedAllocation (Allocation Failure) done
Event: 61.992 Executing VM operation: ParallelGCFailedAllocation (Allocation Failure)
Event: 61.992 Executing VM operation: ParallelGCFailedAllocation (Allocation Failure) done
Event: 62.362 Executing VM operation: HandshakeAllThreads (Deoptimize)
Event: 62.362 Executing VM operation: HandshakeAllThreads (Deoptimize) done
Event: 62.447 Executing VM operation: HandshakeAllThreads (Deoptimize)
Event: 62.447 Executing VM operation: HandshakeAllThreads (Deoptimize) done
Event: 62.596 Executing VM operation: ICBufferFull
Event: 62.596 Executing VM operation: ICBufferFull done
Event: 62.786 Executing VM operation: ParallelGCFailedAllocation (Allocation Failure)
Event: 62.788 Executing VM operation: ParallelGCFailedAllocation (Allocation Failure) done

Memory protections (0 events):
No events

Nmethod flushes (20 events):
Event: 17.589 Thread 0x00000213ae37ec10 flushing  nmethod 0x00000213b3f08390
Event: 17.589 Thread 0x00000213ae37ec10 flushing  nmethod 0x00000213b3f10490
Event: 17.589 Thread 0x00000213ae37ec10 flushing  nmethod 0x00000213b3f1a610
Event: 17.589 Thread 0x00000213ae37ec10 flushing  nmethod 0x00000213b3f1d010
Event: 17.589 Thread 0x00000213ae37ec10 flushing  nmethod 0x00000213b3f43310
Event: 17.589 Thread 0x00000213ae37ec10 flushing  nmethod 0x00000213b3f96010
Event: 17.589 Thread 0x00000213ae37ec10 flushing  nmethod 0x00000213b3fac390
Event: 17.589 Thread 0x00000213ae37ec10 flushing  nmethod 0x00000213b403ae10
Event: 17.589 Thread 0x00000213ae37ec10 flushing  nmethod 0x00000213b403d390
Event: 17.589 Thread 0x00000213ae37ec10 flushing  nmethod 0x00000213b403de90
Event: 17.589 Thread 0x00000213ae37ec10 flushing  nmethod 0x00000213b403e390
Event: 17.589 Thread 0x00000213ae37ec10 flushing  nmethod 0x00000213b403e710
Event: 17.589 Thread 0x00000213ae37ec10 flushing  nmethod 0x00000213b403eb10
Event: 17.589 Thread 0x00000213ae37ec10 flushing  nmethod 0x00000213b403ee90
Event: 17.589 Thread 0x00000213ae37ec10 flushing  nmethod 0x00000213b403f410
Event: 17.589 Thread 0x00000213ae37ec10 flushing  nmethod 0x00000213b404ce10
Event: 17.589 Thread 0x00000213ae37ec10 flushing  nmethod 0x00000213b404d610
Event: 17.589 Thread 0x00000213ae37ec10 flushing  nmethod 0x00000213b404db90
Event: 17.589 Thread 0x00000213ae37ec10 flushing  nmethod 0x00000213b4056c10
Event: 17.589 Thread 0x00000213ae37ec10 flushing  nmethod 0x00000213b405ca90

Events (20 events):
Event: 26.838 Thread 0x00000213b064c610 Thread added: 0x000002141345f9c0
Event: 27.126 Thread 0x000002141345f9c0 Thread exited: 0x000002141345f9c0
Event: 27.344 Thread 0x00000213b064c610 Thread added: 0x000002141345f9c0
Event: 28.552 Thread 0x000002141345f9c0 Thread exited: 0x000002141345f9c0
Event: 40.068 Thread 0x00000213b064c610 Thread added: 0x0000021411ec08e0
Event: 40.966 Thread 0x0000021411ec08e0 Thread exited: 0x0000021411ec08e0
Event: 60.632 Thread 0x00000213b0657090 Thread added: 0x00000213b042b8d0
Event: 61.126 Thread 0x00000213b042b8d0 Thread exited: 0x00000213b042b8d0
Event: 62.275 Thread 0x0000021411e9ed20 Thread added: 0x0000021412de5280
Event: 62.338 Thread 0x00000213b0657090 Thread added: 0x00000213b042b8d0
Event: 62.340 Thread 0x0000021412de5280 Thread exited: 0x0000021412de5280
Event: 62.344 Thread 0x0000021411ea00d0 Thread exited: 0x0000021411ea00d0
Event: 62.378 Thread 0x00000213b0657090 Thread added: 0x00000214125b38e0
Event: 62.445 Thread 0x0000021411e9ed20 Thread exited: 0x0000021411e9ed20
Event: 62.485 Thread 0x000002140f6c83d0 Thread added: 0x0000021411ea00d0
Event: 62.489 Thread 0x000002140f6c83d0 Thread added: 0x0000021411e9ed20
Event: 62.507 Thread 0x0000021411e9ed20 Thread exited: 0x0000021411e9ed20
Event: 62.538 Thread 0x000002140f6c83d0 Thread added: 0x000002140a343560
Event: 62.539 Thread 0x000002140f6c83d0 Thread added: 0x000002140a342840
Event: 62.557 Thread 0x000002140a342840 Thread added: 0x000002140a341b20


Dynamic libraries:
0x00007ff601980000 - 0x00007ff60198e000 	c:\Users\hungk\.vscode\extensions\redhat.java-1.46.0-win32-x64\jre\21.0.8-win32-x86_64\bin\java.exe
0x00007fff6fb20000 - 0x00007fff6fd83000 	C:\WINDOWS\SYSTEM32\ntdll.dll
0x00007fff6e7f0000 - 0x00007fff6e8b8000 	C:\WINDOWS\System32\KERNEL32.DLL
0x00007fff6d070000 - 0x00007fff6d422000 	C:\WINDOWS\System32\KERNELBASE.dll
0x00007fff6d830000 - 0x00007fff6d97b000 	C:\WINDOWS\System32\ucrtbase.dll
0x00007fff62a70000 - 0x00007fff62a88000 	c:\Users\hungk\.vscode\extensions\redhat.java-1.46.0-win32-x64\jre\21.0.8-win32-x86_64\bin\jli.dll
0x00007fff6dde0000 - 0x00007fff6dfa8000 	C:\WINDOWS\System32\USER32.dll
0x00007fff6d760000 - 0x00007fff6d787000 	C:\WINDOWS\System32\win32u.dll
0x00007fff6da10000 - 0x00007fff6da3a000 	C:\WINDOWS\System32\GDI32.dll
0x00007fff6d4c0000 - 0x00007fff6d5eb000 	C:\WINDOWS\System32\gdi32full.dll
0x00007fff629d0000 - 0x00007fff629ee000 	c:\Users\hungk\.vscode\extensions\redhat.java-1.46.0-win32-x64\jre\21.0.8-win32-x86_64\bin\VCRUNTIME140.dll
0x00007fff6d5f0000 - 0x00007fff6d693000 	C:\WINDOWS\System32\msvcp_win.dll
0x00007fff56130000 - 0x00007fff563c0000 	C:\WINDOWS\WinSxS\amd64_microsoft.windows.common-controls_6595b64144ccf1df_6.0.26100.2454_none_3e0b68a2e331ad60\COMCTL32.dll
0x00007fff6e330000 - 0x00007fff6e3d9000 	C:\WINDOWS\System32\msvcrt.dll
0x00007fff6eff0000 - 0x00007fff6f01f000 	C:\WINDOWS\System32\IMM32.DLL
0x00007fff66650000 - 0x00007fff6665c000 	c:\Users\hungk\.vscode\extensions\redhat.java-1.46.0-win32-x64\jre\21.0.8-win32-x86_64\bin\vcruntime140_1.dll
0x00007fff288c0000 - 0x00007fff2894d000 	c:\Users\hungk\.vscode\extensions\redhat.java-1.46.0-win32-x64\jre\21.0.8-win32-x86_64\bin\msvcp140.dll
0x00007ffef97d0000 - 0x00007ffefa567000 	c:\Users\hungk\.vscode\extensions\redhat.java-1.46.0-win32-x64\jre\21.0.8-win32-x86_64\bin\server\jvm.dll
0x00007fff6ef30000 - 0x00007fff6efe4000 	C:\WINDOWS\System32\ADVAPI32.dll
0x00007fff6e230000 - 0x00007fff6e2d6000 	C:\WINDOWS\System32\sechost.dll
0x00007fff6e660000 - 0x00007fff6e776000 	C:\WINDOWS\System32\RPCRT4.dll
0x00007fff6d980000 - 0x00007fff6d9f4000 	C:\WINDOWS\System32\WS2_32.dll
0x00007fff60ba0000 - 0x00007fff60bd6000 	C:\WINDOWS\SYSTEM32\WINMM.dll
0x00007fff69f70000 - 0x00007fff69f7b000 	C:\WINDOWS\SYSTEM32\VERSION.dll
0x00007fff6bbc0000 - 0x00007fff6bc0e000 	C:\WINDOWS\SYSTEM32\POWRPROF.dll
0x00007fff6bba0000 - 0x00007fff6bbb4000 	C:\WINDOWS\SYSTEM32\UMPDC.dll
0x00007fff6be40000 - 0x00007fff6be5a000 	C:\WINDOWS\SYSTEM32\kernel.appcore.dll
0x00007fff65920000 - 0x00007fff6592a000 	c:\Users\hungk\.vscode\extensions\redhat.java-1.46.0-win32-x64\jre\21.0.8-win32-x86_64\bin\jimage.dll
0x00007fff6a6a0000 - 0x00007fff6a8e1000 	C:\WINDOWS\SYSTEM32\DBGHELP.DLL
0x00007fff6da50000 - 0x00007fff6ddce000 	C:\WINDOWS\System32\combase.dll
0x00007fff6f740000 - 0x00007fff6f816000 	C:\WINDOWS\System32\OLEAUT32.dll
0x00007fff30a60000 - 0x00007fff30a99000 	C:\WINDOWS\SYSTEM32\dbgcore.DLL
0x00007fff6d790000 - 0x00007fff6d829000 	C:\WINDOWS\System32\bcryptPrimitives.dll
0x00007fff62e60000 - 0x00007fff62e6f000 	c:\Users\hungk\.vscode\extensions\redhat.java-1.46.0-win32-x64\jre\21.0.8-win32-x86_64\bin\instrument.dll
0x00007fff60be0000 - 0x00007fff60bff000 	c:\Users\hungk\.vscode\extensions\redhat.java-1.46.0-win32-x64\jre\21.0.8-win32-x86_64\bin\java.dll
0x00007fff6f030000 - 0x00007fff6f730000 	C:\WINDOWS\System32\SHELL32.dll
0x00007fff6ac40000 - 0x00007fff6b471000 	C:\WINDOWS\SYSTEM32\windows.storage.dll
0x00007fff6e580000 - 0x00007fff6e65a000 	C:\WINDOWS\System32\SHCORE.dll
0x00007fff6e120000 - 0x00007fff6e17d000 	C:\WINDOWS\System32\shlwapi.dll
0x00007fff6ce00000 - 0x00007fff6ce2e000 	C:\WINDOWS\SYSTEM32\profapi.dll
0x00007fff5a670000 - 0x00007fff5a688000 	c:\Users\hungk\.vscode\extensions\redhat.java-1.46.0-win32-x64\jre\21.0.8-win32-x86_64\bin\zip.dll
0x00007fff59730000 - 0x00007fff59740000 	C:\Users\hungk\.vscode\extensions\redhat.java-1.46.0-win32-x64\jre\21.0.8-win32-x86_64\bin\net.dll
0x00007fff68090000 - 0x00007fff681b6000 	C:\WINDOWS\SYSTEM32\WINHTTP.dll
0x00007fff6c340000 - 0x00007fff6c3a8000 	C:\WINDOWS\system32\mswsock.dll
0x00007fff59710000 - 0x00007fff59726000 	C:\Users\hungk\.vscode\extensions\redhat.java-1.46.0-win32-x64\jre\21.0.8-win32-x86_64\bin\nio.dll
0x00007fff59240000 - 0x00007fff59250000 	c:\Users\hungk\.vscode\extensions\redhat.java-1.46.0-win32-x64\jre\21.0.8-win32-x86_64\bin\verify.dll
0x00007fff3a120000 - 0x00007fff3a164000 	C:\Users\hungk\AppData\Roaming\Code\User\globalStorage\redhat.java\1.46.0\config_win\org.eclipse.equinox.launcher\org.eclipse.equinox.launcher.win32.win32.x86_64_1.2.1400.v20250801-0854\eclipse_11916.dll
0x00007fff6e3e0000 - 0x00007fff6e579000 	C:\WINDOWS\System32\ole32.dll
0x00007fff6c5e0000 - 0x00007fff6c5fc000 	C:\WINDOWS\SYSTEM32\CRYPTSP.dll
0x00007fff6bda0000 - 0x00007fff6bdd8000 	C:\WINDOWS\system32\rsaenh.dll
0x00007fff6c3e0000 - 0x00007fff6c40b000 	C:\WINDOWS\SYSTEM32\USERENV.dll
0x00007fff6c820000 - 0x00007fff6c846000 	C:\WINDOWS\SYSTEM32\bcrypt.dll
0x00007fff6c600000 - 0x00007fff6c60c000 	C:\WINDOWS\SYSTEM32\CRYPTBASE.dll
0x00007fff6b8b0000 - 0x00007fff6b8e2000 	C:\WINDOWS\SYSTEM32\IPHLPAPI.DLL
0x00007fff6e110000 - 0x00007fff6e11a000 	C:\WINDOWS\System32\NSI.dll
0x00007fff43930000 - 0x00007fff43979000 	C:\Users\hungk\AppData\Local\Temp\jna-99640741\jna14967263948841784276.dll
0x00007fff6da40000 - 0x00007fff6da48000 	C:\WINDOWS\System32\PSAPI.DLL
0x00007fff683d0000 - 0x00007fff683ee000 	C:\WINDOWS\SYSTEM32\dhcpcsvc6.DLL
0x00007fff683a0000 - 0x00007fff683c5000 	C:\WINDOWS\SYSTEM32\dhcpcsvc.DLL
0x00007fff31bb0000 - 0x00007fff31bd7000 	C:\Users\hungk\.gradle\native\c067742578af261105cb4f569cf0c3c89f3d7b1fecec35dd04571415982c5e48\windows-amd64\native-platform.dll
0x00007fff58a90000 - 0x00007fff58a9a000 	C:\Users\hungk\.vscode\extensions\redhat.java-1.46.0-win32-x64\jre\21.0.8-win32-x86_64\bin\management.dll
0x00007fff58580000 - 0x00007fff5858b000 	C:\Users\hungk\.vscode\extensions\redhat.java-1.46.0-win32-x64\jre\21.0.8-win32-x86_64\bin\management_ext.dll
0x00007fff666d0000 - 0x00007fff666d9000 	C:\Users\hungk\.vscode\extensions\redhat.java-1.46.0-win32-x64\jre\21.0.8-win32-x86_64\bin\extnet.dll
0x00007fff66840000 - 0x00007fff6684e000 	C:\Users\hungk\.vscode\extensions\redhat.java-1.46.0-win32-x64\jre\21.0.8-win32-x86_64\bin\sunmscapi.dll
0x00007fff6cef0000 - 0x00007fff6d066000 	C:\WINDOWS\System32\CRYPT32.dll
0x00007fff6c7e0000 - 0x00007fff6c810000 	C:\WINDOWS\SYSTEM32\ncrypt.dll
0x00007fff6c790000 - 0x00007fff6c7cf000 	C:\WINDOWS\SYSTEM32\NTASN1.dll
0x00007fff26f70000 - 0x00007fff26f78000 	C:\WINDOWS\system32\wshunix.dll

JVMTI agents:
c:\Users\hungk\.vscode\extensions\redhat.java-1.46.0-win32-x64\lombok\lombok-1.18.39-4050.jar path:c:\Users\hungk\.vscode\extensions\redhat.java-1.46.0-win32-x64\jre\21.0.8-win32-x86_64\bin\instrument.dll, loaded, initialized, instrumentlib options:none

dbghelp: loaded successfully - version: 4.0.5 - missing functions: none
symbol engine: initialized successfully - sym options: 0x614 - pdb path: .;c:\Users\hungk\.vscode\extensions\redhat.java-1.46.0-win32-x64\jre\21.0.8-win32-x86_64\bin;C:\WINDOWS\SYSTEM32;C:\WINDOWS\WinSxS\amd64_microsoft.windows.common-controls_6595b64144ccf1df_6.0.26100.2454_none_3e0b68a2e331ad60;c:\Users\hungk\.vscode\extensions\redhat.java-1.46.0-win32-x64\jre\21.0.8-win32-x86_64\bin\server;C:\Users\hungk\AppData\Roaming\Code\User\globalStorage\redhat.java\1.46.0\config_win\org.eclipse.equinox.launcher\org.eclipse.equinox.launcher.win32.win32.x86_64_1.2.1400.v20250801-0854;C:\Users\hungk\AppData\Local\Temp\jna-99640741;C:\Users\hungk\.gradle\native\c067742578af261105cb4f569cf0c3c89f3d7b1fecec35dd04571415982c5e48\windows-amd64

VM Arguments:
jvm_args: --add-modules=ALL-SYSTEM --add-opens=java.base/java.util=ALL-UNNAMED --add-opens=java.base/java.lang=ALL-UNNAMED --add-opens=java.base/sun.nio.fs=ALL-UNNAMED -Declipse.application=org.eclipse.jdt.ls.core.id1 -Dosgi.bundles.defaultStartLevel=4 -Declipse.product=org.eclipse.jdt.ls.core.product -Djava.import.generatesMetadataFilesAtProjectRoot=false -DDetectVMInstallationsJob.disabled=true -Dfile.encoding=utf8 -XX:+UseParallelGC -XX:GCTimeRatio=4 -XX:AdaptiveSizePolicyWeight=90 -Dsun.zip.disableMemoryMapping=true -Xmx2G -Xms100m -Xlog:disable -javaagent:c:\Users\hungk\.vscode\extensions\redhat.java-1.46.0-win32-x64\lombok\lombok-1.18.39-4050.jar -XX:+HeapDumpOnOutOfMemoryError -XX:HeapDumpPath=c:\Users\hungk\AppData\Roaming\Code\User\workspaceStorage\c1ea95a410cbd50c8eb2bc13e37241c0\redhat.java -Daether.dependencyCollector.impl=bf 
java_command: c:\Users\hungk\.vscode\extensions\redhat.java-1.46.0-win32-x64\server\plugins\org.eclipse.equinox.launcher_1.7.0.v20250519-0528.jar -configuration c:\Users\hungk\AppData\Roaming\Code\User\globalStorage\redhat.java\1.46.0\config_win -data c:\Users\hungk\AppData\Roaming\Code\User\workspaceStorage\c1ea95a410cbd50c8eb2bc13e37241c0\redhat.java\jdt_ws --pipe=\\.\pipe\lsp-787c6b61a2db96d138b026efd4f50072-sock
java_class_path (initial): c:\Users\hungk\.vscode\extensions\redhat.java-1.46.0-win32-x64\server\plugins\org.eclipse.equinox.launcher_1.7.0.v20250519-0528.jar
Launcher Type: SUN_STANDARD

[Global flags]
    uintx AdaptiveSizePolicyWeight                 = 90                                        {product} {command line}
     intx CICompilerCount                          = 4                                         {product} {ergonomic}
    uintx GCTimeRatio                              = 4                                         {product} {command line}
     bool HeapDumpOnOutOfMemoryError               = true                                   {manageable} {command line}
    ccstr HeapDumpPath                             = c:\Users\hungk\AppData\Roaming\Code\User\workspaceStorage\c1ea95a410cbd50c8eb2bc13e37241c0\redhat.java         {manageable} {command line}
   size_t InitialHeapSize                          = 104857600                                 {product} {command line}
   size_t MaxHeapSize                              = 2147483648                                {product} {command line}
   size_t MaxNewSize                               = 715653120                                 {product} {ergonomic}
   size_t MinHeapDeltaBytes                        = 524288                                    {product} {ergonomic}
   size_t MinHeapSize                              = 104857600                                 {product} {command line}
   size_t NewSize                                  = 34603008                                  {product} {ergonomic}
    uintx NonNMethodCodeHeapSize                   = 5839372                                {pd product} {ergonomic}
    uintx NonProfiledCodeHeapSize                  = 122909434                              {pd product} {ergonomic}
   size_t OldSize                                  = 70254592                                  {product} {ergonomic}
    uintx ProfiledCodeHeapSize                     = 122909434                              {pd product} {ergonomic}
    uintx ReservedCodeCacheSize                    = 251658240                              {pd product} {ergonomic}
     bool SegmentedCodeCache                       = true                                      {product} {ergonomic}
   size_t SoftMaxHeapSize                          = 2147483648                             {manageable} {ergonomic}
     bool UseCompressedOops                        = true                           {product lp64_product} {ergonomic}
     bool UseLargePagesIndividualAllocation        = false                                  {pd product} {ergonomic}
     bool UseParallelGC                            = true                                      {product} {command line}

Logging:
Log output configuration:
 #0: stdout all=off uptime,level,tags foldmultilines=false
 #1: stderr all=off uptime,level,tags foldmultilines=false

Environment Variables:
PATH=C:\Program Files (x86)\Microsoft\Edge\Application;C:\Program Files (x86)\VMware\VMware Workstation\bin\;C:\Program Files\Common Files\Oracle\Java\javapath;C:\Windows\system32;C:\Windows;C:\Windows\System32\Wbem;C:\Windows\System32\WindowsPowerShell\v1.0\;C:\Windows\System32\OpenSSH\;C:\Program Files (x86)\NVIDIA Corporation\PhysX\Common;C:\Program Files\NVIDIA Corporation\NVIDIA NvDLISR;C:\Program Files\Microsoft SQL Server\150\Tools\Binn\;C:\Program Files\Microsoft SQL Server\Client SDK\ODBC\170\Tools\Binn\;C:\Program Files\dotnet\;C:\Program Files (x86)\Microsoft SQL Server\160\Tools\Binn\;C:\Program Files\Microsoft SQL Server\160\Tools\Binn\;C:\Program Files\Microsoft SQL Server\160\DTS\Binn\;C:\Program Files (x86)\Microsoft SQL Server\160\DTS\Binn\;C:\WINDOWS\system32;C:\WINDOWS;C:\WINDOWS\System32\Wbem;C:\WINDOWS\System32\WindowsPowerShell\v1.0\;C:\WINDOWS\System32\OpenSSH\;C:\Program Files\nodejs\;C:\Program Files\Git\cmd;C:\Program Files\Cloudflare\Cloudflare WARP\;C:\Program Files\Docker\Docker\resources\bin;C:\xampp\php;C:\src\flutter_windows_3.29.2-stable\flutter\bin;D:\DOAN_chuyen_de_mobile\backend\apache-maven-3.9.11-bin\apache-maven-3.9.11\bin;C:\Users\hungk\AppData\Local\Programs\Python\Launcher\;C:\Users\hungk\AppData\Local\Microsoft\WindowsApps;C:\Users\hungk\.dotnet\tools;C:\Users\hungk\AppData\Local\Programs\Microsoft VS Code\bin;C:\Users\hungk\AppData\Roaming\npm;C:\Users\hungk\AppData\Local\Pub\Cache\bin;C:\Users\hungk\AppData\Local\Programs\DDN_CLI;C:\Users\hungk\AppData\Local\Android\Sdk\platform-tools;C:\Program Files\heroku\bin;
USERNAME=hungk
OS=Windows_NT
PROCESSOR_IDENTIFIER=Intel64 Family 6 Model 141 Stepping 1, GenuineIntel
TMP=C:\Users\hungk\AppData\Local\Temp
TEMP=C:\Users\hungk\AppData\Local\Temp




Periodic native trim disabled

---------------  S Y S T E M  ---------------

OS:
 Windows 11 , 64 bit Build 26100 (10.0.26100.2454)
OS uptime: 1 days 3:19 hours

CPU: total 12 (initial active 12) (6 cores per cpu, 2 threads per core) family 6 model 141 stepping 1 microcode 0x50, cx8, cmov, fxsr, ht, mmx, 3dnowpref, sse, sse2, sse3, ssse3, sse4.1, sse4.2, popcnt, lzcnt, tsc, tscinvbit, avx, avx2, aes, erms, clmul, bmi1, bmi2, adx, avx512f, avx512dq, avx512cd, avx512bw, avx512vl, sha, fma, vzeroupper, avx512_vpopcntdq, avx512_vpclmulqdq, avx512_vaes, avx512_vnni, clflush, clflushopt, clwb, avx512_vbmi2, avx512_vbmi, rdtscp, rdpid, fsrm, gfni, avx512_bitalg, f16c, pku, cet_ibt, cet_ss, avx512_ifma
Processor Information for the first 12 processors :
  Max Mhz: 2688, Current Mhz: 2688, Mhz Limit: 2688

Memory: 4k page, system-wide physical 7929M (886M free)
TotalPageFile size 20217M (AvailPageFile size 23M)
current process WorkingSet (physical memory assigned to process): 188M, peak: 309M
current process commit charge ("private bytes"): 408M, peak: 412M

vm_info: OpenJDK 64-Bit Server VM (21.0.8+9-LTS) for windows-amd64 JRE (21.0.8+9-LTS), built on 2025-07-15T00:00:00Z by "admin" with MS VC++ 17.7 (VS2022)

END.
