#
# There is insufficient memory for the Java Runtime Environment to continue.
# Native memory allocation (malloc) failed to allocate 560096 bytes. Error detail: Chunk::new
# Possible reasons:
#   The system is out of physical RAM or swap space
#   This process is running with CompressedOops enabled, and the Java Heap may be blocking the growth of the native heap
# Possible solutions:
#   Reduce memory load on the system
#   Increase physical memory or swap space
#   Check if swap backing store is full
#   Decrease Java heap size (-Xmx/-Xms)
#   Decrease number of Java threads
#   Decrease Java thread stack sizes (-Xss)
#   Set larger code cache with -XX:ReservedCodeCacheSize=
#   JVM is running with Unscaled Compressed Oops mode in which the Java heap is
#     placed in the first 4GB address space. The Java Heap base address is the
#     maximum limit for the native heap growth. Please use -XX:HeapBaseMinAddress
#     to set the Java Heap base and to place the Java Heap above 4GB virtual address.
# This output file may be truncated or incomplete.
#
#  Out of Memory Error (arena.cpp:168), pid=23216, tid=10728
#
# JRE version: OpenJDK Runtime Environment Temurin-21.0.8+9 (21.0.8+9) (build 21.0.8+9-LTS)
# Java VM: OpenJDK 64-Bit Server VM Temurin-21.0.8+9 (21.0.8+9-LTS, mixed mode, sharing, tiered, compressed oops, compressed class ptrs, parallel gc, windows-amd64)
# No core dump will be written. Minidumps are not enabled by default on client versions of Windows
#

---------------  S U M M A R Y ------------

Command Line: --add-modules=ALL-SYSTEM --add-opens=java.base/java.util=ALL-UNNAMED --add-opens=java.base/java.lang=ALL-UNNAMED --add-opens=java.base/sun.nio.fs=ALL-UNNAMED -Declipse.application=org.eclipse.jdt.ls.core.id1 -Dosgi.bundles.defaultStartLevel=4 -Declipse.product=org.eclipse.jdt.ls.core.product -Djava.import.generatesMetadataFilesAtProjectRoot=false -DDetectVMInstallationsJob.disabled=true -Dfile.encoding=utf8 -XX:+UseParallelGC -XX:GCTimeRatio=4 -XX:AdaptiveSizePolicyWeight=90 -Dsun.zip.disableMemoryMapping=true -Xmx2G -Xms100m -Xlog:disable -javaagent:c:\Users\hungk\.vscode\extensions\redhat.java-1.46.0-win32-x64\lombok\lombok-1.18.39-4050.jar c:\Users\hungk\.vscode\extensions\redhat.java-1.46.0-win32-x64\server\plugins\org.eclipse.equinox.launcher_1.7.0.v20250519-0528.jar -configuration c:\Users\hungk\AppData\Roaming\Code\User\globalStorage\redhat.java\1.46.0\config_ss_win -data c:\Users\hungk\AppData\Roaming\Code\User\workspaceStorage\c1ea95a410cbd50c8eb2bc13e37241c0\redhat.java\ss_ws --pipe=\\.\pipe\lsp-805f787596ca7a511c08399b4b688fac-sock

Host: 11th Gen Intel(R) Core(TM) i5-11400H @ 2.70GHz, 12 cores, 7G,  Windows 11 , 64 bit Build 26100 (10.0.26100.2454)
Time: Sat Oct 11 09:05:19 2025 SE Asia Standard Time elapsed time: 25.948116 seconds (0d 0h 0m 25s)

---------------  T H R E A D  ---------------

Current thread (0x0000014a719ade00):  JavaThread "C2 CompilerThread0" daemon [_thread_in_native, id=10728, stack(0x00000029e6600000,0x00000029e6700000) (1024K)]


Current CompileTask:
C2:25948 7735       4       org.eclipse.jdt.internal.compiler.classfmt.ModuleInfo::readModuleAttribute (1166 bytes)

Stack: [0x00000029e6600000,0x00000029e6700000]
Native frames: (J=compiled Java code, j=interpreted, Vv=VM code, C=native code)
V  [jvm.dll+0x6d2449]
V  [jvm.dll+0x8ae341]
V  [jvm.dll+0x8b08be]
V  [jvm.dll+0x8b0fa3]
V  [jvm.dll+0x280c96]
V  [jvm.dll+0xc581d]
V  [jvm.dll+0xc5d53]
V  [jvm.dll+0x2f539d]
V  [jvm.dll+0x5fa00a]
V  [jvm.dll+0x252092]
V  [jvm.dll+0x24ab3f]
V  [jvm.dll+0x2483a4]
V  [jvm.dll+0x1c89ee]
V  [jvm.dll+0x257d4d]
V  [jvm.dll+0x2562ea]
V  [jvm.dll+0x3f2d16]
V  [jvm.dll+0x857e6b]
V  [jvm.dll+0x6d0b0d]
C  [ucrtbase.dll+0x14ea0]
C  [KERNEL32.DLL+0x2e8d7]
C  [ntdll.dll+0xdfbcc]


---------------  P R O C E S S  ---------------

Threads class SMR info:
_java_thread_list=0x0000014a789b4990, length=49, elements={
0x0000014a1806abe0, 0x0000014a719944b0, 0x0000014a1801d0a0, 0x0000014a71996c30,
0x0000014a71997880, 0x0000014a7199dc50, 0x0000014a7199fd30, 0x0000014a719ade00,
0x0000014a719cdd00, 0x0000014a71a97670, 0x0000014a71cf9a40, 0x0000014a768d8060,
0x0000014a763f0a50, 0x0000014a763f1600, 0x0000014a71bff100, 0x0000014a769d7b90,
0x0000014a761dc5c0, 0x0000014a767b9510, 0x0000014a7687b0a0, 0x0000014a77d254b0,
0x0000014a77d27c10, 0x0000014a77d282a0, 0x0000014a77d26ef0, 0x0000014a77d27580,
0x0000014a77d25b40, 0x0000014a77d24e20, 0x0000014a77d261d0, 0x0000014a77d26860,
0x0000014a774bdcf0, 0x0000014a774bbc20, 0x0000014a774bcfd0, 0x0000014a774be380,
0x0000014a774bea10, 0x0000014a774bc2b0, 0x0000014a774bd660, 0x0000014a774bb590,
0x0000014a774bf0a0, 0x0000014a774bf730, 0x0000014a774bfdc0, 0x0000014a774bc940,
0x0000014a774c2520, 0x0000014a774c1800, 0x0000014a774c2bb0, 0x0000014a774c0450,
0x0000014a774c1e90, 0x0000014a774c0ae0, 0x0000014a774c1170, 0x0000014a79060a00,
0x0000014a790610d0
}

Java Threads: ( => current thread )
  0x0000014a1806abe0 JavaThread "main"                              [_thread_blocked, id=21588, stack(0x00000029e5c00000,0x00000029e5d00000) (1024K)]
  0x0000014a719944b0 JavaThread "Reference Handler"          daemon [_thread_blocked, id=9276, stack(0x00000029e6000000,0x00000029e6100000) (1024K)]
  0x0000014a1801d0a0 JavaThread "Finalizer"                  daemon [_thread_blocked, id=22908, stack(0x00000029e6100000,0x00000029e6200000) (1024K)]
  0x0000014a71996c30 JavaThread "Signal Dispatcher"          daemon [_thread_blocked, id=22844, stack(0x00000029e6200000,0x00000029e6300000) (1024K)]
  0x0000014a71997880 JavaThread "Attach Listener"            daemon [_thread_blocked, id=8764, stack(0x00000029e6300000,0x00000029e6400000) (1024K)]
  0x0000014a7199dc50 JavaThread "Service Thread"             daemon [_thread_blocked, id=15972, stack(0x00000029e6400000,0x00000029e6500000) (1024K)]
  0x0000014a7199fd30 JavaThread "Monitor Deflation Thread"   daemon [_thread_blocked, id=12940, stack(0x00000029e6500000,0x00000029e6600000) (1024K)]
=>0x0000014a719ade00 JavaThread "C2 CompilerThread0"         daemon [_thread_in_native, id=10728, stack(0x00000029e6600000,0x00000029e6700000) (1024K)]
  0x0000014a719cdd00 JavaThread "C1 CompilerThread0"         daemon [_thread_in_native, id=19952, stack(0x00000029e6700000,0x00000029e6800000) (1024K)]
  0x0000014a71a97670 JavaThread "Common-Cleaner"             daemon [_thread_blocked, id=14068, stack(0x00000029e6800000,0x00000029e6900000) (1024K)]
  0x0000014a71cf9a40 JavaThread "Notification Thread"        daemon [_thread_blocked, id=22632, stack(0x00000029e6900000,0x00000029e6a00000) (1024K)]
  0x0000014a768d8060 JavaThread "Active Thread: Equinox Container: 4b8cc935-e1fa-4ece-84f6-32591d641230"        [_thread_blocked, id=19560, stack(0x00000029e7100000,0x00000029e7200000) (1024K)]
  0x0000014a763f0a50 JavaThread "Framework Event Dispatcher: Equinox Container: 4b8cc935-e1fa-4ece-84f6-32591d641230" daemon [_thread_blocked, id=11400, stack(0x00000029e6a00000,0x00000029e6b00000) (1024K)]
  0x0000014a763f1600 JavaThread "Start Level: Equinox Container: 4b8cc935-e1fa-4ece-84f6-32591d641230" daemon [_thread_blocked, id=11692, stack(0x00000029e7200000,0x00000029e7300000) (1024K)]
  0x0000014a71bff100 JavaThread "SCR Component Actor"        daemon [_thread_blocked, id=9508, stack(0x00000029e7400000,0x00000029e7500000) (1024K)]
  0x0000014a769d7b90 JavaThread "Worker-JM"                         [_thread_blocked, id=5372, stack(0x00000029e7600000,0x00000029e7700000) (1024K)]
  0x0000014a761dc5c0 JavaThread "JNA Cleaner"                daemon [_thread_blocked, id=19224, stack(0x00000029e7500000,0x00000029e7600000) (1024K)]
  0x0000014a767b9510 JavaThread "Worker-0"                          [_thread_blocked, id=23480, stack(0x00000029e7900000,0x00000029e7a00000) (1024K)]
  0x0000014a7687b0a0 JavaThread "Worker-1"                          [_thread_blocked, id=17536, stack(0x00000029e7a00000,0x00000029e7b00000) (1024K)]
  0x0000014a77d254b0 JavaThread "Thread-1"                   daemon [_thread_in_native, id=13116, stack(0x00000029e7e00000,0x00000029e7f00000) (1024K)]
  0x0000014a77d27c10 JavaThread "Thread-2"                   daemon [_thread_in_native, id=20040, stack(0x00000029e7f00000,0x00000029e8000000) (1024K)]
  0x0000014a77d282a0 JavaThread "Thread-3"                   daemon [_thread_in_native, id=22280, stack(0x00000029e8000000,0x00000029e8100000) (1024K)]
  0x0000014a77d26ef0 JavaThread "Thread-4"                   daemon [_thread_in_native, id=19656, stack(0x00000029e8100000,0x00000029e8200000) (1024K)]
  0x0000014a77d27580 JavaThread "Thread-5"                   daemon [_thread_in_native, id=8932, stack(0x00000029e8200000,0x00000029e8300000) (1024K)]
  0x0000014a77d25b40 JavaThread "Thread-6"                   daemon [_thread_in_native, id=15992, stack(0x00000029e8300000,0x00000029e8400000) (1024K)]
  0x0000014a77d24e20 JavaThread "Thread-7"                   daemon [_thread_in_native, id=23544, stack(0x00000029e8400000,0x00000029e8500000) (1024K)]
  0x0000014a77d261d0 JavaThread "Thread-8"                   daemon [_thread_in_native, id=10276, stack(0x00000029e8500000,0x00000029e8600000) (1024K)]
  0x0000014a77d26860 JavaThread "Thread-9"                   daemon [_thread_in_native, id=4440, stack(0x00000029e8600000,0x00000029e8700000) (1024K)]
  0x0000014a774bdcf0 JavaThread "Thread-10"                  daemon [_thread_in_native, id=11696, stack(0x00000029e8700000,0x00000029e8800000) (1024K)]
  0x0000014a774bbc20 JavaThread "Thread-11"                  daemon [_thread_in_native, id=7084, stack(0x00000029e8800000,0x00000029e8900000) (1024K)]
  0x0000014a774bcfd0 JavaThread "Thread-12"                  daemon [_thread_in_native, id=13556, stack(0x00000029e8900000,0x00000029e8a00000) (1024K)]
  0x0000014a774be380 JavaThread "Thread-13"                  daemon [_thread_in_native, id=21236, stack(0x00000029e8a00000,0x00000029e8b00000) (1024K)]
  0x0000014a774bea10 JavaThread "pool-2-thread-1"                   [_thread_blocked, id=19544, stack(0x00000029e8b00000,0x00000029e8c00000) (1024K)]
  0x0000014a774bc2b0 JavaThread "WorkspaceEventsHandler"            [_thread_blocked, id=19020, stack(0x00000029e8c00000,0x00000029e8d00000) (1024K)]
  0x0000014a774bd660 JavaThread "pool-1-thread-1"                   [_thread_in_vm, id=3176, stack(0x00000029e8d00000,0x00000029e8e00000) (1024K)]
  0x0000014a774bb590 JavaThread "Worker-2"                          [_thread_blocked, id=18512, stack(0x00000029e8e00000,0x00000029e8f00000) (1024K)]
  0x0000014a774bf0a0 JavaThread "ForkJoinPool.commonPool-worker-1" daemon [_thread_blocked, id=3696, stack(0x00000029e8f00000,0x00000029e9000000) (1024K)]
  0x0000014a774bf730 JavaThread "ForkJoinPool.commonPool-worker-2" daemon [_thread_blocked, id=15336, stack(0x00000029e9000000,0x00000029e9100000) (1024K)]
  0x0000014a774bfdc0 JavaThread "ForkJoinPool.commonPool-worker-3" daemon [_thread_blocked, id=20592, stack(0x00000029e9100000,0x00000029e9200000) (1024K)]
  0x0000014a774bc940 JavaThread "ForkJoinPool.commonPool-worker-4" daemon [_thread_blocked, id=22572, stack(0x00000029e9200000,0x00000029e9300000) (1024K)]
  0x0000014a774c2520 JavaThread "ForkJoinPool.commonPool-worker-5" daemon [_thread_blocked, id=2724, stack(0x00000029e9300000,0x00000029e9400000) (1024K)]
  0x0000014a774c1800 JavaThread "ForkJoinPool.commonPool-worker-6" daemon [_thread_blocked, id=3276, stack(0x00000029e9400000,0x00000029e9500000) (1024K)]
  0x0000014a774c2bb0 JavaThread "ForkJoinPool.commonPool-worker-7" daemon [_thread_in_Java, id=9940, stack(0x00000029e9500000,0x00000029e9600000) (1024K)]
  0x0000014a774c0450 JavaThread "ForkJoinPool.commonPool-worker-8" daemon [_thread_blocked, id=1860, stack(0x00000029e9600000,0x00000029e9700000) (1024K)]
  0x0000014a774c1e90 JavaThread "ForkJoinPool.commonPool-worker-9" daemon [_thread_blocked, id=12276, stack(0x00000029e9700000,0x00000029e9800000) (1024K)]
  0x0000014a774c0ae0 JavaThread "ForkJoinPool.commonPool-worker-10" daemon [_thread_blocked, id=21964, stack(0x00000029e9800000,0x00000029e9900000) (1024K)]
  0x0000014a774c1170 JavaThread "ForkJoinPool.commonPool-worker-11" daemon [_thread_blocked, id=13840, stack(0x00000029e9900000,0x00000029e9a00000) (1024K)]
  0x0000014a79060a00 JavaThread "C2 CompilerThread1"         daemon [_thread_in_native, id=16840, stack(0x00000029e7d00000,0x00000029e7e00000) (1024K)]
  0x0000014a790610d0 JavaThread "C2 CompilerThread2"         daemon [_thread_in_native, id=15272, stack(0x00000029e9a00000,0x00000029e9b00000) (1024K)]
Total: 49

Other Threads:
  0x0000014a18004490 VMThread "VM Thread"                           [id=19160, stack(0x00000029e5f00000,0x00000029e6000000) (1024K)]
  0x0000014a180d6640 WatcherThread "VM Periodic Task Thread"        [id=13448, stack(0x00000029e5e00000,0x00000029e5f00000) (1024K)]
  0x0000014a18089570 WorkerThread "GC Thread#0"                     [id=9924, stack(0x00000029e5d00000,0x00000029e5e00000) (1024K)]
  0x0000014a763f7550 WorkerThread "GC Thread#1"                     [id=2568, stack(0x00000029e6b00000,0x00000029e6c00000) (1024K)]
  0x0000014a763f6e10 WorkerThread "GC Thread#2"                     [id=12020, stack(0x00000029e6c00000,0x00000029e6d00000) (1024K)]
  0x0000014a763f78f0 WorkerThread "GC Thread#3"                     [id=6384, stack(0x00000029e6d00000,0x00000029e6e00000) (1024K)]
  0x0000014a763f8030 WorkerThread "GC Thread#4"                     [id=6452, stack(0x00000029e6e00000,0x00000029e6f00000) (1024K)]
  0x0000014a763f71b0 WorkerThread "GC Thread#5"                     [id=22724, stack(0x00000029e6f00000,0x00000029e7000000) (1024K)]
  0x0000014a763f66d0 WorkerThread "GC Thread#6"                     [id=1992, stack(0x00000029e7000000,0x00000029e7100000) (1024K)]
  0x0000014a763f6a70 WorkerThread "GC Thread#7"                     [id=6592, stack(0x00000029e7300000,0x00000029e7400000) (1024K)]
  0x0000014a766dd4a0 WorkerThread "GC Thread#8"                     [id=11084, stack(0x00000029e7700000,0x00000029e7800000) (1024K)]
  0x0000014a766dc9c0 WorkerThread "GC Thread#9"                     [id=21348, stack(0x00000029e7800000,0x00000029e7900000) (1024K)]
Total: 12

Threads with active compile tasks:
C2 CompilerThread0  25980 7735       4       org.eclipse.jdt.internal.compiler.classfmt.ModuleInfo::readModuleAttribute (1166 bytes)
C1 CompilerThread0  25980 7787   !   3       org.eclipse.jdt.internal.compiler.parser.Scanner::getNextToken0 (3060 bytes)
C2 CompilerThread1  25980 7748 %     4       org.lombokweb.asm.ClassReader::readCode @ 2187 (5117 bytes)
C2 CompilerThread2  25980 7789       4       org.eclipse.jdt.internal.compiler.parser.Parser::consumeRule (7748 bytes)
Total: 4

VM state: not at safepoint (normal execution)

VM Mutex/Monitor currently owned by a thread: None

Heap address: 0x0000000080000000, size: 2048 MB, Compressed Oops mode: 32-bit

CDS archive(s) mapped at: [0x0000014a2f000000-0x0000014a2fba0000-0x0000014a2fba0000), size 12189696, SharedBaseAddress: 0x0000014a2f000000, ArchiveRelocationMode: 1.
Compressed class space mapped at: 0x0000014a30000000-0x0000014a70000000, reserved size: 1073741824
Narrow klass base: 0x0000014a2f000000, Narrow klass shift: 0, Narrow klass range: 0x100000000

GC Precious Log:
 CardTable entry size: 512
 CPUs: 12 total, 12 available
 Memory: 7929M
 Large Page Support: Disabled
 NUMA Support: Disabled
 Compressed Oops: Enabled (32-bit)
 Alignments: Space 512K, Generation 512K, Heap 2M
 Heap Min Capacity: 100M
 Heap Initial Capacity: 100M
 Heap Max Capacity: 2G
 Pre-touch: Disabled
 Parallel Workers: 10

Heap:
 PSYoungGen      total 12800K, used 9502K [0x00000000d5580000, 0x00000000d6500000, 0x0000000100000000)
  eden space 11776K, 74% used [0x00000000d5580000,0x00000000d5e04a50,0x00000000d6100000)
  from space 1024K, 76% used [0x00000000d6400000,0x00000000d64c3130,0x00000000d6500000)
  to   space 1024K, 0% used [0x00000000d6300000,0x00000000d6300000,0x00000000d6400000)
 ParOldGen       total 68608K, used 48708K [0x0000000080000000, 0x0000000084300000, 0x00000000d5580000)
  object space 68608K, 70% used [0x0000000080000000,0x0000000082f91268,0x0000000084300000)
 Metaspace       used 46447K, committed 47680K, reserved 1114112K
  class space    used 4684K, committed 5248K, reserved 1048576K

Card table byte_map: [0x0000014a17a10000,0x0000014a17e20000] _byte_map_base: 0x0000014a17610000

Marking Bits: (ParMarkBitMap*) 0x00007ffbb64ea340
 Begin Bits: [0x0000014a2a510000, 0x0000014a2c510000)
 End Bits:   [0x0000014a2c510000, 0x0000014a2e510000)

Polling page: 0x0000014a17650000

Metaspace:

Usage:
  Non-class:     40.79 MB used.
      Class:      4.57 MB used.
       Both:     45.36 MB used.

Virtual space:
  Non-class space:       64.00 MB reserved,      41.44 MB ( 65%) committed,  1 nodes.
      Class space:        1.00 GB reserved,       5.12 MB ( <1%) committed,  1 nodes.
             Both:        1.06 GB reserved,      46.56 MB (  4%) committed. 

Chunk freelists:
   Non-Class:  5.84 MB
       Class:  10.92 MB
        Both:  16.77 MB

MaxMetaspaceSize: unlimited
CompressedClassSpaceSize: 1.00 GB
Initial GC threshold: 21.00 MB
Current GC threshold: 58.38 MB
CDS: on
 - commit_granule_bytes: 65536.
 - commit_granule_words: 8192.
 - virtual_space_node_default_size: 8388608.
 - enlarge_chunks_in_place: 1.
 - use_allocation_guard: 0.


Internal statistics:

num_allocs_failed_limit: 6.
num_arena_births: 1456.
num_arena_deaths: 524.
num_vsnodes_births: 2.
num_vsnodes_deaths: 0.
num_space_committed: 745.
num_space_uncommitted: 0.
num_chunks_returned_to_freelist: 749.
num_chunks_taken_from_freelist: 3928.
num_chunk_merges: 340.
num_chunk_splits: 2212.
num_chunks_enlarged: 1062.
num_inconsistent_stats: 0.

CodeHeap 'non-profiled nmethods': size=120000Kb used=4879Kb max_used=4879Kb free=115120Kb
 bounds [0x0000014a22d30000, 0x0000014a23200000, 0x0000014a2a260000]
CodeHeap 'profiled nmethods': size=120000Kb used=17094Kb max_used=17094Kb free=102906Kb
 bounds [0x0000014a1b260000, 0x0000014a1c320000, 0x0000014a22790000]
CodeHeap 'non-nmethods': size=5760Kb used=1428Kb max_used=1491Kb free=4331Kb
 bounds [0x0000014a22790000, 0x0000014a22a00000, 0x0000014a22d30000]
CodeCache: size=245760Kb, used=23401Kb, max_used=23464Kb, free=222357Kb
 total_blobs=8119, nmethods=7389, adapters=635, full_count=0
Compilation: enabled, stopped_count=0, restarted_count=0

Compilation events (20 events):
Event: 23.903 Thread 0x0000014a719cdd00 nmethod 7741 0x0000014a1c2f6d10 code [0x0000014a1c2f6f00, 0x0000014a1c2f7650]
Event: 23.904 Thread 0x0000014a719cdd00 7742       3       org.eclipse.jdt.internal.codeassist.select.SelectionParser::consumeToken (474 bytes)
Event: 23.905 Thread 0x0000014a719cdd00 nmethod 7742 0x0000014a1c2f7890 code [0x0000014a1c2f7d60, 0x0000014a1c2fa920]
Event: 23.905 Thread 0x0000014a719cdd00 7743       3       org.eclipse.jdt.internal.codeassist.select.SelectionScanner::scanIdentifierOrKeyword (42 bytes)
Event: 23.905 Thread 0x0000014a719cdd00 nmethod 7743 0x0000014a1c2fb190 code [0x0000014a1c2fb340, 0x0000014a1c2fb570]
Event: 23.907 Thread 0x0000014a719cdd00 7744       3       org.lombokweb.asm.SymbolTable::getConstantMethodHandleSymbolData (16 bytes)
Event: 23.907 Thread 0x0000014a719cdd00 nmethod 7744 0x0000014a1c2fb610 code [0x0000014a1c2fb7c0, 0x0000014a1c2fb940]
Event: 23.907 Thread 0x0000014a719cdd00 7745       3       org.lombokweb.asm.SymbolTable::hash (23 bytes)
Event: 23.907 Thread 0x0000014a719cdd00 nmethod 7745 0x0000014a1c2fba10 code [0x0000014a1c2fbbe0, 0x0000014a1c2fbda8]
Event: 23.919 Thread 0x0000014a719cdd00 7750       3       java.util.Hashtable::getIterator (22 bytes)
Event: 23.919 Thread 0x0000014a719cdd00 nmethod 7750 0x0000014a1c2fbf10 code [0x0000014a1c2fc0e0, 0x0000014a1c2fc360]
Event: 23.919 Thread 0x0000014a719cdd00 7751       3       org.eclipse.core.internal.resources.Resource::getName (10 bytes)
Event: 23.920 Thread 0x0000014a719cdd00 nmethod 7751 0x0000014a1c2fc490 code [0x0000014a1c2fc640, 0x0000014a1c2fc7c8]
Event: 23.920 Thread 0x0000014a79060a00 7738       4       org.eclipse.jdt.internal.compiler.parser.Parser::fetchNextToken (8 bytes)
Event: 23.929 Thread 0x0000014a79060a00 nmethod 7738 0x0000014a231f1990 code [0x0000014a231f1c00, 0x0000014a231f22c0]
Event: 23.929 Thread 0x0000014a79060a00 7748 %     4       org.lombokweb.asm.ClassReader::readCode @ 2187 (5117 bytes)
Event: 23.933 Thread 0x0000014a719cdd00 7752       3       java.nio.charset.Charset::lookup (44 bytes)
Event: 23.933 Thread 0x0000014a719cdd00 nmethod 7752 0x0000014a1c2fc910 code [0x0000014a1c2fcb00, 0x0000014a1c2fcf28]
Event: 23.934 Thread 0x0000014a719cdd00 7753   !   3       java.io.InputStream::read (81 bytes)
Event: 23.934 Thread 0x0000014a719cdd00 nmethod 7753 0x0000014a1c2fd090 code [0x0000014a1c2fd2a0, 0x0000014a1c2fd940]

GC Heap History (20 events):
Event: 14.863 GC heap before
{Heap before GC invocations=29 (full 2):
 PSYoungGen      total 17408K, used 17381K [0x00000000d5580000, 0x00000000d6f80000, 0x0000000100000000)
  eden space 15872K, 100% used [0x00000000d5580000,0x00000000d6500000,0x00000000d6500000)
  from space 1536K, 98% used [0x00000000d6900000,0x00000000d6a797b0,0x00000000d6a80000)
  to   space 4096K, 0% used [0x00000000d6500000,0x00000000d6500000,0x00000000d6900000)
 ParOldGen       total 68608K, used 34365K [0x0000000080000000, 0x0000000084300000, 0x00000000d5580000)
  object space 68608K, 50% used [0x0000000080000000,0x000000008218f5c8,0x0000000084300000)
 Metaspace       used 41763K, committed 42944K, reserved 1114112K
  class space    used 4320K, committed 4864K, reserved 1048576K
}
Event: 14.865 GC heap after
{Heap after GC invocations=29 (full 2):
 PSYoungGen      total 17920K, used 1720K [0x00000000d5580000, 0x00000000d6a00000, 0x0000000100000000)
  eden space 15872K, 0% used [0x00000000d5580000,0x00000000d5580000,0x00000000d6500000)
  from space 2048K, 84% used [0x00000000d6500000,0x00000000d66ae238,0x00000000d6700000)
  to   space 2560K, 0% used [0x00000000d6780000,0x00000000d6780000,0x00000000d6a00000)
 ParOldGen       total 68608K, used 35328K [0x0000000080000000, 0x0000000084300000, 0x00000000d5580000)
  object space 68608K, 51% used [0x0000000080000000,0x0000000082280290,0x0000000084300000)
 Metaspace       used 41763K, committed 42944K, reserved 1114112K
  class space    used 4320K, committed 4864K, reserved 1048576K
}
Event: 14.891 GC heap before
{Heap before GC invocations=30 (full 2):
 PSYoungGen      total 17920K, used 17592K [0x00000000d5580000, 0x00000000d6a00000, 0x0000000100000000)
  eden space 15872K, 100% used [0x00000000d5580000,0x00000000d6500000,0x00000000d6500000)
  from space 2048K, 84% used [0x00000000d6500000,0x00000000d66ae238,0x00000000d6700000)
  to   space 2560K, 0% used [0x00000000d6780000,0x00000000d6780000,0x00000000d6a00000)
 ParOldGen       total 68608K, used 35328K [0x0000000080000000, 0x0000000084300000, 0x00000000d5580000)
  object space 68608K, 51% used [0x0000000080000000,0x0000000082280290,0x0000000084300000)
 Metaspace       used 41848K, committed 43008K, reserved 1114112K
  class space    used 4325K, committed 4864K, reserved 1048576K
}
Event: 14.892 GC heap after
{Heap after GC invocations=30 (full 2):
 PSYoungGen      total 17408K, used 1132K [0x00000000d5580000, 0x00000000d6900000, 0x0000000100000000)
  eden space 15872K, 0% used [0x00000000d5580000,0x00000000d5580000,0x00000000d6500000)
  from space 1536K, 73% used [0x00000000d6780000,0x00000000d689b160,0x00000000d6900000)
  to   space 1536K, 0% used [0x00000000d6600000,0x00000000d6600000,0x00000000d6780000)
 ParOldGen       total 68608K, used 35776K [0x0000000080000000, 0x0000000084300000, 0x00000000d5580000)
  object space 68608K, 52% used [0x0000000080000000,0x00000000822f0368,0x0000000084300000)
 Metaspace       used 41848K, committed 43008K, reserved 1114112K
  class space    used 4325K, committed 4864K, reserved 1048576K
}
Event: 15.042 GC heap before
{Heap before GC invocations=31 (full 2):
 PSYoungGen      total 17408K, used 17004K [0x00000000d5580000, 0x00000000d6900000, 0x0000000100000000)
  eden space 15872K, 100% used [0x00000000d5580000,0x00000000d6500000,0x00000000d6500000)
  from space 1536K, 73% used [0x00000000d6780000,0x00000000d689b160,0x00000000d6900000)
  to   space 1536K, 0% used [0x00000000d6600000,0x00000000d6600000,0x00000000d6780000)
 ParOldGen       total 68608K, used 35776K [0x0000000080000000, 0x0000000084300000, 0x00000000d5580000)
  object space 68608K, 52% used [0x0000000080000000,0x00000000822f0368,0x0000000084300000)
 Metaspace       used 43699K, committed 44928K, reserved 1114112K
  class space    used 4479K, committed 5056K, reserved 1048576K
}
Event: 15.044 GC heap after
{Heap after GC invocations=31 (full 2):
 PSYoungGen      total 17408K, used 1510K [0x00000000d5580000, 0x00000000d6a00000, 0x0000000100000000)
  eden space 15872K, 0% used [0x00000000d5580000,0x00000000d5580000,0x00000000d6500000)
  from space 1536K, 98% used [0x00000000d6600000,0x00000000d6779b48,0x00000000d6780000)
  to   space 2560K, 0% used [0x00000000d6780000,0x00000000d6780000,0x00000000d6a00000)
 ParOldGen       total 68608K, used 36320K [0x0000000080000000, 0x0000000084300000, 0x00000000d5580000)
  object space 68608K, 52% used [0x0000000080000000,0x0000000082378388,0x0000000084300000)
 Metaspace       used 43699K, committed 44928K, reserved 1114112K
  class space    used 4479K, committed 5056K, reserved 1048576K
}
Event: 15.143 GC heap before
{Heap before GC invocations=32 (full 2):
 PSYoungGen      total 17408K, used 17382K [0x00000000d5580000, 0x00000000d6a00000, 0x0000000100000000)
  eden space 15872K, 100% used [0x00000000d5580000,0x00000000d6500000,0x00000000d6500000)
  from space 1536K, 98% used [0x00000000d6600000,0x00000000d6779b48,0x00000000d6780000)
  to   space 2560K, 0% used [0x00000000d6780000,0x00000000d6780000,0x00000000d6a00000)
 ParOldGen       total 68608K, used 36320K [0x0000000080000000, 0x0000000084300000, 0x00000000d5580000)
  object space 68608K, 52% used [0x0000000080000000,0x0000000082378388,0x0000000084300000)
 Metaspace       used 43814K, committed 44992K, reserved 1114112K
  class space    used 4479K, committed 5056K, reserved 1048576K
}
Event: 15.146 GC heap after
{Heap after GC invocations=32 (full 2):
 PSYoungGen      total 14336K, used 2552K [0x00000000d5580000, 0x00000000d7200000, 0x0000000100000000)
  eden space 11776K, 0% used [0x00000000d5580000,0x00000000d5580000,0x00000000d6100000)
  from space 2560K, 99% used [0x00000000d6780000,0x00000000d69fe078,0x00000000d6a00000)
  to   space 6656K, 0% used [0x00000000d6100000,0x00000000d6100000,0x00000000d6780000)
 ParOldGen       total 68608K, used 39715K [0x0000000080000000, 0x0000000084300000, 0x00000000d5580000)
  object space 68608K, 57% used [0x0000000080000000,0x00000000826c8ea0,0x0000000084300000)
 Metaspace       used 43814K, committed 44992K, reserved 1114112K
  class space    used 4479K, committed 5056K, reserved 1048576K
}
Event: 15.216 GC heap before
{Heap before GC invocations=33 (full 2):
 PSYoungGen      total 14336K, used 14328K [0x00000000d5580000, 0x00000000d7200000, 0x0000000100000000)
  eden space 11776K, 100% used [0x00000000d5580000,0x00000000d6100000,0x00000000d6100000)
  from space 2560K, 99% used [0x00000000d6780000,0x00000000d69fe078,0x00000000d6a00000)
  to   space 6656K, 0% used [0x00000000d6100000,0x00000000d6100000,0x00000000d6780000)
 ParOldGen       total 68608K, used 39715K [0x0000000080000000, 0x0000000084300000, 0x00000000d5580000)
  object space 68608K, 57% used [0x0000000080000000,0x00000000826c8ea0,0x0000000084300000)
 Metaspace       used 43840K, committed 44992K, reserved 1114112K
  class space    used 4479K, committed 5056K, reserved 1048576K
}
Event: 15.219 GC heap after
{Heap after GC invocations=33 (full 2):
 PSYoungGen      total 15360K, used 3511K [0x00000000d5580000, 0x00000000d6a00000, 0x0000000100000000)
  eden space 11776K, 0% used [0x00000000d5580000,0x00000000d5580000,0x00000000d6100000)
  from space 3584K, 97% used [0x00000000d6100000,0x00000000d646df88,0x00000000d6480000)
  to   space 4608K, 0% used [0x00000000d6580000,0x00000000d6580000,0x00000000d6a00000)
 ParOldGen       total 68608K, used 42419K [0x0000000080000000, 0x0000000084300000, 0x00000000d5580000)
  object space 68608K, 61% used [0x0000000080000000,0x000000008296cea0,0x0000000084300000)
 Metaspace       used 43840K, committed 44992K, reserved 1114112K
  class space    used 4479K, committed 5056K, reserved 1048576K
}
Event: 15.346 GC heap before
{Heap before GC invocations=34 (full 2):
 PSYoungGen      total 15360K, used 15287K [0x00000000d5580000, 0x00000000d6a00000, 0x0000000100000000)
  eden space 11776K, 100% used [0x00000000d5580000,0x00000000d6100000,0x00000000d6100000)
  from space 3584K, 97% used [0x00000000d6100000,0x00000000d646df88,0x00000000d6480000)
  to   space 4608K, 0% used [0x00000000d6580000,0x00000000d6580000,0x00000000d6a00000)
 ParOldGen       total 68608K, used 42419K [0x0000000080000000, 0x0000000084300000, 0x00000000d5580000)
  object space 68608K, 61% used [0x0000000080000000,0x000000008296cea0,0x0000000084300000)
 Metaspace       used 44261K, committed 45440K, reserved 1114112K
  class space    used 4530K, committed 5056K, reserved 1048576K
}
Event: 15.349 GC heap after
{Heap after GC invocations=34 (full 2):
 PSYoungGen      total 13312K, used 1408K [0x00000000d5580000, 0x00000000d6700000, 0x0000000100000000)
  eden space 11776K, 0% used [0x00000000d5580000,0x00000000d5580000,0x00000000d6100000)
  from space 1536K, 91% used [0x00000000d6580000,0x00000000d66e0020,0x00000000d6700000)
  to   space 2560K, 0% used [0x00000000d6200000,0x00000000d6200000,0x00000000d6480000)
 ParOldGen       total 68608K, used 45810K [0x0000000080000000, 0x0000000084300000, 0x00000000d5580000)
  object space 68608K, 66% used [0x0000000080000000,0x0000000082cbca20,0x0000000084300000)
 Metaspace       used 44261K, committed 45440K, reserved 1114112K
  class space    used 4530K, committed 5056K, reserved 1048576K
}
Event: 18.062 GC heap before
{Heap before GC invocations=35 (full 2):
 PSYoungGen      total 13312K, used 13184K [0x00000000d5580000, 0x00000000d6700000, 0x0000000100000000)
  eden space 11776K, 100% used [0x00000000d5580000,0x00000000d6100000,0x00000000d6100000)
  from space 1536K, 91% used [0x00000000d6580000,0x00000000d66e0020,0x00000000d6700000)
  to   space 2560K, 0% used [0x00000000d6200000,0x00000000d6200000,0x00000000d6480000)
 ParOldGen       total 68608K, used 45810K [0x0000000080000000, 0x0000000084300000, 0x00000000d5580000)
  object space 68608K, 66% used [0x0000000080000000,0x0000000082cbca20,0x0000000084300000)
 Metaspace       used 44869K, committed 46016K, reserved 1114112K
  class space    used 4593K, committed 5120K, reserved 1048576K
}
Event: 18.064 GC heap after
{Heap after GC invocations=35 (full 2):
 PSYoungGen      total 14336K, used 665K [0x00000000d5580000, 0x00000000d6600000, 0x0000000100000000)
  eden space 11776K, 0% used [0x00000000d5580000,0x00000000d5580000,0x00000000d6100000)
  from space 2560K, 25% used [0x00000000d6200000,0x00000000d62a6470,0x00000000d6480000)
  to   space 1536K, 0% used [0x00000000d6480000,0x00000000d6480000,0x00000000d6600000)
 ParOldGen       total 68608K, used 47035K [0x0000000080000000, 0x0000000084300000, 0x00000000d5580000)
  object space 68608K, 68% used [0x0000000080000000,0x0000000082deed18,0x0000000084300000)
 Metaspace       used 44869K, committed 46016K, reserved 1114112K
  class space    used 4593K, committed 5120K, reserved 1048576K
}
Event: 21.503 GC heap before
{Heap before GC invocations=36 (full 2):
 PSYoungGen      total 14336K, used 12441K [0x00000000d5580000, 0x00000000d6600000, 0x0000000100000000)
  eden space 11776K, 99% used [0x00000000d5580000,0x00000000d60fffc8,0x00000000d6100000)
  from space 2560K, 25% used [0x00000000d6200000,0x00000000d62a6470,0x00000000d6480000)
  to   space 1536K, 0% used [0x00000000d6480000,0x00000000d6480000,0x00000000d6600000)
 ParOldGen       total 68608K, used 47035K [0x0000000080000000, 0x0000000084300000, 0x00000000d5580000)
  object space 68608K, 68% used [0x0000000080000000,0x0000000082deed18,0x0000000084300000)
 Metaspace       used 45368K, committed 46528K, reserved 1114112K
  class space    used 4632K, committed 5184K, reserved 1048576K
}
Event: 21.504 GC heap after
{Heap after GC invocations=36 (full 2):
 PSYoungGen      total 12288K, used 320K [0x00000000d5580000, 0x00000000d6500000, 0x0000000100000000)
  eden space 11776K, 0% used [0x00000000d5580000,0x00000000d5580000,0x00000000d6100000)
  from space 512K, 62% used [0x00000000d6480000,0x00000000d64d0000,0x00000000d6500000)
  to   space 1024K, 0% used [0x00000000d6300000,0x00000000d6300000,0x00000000d6400000)
 ParOldGen       total 68608K, used 47424K [0x0000000080000000, 0x0000000084300000, 0x00000000d5580000)
  object space 68608K, 69% used [0x0000000080000000,0x0000000082e50320,0x0000000084300000)
 Metaspace       used 45368K, committed 46528K, reserved 1114112K
  class space    used 4632K, committed 5184K, reserved 1048576K
}
Event: 22.103 GC heap before
{Heap before GC invocations=37 (full 2):
 PSYoungGen      total 12288K, used 12096K [0x00000000d5580000, 0x00000000d6500000, 0x0000000100000000)
  eden space 11776K, 100% used [0x00000000d5580000,0x00000000d6100000,0x00000000d6100000)
  from space 512K, 62% used [0x00000000d6480000,0x00000000d64d0000,0x00000000d6500000)
  to   space 1024K, 0% used [0x00000000d6300000,0x00000000d6300000,0x00000000d6400000)
 ParOldGen       total 68608K, used 47424K [0x0000000080000000, 0x0000000084300000, 0x00000000d5580000)
  object space 68608K, 69% used [0x0000000080000000,0x0000000082e50320,0x0000000084300000)
 Metaspace       used 45813K, committed 46976K, reserved 1114112K
  class space    used 4645K, committed 5184K, reserved 1048576K
}
Event: 22.105 GC heap after
{Heap after GC invocations=37 (full 2):
 PSYoungGen      total 12800K, used 1008K [0x00000000d5580000, 0x00000000d6500000, 0x0000000100000000)
  eden space 11776K, 0% used [0x00000000d5580000,0x00000000d5580000,0x00000000d6100000)
  from space 1024K, 98% used [0x00000000d6300000,0x00000000d63fc010,0x00000000d6400000)
  to   space 1024K, 0% used [0x00000000d6400000,0x00000000d6400000,0x00000000d6500000)
 ParOldGen       total 68608K, used 47756K [0x0000000080000000, 0x0000000084300000, 0x00000000d5580000)
  object space 68608K, 69% used [0x0000000080000000,0x0000000082ea3340,0x0000000084300000)
 Metaspace       used 45813K, committed 46976K, reserved 1114112K
  class space    used 4645K, committed 5184K, reserved 1048576K
}
Event: 23.931 GC heap before
{Heap before GC invocations=38 (full 2):
 PSYoungGen      total 12800K, used 12749K [0x00000000d5580000, 0x00000000d6500000, 0x0000000100000000)
  eden space 11776K, 99% used [0x00000000d5580000,0x00000000d60f74a8,0x00000000d6100000)
  from space 1024K, 98% used [0x00000000d6300000,0x00000000d63fc010,0x00000000d6400000)
  to   space 1024K, 0% used [0x00000000d6400000,0x00000000d6400000,0x00000000d6500000)
 ParOldGen       total 68608K, used 47756K [0x0000000080000000, 0x0000000084300000, 0x00000000d5580000)
  object space 68608K, 69% used [0x0000000080000000,0x0000000082ea3340,0x0000000084300000)
 Metaspace       used 46201K, committed 47360K, reserved 1114112K
  class space    used 4663K, committed 5184K, reserved 1048576K
}
Event: 23.932 GC heap after
{Heap after GC invocations=38 (full 2):
 PSYoungGen      total 12800K, used 780K [0x00000000d5580000, 0x00000000d6500000, 0x0000000100000000)
  eden space 11776K, 0% used [0x00000000d5580000,0x00000000d5580000,0x00000000d6100000)
  from space 1024K, 76% used [0x00000000d6400000,0x00000000d64c3130,0x00000000d6500000)
  to   space 1024K, 0% used [0x00000000d6300000,0x00000000d6300000,0x00000000d6400000)
 ParOldGen       total 68608K, used 48708K [0x0000000080000000, 0x0000000084300000, 0x00000000d5580000)
  object space 68608K, 70% used [0x0000000080000000,0x0000000082f91268,0x0000000084300000)
 Metaspace       used 46201K, committed 47360K, reserved 1114112K
  class space    used 4663K, committed 5184K, reserved 1048576K
}

Dll operation events (10 events):
Event: 0.033 Loaded shared library c:\Users\hungk\.vscode\extensions\redhat.java-1.46.0-win32-x64\jre\21.0.8-win32-x86_64\bin\java.dll
Event: 0.106 Loaded shared library c:\Users\hungk\.vscode\extensions\redhat.java-1.46.0-win32-x64\jre\21.0.8-win32-x86_64\bin\zip.dll
Event: 0.125 Loaded shared library C:\Users\hungk\.vscode\extensions\redhat.java-1.46.0-win32-x64\jre\21.0.8-win32-x86_64\bin\instrument.dll
Event: 0.129 Loaded shared library C:\Users\hungk\.vscode\extensions\redhat.java-1.46.0-win32-x64\jre\21.0.8-win32-x86_64\bin\net.dll
Event: 0.131 Loaded shared library C:\Users\hungk\.vscode\extensions\redhat.java-1.46.0-win32-x64\jre\21.0.8-win32-x86_64\bin\nio.dll
Event: 0.134 Loaded shared library C:\Users\hungk\.vscode\extensions\redhat.java-1.46.0-win32-x64\jre\21.0.8-win32-x86_64\bin\zip.dll
Event: 0.150 Loaded shared library C:\Users\hungk\.vscode\extensions\redhat.java-1.46.0-win32-x64\jre\21.0.8-win32-x86_64\bin\jimage.dll
Event: 0.250 Loaded shared library c:\Users\hungk\.vscode\extensions\redhat.java-1.46.0-win32-x64\jre\21.0.8-win32-x86_64\bin\verify.dll
Event: 10.345 Loaded shared library C:\Users\hungk\AppData\Roaming\Code\User\globalStorage\redhat.java\1.46.0\config_ss_win\org.eclipse.equinox.launcher\org.eclipse.equinox.launcher.win32.win32.x86_64_1.2.1400.v20250801-0854\eclipse_11916.dll
Event: 11.116 Loaded shared library C:\Users\hungk\AppData\Local\Temp\jna-99640741\jna7467501785056182945.dll

Deoptimization events (20 events):
Event: 23.903 Thread 0x0000014a774c2bb0 Uncommon trap: trap_request=0xffffffc6 fr.pc=0x0000014a23179d24 relative=0x0000000000000ea4
Event: 23.903 Thread 0x0000014a774c2bb0 Uncommon trap: reason=bimorphic_or_optimized_type_check action=maybe_recompile pc=0x0000014a23179d24 method=org.eclipse.jdt.internal.compiler.parser.Scanner.jumpOverMethodBody()V @ 2421 c2
Event: 23.903 Thread 0x0000014a774c2bb0 DEOPT PACKING pc=0x0000014a23179d24 sp=0x00000029e95fe290
Event: 23.903 Thread 0x0000014a774c2bb0 DEOPT UNPACKING pc=0x0000014a227e6da2 sp=0x00000029e95fe1e8 mode 2
Event: 23.903 Thread 0x0000014a774c2bb0 Uncommon trap: trap_request=0xffffffc6 fr.pc=0x0000014a23179d24 relative=0x0000000000000ea4
Event: 23.903 Thread 0x0000014a774c2bb0 Uncommon trap: reason=bimorphic_or_optimized_type_check action=maybe_recompile pc=0x0000014a23179d24 method=org.eclipse.jdt.internal.compiler.parser.Scanner.jumpOverMethodBody()V @ 2421 c2
Event: 23.903 Thread 0x0000014a774c2bb0 DEOPT PACKING pc=0x0000014a23179d24 sp=0x00000029e95fe290
Event: 23.903 Thread 0x0000014a774c2bb0 DEOPT UNPACKING pc=0x0000014a227e6da2 sp=0x00000029e95fe1e8 mode 2
Event: 23.903 Thread 0x0000014a774c2bb0 Uncommon trap: trap_request=0xffffffc6 fr.pc=0x0000014a23179d24 relative=0x0000000000000ea4
Event: 23.903 Thread 0x0000014a774c2bb0 Uncommon trap: reason=bimorphic_or_optimized_type_check action=maybe_recompile pc=0x0000014a23179d24 method=org.eclipse.jdt.internal.compiler.parser.Scanner.jumpOverMethodBody()V @ 2421 c2
Event: 23.903 Thread 0x0000014a774c2bb0 DEOPT PACKING pc=0x0000014a23179d24 sp=0x00000029e95fe290
Event: 23.903 Thread 0x0000014a774c2bb0 DEOPT UNPACKING pc=0x0000014a227e6da2 sp=0x00000029e95fe1e8 mode 2
Event: 23.920 Thread 0x0000014a774c2bb0 Uncommon trap: trap_request=0xffffff45 fr.pc=0x0000014a23151df0 relative=0x0000000000000ab0
Event: 23.920 Thread 0x0000014a774c2bb0 Uncommon trap: reason=unstable_if action=reinterpret pc=0x0000014a23151df0 method=org.eclipse.jdt.internal.compiler.parser.Scanner.getNextToken0()Lorg/eclipse/jdt/internal/compiler/parser/TerminalToken; @ 1225 c2
Event: 23.920 Thread 0x0000014a774c2bb0 DEOPT PACKING pc=0x0000014a23151df0 sp=0x00000029e95fddb0
Event: 23.920 Thread 0x0000014a774c2bb0 DEOPT UNPACKING pc=0x0000014a227e6da2 sp=0x00000029e95fdce8 mode 2
Event: 23.927 Thread 0x0000014a774c2bb0 Uncommon trap: trap_request=0xffffff45 fr.pc=0x0000014a2318e3e8 relative=0x00000000000001a8
Event: 23.927 Thread 0x0000014a774c2bb0 Uncommon trap: reason=unstable_if action=reinterpret pc=0x0000014a2318e3e8 method=org.eclipse.jdt.core.dom.DefaultCommentMapper.getLineNumber(I[I)I @ 19 c2
Event: 23.927 Thread 0x0000014a774c2bb0 DEOPT PACKING pc=0x0000014a2318e3e8 sp=0x00000029e95fd980
Event: 23.927 Thread 0x0000014a774c2bb0 DEOPT UNPACKING pc=0x0000014a227e6da2 sp=0x00000029e95fd8f0 mode 2

Classes loaded (20 events):
Event: 14.629 Loading class java/util/stream/ReferencePipeline$4
Event: 14.629 Loading class java/util/stream/ReferencePipeline$4 done
Event: 14.630 Loading class java/util/stream/Nodes$IntFixedNodeBuilder
Event: 14.630 Loading class java/util/stream/Node$Builder$OfInt
Event: 14.630 Loading class java/util/stream/Node$Builder$OfInt done
Event: 14.630 Loading class java/util/stream/Nodes$IntArrayNode
Event: 14.631 Loading class java/util/stream/Nodes$IntArrayNode done
Event: 14.631 Loading class java/util/stream/Nodes$IntFixedNodeBuilder done
Event: 14.631 Loading class java/util/stream/ReferencePipeline$4$1
Event: 14.631 Loading class java/util/stream/ReferencePipeline$4$1 done
Event: 14.775 Loading class java/util/concurrent/CompletableFuture$Signaller
Event: 14.776 Loading class java/util/concurrent/CompletableFuture$Signaller done
Event: 14.873 Loading class jdk/internal/event/ThreadSleepEvent
Event: 14.873 Loading class jdk/internal/event/ThreadSleepEvent done
Event: 15.279 Loading class sun/reflect/misc/ReflectUtil
Event: 15.279 Loading class sun/reflect/misc/ReflectUtil done
Event: 15.374 Loading class java/util/concurrent/ConcurrentHashMap$TreeNode
Event: 15.374 Loading class java/util/concurrent/ConcurrentHashMap$TreeNode done
Event: 15.374 Loading class java/util/concurrent/ConcurrentHashMap$TreeBin
Event: 15.374 Loading class java/util/concurrent/ConcurrentHashMap$TreeBin done

Classes unloaded (20 events):
Event: 13.442 Thread 0x0000014a18004490 Unloading class 0x0000014a30389800 'java/lang/invoke/LambdaForm$MH+0x0000014a30389800'
Event: 13.442 Thread 0x0000014a18004490 Unloading class 0x0000014a30389000 'java/lang/invoke/LambdaForm$MH+0x0000014a30389000'
Event: 13.442 Thread 0x0000014a18004490 Unloading class 0x0000014a30388c00 'java/lang/invoke/LambdaForm$MH+0x0000014a30388c00'
Event: 13.442 Thread 0x0000014a18004490 Unloading class 0x0000014a30388400 'java/lang/invoke/LambdaForm$MH+0x0000014a30388400'
Event: 13.442 Thread 0x0000014a18004490 Unloading class 0x0000014a30388800 'java/lang/invoke/LambdaForm$MH+0x0000014a30388800'
Event: 13.442 Thread 0x0000014a18004490 Unloading class 0x0000014a30388000 'java/lang/invoke/LambdaForm$MH+0x0000014a30388000'
Event: 13.442 Thread 0x0000014a18004490 Unloading class 0x0000014a30387c00 'java/lang/invoke/LambdaForm$MH+0x0000014a30387c00'
Event: 13.442 Thread 0x0000014a18004490 Unloading class 0x0000014a30387800 'java/lang/invoke/LambdaForm$MH+0x0000014a30387800'
Event: 13.442 Thread 0x0000014a18004490 Unloading class 0x0000014a30387400 'java/lang/invoke/LambdaForm$MH+0x0000014a30387400'
Event: 13.442 Thread 0x0000014a18004490 Unloading class 0x0000014a30386c00 'java/lang/invoke/LambdaForm$MH+0x0000014a30386c00'
Event: 13.442 Thread 0x0000014a18004490 Unloading class 0x0000014a30387000 'java/lang/invoke/LambdaForm$MH+0x0000014a30387000'
Event: 13.442 Thread 0x0000014a18004490 Unloading class 0x0000014a30386800 'java/lang/invoke/LambdaForm$MH+0x0000014a30386800'
Event: 13.442 Thread 0x0000014a18004490 Unloading class 0x0000014a30386400 'java/lang/invoke/LambdaForm$MH+0x0000014a30386400'
Event: 13.442 Thread 0x0000014a18004490 Unloading class 0x0000014a30386000 'java/lang/invoke/LambdaForm$MH+0x0000014a30386000'
Event: 13.442 Thread 0x0000014a18004490 Unloading class 0x0000014a30385c00 'java/lang/invoke/LambdaForm$MH+0x0000014a30385c00'
Event: 13.442 Thread 0x0000014a18004490 Unloading class 0x0000014a30385800 'java/lang/invoke/LambdaForm$MH+0x0000014a30385800'
Event: 13.442 Thread 0x0000014a18004490 Unloading class 0x0000014a30385400 'java/lang/invoke/LambdaForm$MH+0x0000014a30385400'
Event: 13.442 Thread 0x0000014a18004490 Unloading class 0x0000014a30385000 'java/lang/invoke/LambdaForm$MH+0x0000014a30385000'
Event: 13.442 Thread 0x0000014a18004490 Unloading class 0x0000014a30384c00 'java/lang/invoke/LambdaForm$MH+0x0000014a30384c00'
Event: 13.442 Thread 0x0000014a18004490 Unloading class 0x0000014a30384800 'java/lang/invoke/LambdaForm$MH+0x0000014a30384800'

Classes redefined (0 events):
No events

Internal exceptions (20 events):
Event: 14.240 Thread 0x0000014a774c1e90 Exception <a 'java/lang/NoSuchMethodError'{0x00000000d60532c8}: 'int java.lang.invoke.DirectMethodHandle$Holder.invokeInterface(java.lang.Object, java.lang.Object)'> (0x00000000d60532c8) 
thrown [s\src\hotspot\share\interpreter\linkResolver.cpp, line 773]
Event: 14.240 Thread 0x0000014a774c1e90 Exception <a 'java/lang/IncompatibleClassChangeError'{0x00000000d60567e0}: Found class java.lang.Object, but interface was expected> (0x00000000d60567e0) 
thrown [s\src\hotspot\share\interpreter\linkResolver.cpp, line 840]
Event: 14.307 Thread 0x0000014a774c1e90 Exception <a 'java/lang/NoSuchMethodError'{0x00000000d636e690}: 'int java.lang.invoke.DirectMethodHandle$Holder.invokeSpecialIFC(java.lang.Object, java.lang.Object, java.lang.Object)'> (0x00000000d636e690) 
thrown [s\src\hotspot\share\interpreter\linkResolver.cpp, line 773]
Event: 14.343 Thread 0x0000014a774c1e90 Exception <a 'java/io/FileNotFoundException'{0x00000000d64ab8c0}> (0x00000000d64ab8c0) 
thrown [s\src\hotspot\share\prims\jni.cpp, line 520]
Event: 14.344 Thread 0x0000014a774c1e90 Exception <a 'java/io/FileNotFoundException'{0x00000000d64acb70}> (0x00000000d64acb70) 
thrown [s\src\hotspot\share\prims\jni.cpp, line 520]
Event: 14.371 Thread 0x0000014a774c1e90 Implicit null exception at 0x0000014a22fe6e7c to 0x0000014a22fe8a50
Event: 14.662 Thread 0x0000014a774bb590 Exception <a 'java/lang/NoSuchMethodError'{0x00000000d55da598}: 'java.lang.Object java.lang.invoke.DirectMethodHandle$Holder.invokeSpecial(java.lang.Object, java.lang.Object, int, long)'> (0x00000000d55da598) 
thrown [s\src\hotspot\share\interpreter\linkResolver.cpp, line 773]
Event: 14.678 Thread 0x0000014a774c2bb0 Exception <a 'java/lang/ArrayIndexOutOfBoundsException'{0x00000000d5930d00}> (0x00000000d5930d00) 
thrown [s\src\hotspot\share\runtime\sharedRuntime.cpp, line 625]
Event: 14.774 Thread 0x0000014a774bd660 Exception <a 'java/lang/IncompatibleClassChangeError'{0x00000000d5f124b0}: Found class java.lang.Object, but interface was expected> (0x00000000d5f124b0) 
thrown [s\src\hotspot\share\interpreter\linkResolver.cpp, line 840]
Event: 14.840 Thread 0x0000014a774c2bb0 Exception <a 'java/lang/ArrayIndexOutOfBoundsException'{0x00000000d5bbde70}: Index 4123 out of bounds for length 4123> (0x00000000d5bbde70) 
thrown [s\src\hotspot\share\interpreter\interpreterRuntime.cpp, line 439]
Event: 15.548 Thread 0x0000014a774c2bb0 Exception <a 'java/lang/ArrayIndexOutOfBoundsException'{0x00000000d57b2a98}> (0x00000000d57b2a98) 
thrown [s\src\hotspot\share\runtime\sharedRuntime.cpp, line 625]
Event: 15.990 Thread 0x0000014a767b9510 Exception <a 'java/io/FileNotFoundException'{0x00000000d5a54340}> (0x00000000d5a54340) 
thrown [s\src\hotspot\share\prims\jni.cpp, line 520]
Event: 15.991 Thread 0x0000014a767b9510 Exception <a 'java/io/FileNotFoundException'{0x00000000d5a55588}> (0x00000000d5a55588) 
thrown [s\src\hotspot\share\prims\jni.cpp, line 520]
Event: 15.991 Thread 0x0000014a767b9510 Exception <a 'java/io/FileNotFoundException'{0x00000000d5a56538}> (0x00000000d5a56538) 
thrown [s\src\hotspot\share\prims\jni.cpp, line 520]
Event: 20.111 Thread 0x0000014a774c2bb0 Exception <a 'java/lang/NoSuchMethodError'{0x00000000d58f26f0}: 'java.lang.Object java.lang.invoke.DirectMethodHandle$Holder.invokeStatic(java.lang.Object, int, java.lang.Object)'> (0x00000000d58f26f0) 
thrown [s\src\hotspot\share\interpreter\linkResolver.cpp, line 773]
Event: 21.382 Thread 0x0000014a774c2bb0 Exception <a 'java/lang/ArrayIndexOutOfBoundsException'{0x00000000d607add0}: Index 4121 out of bounds for length 4120> (0x00000000d607add0) 
thrown [s\src\hotspot\share\interpreter\interpreterRuntime.cpp, line 439]
Event: 21.797 Thread 0x0000014a774c2bb0 Exception <a 'java/lang/ArrayIndexOutOfBoundsException'{0x00000000d58bb6a0}: Index 4120 out of bounds for length 4120> (0x00000000d58bb6a0) 
thrown [s\src\hotspot\share\interpreter\interpreterRuntime.cpp, line 439]
Event: 21.797 Thread 0x0000014a774c2bb0 Exception <a 'java/lang/ArrayIndexOutOfBoundsException'{0x00000000d58bba18}: Index 4120 out of bounds for length 4120> (0x00000000d58bba18) 
thrown [s\src\hotspot\share\interpreter\interpreterRuntime.cpp, line 439]
Event: 21.797 Thread 0x0000014a774c2bb0 Exception <a 'java/lang/ArrayIndexOutOfBoundsException'{0x00000000d58bbd90}: Index 4121 out of bounds for length 4120> (0x00000000d58bbd90) 
thrown [s\src\hotspot\share\interpreter\interpreterRuntime.cpp, line 439]
Event: 21.961 Thread 0x0000014a774bd660 Exception <a 'java/lang/IncompatibleClassChangeError'{0x00000000d5d3c698}: Found class java.lang.Object, but interface was expected> (0x00000000d5d3c698) 
thrown [s\src\hotspot\share\interpreter\linkResolver.cpp, line 840]

ZGC Phase Switch (0 events):
No events

VM Operations (20 events):
Event: 16.686 Executing VM operation: HandshakeAllThreads (Deoptimize)
Event: 16.686 Executing VM operation: HandshakeAllThreads (Deoptimize) done
Event: 16.692 Executing VM operation: HandshakeAllThreads (Deoptimize)
Event: 16.692 Executing VM operation: HandshakeAllThreads (Deoptimize) done
Event: 17.699 Executing VM operation: Cleanup
Event: 17.699 Executing VM operation: Cleanup done
Event: 18.062 Executing VM operation: ParallelGCFailedAllocation (Allocation Failure)
Event: 18.064 Executing VM operation: ParallelGCFailedAllocation (Allocation Failure) done
Event: 19.067 Executing VM operation: Cleanup
Event: 19.067 Executing VM operation: Cleanup done
Event: 21.082 Executing VM operation: Cleanup
Event: 21.083 Executing VM operation: Cleanup done
Event: 21.503 Executing VM operation: ParallelGCFailedAllocation (Allocation Failure)
Event: 21.504 Executing VM operation: ParallelGCFailedAllocation (Allocation Failure) done
Event: 22.102 Executing VM operation: ParallelGCFailedAllocation (Allocation Failure)
Event: 22.105 Executing VM operation: ParallelGCFailedAllocation (Allocation Failure) done
Event: 23.116 Executing VM operation: Cleanup
Event: 23.116 Executing VM operation: Cleanup done
Event: 23.931 Executing VM operation: ParallelGCFailedAllocation (Allocation Failure)
Event: 23.932 Executing VM operation: ParallelGCFailedAllocation (Allocation Failure) done

Memory protections (0 events):
No events

Nmethod flushes (20 events):
Event: 13.455 Thread 0x0000014a18004490 flushing  nmethod 0x0000014a1b5a3010
Event: 13.455 Thread 0x0000014a18004490 flushing  nmethod 0x0000014a1b5a3310
Event: 13.455 Thread 0x0000014a18004490 flushing  nmethod 0x0000014a1b5b8a10
Event: 13.455 Thread 0x0000014a18004490 flushing  nmethod 0x0000014a1b5be110
Event: 13.455 Thread 0x0000014a18004490 flushing  nmethod 0x0000014a1b5bec10
Event: 13.455 Thread 0x0000014a18004490 flushing  nmethod 0x0000014a1b62c690
Event: 13.455 Thread 0x0000014a18004490 flushing  nmethod 0x0000014a1b672090
Event: 13.455 Thread 0x0000014a18004490 flushing  nmethod 0x0000014a1b674f90
Event: 13.455 Thread 0x0000014a18004490 flushing  nmethod 0x0000014a1b6abe10
Event: 13.455 Thread 0x0000014a18004490 flushing  nmethod 0x0000014a1b6ac810
Event: 13.455 Thread 0x0000014a18004490 flushing  nmethod 0x0000014a1b6b2590
Event: 13.455 Thread 0x0000014a18004490 flushing  nmethod 0x0000014a1b6ca910
Event: 13.455 Thread 0x0000014a18004490 flushing  nmethod 0x0000014a1b6cfe90
Event: 13.455 Thread 0x0000014a18004490 flushing  nmethod 0x0000014a1b6d2510
Event: 13.455 Thread 0x0000014a18004490 flushing  nmethod 0x0000014a1b6d2d10
Event: 13.455 Thread 0x0000014a18004490 flushing  nmethod 0x0000014a1b6d3090
Event: 13.455 Thread 0x0000014a18004490 flushing  nmethod 0x0000014a1b6d3910
Event: 13.455 Thread 0x0000014a18004490 flushing  nmethod 0x0000014a1b6fbb10
Event: 13.455 Thread 0x0000014a18004490 flushing  nmethod 0x0000014a1b720990
Event: 13.455 Thread 0x0000014a18004490 flushing  nmethod 0x0000014a1b746a10

Events (20 events):
Event: 12.837 Thread 0x0000014a719cdd00 Thread added: 0x0000014a772377d0
Event: 14.617 Thread 0x0000014a772377d0 Thread exited: 0x0000014a772377d0
Event: 15.945 Thread 0x0000014a76dce4f0 Thread exited: 0x0000014a76dce4f0
Event: 15.952 Thread 0x0000014a719ade00 Thread added: 0x0000014a7905fc60
Event: 15.959 Thread 0x0000014a719cdd00 Thread added: 0x0000014a79060a00
Event: 16.678 Thread 0x0000014a79060a00 Thread exited: 0x0000014a79060a00
Event: 16.911 Thread 0x0000014a7905fc60 Thread exited: 0x0000014a7905fc60
Event: 18.059 Thread 0x0000014a719cdd00 Thread added: 0x0000014a79060330
Event: 18.068 Thread 0x0000014a719ade00 Thread added: 0x0000014a7905f590
Event: 20.095 Thread 0x0000014a7905f590 Thread exited: 0x0000014a7905f590
Event: 20.096 Thread 0x0000014a79060330 Thread exited: 0x0000014a79060330
Event: 20.840 Thread 0x0000014a719cdd00 Thread added: 0x0000014a7905f590
Event: 21.072 Thread 0x0000014a7905f590 Thread exited: 0x0000014a7905f590
Event: 21.196 Thread 0x0000014a719cdd00 Thread added: 0x0000014a79062540
Event: 21.502 Thread 0x0000014a79062540 Thread exited: 0x0000014a79062540
Event: 21.506 Thread 0x0000014a719cdd00 Thread added: 0x0000014a79062540
Event: 21.628 Thread 0x0000014a79062540 Thread exited: 0x0000014a79062540
Event: 21.727 Thread 0x0000014a719cdd00 Thread added: 0x0000014a79060a00
Event: 23.894 Thread 0x0000014a79060a00 Thread exited: 0x0000014a79060a00
Event: 23.919 Thread 0x0000014a719cdd00 Thread added: 0x0000014a79060a00


Dynamic libraries:
0x00007ff7d1870000 - 0x00007ff7d187e000 	c:\Users\hungk\.vscode\extensions\redhat.java-1.46.0-win32-x64\jre\21.0.8-win32-x86_64\bin\java.exe
0x00007ffc31140000 - 0x00007ffc313a3000 	C:\WINDOWS\SYSTEM32\ntdll.dll
0x00007ffc2ffb0000 - 0x00007ffc30078000 	C:\WINDOWS\System32\KERNEL32.DLL
0x00007ffc2e510000 - 0x00007ffc2e8c2000 	C:\WINDOWS\System32\KERNELBASE.dll
0x00007ffc2ebc0000 - 0x00007ffc2ed0b000 	C:\WINDOWS\System32\ucrtbase.dll
0x00007ffc13430000 - 0x00007ffc13448000 	c:\Users\hungk\.vscode\extensions\redhat.java-1.46.0-win32-x64\jre\21.0.8-win32-x86_64\bin\jli.dll
0x00007ffc123c0000 - 0x00007ffc123de000 	c:\Users\hungk\.vscode\extensions\redhat.java-1.46.0-win32-x64\jre\21.0.8-win32-x86_64\bin\VCRUNTIME140.dll
0x00007ffc2f540000 - 0x00007ffc2f708000 	C:\WINDOWS\System32\USER32.dll
0x00007ffc14af0000 - 0x00007ffc14d80000 	C:\WINDOWS\WinSxS\amd64_microsoft.windows.common-controls_6595b64144ccf1df_6.0.26100.2454_none_3e0b68a2e331ad60\COMCTL32.dll
0x00007ffc2e960000 - 0x00007ffc2e987000 	C:\WINDOWS\System32\win32u.dll
0x00007ffc2fe40000 - 0x00007ffc2fee9000 	C:\WINDOWS\System32\msvcrt.dll
0x00007ffc2efe0000 - 0x00007ffc2f00a000 	C:\WINDOWS\System32\GDI32.dll
0x00007ffc2ee70000 - 0x00007ffc2ef9b000 	C:\WINDOWS\System32\gdi32full.dll
0x00007ffc2e990000 - 0x00007ffc2ea33000 	C:\WINDOWS\System32\msvcp_win.dll
0x00007ffc2f500000 - 0x00007ffc2f52f000 	C:\WINDOWS\System32\IMM32.DLL
0x00007ffc25380000 - 0x00007ffc2538c000 	c:\Users\hungk\.vscode\extensions\redhat.java-1.46.0-win32-x64\jre\21.0.8-win32-x86_64\bin\vcruntime140_1.dll
0x00007ffbf19e0000 - 0x00007ffbf1a6d000 	c:\Users\hungk\.vscode\extensions\redhat.java-1.46.0-win32-x64\jre\21.0.8-win32-x86_64\bin\msvcp140.dll
0x00007ffbb5830000 - 0x00007ffbb65c7000 	c:\Users\hungk\.vscode\extensions\redhat.java-1.46.0-win32-x64\jre\21.0.8-win32-x86_64\bin\server\jvm.dll
0x00007ffc2fef0000 - 0x00007ffc2ffa4000 	C:\WINDOWS\System32\ADVAPI32.dll
0x00007ffc304a0000 - 0x00007ffc30546000 	C:\WINDOWS\System32\sechost.dll
0x00007ffc30980000 - 0x00007ffc30a96000 	C:\WINDOWS\System32\RPCRT4.dll
0x00007ffc30150000 - 0x00007ffc301c4000 	C:\WINDOWS\System32\WS2_32.dll
0x00007ffc2d1e0000 - 0x00007ffc2d22e000 	C:\WINDOWS\SYSTEM32\POWRPROF.dll
0x00007ffc1fa60000 - 0x00007ffc1fa96000 	C:\WINDOWS\SYSTEM32\WINMM.dll
0x00007ffc23250000 - 0x00007ffc2325b000 	C:\WINDOWS\SYSTEM32\VERSION.dll
0x00007ffc2d1c0000 - 0x00007ffc2d1d4000 	C:\WINDOWS\SYSTEM32\UMPDC.dll
0x00007ffc2d460000 - 0x00007ffc2d47a000 	C:\WINDOWS\SYSTEM32\kernel.appcore.dll
0x00007ffc21730000 - 0x00007ffc2173a000 	c:\Users\hungk\.vscode\extensions\redhat.java-1.46.0-win32-x64\jre\21.0.8-win32-x86_64\bin\jimage.dll
0x00007ffc2bcb0000 - 0x00007ffc2bef1000 	C:\WINDOWS\SYSTEM32\DBGHELP.DLL
0x00007ffc2f010000 - 0x00007ffc2f38e000 	C:\WINDOWS\System32\combase.dll
0x00007ffc2f420000 - 0x00007ffc2f4f6000 	C:\WINDOWS\System32\OLEAUT32.dll
0x00007ffc119b0000 - 0x00007ffc119e9000 	C:\WINDOWS\SYSTEM32\dbgcore.DLL
0x00007ffc2ed10000 - 0x00007ffc2eda9000 	C:\WINDOWS\System32\bcryptPrimitives.dll
0x00007ffc19310000 - 0x00007ffc1931f000 	c:\Users\hungk\.vscode\extensions\redhat.java-1.46.0-win32-x64\jre\21.0.8-win32-x86_64\bin\instrument.dll
0x00007ffc11fa0000 - 0x00007ffc11fbf000 	c:\Users\hungk\.vscode\extensions\redhat.java-1.46.0-win32-x64\jre\21.0.8-win32-x86_64\bin\java.dll
0x00007ffc2f720000 - 0x00007ffc2fe20000 	C:\WINDOWS\System32\SHELL32.dll
0x00007ffc2c260000 - 0x00007ffc2ca91000 	C:\WINDOWS\SYSTEM32\windows.storage.dll
0x00007ffc30b90000 - 0x00007ffc30c6a000 	C:\WINDOWS\System32\SHCORE.dll
0x00007ffc30920000 - 0x00007ffc3097d000 	C:\WINDOWS\System32\shlwapi.dll
0x00007ffc2e420000 - 0x00007ffc2e44e000 	C:\WINDOWS\SYSTEM32\profapi.dll
0x00007ffc123a0000 - 0x00007ffc123b8000 	c:\Users\hungk\.vscode\extensions\redhat.java-1.46.0-win32-x64\jre\21.0.8-win32-x86_64\bin\zip.dll
0x00007ffc19e40000 - 0x00007ffc19e50000 	C:\Users\hungk\.vscode\extensions\redhat.java-1.46.0-win32-x64\jre\21.0.8-win32-x86_64\bin\net.dll
0x00007ffc270a0000 - 0x00007ffc271c6000 	C:\WINDOWS\SYSTEM32\WINHTTP.dll
0x00007ffc2d960000 - 0x00007ffc2d9c8000 	C:\WINDOWS\system32\mswsock.dll
0x00007ffc11fe0000 - 0x00007ffc11ff6000 	C:\Users\hungk\.vscode\extensions\redhat.java-1.46.0-win32-x64\jre\21.0.8-win32-x86_64\bin\nio.dll
0x00007ffc178d0000 - 0x00007ffc178e0000 	c:\Users\hungk\.vscode\extensions\redhat.java-1.46.0-win32-x64\jre\21.0.8-win32-x86_64\bin\verify.dll
0x00007ffbfd3a0000 - 0x00007ffbfd3e4000 	C:\Users\hungk\AppData\Roaming\Code\User\globalStorage\redhat.java\1.46.0\config_ss_win\org.eclipse.equinox.launcher\org.eclipse.equinox.launcher.win32.win32.x86_64_1.2.1400.v20250801-0854\eclipse_11916.dll
0x00007ffc30550000 - 0x00007ffc306e9000 	C:\WINDOWS\System32\ole32.dll
0x00007ffc2dc00000 - 0x00007ffc2dc1c000 	C:\WINDOWS\SYSTEM32\CRYPTSP.dll
0x00007ffc2d3c0000 - 0x00007ffc2d3f8000 	C:\WINDOWS\system32\rsaenh.dll
0x00007ffc2da00000 - 0x00007ffc2da2b000 	C:\WINDOWS\SYSTEM32\USERENV.dll
0x00007ffc2de40000 - 0x00007ffc2de66000 	C:\WINDOWS\SYSTEM32\bcrypt.dll
0x00007ffc2dc20000 - 0x00007ffc2dc2c000 	C:\WINDOWS\SYSTEM32\CRYPTBASE.dll
0x00007ffc2cf60000 - 0x00007ffc2cf92000 	C:\WINDOWS\SYSTEM32\IPHLPAPI.DLL
0x00007ffc2fe30000 - 0x00007ffc2fe3a000 	C:\WINDOWS\System32\NSI.dll
0x00007ffbec8d0000 - 0x00007ffbec919000 	C:\Users\hungk\AppData\Local\Temp\jna-99640741\jna7467501785056182945.dll
0x00007ffc30b80000 - 0x00007ffc30b88000 	C:\WINDOWS\System32\PSAPI.DLL
0x00007ffc273e0000 - 0x00007ffc273fe000 	C:\WINDOWS\SYSTEM32\dhcpcsvc6.DLL
0x00007ffc27320000 - 0x00007ffc27345000 	C:\WINDOWS\SYSTEM32\dhcpcsvc.DLL

JVMTI agents:
c:\Users\hungk\.vscode\extensions\redhat.java-1.46.0-win32-x64\lombok\lombok-1.18.39-4050.jar path:c:\Users\hungk\.vscode\extensions\redhat.java-1.46.0-win32-x64\jre\21.0.8-win32-x86_64\bin\instrument.dll, loaded, initialized, instrumentlib options:none

dbghelp: loaded successfully - version: 4.0.5 - missing functions: none
symbol engine: initialized successfully - sym options: 0x614 - pdb path: .;c:\Users\hungk\.vscode\extensions\redhat.java-1.46.0-win32-x64\jre\21.0.8-win32-x86_64\bin;C:\WINDOWS\SYSTEM32;C:\WINDOWS\WinSxS\amd64_microsoft.windows.common-controls_6595b64144ccf1df_6.0.26100.2454_none_3e0b68a2e331ad60;c:\Users\hungk\.vscode\extensions\redhat.java-1.46.0-win32-x64\jre\21.0.8-win32-x86_64\bin\server;C:\Users\hungk\AppData\Roaming\Code\User\globalStorage\redhat.java\1.46.0\config_ss_win\org.eclipse.equinox.launcher\org.eclipse.equinox.launcher.win32.win32.x86_64_1.2.1400.v20250801-0854;C:\Users\hungk\AppData\Local\Temp\jna-99640741

VM Arguments:
jvm_args: --add-modules=ALL-SYSTEM --add-opens=java.base/java.util=ALL-UNNAMED --add-opens=java.base/java.lang=ALL-UNNAMED --add-opens=java.base/sun.nio.fs=ALL-UNNAMED -Declipse.application=org.eclipse.jdt.ls.core.id1 -Dosgi.bundles.defaultStartLevel=4 -Declipse.product=org.eclipse.jdt.ls.core.product -Djava.import.generatesMetadataFilesAtProjectRoot=false -DDetectVMInstallationsJob.disabled=true -Dfile.encoding=utf8 -XX:+UseParallelGC -XX:GCTimeRatio=4 -XX:AdaptiveSizePolicyWeight=90 -Dsun.zip.disableMemoryMapping=true -Xmx2G -Xms100m -Xlog:disable -javaagent:c:\Users\hungk\.vscode\extensions\redhat.java-1.46.0-win32-x64\lombok\lombok-1.18.39-4050.jar 
java_command: c:\Users\hungk\.vscode\extensions\redhat.java-1.46.0-win32-x64\server\plugins\org.eclipse.equinox.launcher_1.7.0.v20250519-0528.jar -configuration c:\Users\hungk\AppData\Roaming\Code\User\globalStorage\redhat.java\1.46.0\config_ss_win -data c:\Users\hungk\AppData\Roaming\Code\User\workspaceStorage\c1ea95a410cbd50c8eb2bc13e37241c0\redhat.java\ss_ws --pipe=\\.\pipe\lsp-805f787596ca7a511c08399b4b688fac-sock
java_class_path (initial): c:\Users\hungk\.vscode\extensions\redhat.java-1.46.0-win32-x64\server\plugins\org.eclipse.equinox.launcher_1.7.0.v20250519-0528.jar
Launcher Type: SUN_STANDARD

[Global flags]
    uintx AdaptiveSizePolicyWeight                 = 90                                        {product} {command line}
     intx CICompilerCount                          = 4                                         {product} {ergonomic}
    uintx GCTimeRatio                              = 4                                         {product} {command line}
   size_t InitialHeapSize                          = 104857600                                 {product} {command line}
   size_t MaxHeapSize                              = 2147483648                                {product} {command line}
   size_t MaxNewSize                               = 715653120                                 {product} {ergonomic}
   size_t MinHeapDeltaBytes                        = 524288                                    {product} {ergonomic}
   size_t MinHeapSize                              = 104857600                                 {product} {command line}
   size_t NewSize                                  = 34603008                                  {product} {ergonomic}
    uintx NonNMethodCodeHeapSize                   = 5839372                                {pd product} {ergonomic}
    uintx NonProfiledCodeHeapSize                  = 122909434                              {pd product} {ergonomic}
   size_t OldSize                                  = 70254592                                  {product} {ergonomic}
    uintx ProfiledCodeHeapSize                     = 122909434                              {pd product} {ergonomic}
    uintx ReservedCodeCacheSize                    = 251658240                              {pd product} {ergonomic}
     bool SegmentedCodeCache                       = true                                      {product} {ergonomic}
   size_t SoftMaxHeapSize                          = 2147483648                             {manageable} {ergonomic}
     bool UseCompressedOops                        = true                           {product lp64_product} {ergonomic}
     bool UseLargePagesIndividualAllocation        = false                                  {pd product} {ergonomic}
     bool UseParallelGC                            = true                                      {product} {command line}

Logging:
Log output configuration:
 #0: stdout all=off uptime,level,tags foldmultilines=false
 #1: stderr all=off uptime,level,tags foldmultilines=false

Environment Variables:
PATH=C:\Program Files (x86)\VMware\VMware Workstation\bin\;C:\Program Files\Common Files\Oracle\Java\javapath;C:\Windows\system32;C:\Windows;C:\Windows\System32\Wbem;C:\Windows\System32\WindowsPowerShell\v1.0\;C:\Windows\System32\OpenSSH\;C:\Program Files (x86)\NVIDIA Corporation\PhysX\Common;C:\Program Files\NVIDIA Corporation\NVIDIA NvDLISR;C:\Program Files\Microsoft SQL Server\150\Tools\Binn\;C:\Program Files\Microsoft SQL Server\Client SDK\ODBC\170\Tools\Binn\;C:\Program Files\dotnet\;C:\Program Files (x86)\Microsoft SQL Server\160\Tools\Binn\;C:\Program Files\Microsoft SQL Server\160\Tools\Binn\;C:\Program Files\Microsoft SQL Server\160\DTS\Binn\;C:\Program Files (x86)\Microsoft SQL Server\160\DTS\Binn\;C:\WINDOWS\system32;C:\WINDOWS;C:\WINDOWS\System32\Wbem;C:\WINDOWS\System32\WindowsPowerShell\v1.0\;C:\WINDOWS\System32\OpenSSH\;C:\Program Files\nodejs\;C:\Program Files\Git\cmd;C:\Program Files\Cloudflare\Cloudflare WARP\;C:\Program Files\Docker\Docker\resources\bin;C:\xampp\php;C:\src\flutter_windows_3.29.2-stable\flutter\bin;D:\DOAN_chuyen_de_mobile\backend\apache-maven-3.9.11-bin\apache-maven-3.9.11\bin;C:\Users\hungk\AppData\Local\Programs\Python\Launcher\;C:\Users\hungk\AppData\Local\Microsoft\WindowsApps;C:\Users\hungk\.dotnet\tools;C:\Users\hungk\AppData\Local\Programs\Microsoft VS Code\bin;C:\Users\hungk\AppData\Roaming\npm;C:\Users\hungk\AppData\Local\Pub\Cache\bin;C:\Users\hungk\AppData\Local\Programs\DDN_CLI;C:\Users\hungk\AppData\Local\Android\Sdk\platform-tools;C:\Program Files\heroku\bin;
USERNAME=hungk
OS=Windows_NT
PROCESSOR_IDENTIFIER=Intel64 Family 6 Model 141 Stepping 1, GenuineIntel
TMP=C:\Users\hungk\AppData\Local\Temp
TEMP=C:\Users\hungk\AppData\Local\Temp




Periodic native trim disabled

---------------  S Y S T E M  ---------------

OS:
 Windows 11 , 64 bit Build 26100 (10.0.26100.2454)
OS uptime: 0 days 18:31 hours

CPU: total 12 (initial active 12) (6 cores per cpu, 2 threads per core) family 6 model 141 stepping 1 microcode 0x50, cx8, cmov, fxsr, ht, mmx, 3dnowpref, sse, sse2, sse3, ssse3, sse4.1, sse4.2, popcnt, lzcnt, tsc, tscinvbit, avx, avx2, aes, erms, clmul, bmi1, bmi2, adx, avx512f, avx512dq, avx512cd, avx512bw, avx512vl, sha, fma, vzeroupper, avx512_vpopcntdq, avx512_vpclmulqdq, avx512_vaes, avx512_vnni, clflush, clflushopt, clwb, avx512_vbmi2, avx512_vbmi, rdtscp, rdpid, fsrm, gfni, avx512_bitalg, f16c, pku, cet_ibt, cet_ss, avx512_ifma
Processor Information for the first 12 processors :
  Max Mhz: 2688, Current Mhz: 2688, Mhz Limit: 2688

Memory: 4k page, system-wide physical 7929M (906M free)
TotalPageFile size 20217M (AvailPageFile size 16M)
current process WorkingSet (physical memory assigned to process): 219M, peak: 250M
current process commit charge ("private bytes"): 323M, peak: 356M

vm_info: OpenJDK 64-Bit Server VM (21.0.8+9-LTS) for windows-amd64 JRE (21.0.8+9-LTS), built on 2025-07-15T00:00:00Z by "admin" with MS VC++ 17.7 (VS2022)

END.
