#
# There is insufficient memory for the Java Runtime Environment to continue.
# Native memory allocation (malloc) failed to allocate 1363856 bytes. Error detail: Chunk::new
# Possible reasons:
#   The system is out of physical RAM or swap space
#   This process is running with CompressedOops enabled, and the Java Heap may be blocking the growth of the native heap
# Possible solutions:
#   Reduce memory load on the system
#   Increase physical memory or swap space
#   Check if swap backing store is full
#   Decrease Java heap size (-Xmx/-Xms)
#   Decrease number of Java threads
#   Decrease Java thread stack sizes (-Xss)
#   Set larger code cache with -XX:ReservedCodeCacheSize=
#   JVM is running with Zero Based Compressed Oops mode in which the Java heap is
#     placed in the first 32GB address space. The Java Heap base address is the
#     maximum limit for the native heap growth. Please use -XX:HeapBaseMinAddress
#     to set the Java Heap base and to place the Java Heap above 32GB virtual address.
# This output file may be truncated or incomplete.
#
#  Out of Memory Error (arena.cpp:150), pid=11096, tid=20980
#
# JRE version: Java(TM) SE Runtime Environment (22.0+36) (build 22+36-2370)
# Java VM: Java HotSpot(TM) 64-Bit Server VM (22+36-2370, mixed mode, sharing, tiered, compressed oops, compressed class ptrs, g1 gc, windows-amd64)
# No core dump will be written. Minidumps are not enabled by default on client versions of Windows
#

---------------  S U M M A R Y ------------

Command Line: -XX:MaxMetaspaceSize=4G -XX:ReservedCodeCacheSize=512m -XX:+HeapDumpOnOutOfMemoryError --add-opens=java.base/java.util=ALL-UNNAMED --add-opens=java.base/java.lang=ALL-UNNAMED --add-opens=java.base/java.lang.invoke=ALL-UNNAMED --add-opens=java.prefs/java.util.prefs=ALL-UNNAMED --add-exports=jdk.compiler/com.sun.tools.javac.api=ALL-UNNAMED --add-exports=jdk.compiler/com.sun.tools.javac.util=ALL-UNNAMED --add-opens=java.base/java.nio.charset=ALL-UNNAMED --add-opens=java.base/java.net=ALL-UNNAMED --add-opens=java.base/java.util.concurrent.atomic=ALL-UNNAMED -Xmx8G -Dfile.encoding=utf8 -Duser.country=US -Duser.language=en -Duser.variant -javaagent:C:\Users\hungk\.gradle\wrapper\dists\gradle-8.10.2-all\7iv73wktx1xtkvlq19urqw1wm\gradle-8.10.2\lib\agents\gradle-instrumentation-agent-8.10.2.jar org.gradle.launcher.daemon.bootstrap.GradleDaemon 8.10.2

Host: 11th Gen Intel(R) Core(TM) i5-11400H @ 2.70GHz, 12 cores, 7G,  Windows 11 , 64 bit Build 26100 (10.0.26100.2454)
Time: Sat Oct 11 09:06:25 2025 SE Asia Standard Time elapsed time: 31.333777 seconds (0d 0h 0m 31s)

---------------  T H R E A D  ---------------

Current thread (0x000001a139f9ba70):  JavaThread "C2 CompilerThread1" daemon [_thread_in_native, id=20980, stack(0x0000002987800000,0x0000002987900000) (1024K)]


Current CompileTask:
C2:31333 18550   !   4       org.gradle.api.internal.file.FileOrUriNotationConverter::convert (329 bytes)

Stack: [0x0000002987800000,0x0000002987900000]
Native frames: (J=compiled Java code, j=interpreted, Vv=VM code, C=native code)
V  [jvm.dll+0x6e2349]  (no source info available)
V  [jvm.dll+0x874ed3]  (no source info available)
V  [jvm.dll+0x8772fe]  (no source info available)
V  [jvm.dll+0x8779d3]  (no source info available)
V  [jvm.dll+0x27fcb6]  (no source info available)
V  [jvm.dll+0xc3d0f]  (no source info available)
V  [jvm.dll+0xc3f6b]  (no source info available)
V  [jvm.dll+0x3bb022]  (no source info available)
V  [jvm.dll+0x387abb]  (no source info available)
V  [jvm.dll+0x386f2a]  (no source info available)
V  [jvm.dll+0x247908]  (no source info available)
V  [jvm.dll+0x246faf]  (no source info available)
V  [jvm.dll+0x1c4e90]  (no source info available)
V  [jvm.dll+0x25699e]  (no source info available)
V  [jvm.dll+0x254c5a]  (no source info available)
V  [jvm.dll+0x3f5426]  (no source info available)
V  [jvm.dll+0x81d50b]  (no source info available)
V  [jvm.dll+0x6e09e5]  (no source info available)
C  [ucrtbase.dll+0x14ea0]  (no source info available)
C  [KERNEL32.DLL+0x2e8d7]  (no source info available)
C  [ntdll.dll+0xdfbcc]  (no source info available)


---------------  P R O C E S S  ---------------

Threads class SMR info:
_java_thread_list=0x000001a130a73e90, length=194, elements={
0x000001a0ade4a9c0, 0x000001a0e4e11f50, 0x000001a0e4e12bb0, 0x000001a0e4e22780,
0x000001a0e4e27cc0, 0x000001a0e4e29d90, 0x000001a0e4e27630, 0x000001a0e4e370f0,
0x000001a0e4e37ba0, 0x000001a0e4e28350, 0x000001a0e4e26910, 0x000001a0e4e29700,
0x000001a0e4e26fa0, 0x000001a0e4e29070, 0x000001a12c7aec90, 0x000001a12c7b13f0,
0x000001a12c7b0d60, 0x000001a12c7adf70, 0x000001a12c7b1a80, 0x000001a12c7b0040,
0x000001a12c7b27a0, 0x000001a12c7b2110, 0x000001a12c7af9b0, 0x000001a12c7af320,
0x000001a12c7b06d0, 0x000001a12c7b4f00, 0x000001a12c7b41e0, 0x000001a12c7b34c0,
0x000001a12c7b5590, 0x000001a12c7b3b50, 0x000001a12c7b4870, 0x000001a12e7e4170,
0x000001a12e7e2dc0, 0x000001a12e7e6f60, 0x000001a12e7e75f0, 0x000001a12e7e5520,
0x000001a12e7e6240, 0x000001a12e7e4800, 0x000001a12e7e8310, 0x000001a12e7e4e90,
0x000001a12e7e89a0, 0x000001a12e7ea3e0, 0x000001a1301b3db0, 0x000001a1301b6510,
0x000001a1301b3090, 0x000001a1301b7230, 0x000001a1301ba020, 0x000001a1301b6ba0,
0x000001a1301ba6b0, 0x000001a1301b78c0, 0x000001a1301b7f50, 0x000001a1301b85e0,
0x000001a1301b8c70, 0x000001a1301b9300, 0x000001a1301b9990, 0x000001a0e5be2e10,
0x000001a0e5be2780, 0x000001a0e5be34a0, 0x000001a0e5be20f0, 0x000001a0e5be0d40,
0x000001a0e5be13d0, 0x000001a0e5be0020, 0x000001a0e5be06b0, 0x000001a0e5be4ee0,
0x000001a0e5be3b30, 0x000001a0e5be1a60, 0x000001a0e5be6fb0, 0x000001a0e5be6920,
0x000001a0e5be4850, 0x000001a0e5be5570, 0x000001a0e5be6290, 0x000001a0e5be5c00,
0x000001a0e5be7640, 0x000001a0e5be41c0, 0x000001a12cecb380, 0x000001a12cecd450,
0x000001a12cecc0a0, 0x000001a12ced0240, 0x000001a12ced15f0, 0x000001a12cece800,
0x000001a12ced1c80, 0x000001a12ced2310, 0x000001a12ced08d0, 0x000001a12cecee90,
0x000001a12cecf520, 0x000001a12cecfbb0, 0x000001a12e7e3450, 0x000001a0e4e289e0,
0x000001a12dd64df0, 0x000001a12dd65480, 0x000001a12dd65b10, 0x000001a12dd62690,
0x000001a12dd661a0, 0x000001a12dd62d20, 0x000001a12dd66830, 0x000001a12dd63a40,
0x000001a12dd633b0, 0x000001a12dd66ec0, 0x000001a12dd67550, 0x000001a12dd640d0,
0x000001a12dd67be0, 0x000001a12dd64760, 0x000001a12dd68270, 0x000001a12dd68900,
0x000001a12dd68f90, 0x000001a12dd69620, 0x000001a12dd69cb0, 0x000001a12e03f3a0,
0x000001a12e03ed10, 0x000001a12e040750, 0x000001a12e040de0, 0x000001a12e03d960,
0x000001a12e0400c0, 0x000001a12e041470, 0x000001a12e03dff0, 0x000001a12e041b00,
0x000001a12e03fa30, 0x000001a12e03e680, 0x000001a12e043bd0, 0x000001a12e042190,
0x000001a12e044f80, 0x000001a12e043540, 0x000001a12e042820, 0x000001a12e042eb0,
0x000001a12e044260, 0x000001a132de01d0, 0x000001a132ddda70, 0x000001a132ddf4b0,
0x000001a132dde100, 0x000001a132ddcd50, 0x000001a132ddd3e0, 0x000001a13045b1b0,
0x000001a13045ab20, 0x000001a130459e00, 0x000001a130459770, 0x000001a13045d280,
0x000001a13045d910, 0x000001a13045a490, 0x000001a13045e630, 0x000001a13045dfa0,
0x000001a130460700, 0x000001a13045ecc0, 0x000001a13045f350, 0x000001a13045f9e0,
0x000001a132dde790, 0x000001a132ddee20, 0x000001a13109cfc0, 0x000001a13109dce0,
0x000001a13109d650, 0x000001a13109e370, 0x000001a13109ea00, 0x000001a13109b580,
0x000001a13109f090, 0x000001a13109bc10, 0x000001a13109f720, 0x000001a13109c2a0,
0x000001a13109fdb0, 0x000001a13109c930, 0x000001a1310a2510, 0x000001a1310a38c0,
0x000001a1310a3230, 0x000001a1310a17f0, 0x000001a1310a0ad0, 0x000001a1310a1160,
0x000001a1310a0440, 0x000001a1310a2ba0, 0x000001a1310a3f50, 0x000001a1310a1e80,
0x000001a1310a45e0, 0x000001a1310a5300, 0x000001a1310a6020, 0x000001a1310a6d40,
0x000001a1310a5990, 0x000001a1310a66b0, 0x000001a1310a73d0, 0x000001a1310a7a60,
0x000001a1310a80f0, 0x000001a1310a4c70, 0x000001a1310a9b30, 0x000001a1310a8780,
0x000001a1310a8e10, 0x000001a1310a94a0, 0x000001a1310aa1c0, 0x000001a1310aa850,
0x000001a132781d30, 0x000001a132782a50, 0x000001a132784490, 0x000001a132783e00,
0x000001a1327851b0, 0x000001a1327899e0, 0x000001a13278b420, 0x000001a132b30fb0,
0x000001a132b33da0, 0x000001a139f9ba70
}

Java Threads: ( => current thread )
  0x000001a0ade4a9c0 JavaThread "main"                              [_thread_blocked, id=17148, stack(0x00000029fdf00000,0x00000029fe000000) (1024K)]
  0x000001a0e4e11f50 JavaThread "Reference Handler"          daemon [_thread_blocked, id=13176, stack(0x00000029fe700000,0x00000029fe800000) (1024K)]
  0x000001a0e4e12bb0 JavaThread "Finalizer"                  daemon [_thread_blocked, id=14580, stack(0x00000029fe800000,0x00000029fe900000) (1024K)]
  0x000001a0e4e22780 JavaThread "Signal Dispatcher"          daemon [_thread_blocked, id=5904, stack(0x00000029fe900000,0x00000029fea00000) (1024K)]
  0x000001a0e4e27cc0 JavaThread "Attach Listener"            daemon [_thread_blocked, id=19268, stack(0x00000029fea00000,0x00000029feb00000) (1024K)]
  0x000001a0e4e29d90 JavaThread "Service Thread"             daemon [_thread_blocked, id=8504, stack(0x00000029feb00000,0x00000029fec00000) (1024K)]
  0x000001a0e4e27630 JavaThread "Monitor Deflation Thread"   daemon [_thread_blocked, id=2560, stack(0x00000029fec00000,0x00000029fed00000) (1024K)]
  0x000001a0e4e370f0 JavaThread "C2 CompilerThread0"         daemon [_thread_in_native, id=14560, stack(0x00000029fed00000,0x00000029fee00000) (1024K)]
  0x000001a0e4e37ba0 JavaThread "C1 CompilerThread0"         daemon [_thread_blocked, id=16500, stack(0x00000029fee00000,0x00000029fef00000) (1024K)]
  0x000001a0e4e28350 JavaThread "Common-Cleaner"             daemon [_thread_blocked, id=12080, stack(0x00000029fef00000,0x00000029ff000000) (1024K)]
  0x000001a0e4e26910 JavaThread "Notification Thread"        daemon [_thread_blocked, id=20620, stack(0x00000029ff100000,0x00000029ff200000) (1024K)]
  0x000001a0e4e29700 JavaThread "Daemon health stats"               [_thread_blocked, id=11596, stack(0x00000029ff700000,0x00000029ff800000) (1024K)]
  0x000001a0e4e26fa0 JavaThread "Incoming local TCP Connector on port 63103"        [_thread_in_native, id=5352, stack(0x00000029ff800000,0x00000029ff900000) (1024K)]
  0x000001a0e4e29070 JavaThread "Daemon periodic checks"            [_thread_blocked, id=15796, stack(0x00000029ff900000,0x00000029ffa00000) (1024K)]
  0x000001a12c7aec90 JavaThread "Daemon"                            [_thread_blocked, id=16176, stack(0x00000029ffa00000,0x00000029ffb00000) (1024K)]
  0x000001a12c7b13f0 JavaThread "Handler for socket connection from /127.0.0.1:63103 to /127.0.0.1:63104"        [_thread_in_native, id=14588, stack(0x00000029ffb00000,0x00000029ffc00000) (1024K)]
  0x000001a12c7b0d60 JavaThread "Cancel handler"                    [_thread_blocked, id=14248, stack(0x0000002980100000,0x0000002980200000) (1024K)]
  0x000001a12c7adf70 JavaThread "Daemon worker"                     [_thread_in_Java, id=13760, stack(0x0000002980200000,0x0000002980300000) (1024K)]
  0x000001a12c7b1a80 JavaThread "Asynchronous log dispatcher for DefaultDaemonConnection: socket connection from /127.0.0.1:63103 to /127.0.0.1:63104"        [_thread_blocked, id=4688, stack(0x0000002980300000,0x0000002980400000) (1024K)]
  0x000001a12c7b0040 JavaThread "Stdin handler"                     [_thread_blocked, id=8668, stack(0x0000002980400000,0x0000002980500000) (1024K)]
  0x000001a12c7b27a0 JavaThread "Daemon client event forwarder"        [_thread_blocked, id=15032, stack(0x0000002980500000,0x0000002980600000) (1024K)]
  0x000001a12c7b2110 JavaThread "Cache worker for journal cache (C:\Users\hungk\.gradle\caches\journal-1)"        [_thread_blocked, id=17412, stack(0x0000002980600000,0x0000002980700000) (1024K)]
  0x000001a12c7af9b0 JavaThread "File lock request listener"        [_thread_in_native, id=13028, stack(0x0000002980700000,0x0000002980800000) (1024K)]
  0x000001a12c7af320 JavaThread "Cache worker for file hash cache (C:\Users\hungk\.gradle\caches\8.10.2\fileHashes)"        [_thread_blocked, id=13340, stack(0x0000002980800000,0x0000002980900000) (1024K)]
  0x000001a12c7b06d0 JavaThread "Cache worker for file hash cache (D:\DOAN_chuyen_de_mobile\fontend\smart_dine\android\.gradle\8.10.2\fileHashes)"        [_thread_blocked, id=18020, stack(0x0000002980b00000,0x0000002980c00000) (1024K)]
  0x000001a12c7b4f00 JavaThread "Cache worker for Build Output Cleanup Cache (D:\DOAN_chuyen_de_mobile\fontend\smart_dine\android\.gradle\buildOutputCleanup)"        [_thread_blocked, id=12328, stack(0x0000002980c00000,0x0000002980d00000) (1024K)]
  0x000001a12c7b41e0 JavaThread "File watcher server"        daemon [_thread_in_native, id=2856, stack(0x0000002980d00000,0x0000002980e00000) (1024K)]
  0x000001a12c7b34c0 JavaThread "File watcher consumer"      daemon [_thread_blocked, id=1828, stack(0x0000002980e00000,0x0000002980f00000) (1024K)]
  0x000001a12c7b5590 JavaThread "jar transforms"                    [_thread_blocked, id=2336, stack(0x0000002980f00000,0x0000002981000000) (1024K)]
  0x000001a12c7b3b50 JavaThread "jar transforms Thread 2"           [_thread_blocked, id=20920, stack(0x0000002981000000,0x0000002981100000) (1024K)]
  0x000001a12c7b4870 JavaThread "jar transforms Thread 3"           [_thread_blocked, id=23160, stack(0x0000002981100000,0x0000002981200000) (1024K)]
  0x000001a12e7e4170 JavaThread "Cache worker for checksums cache (D:\DOAN_chuyen_de_mobile\fontend\smart_dine\android\.gradle\8.10.2\checksums)"        [_thread_blocked, id=3440, stack(0x0000002981200000,0x0000002981300000) (1024K)]
  0x000001a12e7e2dc0 JavaThread "Cache worker for file content cache (C:\Users\hungk\.gradle\caches\8.10.2\fileContent)"        [_thread_blocked, id=9228, stack(0x0000002981300000,0x0000002981400000) (1024K)]
  0x000001a12e7e6f60 JavaThread "Cache worker for cache directory md-rule (C:\Users\hungk\.gradle\caches\8.10.2\md-rule)"        [_thread_blocked, id=9924, stack(0x0000002981400000,0x0000002981500000) (1024K)]
  0x000001a12e7e75f0 JavaThread "Cache worker for cache directory md-supplier (C:\Users\hungk\.gradle\caches\8.10.2\md-supplier)"        [_thread_blocked, id=13448, stack(0x0000002981500000,0x0000002981600000) (1024K)]
  0x000001a12e7e5520 JavaThread "jar transforms Thread 4"           [_thread_blocked, id=22908, stack(0x0000002981600000,0x0000002981700000) (1024K)]
  0x000001a12e7e6240 JavaThread "jar transforms Thread 5"           [_thread_blocked, id=22844, stack(0x0000002981700000,0x0000002981800000) (1024K)]
  0x000001a12e7e4800 JavaThread "jar transforms Thread 6"           [_thread_blocked, id=8764, stack(0x0000002981800000,0x0000002981900000) (1024K)]
  0x000001a12e7e8310 JavaThread "jar transforms Thread 7"           [_thread_blocked, id=15972, stack(0x0000002981900000,0x0000002981a00000) (1024K)]
  0x000001a12e7e4e90 JavaThread "jar transforms Thread 8"           [_thread_blocked, id=14068, stack(0x0000002981a00000,0x0000002981b00000) (1024K)]
  0x000001a12e7e89a0 JavaThread "jar transforms Thread 9"           [_thread_blocked, id=2568, stack(0x0000002981b00000,0x0000002981c00000) (1024K)]
  0x000001a12e7ea3e0 JavaThread "Cache worker for Build Output Cleanup Cache (C:\src\flutter_windows_3.29.2-stable\flutter\packages\flutter_tools\gradle\.gradle\buildOutputCleanup)"        [_thread_blocked, id=20176, stack(0x0000002981c00000,0x0000002981d00000) (1024K)]
  0x000001a1301b3db0 JavaThread "Unconstrained build operations"        [_thread_blocked, id=17168, stack(0x0000002981d00000,0x0000002981e00000) (1024K)]
  0x000001a1301b6510 JavaThread "Unconstrained build operations Thread 2"        [_thread_blocked, id=10700, stack(0x0000002981e00000,0x0000002981f00000) (1024K)]
  0x000001a1301b3090 JavaThread "Unconstrained build operations Thread 3"        [_thread_blocked, id=17944, stack(0x0000002981f00000,0x0000002982000000) (1024K)]
  0x000001a1301b7230 JavaThread "Unconstrained build operations Thread 4"        [_thread_blocked, id=9848, stack(0x0000002982000000,0x0000002982100000) (1024K)]
  0x000001a1301ba020 JavaThread "Unconstrained build operations Thread 5"        [_thread_blocked, id=2900, stack(0x0000002982100000,0x0000002982200000) (1024K)]
  0x000001a1301b6ba0 JavaThread "Unconstrained build operations Thread 6"        [_thread_blocked, id=19184, stack(0x0000002982200000,0x0000002982300000) (1024K)]
  0x000001a1301ba6b0 JavaThread "Unconstrained build operations Thread 7"        [_thread_blocked, id=4984, stack(0x0000002982300000,0x0000002982400000) (1024K)]
  0x000001a1301b78c0 JavaThread "Unconstrained build operations Thread 8"        [_thread_blocked, id=8656, stack(0x0000002982400000,0x0000002982500000) (1024K)]
  0x000001a1301b7f50 JavaThread "Unconstrained build operations Thread 9"        [_thread_blocked, id=18596, stack(0x0000002982500000,0x0000002982600000) (1024K)]
  0x000001a1301b85e0 JavaThread "Unconstrained build operations Thread 10"        [_thread_blocked, id=15872, stack(0x0000002982600000,0x0000002982700000) (1024K)]
  0x000001a1301b8c70 JavaThread "Unconstrained build operations Thread 11"        [_thread_blocked, id=13824, stack(0x0000002982700000,0x0000002982800000) (1024K)]
  0x000001a1301b9300 JavaThread "Unconstrained build operations Thread 12"        [_thread_blocked, id=22320, stack(0x0000002982800000,0x0000002982900000) (1024K)]
  0x000001a1301b9990 JavaThread "Unconstrained build operations Thread 13"        [_thread_blocked, id=14648, stack(0x0000002982900000,0x0000002982a00000) (1024K)]
  0x000001a0e5be2e10 JavaThread "Unconstrained build operations Thread 14"        [_thread_blocked, id=18756, stack(0x0000002982a00000,0x0000002982b00000) (1024K)]
  0x000001a0e5be2780 JavaThread "Unconstrained build operations Thread 15"        [_thread_blocked, id=10088, stack(0x0000002982b00000,0x0000002982c00000) (1024K)]
  0x000001a0e5be34a0 JavaThread "Unconstrained build operations Thread 16"        [_thread_blocked, id=2016, stack(0x0000002982c00000,0x0000002982d00000) (1024K)]
  0x000001a0e5be20f0 JavaThread "Unconstrained build operations Thread 17"        [_thread_blocked, id=16880, stack(0x0000002982d00000,0x0000002982e00000) (1024K)]
  0x000001a0e5be0d40 JavaThread "Unconstrained build operations Thread 18"        [_thread_blocked, id=8788, stack(0x0000002982e00000,0x0000002982f00000) (1024K)]
  0x000001a0e5be13d0 JavaThread "Unconstrained build operations Thread 19"        [_thread_blocked, id=5568, stack(0x0000002982f00000,0x0000002983000000) (1024K)]
  0x000001a0e5be0020 JavaThread "Unconstrained build operations Thread 20"        [_thread_blocked, id=10040, stack(0x0000002983000000,0x0000002983100000) (1024K)]
  0x000001a0e5be06b0 JavaThread "Unconstrained build operations Thread 21"        [_thread_blocked, id=19068, stack(0x0000002983100000,0x0000002983200000) (1024K)]
  0x000001a0e5be4ee0 JavaThread "Unconstrained build operations Thread 22"        [_thread_blocked, id=4012, stack(0x0000002983200000,0x0000002983300000) (1024K)]
  0x000001a0e5be3b30 JavaThread "Unconstrained build operations Thread 23"        [_thread_blocked, id=18256, stack(0x0000002983300000,0x0000002983400000) (1024K)]
  0x000001a0e5be1a60 JavaThread "Unconstrained build operations Thread 24"        [_thread_blocked, id=7032, stack(0x0000002983400000,0x0000002983500000) (1024K)]
  0x000001a0e5be6fb0 JavaThread "Unconstrained build operations Thread 25"        [_thread_blocked, id=14488, stack(0x0000002983500000,0x0000002983600000) (1024K)]
  0x000001a0e5be6920 JavaThread "Unconstrained build operations Thread 26"        [_thread_blocked, id=17240, stack(0x0000002983600000,0x0000002983700000) (1024K)]
  0x000001a0e5be4850 JavaThread "Unconstrained build operations Thread 27"        [_thread_blocked, id=14428, stack(0x0000002983700000,0x0000002983800000) (1024K)]
  0x000001a0e5be5570 JavaThread "Unconstrained build operations Thread 28"        [_thread_blocked, id=18568, stack(0x0000002983800000,0x0000002983900000) (1024K)]
  0x000001a0e5be6290 JavaThread "Unconstrained build operations Thread 29"        [_thread_blocked, id=6860, stack(0x0000002983900000,0x0000002983a00000) (1024K)]
  0x000001a0e5be5c00 JavaThread "Unconstrained build operations Thread 30"        [_thread_blocked, id=13112, stack(0x0000002983a00000,0x0000002983b00000) (1024K)]
  0x000001a0e5be7640 JavaThread "Unconstrained build operations Thread 31"        [_thread_blocked, id=9232, stack(0x0000002983b00000,0x0000002983c00000) (1024K)]
  0x000001a0e5be41c0 JavaThread "Unconstrained build operations Thread 32"        [_thread_blocked, id=8688, stack(0x0000002983c00000,0x0000002983d00000) (1024K)]
  0x000001a12cecb380 JavaThread "Unconstrained build operations Thread 33"        [_thread_blocked, id=4488, stack(0x0000002983d00000,0x0000002983e00000) (1024K)]
  0x000001a12cecd450 JavaThread "Memory manager"                    [_thread_blocked, id=20128, stack(0x0000002983e00000,0x0000002983f00000) (1024K)]
  0x000001a12cecc0a0 JavaThread "build event listener"              [_thread_blocked, id=22216, stack(0x0000002983f00000,0x0000002984000000) (1024K)]
  0x000001a12ced0240 JavaThread "included builds"                   [_thread_blocked, id=10608, stack(0x0000002984000000,0x0000002984100000) (1024K)]
  0x000001a12ced15f0 JavaThread "Execution worker"                  [_thread_blocked, id=6736, stack(0x0000002984100000,0x0000002984200000) (1024K)]
  0x000001a12cece800 JavaThread "Execution worker Thread 2"         [_thread_blocked, id=16348, stack(0x0000002984200000,0x0000002984300000) (1024K)]
  0x000001a12ced1c80 JavaThread "Execution worker Thread 3"         [_thread_blocked, id=12140, stack(0x0000002984300000,0x0000002984400000) (1024K)]
  0x000001a12ced2310 JavaThread "Execution worker Thread 4"         [_thread_blocked, id=17520, stack(0x0000002984400000,0x0000002984500000) (1024K)]
  0x000001a12ced08d0 JavaThread "Execution worker Thread 5"         [_thread_blocked, id=19352, stack(0x0000002984500000,0x0000002984600000) (1024K)]
  0x000001a12cecee90 JavaThread "Execution worker Thread 6"         [_thread_blocked, id=16132, stack(0x0000002984600000,0x0000002984700000) (1024K)]
  0x000001a12cecf520 JavaThread "Execution worker Thread 7"         [_thread_blocked, id=344, stack(0x0000002984700000,0x0000002984800000) (1024K)]
  0x000001a12cecfbb0 JavaThread "Execution worker Thread 8"         [_thread_blocked, id=4168, stack(0x0000002984800000,0x0000002984900000) (1024K)]
  0x000001a12e7e3450 JavaThread "Execution worker Thread 9"         [_thread_blocked, id=19704, stack(0x0000002984900000,0x0000002984a00000) (1024K)]
  0x000001a0e4e289e0 JavaThread "Execution worker Thread 10"        [_thread_blocked, id=12796, stack(0x0000002984a00000,0x0000002984b00000) (1024K)]
  0x000001a12dd64df0 JavaThread "Execution worker Thread 11"        [_thread_blocked, id=19984, stack(0x0000002984b00000,0x0000002984c00000) (1024K)]
  0x000001a12dd65480 JavaThread "Cache worker for execution history cache (C:\src\flutter_windows_3.29.2-stable\flutter\packages\flutter_tools\gradle\.gradle\8.10.2\executionHistory)"        [_thread_blocked, id=5196, stack(0x0000002984c00000,0x0000002984d00000) (1024K)]
  0x000001a12dd65b10 JavaThread "Unconstrained build operations Thread 34"        [_thread_blocked, id=21952, stack(0x0000002984d00000,0x0000002984e00000) (1024K)]
  0x000001a12dd62690 JavaThread "Unconstrained build operations Thread 35"        [_thread_blocked, id=19064, stack(0x0000002984e00000,0x0000002984f00000) (1024K)]
  0x000001a12dd661a0 JavaThread "Unconstrained build operations Thread 36"        [_thread_blocked, id=10676, stack(0x0000002984f00000,0x0000002985000000) (1024K)]
  0x000001a12dd62d20 JavaThread "Unconstrained build operations Thread 37"        [_thread_blocked, id=13900, stack(0x0000002985000000,0x0000002985100000) (1024K)]
  0x000001a12dd66830 JavaThread "Unconstrained build operations Thread 38"        [_thread_blocked, id=16408, stack(0x0000002985100000,0x0000002985200000) (1024K)]
  0x000001a12dd63a40 JavaThread "Unconstrained build operations Thread 39"        [_thread_blocked, id=16144, stack(0x0000002985200000,0x0000002985300000) (1024K)]
  0x000001a12dd633b0 JavaThread "Unconstrained build operations Thread 40"        [_thread_blocked, id=22172, stack(0x0000002985300000,0x0000002985400000) (1024K)]
  0x000001a12dd66ec0 JavaThread "Unconstrained build operations Thread 41"        [_thread_blocked, id=7936, stack(0x0000002985400000,0x0000002985500000) (1024K)]
  0x000001a12dd67550 JavaThread "Unconstrained build operations Thread 42"        [_thread_blocked, id=8440, stack(0x0000002985500000,0x0000002985600000) (1024K)]
  0x000001a12dd640d0 JavaThread "Unconstrained build operations Thread 43"        [_thread_blocked, id=2600, stack(0x0000002985600000,0x0000002985700000) (1024K)]
  0x000001a12dd67be0 JavaThread "Unconstrained build operations Thread 44"        [_thread_blocked, id=440, stack(0x0000002985700000,0x0000002985800000) (1024K)]
  0x000001a12dd64760 JavaThread "Unconstrained build operations Thread 45"        [_thread_blocked, id=9340, stack(0x0000002985800000,0x0000002985900000) (1024K)]
  0x000001a12dd68270 JavaThread "Unconstrained build operations Thread 46"        [_thread_blocked, id=19652, stack(0x0000002985900000,0x0000002985a00000) (1024K)]
  0x000001a12dd68900 JavaThread "Unconstrained build operations Thread 47"        [_thread_blocked, id=2896, stack(0x0000002985a00000,0x0000002985b00000) (1024K)]
  0x000001a12dd68f90 JavaThread "Unconstrained build operations Thread 48"        [_thread_blocked, id=22740, stack(0x0000002985b00000,0x0000002985c00000) (1024K)]
  0x000001a12dd69620 JavaThread "Unconstrained build operations Thread 49"        [_thread_blocked, id=18952, stack(0x0000002985c00000,0x0000002985d00000) (1024K)]
  0x000001a12dd69cb0 JavaThread "Unconstrained build operations Thread 50"        [_thread_blocked, id=15580, stack(0x0000002985d00000,0x0000002985e00000) (1024K)]
  0x000001a12e03f3a0 JavaThread "Unconstrained build operations Thread 51"        [_thread_blocked, id=604, stack(0x0000002985e00000,0x0000002985f00000) (1024K)]
  0x000001a12e03ed10 JavaThread "Unconstrained build operations Thread 52"        [_thread_blocked, id=11172, stack(0x0000002985f00000,0x0000002986000000) (1024K)]
  0x000001a12e040750 JavaThread "Unconstrained build operations Thread 53"        [_thread_blocked, id=12696, stack(0x0000002986000000,0x0000002986100000) (1024K)]
  0x000001a12e040de0 JavaThread "Unconstrained build operations Thread 54"        [_thread_blocked, id=2316, stack(0x0000002986100000,0x0000002986200000) (1024K)]
  0x000001a12e03d960 JavaThread "Unconstrained build operations Thread 55"        [_thread_blocked, id=15296, stack(0x0000002986200000,0x0000002986300000) (1024K)]
  0x000001a12e0400c0 JavaThread "Unconstrained build operations Thread 56"        [_thread_blocked, id=6488, stack(0x0000002986300000,0x0000002986400000) (1024K)]
  0x000001a12e041470 JavaThread "Unconstrained build operations Thread 57"        [_thread_blocked, id=21472, stack(0x0000002986400000,0x0000002986500000) (1024K)]
  0x000001a12e03dff0 JavaThread "Unconstrained build operations Thread 58"        [_thread_blocked, id=9804, stack(0x0000002986500000,0x0000002986600000) (1024K)]
  0x000001a12e041b00 JavaThread "Unconstrained build operations Thread 59"        [_thread_blocked, id=2772, stack(0x0000002986600000,0x0000002986700000) (1024K)]
  0x000001a12e03fa30 JavaThread "Unconstrained build operations Thread 60"        [_thread_blocked, id=15560, stack(0x0000002986700000,0x0000002986800000) (1024K)]
  0x000001a12e03e680 JavaThread "Unconstrained build operations Thread 61"        [_thread_blocked, id=18332, stack(0x0000002986800000,0x0000002986900000) (1024K)]
  0x000001a12e043bd0 JavaThread "Unconstrained build operations Thread 62"        [_thread_blocked, id=3112, stack(0x0000002986900000,0x0000002986a00000) (1024K)]
  0x000001a12e042190 JavaThread "Unconstrained build operations Thread 63"        [_thread_blocked, id=16992, stack(0x0000002986a00000,0x0000002986b00000) (1024K)]
  0x000001a12e044f80 JavaThread "Unconstrained build operations Thread 64"        [_thread_blocked, id=19164, stack(0x0000002986b00000,0x0000002986c00000) (1024K)]
  0x000001a12e043540 JavaThread "Unconstrained build operations Thread 65"        [_thread_blocked, id=17444, stack(0x0000002986c00000,0x0000002986d00000) (1024K)]
  0x000001a12e042820 JavaThread "Unconstrained build operations Thread 66"        [_thread_blocked, id=12460, stack(0x0000002986d00000,0x0000002986e00000) (1024K)]
  0x000001a12e042eb0 JavaThread "WorkerExecutor Queue"              [_thread_blocked, id=2584, stack(0x0000002986e00000,0x0000002986f00000) (1024K)]
  0x000001a12e044260 JavaThread "RMI Scheduler(0)"           daemon [_thread_blocked, id=5200, stack(0x0000002986f00000,0x0000002987000000) (1024K)]
  0x000001a132de01d0 JavaThread "RMI GC Daemon"              daemon [_thread_blocked, id=20588, stack(0x0000002987100000,0x0000002987200000) (1024K)]
  0x000001a132ddda70 JavaThread "RMI TCP Accept-0"           daemon [_thread_in_native, id=15744, stack(0x0000002987200000,0x0000002987300000) (1024K)]
  0x000001a132ddf4b0 JavaThread "RMI Reaper"                        [_thread_blocked, id=9480, stack(0x0000002987300000,0x0000002987400000) (1024K)]
  0x000001a132dde100 JavaThread "RMI TCP Connection(1)-127.0.0.1" daemon [_thread_in_native, id=19152, stack(0x0000002987400000,0x0000002987500000) (1024K)]
  0x000001a132ddcd50 JavaThread "Exec process"                      [_thread_blocked, id=17004, stack(0x0000002987700000,0x0000002987800000) (1024K)]
  0x000001a132ddd3e0 JavaThread "Exec process Thread 2"             [_thread_blocked, id=4896, stack(0x0000002987900000,0x0000002987a00000) (1024K)]
  0x000001a13045b1b0 JavaThread "Exec process Thread 3"             [_thread_blocked, id=22792, stack(0x0000002987a00000,0x0000002987b00000) (1024K)]
  0x000001a13045ab20 JavaThread "Exec process Thread 4"             [_thread_blocked, id=19512, stack(0x0000002987b00000,0x0000002987c00000) (1024K)]
  0x000001a130459e00 JavaThread "Unconstrained build operations Thread 67"        [_thread_blocked, id=3412, stack(0x0000002987000000,0x0000002987100000) (1024K)]
  0x000001a130459770 JavaThread "Unconstrained build operations Thread 68"        [_thread_blocked, id=16084, stack(0x0000002987f00000,0x0000002988000000) (1024K)]
  0x000001a13045d280 JavaThread "Unconstrained build operations Thread 69"        [_thread_blocked, id=21712, stack(0x0000002988000000,0x0000002988100000) (1024K)]
  0x000001a13045d910 JavaThread "Unconstrained build operations Thread 70"        [_thread_blocked, id=16060, stack(0x0000002988100000,0x0000002988200000) (1024K)]
  0x000001a13045a490 JavaThread "Unconstrained build operations Thread 71"        [_thread_blocked, id=5272, stack(0x0000002988200000,0x0000002988300000) (1024K)]
  0x000001a13045e630 JavaThread "Unconstrained build operations Thread 72"        [_thread_blocked, id=21888, stack(0x0000002988300000,0x0000002988400000) (1024K)]
  0x000001a13045dfa0 JavaThread "Unconstrained build operations Thread 73"        [_thread_blocked, id=20704, stack(0x0000002988400000,0x0000002988500000) (1024K)]
  0x000001a130460700 JavaThread "Unconstrained build operations Thread 74"        [_thread_blocked, id=10500, stack(0x0000002988500000,0x0000002988600000) (1024K)]
  0x000001a13045ecc0 JavaThread "Unconstrained build operations Thread 75"        [_thread_blocked, id=2928, stack(0x0000002988600000,0x0000002988700000) (1024K)]
  0x000001a13045f350 JavaThread "Unconstrained build operations Thread 76"        [_thread_blocked, id=10528, stack(0x0000002988700000,0x0000002988800000) (1024K)]
  0x000001a13045f9e0 JavaThread "Unconstrained build operations Thread 77"        [_thread_blocked, id=9920, stack(0x0000002988800000,0x0000002988900000) (1024K)]
  0x000001a132dde790 JavaThread "Unconstrained build operations Thread 78"        [_thread_blocked, id=21628, stack(0x0000002988a00000,0x0000002988b00000) (1024K)]
  0x000001a132ddee20 JavaThread "Unconstrained build operations Thread 79"        [_thread_blocked, id=11428, stack(0x0000002988b00000,0x0000002988c00000) (1024K)]
  0x000001a13109cfc0 JavaThread "Unconstrained build operations Thread 80"        [_thread_blocked, id=15416, stack(0x0000002988c00000,0x0000002988d00000) (1024K)]
  0x000001a13109dce0 JavaThread "Unconstrained build operations Thread 81"        [_thread_blocked, id=4632, stack(0x0000002988d00000,0x0000002988e00000) (1024K)]
  0x000001a13109d650 JavaThread "Unconstrained build operations Thread 82"        [_thread_blocked, id=8980, stack(0x0000002988e00000,0x0000002988f00000) (1024K)]
  0x000001a13109e370 JavaThread "Unconstrained build operations Thread 83"        [_thread_blocked, id=9652, stack(0x0000002988f00000,0x0000002989000000) (1024K)]
  0x000001a13109ea00 JavaThread "Unconstrained build operations Thread 84"        [_thread_blocked, id=14308, stack(0x0000002989000000,0x0000002989100000) (1024K)]
  0x000001a13109b580 JavaThread "Unconstrained build operations Thread 85"        [_thread_blocked, id=3036, stack(0x0000002989100000,0x0000002989200000) (1024K)]
  0x000001a13109f090 JavaThread "Unconstrained build operations Thread 86"        [_thread_blocked, id=5588, stack(0x0000002989200000,0x0000002989300000) (1024K)]
  0x000001a13109bc10 JavaThread "Unconstrained build operations Thread 87"        [_thread_blocked, id=12240, stack(0x0000002989300000,0x0000002989400000) (1024K)]
  0x000001a13109f720 JavaThread "Unconstrained build operations Thread 88"        [_thread_blocked, id=2556, stack(0x0000002989400000,0x0000002989500000) (1024K)]
  0x000001a13109c2a0 JavaThread "Unconstrained build operations Thread 89"        [_thread_blocked, id=14492, stack(0x0000002989600000,0x0000002989700000) (1024K)]
  0x000001a13109fdb0 JavaThread "Unconstrained build operations Thread 90"        [_thread_blocked, id=14468, stack(0x0000002989700000,0x0000002989800000) (1024K)]
  0x000001a13109c930 JavaThread "Unconstrained build operations Thread 91"        [_thread_blocked, id=22828, stack(0x0000002989800000,0x0000002989900000) (1024K)]
  0x000001a1310a2510 JavaThread "Unconstrained build operations Thread 92"        [_thread_blocked, id=21812, stack(0x0000002989900000,0x0000002989a00000) (1024K)]
  0x000001a1310a38c0 JavaThread "Unconstrained build operations Thread 93"        [_thread_blocked, id=7532, stack(0x0000002989a00000,0x0000002989b00000) (1024K)]
  0x000001a1310a3230 JavaThread "Unconstrained build operations Thread 94"        [_thread_blocked, id=11136, stack(0x0000002989b00000,0x0000002989c00000) (1024K)]
  0x000001a1310a17f0 JavaThread "Unconstrained build operations Thread 95"        [_thread_blocked, id=23272, stack(0x0000002989c00000,0x0000002989d00000) (1024K)]
  0x000001a1310a0ad0 JavaThread "Unconstrained build operations Thread 96"        [_thread_blocked, id=22112, stack(0x0000002989d00000,0x0000002989e00000) (1024K)]
  0x000001a1310a1160 JavaThread "Unconstrained build operations Thread 97"        [_thread_blocked, id=17100, stack(0x0000002989e00000,0x0000002989f00000) (1024K)]
  0x000001a1310a0440 JavaThread "Unconstrained build operations Thread 98"        [_thread_blocked, id=13452, stack(0x0000002989f00000,0x000000298a000000) (1024K)]
  0x000001a1310a2ba0 JavaThread "Unconstrained build operations Thread 99"        [_thread_blocked, id=8732, stack(0x000000298a000000,0x000000298a100000) (1024K)]
  0x000001a1310a3f50 JavaThread "jar transforms Thread 10"          [_thread_blocked, id=3132, stack(0x000000298a100000,0x000000298a200000) (1024K)]
  0x000001a1310a1e80 JavaThread "jar transforms Thread 11"          [_thread_blocked, id=2152, stack(0x000000298a200000,0x000000298a300000) (1024K)]
  0x000001a1310a45e0 JavaThread "Unconstrained build operations Thread 100"        [_thread_blocked, id=12816, stack(0x000000298a300000,0x000000298a400000) (1024K)]
  0x000001a1310a5300 JavaThread "Unconstrained build operations Thread 101"        [_thread_blocked, id=9864, stack(0x000000298a400000,0x000000298a500000) (1024K)]
  0x000001a1310a6020 JavaThread "Unconstrained build operations Thread 102"        [_thread_blocked, id=21448, stack(0x000000298a500000,0x000000298a600000) (1024K)]
  0x000001a1310a6d40 JavaThread "Unconstrained build operations Thread 103"        [_thread_blocked, id=16184, stack(0x000000298a600000,0x000000298a700000) (1024K)]
  0x000001a1310a5990 JavaThread "Unconstrained build operations Thread 104"        [_thread_blocked, id=22064, stack(0x000000298a700000,0x000000298a800000) (1024K)]
  0x000001a1310a66b0 JavaThread "Unconstrained build operations Thread 105"        [_thread_blocked, id=4920, stack(0x000000298a800000,0x000000298a900000) (1024K)]
  0x000001a1310a73d0 JavaThread "Unconstrained build operations Thread 106"        [_thread_blocked, id=12768, stack(0x000000298a900000,0x000000298aa00000) (1024K)]
  0x000001a1310a7a60 JavaThread "Unconstrained build operations Thread 107"        [_thread_blocked, id=19876, stack(0x000000298aa00000,0x000000298ab00000) (1024K)]
  0x000001a1310a80f0 JavaThread "Unconstrained build operations Thread 108"        [_thread_blocked, id=14084, stack(0x000000298ab00000,0x000000298ac00000) (1024K)]
  0x000001a1310a4c70 JavaThread "Unconstrained build operations Thread 109"        [_thread_blocked, id=20124, stack(0x000000298ac00000,0x000000298ad00000) (1024K)]
  0x000001a1310a9b30 JavaThread "Unconstrained build operations Thread 110"        [_thread_blocked, id=21980, stack(0x000000298ad00000,0x000000298ae00000) (1024K)]
  0x000001a1310a8780 JavaThread "Unconstrained build operations Thread 111"        [_thread_blocked, id=13004, stack(0x000000298ae00000,0x000000298af00000) (1024K)]
  0x000001a1310a8e10 JavaThread "Unconstrained build operations Thread 112"        [_thread_blocked, id=12760, stack(0x000000298af00000,0x000000298b000000) (1024K)]
  0x000001a1310a94a0 JavaThread "Unconstrained build operations Thread 113"        [_thread_blocked, id=3160, stack(0x000000298b000000,0x000000298b100000) (1024K)]
  0x000001a1310aa1c0 JavaThread "Unconstrained build operations Thread 114"        [_thread_blocked, id=9996, stack(0x000000298b100000,0x000000298b200000) (1024K)]
  0x000001a1310aa850 JavaThread "Unconstrained build operations Thread 115"        [_thread_blocked, id=6580, stack(0x000000298b200000,0x000000298b300000) (1024K)]
  0x000001a132781d30 JavaThread "Unconstrained build operations Thread 116"        [_thread_blocked, id=17072, stack(0x000000298b300000,0x000000298b400000) (1024K)]
  0x000001a132782a50 JavaThread "Unconstrained build operations Thread 117"        [_thread_blocked, id=10224, stack(0x000000298b400000,0x000000298b500000) (1024K)]
  0x000001a132784490 JavaThread "Unconstrained build operations Thread 118"        [_thread_blocked, id=11144, stack(0x000000298b500000,0x000000298b600000) (1024K)]
  0x000001a132783e00 JavaThread "Unconstrained build operations Thread 119"        [_thread_blocked, id=3092, stack(0x000000298b600000,0x000000298b700000) (1024K)]
  0x000001a1327851b0 JavaThread "Unconstrained build operations Thread 120"        [_thread_blocked, id=5612, stack(0x000000298b700000,0x000000298b800000) (1024K)]
  0x000001a1327899e0 JavaThread "build event listener"              [_thread_blocked, id=16096, stack(0x0000002987500000,0x0000002987600000) (1024K)]
  0x000001a13278b420 JavaThread "jar transforms Thread 12"          [_thread_blocked, id=3300, stack(0x0000002987600000,0x0000002987700000) (1024K)]
  0x000001a132b30fb0 JavaThread "pool-3-thread-1"                   [_thread_blocked, id=5012, stack(0x0000002987c00000,0x0000002987d00000) (1024K)]
  0x000001a132b33da0 JavaThread "Cache worker for execution history cache (D:\DOAN_chuyen_de_mobile\fontend\smart_dine\android\.gradle\8.10.2\executionHistory)"        [_thread_blocked, id=5344, stack(0x0000002987d00000,0x0000002987e00000) (1024K)]
=>0x000001a139f9ba70 JavaThread "C2 CompilerThread1"         daemon [_thread_in_native, id=20980, stack(0x0000002987800000,0x0000002987900000) (1024K)]
Total: 194

Other Threads:
  0x000001a0e4df38d0 VMThread "VM Thread"                           [id=7392, stack(0x00000029fe600000,0x00000029fe700000) (1024K)]
  0x000001a0e4dda430 WatcherThread "VM Periodic Task Thread"        [id=2192, stack(0x00000029fe500000,0x00000029fe600000) (1024K)]
  0x000001a0b0137790 WorkerThread "GC Thread#0"                     [id=14984, stack(0x00000029fe000000,0x00000029fe100000) (1024K)]
  0x000001a12b5e6bf0 WorkerThread "GC Thread#1"                     [id=14080, stack(0x00000029ff300000,0x00000029ff400000) (1024K)]
  0x000001a12b21f280 WorkerThread "GC Thread#2"                     [id=2256, stack(0x00000029ff400000,0x00000029ff500000) (1024K)]
  0x000001a12b028ec0 WorkerThread "GC Thread#3"                     [id=22932, stack(0x00000029ff500000,0x00000029ff600000) (1024K)]
  0x000001a12b732cd0 WorkerThread "GC Thread#4"                     [id=10592, stack(0x00000029ff600000,0x00000029ff700000) (1024K)]
  0x000001a12c917610 WorkerThread "GC Thread#5"                     [id=23200, stack(0x00000029ffc00000,0x00000029ffd00000) (1024K)]
  0x000001a12c7c8ad0 WorkerThread "GC Thread#6"                     [id=10292, stack(0x00000029ffd00000,0x00000029ffe00000) (1024K)]
  0x000001a12c6b3860 WorkerThread "GC Thread#7"                     [id=4888, stack(0x00000029ffe00000,0x00000029fff00000) (1024K)]
  0x000001a12c7c5b90 WorkerThread "GC Thread#8"                     [id=20608, stack(0x00000029fff00000,0x0000002a00000000) (1024K)]
  0x000001a12c91dbe0 WorkerThread "GC Thread#9"                     [id=4616, stack(0x0000002980000000,0x0000002980100000) (1024K)]
  0x000001a0b014a5c0 ConcurrentGCThread "G1 Main Marker"            [id=12196, stack(0x00000029fe100000,0x00000029fe200000) (1024K)]
  0x000001a0b014afe0 WorkerThread "G1 Conc#0"                       [id=2688, stack(0x00000029fe200000,0x00000029fe300000) (1024K)]
  0x000001a12dd05090 WorkerThread "G1 Conc#1"                       [id=21792, stack(0x0000002980900000,0x0000002980a00000) (1024K)]
  0x000001a12dd06a60 WorkerThread "G1 Conc#2"                       [id=4088, stack(0x0000002980a00000,0x0000002980b00000) (1024K)]
  0x000001a0e4cae840 ConcurrentGCThread "G1 Refine#0"               [id=11240, stack(0x00000029fe300000,0x00000029fe400000) (1024K)]
  0x000001a0e4cb0180 ConcurrentGCThread "G1 Service"                [id=6256, stack(0x00000029fe400000,0x00000029fe500000) (1024K)]
Total: 18

Threads with active compile tasks:
C2 CompilerThread0  31397 18835       4       org.gradle.internal.ImmutableActionSet::plus (24 bytes)
C1 CompilerThread0  31397 18863       3       org.gradle.api.internal.file.copy.DefaultCopySpec$$Lambda/0x000001a0e7af57b0::<init> (15 bytes)
C2 CompilerThread1  31397 18550   !   4       org.gradle.api.internal.file.FileOrUriNotationConverter::convert (329 bytes)
Total: 3

VM state: not at safepoint (normal execution)

VM Mutex/Monitor currently owned by a thread: None

Heap address: 0x0000000600000000, size: 8192 MB, Compressed Oops mode: Zero based, Oop shift amount: 3

CDS archive(s) mapped at: [0x000001a0e6000000-0x000001a0e6c60000-0x000001a0e6c60000), size 12976128, SharedBaseAddress: 0x000001a0e6000000, ArchiveRelocationMode: 1.
Compressed class space mapped at: 0x000001a0e7000000-0x000001a127000000, reserved size: 1073741824
Narrow klass base: 0x000001a0e6000000, Narrow klass shift: 0, Narrow klass range: 0x41000000

GC Precious Log:
 CardTable entry size: 512
 Card Set container configuration: InlinePtr #cards 4 size 8 Array Of Cards #cards 32 size 80 Howl #buckets 8 coarsen threshold 7372 Howl Bitmap #cards 1024 size 144 coarsen threshold 921 Card regions per heap region 1 cards per card region 8192
 CPUs: 12 total, 12 available
 Memory: 7929M
 Large Page Support: Disabled
 NUMA Support: Disabled
 Compressed Oops: Enabled (Zero based)
 Heap Region Size: 4M
 Heap Min Capacity: 8M
 Heap Initial Capacity: 124M
 Heap Max Capacity: 8G
 Pre-touch: Disabled
 Parallel Workers: 10
 Concurrent Workers: 3
 Concurrent Refinement Workers: 10
 Periodic GC: Disabled

Heap:
 garbage-first heap   total reserved 8388608K, committed 471040K, used 356054K [0x0000000600000000, 0x0000000800000000)
  region size 4096K, 35 young (143360K), 5 survivors (20480K)
 Metaspace       used 124637K, committed 127552K, reserved 1179648K
  class space    used 17671K, committed 19008K, reserved 1048576K

Heap Regions: E=young(eden), S=young(survivor), O=old, HS=humongous(starts), HC=humongous(continues), CS=collection set, F=free, TAMS=top-at-mark-start, PB=parsable bottom
|   0|0x0000000600000000, 0x0000000600400000, 0x0000000600400000|100%| O|  |TAMS 0x0000000600000000| PB 0x0000000600000000| Untracked |  0
|   1|0x0000000600400000, 0x0000000600800000, 0x0000000600800000|100%|HS|  |TAMS 0x0000000600400000| PB 0x0000000600400000| Complete |  0
|   2|0x0000000600800000, 0x0000000600c00000, 0x0000000600c00000|100%| O|  |TAMS 0x0000000600800000| PB 0x0000000600800000| Untracked |  0
|   3|0x0000000600c00000, 0x0000000601000000, 0x0000000601000000|100%| O|  |TAMS 0x0000000600c00000| PB 0x0000000600c00000| Untracked |  0
|   4|0x0000000601000000, 0x0000000601400000, 0x0000000601400000|100%| O|  |TAMS 0x0000000601000000| PB 0x0000000601000000| Untracked |  0
|   5|0x0000000601400000, 0x0000000601800000, 0x0000000601800000|100%| O|  |TAMS 0x0000000601400000| PB 0x0000000601400000| Untracked |  0
|   6|0x0000000601800000, 0x0000000601c00000, 0x0000000601c00000|100%| O|  |TAMS 0x0000000601800000| PB 0x0000000601800000| Untracked |  0
|   7|0x0000000601c00000, 0x0000000602000000, 0x0000000602000000|100%| O|  |TAMS 0x0000000601c00000| PB 0x0000000601c00000| Untracked |  0
|   8|0x0000000602000000, 0x0000000602400000, 0x0000000602400000|100%| O|  |TAMS 0x0000000602000000| PB 0x0000000602000000| Untracked |  0
|   9|0x0000000602400000, 0x0000000602800000, 0x0000000602800000|100%| O|  |TAMS 0x0000000602400000| PB 0x0000000602400000| Untracked |  0
|  10|0x0000000602800000, 0x0000000602c00000, 0x0000000602c00000|100%| O|  |TAMS 0x0000000602800000| PB 0x0000000602800000| Untracked |  0
|  11|0x0000000602c00000, 0x0000000603000000, 0x0000000603000000|100%| O|  |TAMS 0x0000000602c00000| PB 0x0000000602c00000| Untracked |  0
|  12|0x0000000603000000, 0x0000000603400000, 0x0000000603400000|100%| O|  |TAMS 0x0000000603000000| PB 0x0000000603000000| Untracked |  0
|  13|0x0000000603400000, 0x0000000603800000, 0x0000000603800000|100%| O|  |TAMS 0x0000000603400000| PB 0x0000000603400000| Untracked |  0
|  14|0x0000000603800000, 0x0000000603c00000, 0x0000000603c00000|100%|HS|  |TAMS 0x0000000603800000| PB 0x0000000603800000| Complete |  0
|  15|0x0000000603c00000, 0x0000000604000000, 0x0000000604000000|100%|HS|  |TAMS 0x0000000603c00000| PB 0x0000000603c00000| Complete |  0
|  16|0x0000000604000000, 0x0000000604400000, 0x0000000604400000|100%| O|  |TAMS 0x0000000604000000| PB 0x0000000604000000| Untracked |  0
|  17|0x0000000604400000, 0x0000000604800000, 0x0000000604800000|100%| O|  |TAMS 0x0000000604400000| PB 0x0000000604400000| Untracked |  0
|  18|0x0000000604800000, 0x0000000604c00000, 0x0000000604c00000|100%| O|  |TAMS 0x0000000604800000| PB 0x0000000604800000| Untracked |  0
|  19|0x0000000604c00000, 0x0000000605000000, 0x0000000605000000|100%| O|  |TAMS 0x0000000604c00000| PB 0x0000000604c00000| Untracked |  0
|  20|0x0000000605000000, 0x0000000605400000, 0x0000000605400000|100%| O|  |TAMS 0x0000000605000000| PB 0x0000000605000000| Untracked |  0
|  21|0x0000000605400000, 0x0000000605800000, 0x0000000605800000|100%| O|  |TAMS 0x0000000605400000| PB 0x0000000605400000| Untracked |  0
|  22|0x0000000605800000, 0x0000000605c00000, 0x0000000605c00000|100%| O|  |TAMS 0x0000000605800000| PB 0x0000000605800000| Untracked |  0
|  23|0x0000000605c00000, 0x0000000606000000, 0x0000000606000000|100%|HS|  |TAMS 0x0000000605c00000| PB 0x0000000605c00000| Complete |  0
|  24|0x0000000606000000, 0x0000000606400000, 0x0000000606400000|100%| O|  |TAMS 0x0000000606000000| PB 0x0000000606000000| Untracked |  0
|  25|0x0000000606400000, 0x0000000606800000, 0x0000000606800000|100%| O|  |TAMS 0x0000000606400000| PB 0x0000000606400000| Untracked |  0
|  26|0x0000000606800000, 0x0000000606c00000, 0x0000000606c00000|100%| O|  |TAMS 0x0000000606800000| PB 0x0000000606800000| Untracked |  0
|  27|0x0000000606c00000, 0x0000000607000000, 0x0000000607000000|100%| O|  |TAMS 0x0000000606c00000| PB 0x0000000606c00000| Untracked |  0
|  28|0x0000000607000000, 0x0000000607400000, 0x0000000607400000|100%| O|  |TAMS 0x0000000607000000| PB 0x0000000607000000| Untracked |  0
|  29|0x0000000607400000, 0x0000000607800000, 0x0000000607800000|100%| O|  |TAMS 0x0000000607400000| PB 0x0000000607400000| Untracked |  0
|  30|0x0000000607800000, 0x0000000607c00000, 0x0000000607c00000|100%| O|  |TAMS 0x0000000607800000| PB 0x0000000607800000| Untracked |  0
|  31|0x0000000607c00000, 0x0000000608000000, 0x0000000608000000|100%| O|  |TAMS 0x0000000607c00000| PB 0x0000000607c00000| Untracked |  0
|  32|0x0000000608000000, 0x0000000608400000, 0x0000000608400000|100%| O|  |TAMS 0x0000000608000000| PB 0x0000000608000000| Untracked |  0
|  33|0x0000000608400000, 0x0000000608800000, 0x0000000608800000|100%| O|  |TAMS 0x0000000608400000| PB 0x0000000608400000| Untracked |  0
|  34|0x0000000608800000, 0x0000000608c00000, 0x0000000608c00000|100%| O|  |TAMS 0x0000000608800000| PB 0x0000000608800000| Untracked |  0
|  35|0x0000000608c00000, 0x0000000609000000, 0x0000000609000000|100%| O|  |TAMS 0x0000000608c00000| PB 0x0000000608c00000| Untracked |  0
|  36|0x0000000609000000, 0x0000000609400000, 0x0000000609400000|100%| O|  |TAMS 0x0000000609000000| PB 0x0000000609000000| Untracked |  0
|  37|0x0000000609400000, 0x0000000609800000, 0x0000000609800000|100%| O|  |TAMS 0x0000000609400000| PB 0x0000000609400000| Untracked |  0
|  38|0x0000000609800000, 0x0000000609c00000, 0x0000000609c00000|100%| O|  |TAMS 0x0000000609800000| PB 0x0000000609800000| Untracked |  0
|  39|0x0000000609c00000, 0x000000060a000000, 0x000000060a000000|100%| O|  |TAMS 0x0000000609c00000| PB 0x0000000609c00000| Untracked |  0
|  40|0x000000060a000000, 0x000000060a400000, 0x000000060a400000|100%| O|  |TAMS 0x000000060a000000| PB 0x000000060a000000| Untracked |  0
|  41|0x000000060a400000, 0x000000060a800000, 0x000000060a800000|100%| O|  |TAMS 0x000000060a400000| PB 0x000000060a400000| Untracked |  0
|  42|0x000000060a800000, 0x000000060ac00000, 0x000000060ac00000|100%| O|  |TAMS 0x000000060a800000| PB 0x000000060a800000| Untracked |  0
|  43|0x000000060ac00000, 0x000000060b000000, 0x000000060b000000|100%| O|  |TAMS 0x000000060ac00000| PB 0x000000060ac00000| Untracked |  0
|  44|0x000000060b000000, 0x000000060b400000, 0x000000060b400000|100%| O|  |TAMS 0x000000060b000000| PB 0x000000060b000000| Untracked |  0
|  45|0x000000060b400000, 0x000000060b800000, 0x000000060b800000|100%| O|  |TAMS 0x000000060b400000| PB 0x000000060b400000| Untracked |  0
|  46|0x000000060b800000, 0x000000060bc00000, 0x000000060bc00000|100%| O|  |TAMS 0x000000060b800000| PB 0x000000060b800000| Untracked |  0
|  47|0x000000060bc00000, 0x000000060c000000, 0x000000060c000000|100%| O|  |TAMS 0x000000060bc00000| PB 0x000000060bc00000| Untracked |  0
|  48|0x000000060c000000, 0x000000060c400000, 0x000000060c400000|100%| O|  |TAMS 0x000000060c000000| PB 0x000000060c000000| Untracked |  0
|  49|0x000000060c400000, 0x000000060c800000, 0x000000060c800000|100%| O|  |TAMS 0x000000060c400000| PB 0x000000060c400000| Untracked |  0
|  50|0x000000060c800000, 0x000000060cc00000, 0x000000060cc00000|100%| O|  |TAMS 0x000000060c800000| PB 0x000000060c800000| Untracked |  0
|  51|0x000000060cc00000, 0x000000060d000000, 0x000000060d000000|100%| O|  |TAMS 0x000000060cc00000| PB 0x000000060cc00000| Untracked |  0
|  52|0x000000060d000000, 0x000000060d400000, 0x000000060d400000|100%| O|  |TAMS 0x000000060d000000| PB 0x000000060d000000| Untracked |  0
|  53|0x000000060d400000, 0x000000060d5fc030, 0x000000060d800000| 49%| O|  |TAMS 0x000000060d400000| PB 0x000000060d400000| Untracked |  0
|  54|0x000000060d800000, 0x000000060d800000, 0x000000060dc00000|  0%| F|  |TAMS 0x000000060d800000| PB 0x000000060d800000| Untracked |  0
|  55|0x000000060dc00000, 0x000000060dc00000, 0x000000060e000000|  0%| F|  |TAMS 0x000000060dc00000| PB 0x000000060dc00000| Untracked |  0
|  56|0x000000060e000000, 0x000000060e000000, 0x000000060e400000|  0%| F|  |TAMS 0x000000060e000000| PB 0x000000060e000000| Untracked |  0
|  57|0x000000060e400000, 0x000000060e400000, 0x000000060e800000|  0%| F|  |TAMS 0x000000060e400000| PB 0x000000060e400000| Untracked |  0
|  58|0x000000060e800000, 0x000000060e800000, 0x000000060ec00000|  0%| F|  |TAMS 0x000000060e800000| PB 0x000000060e800000| Untracked |  0
|  59|0x000000060ec00000, 0x000000060ec00000, 0x000000060f000000|  0%| F|  |TAMS 0x000000060ec00000| PB 0x000000060ec00000| Untracked |  0
|  60|0x000000060f000000, 0x000000060f000000, 0x000000060f400000|  0%| F|  |TAMS 0x000000060f000000| PB 0x000000060f000000| Untracked |  0
|  61|0x000000060f400000, 0x000000060f5b9900, 0x000000060f800000| 43%| S|CS|TAMS 0x000000060f400000| PB 0x000000060f400000| Complete |  0
|  62|0x000000060f800000, 0x000000060f800000, 0x000000060fc00000|  0%| F|  |TAMS 0x000000060f800000| PB 0x000000060f800000| Untracked |  0
|  63|0x000000060fc00000, 0x000000060fc00000, 0x0000000610000000|  0%| F|  |TAMS 0x000000060fc00000| PB 0x000000060fc00000| Untracked |  0
|  64|0x0000000610000000, 0x0000000610000000, 0x0000000610400000|  0%| F|  |TAMS 0x0000000610000000| PB 0x0000000610000000| Untracked |  0
|  65|0x0000000610400000, 0x0000000610400000, 0x0000000610800000|  0%| F|  |TAMS 0x0000000610400000| PB 0x0000000610400000| Untracked |  0
|  66|0x0000000610800000, 0x0000000610800000, 0x0000000610c00000|  0%| F|  |TAMS 0x0000000610800000| PB 0x0000000610800000| Untracked |  0
|  67|0x0000000610c00000, 0x0000000611000000, 0x0000000611000000|100%| S|CS|TAMS 0x0000000610c00000| PB 0x0000000610c00000| Complete |  0
|  68|0x0000000611000000, 0x0000000611400000, 0x0000000611400000|100%| S|CS|TAMS 0x0000000611000000| PB 0x0000000611000000| Complete |  0
|  69|0x0000000611400000, 0x0000000611800000, 0x0000000611800000|100%| S|CS|TAMS 0x0000000611400000| PB 0x0000000611400000| Complete |  0
|  70|0x0000000611800000, 0x0000000611c00000, 0x0000000611c00000|100%| S|CS|TAMS 0x0000000611800000| PB 0x0000000611800000| Complete |  0
|  71|0x0000000611c00000, 0x0000000611c00000, 0x0000000612000000|  0%| F|  |TAMS 0x0000000611c00000| PB 0x0000000611c00000| Untracked |  0
|  72|0x0000000612000000, 0x0000000612000000, 0x0000000612400000|  0%| F|  |TAMS 0x0000000612000000| PB 0x0000000612000000| Untracked |  0
|  73|0x0000000612400000, 0x0000000612400000, 0x0000000612800000|  0%| F|  |TAMS 0x0000000612400000| PB 0x0000000612400000| Untracked |  0
|  74|0x0000000612800000, 0x0000000612800000, 0x0000000612c00000|  0%| F|  |TAMS 0x0000000612800000| PB 0x0000000612800000| Untracked |  0
|  75|0x0000000612c00000, 0x0000000612c00000, 0x0000000613000000|  0%| F|  |TAMS 0x0000000612c00000| PB 0x0000000612c00000| Untracked |  0
|  76|0x0000000613000000, 0x0000000613000000, 0x0000000613400000|  0%| F|  |TAMS 0x0000000613000000| PB 0x0000000613000000| Untracked |  0
|  77|0x0000000613400000, 0x0000000613400000, 0x0000000613800000|  0%| F|  |TAMS 0x0000000613400000| PB 0x0000000613400000| Untracked |  0
|  78|0x0000000613800000, 0x0000000613800000, 0x0000000613c00000|  0%| F|  |TAMS 0x0000000613800000| PB 0x0000000613800000| Untracked |  0
|  79|0x0000000613c00000, 0x0000000613c00000, 0x0000000614000000|  0%| F|  |TAMS 0x0000000613c00000| PB 0x0000000613c00000| Untracked |  0
|  80|0x0000000614000000, 0x0000000614000000, 0x0000000614400000|  0%| F|  |TAMS 0x0000000614000000| PB 0x0000000614000000| Untracked |  0
|  81|0x0000000614400000, 0x0000000614400000, 0x0000000614800000|  0%| F|  |TAMS 0x0000000614400000| PB 0x0000000614400000| Untracked |  0
|  82|0x0000000614800000, 0x0000000614800000, 0x0000000614c00000|  0%| F|  |TAMS 0x0000000614800000| PB 0x0000000614800000| Untracked |  0
|  83|0x0000000614c00000, 0x0000000614c00000, 0x0000000615000000|  0%| F|  |TAMS 0x0000000614c00000| PB 0x0000000614c00000| Untracked |  0
|  84|0x0000000615000000, 0x0000000615000000, 0x0000000615400000|  0%| F|  |TAMS 0x0000000615000000| PB 0x0000000615000000| Untracked |  0
|  85|0x0000000615400000, 0x0000000615630c28, 0x0000000615800000| 54%| E|  |TAMS 0x0000000615400000| PB 0x0000000615400000| Complete |  0
|  86|0x0000000615800000, 0x0000000615c00000, 0x0000000615c00000|100%| E|CS|TAMS 0x0000000615800000| PB 0x0000000615800000| Complete |  0
|  87|0x0000000615c00000, 0x0000000616000000, 0x0000000616000000|100%| E|CS|TAMS 0x0000000615c00000| PB 0x0000000615c00000| Complete |  0
|  88|0x0000000616000000, 0x0000000616400000, 0x0000000616400000|100%| E|CS|TAMS 0x0000000616000000| PB 0x0000000616000000| Complete |  0
|  89|0x0000000616400000, 0x0000000616800000, 0x0000000616800000|100%| E|CS|TAMS 0x0000000616400000| PB 0x0000000616400000| Complete |  0
|  90|0x0000000616800000, 0x0000000616c00000, 0x0000000616c00000|100%| E|CS|TAMS 0x0000000616800000| PB 0x0000000616800000| Complete |  0
|  91|0x0000000616c00000, 0x0000000617000000, 0x0000000617000000|100%| E|CS|TAMS 0x0000000616c00000| PB 0x0000000616c00000| Complete |  0
|  92|0x0000000617000000, 0x0000000617400000, 0x0000000617400000|100%| E|CS|TAMS 0x0000000617000000| PB 0x0000000617000000| Complete |  0
|  93|0x0000000617400000, 0x0000000617800000, 0x0000000617800000|100%| E|CS|TAMS 0x0000000617400000| PB 0x0000000617400000| Complete |  0
|  94|0x0000000617800000, 0x0000000617c00000, 0x0000000617c00000|100%| E|CS|TAMS 0x0000000617800000| PB 0x0000000617800000| Complete |  0
|  95|0x0000000617c00000, 0x0000000618000000, 0x0000000618000000|100%| E|CS|TAMS 0x0000000617c00000| PB 0x0000000617c00000| Complete |  0
|  96|0x0000000618000000, 0x0000000618400000, 0x0000000618400000|100%| E|CS|TAMS 0x0000000618000000| PB 0x0000000618000000| Complete |  0
|  97|0x0000000618400000, 0x0000000618800000, 0x0000000618800000|100%| E|CS|TAMS 0x0000000618400000| PB 0x0000000618400000| Complete |  0
|  98|0x0000000618800000, 0x0000000618c00000, 0x0000000618c00000|100%| E|CS|TAMS 0x0000000618800000| PB 0x0000000618800000| Complete |  0
|  99|0x0000000618c00000, 0x0000000619000000, 0x0000000619000000|100%| E|CS|TAMS 0x0000000618c00000| PB 0x0000000618c00000| Complete |  0
| 100|0x0000000619000000, 0x0000000619400000, 0x0000000619400000|100%| E|CS|TAMS 0x0000000619000000| PB 0x0000000619000000| Complete |  0
| 101|0x0000000619400000, 0x0000000619800000, 0x0000000619800000|100%| E|CS|TAMS 0x0000000619400000| PB 0x0000000619400000| Complete |  0
| 102|0x0000000619800000, 0x0000000619c00000, 0x0000000619c00000|100%| E|CS|TAMS 0x0000000619800000| PB 0x0000000619800000| Complete |  0
| 103|0x0000000619c00000, 0x000000061a000000, 0x000000061a000000|100%| E|CS|TAMS 0x0000000619c00000| PB 0x0000000619c00000| Complete |  0
| 104|0x000000061a000000, 0x000000061a400000, 0x000000061a400000|100%| E|CS|TAMS 0x000000061a000000| PB 0x000000061a000000| Complete |  0
| 105|0x000000061a400000, 0x000000061a800000, 0x000000061a800000|100%| E|CS|TAMS 0x000000061a400000| PB 0x000000061a400000| Complete |  0
| 106|0x000000061a800000, 0x000000061ac00000, 0x000000061ac00000|100%| E|CS|TAMS 0x000000061a800000| PB 0x000000061a800000| Complete |  0
| 107|0x000000061ac00000, 0x000000061b000000, 0x000000061b000000|100%| E|CS|TAMS 0x000000061ac00000| PB 0x000000061ac00000| Complete |  0
| 108|0x000000061b000000, 0x000000061b400000, 0x000000061b400000|100%| E|CS|TAMS 0x000000061b000000| PB 0x000000061b000000| Complete |  0
| 109|0x000000061b400000, 0x000000061b800000, 0x000000061b800000|100%| E|CS|TAMS 0x000000061b400000| PB 0x000000061b400000| Complete |  0
| 110|0x000000061b800000, 0x000000061bc00000, 0x000000061bc00000|100%| E|CS|TAMS 0x000000061b800000| PB 0x000000061b800000| Complete |  0
| 111|0x000000061bc00000, 0x000000061c000000, 0x000000061c000000|100%| E|CS|TAMS 0x000000061bc00000| PB 0x000000061bc00000| Complete |  0
| 112|0x000000061c000000, 0x000000061c400000, 0x000000061c400000|100%| E|CS|TAMS 0x000000061c000000| PB 0x000000061c000000| Complete |  0
| 113|0x000000061c400000, 0x000000061c800000, 0x000000061c800000|100%| E|CS|TAMS 0x000000061c400000| PB 0x000000061c400000| Complete |  0
| 114|0x000000061c800000, 0x000000061cc00000, 0x000000061cc00000|100%| E|CS|TAMS 0x000000061c800000| PB 0x000000061c800000| Complete |  0

Card table byte_map: [0x000001a0d9b40000,0x000001a0dab40000] _byte_map_base: 0x000001a0d6b40000

Marking Bits: (CMBitMap*) 0x000001a0b0138dc0
 Bits: [0x000001a0dab40000, 0x000001a0e2b40000)

Polling page: 0x000001a0adfb0000

Metaspace:

Usage:
  Non-class:    104.46 MB used.
      Class:     17.26 MB used.
       Both:    121.72 MB used.

Virtual space:
  Non-class space:      128.00 MB reserved,     106.00 MB ( 83%) committed,  2 nodes.
      Class space:        1.00 GB reserved,      18.56 MB (  2%) committed,  1 nodes.
             Both:        1.12 GB reserved,     124.56 MB ( 11%) committed. 

Chunk freelists:
   Non-Class:  5.08 MB
       Class:  13.34 MB
        Both:  18.42 MB

MaxMetaspaceSize: 4.00 GB
CompressedClassSpaceSize: 1.00 GB
Initial GC threshold: 21.00 MB
Current GC threshold: 187.31 MB
CDS: on
 - commit_granule_bytes: 65536.
 - commit_granule_words: 8192.
 - virtual_space_node_default_size: 8388608.
 - enlarge_chunks_in_place: 1.
 - use_allocation_guard: 0.


Internal statistics:

num_allocs_failed_limit: 12.
num_arena_births: 4554.
num_arena_deaths: 0.
num_vsnodes_births: 3.
num_vsnodes_deaths: 0.
num_space_committed: 1992.
num_space_uncommitted: 0.
num_chunks_returned_to_freelist: 12.
num_chunks_taken_from_freelist: 10145.
num_chunk_merges: 6.
num_chunk_splits: 6758.
num_chunks_enlarged: 4436.
num_inconsistent_stats: 0.

CodeHeap 'non-profiled nmethods': size=259264Kb used=12929Kb max_used=12929Kb free=246334Kb
 bounds [0x000001a0c86a0000, 0x000001a0c9350000, 0x000001a0d83d0000]
CodeHeap 'profiled nmethods': size=259264Kb used=30145Kb max_used=30145Kb free=229118Kb
 bounds [0x000001a0b83d0000, 0x000001a0ba150000, 0x000001a0c8100000]
CodeHeap 'non-nmethods': size=5760Kb used=3345Kb max_used=3375Kb free=2414Kb
 bounds [0x000001a0c8100000, 0x000001a0c8460000, 0x000001a0c86a0000]
 total_blobs=17129 nmethods=16039 adapters=993
 compilation: enabled
              stopped_count=0, restarted_count=0
 full_count=0

Compilation events (20 events):
Event: 30.326 Thread 0x000001a0e4e37ba0 18705       3       com.android.build.gradle.internal.dsl.LibraryExtensionImpl$AgpDecorated::getLint (8 bytes)
Event: 30.326 Thread 0x000001a0e4e37ba0 nmethod 18705 0x000001a0ba0fb910 code [0x000001a0ba0fbaa0, 0x000001a0ba0fbbb8]
Event: 30.326 Thread 0x000001a0e4e37ba0 18707       3       com.android.build.gradle.internal.scope.ProjectInfo::getProjectDirectory (21 bytes)
Event: 30.327 Thread 0x000001a0e4e37ba0 nmethod 18707 0x000001a0ba0fbc90 code [0x000001a0ba0fbe60, 0x000001a0ba0fc150]
Event: 30.327 Thread 0x000001a0e4e37ba0 18708       3       com.android.build.gradle.internal.scope.ProjectInfo::getPath (16 bytes)
Event: 30.327 Thread 0x000001a0e4e37ba0 nmethod 18708 0x000001a0ba0fc310 code [0x000001a0ba0fc500, 0x000001a0ba0fc980]
Event: 30.327 Thread 0x000001a0e4e37ba0 18709       1       com.android.build.gradle.internal.dsl.LintImpl::getDisable (5 bytes)
Event: 30.327 Thread 0x000001a0e4e37ba0 nmethod 18709 0x000001a0c932c710 code [0x000001a0c932c8a0, 0x000001a0c932c970]
Event: 30.328 Thread 0x000001a0e4e370f0 nmethod 18684 0x000001a0c932ca10 code [0x000001a0c932cc40, 0x000001a0c932da20]
Event: 30.328 Thread 0x000001a0e4e370f0 18698       4       org.gradle.internal.instantiation.generator.ManagedObjectFactory::newInstance (145 bytes)
Event: 30.329 Thread 0x000001a0e4e37ba0 18711       3       com.android.build.gradle.internal.dsl.BuildType::isMinifyEnabled (36 bytes)
Event: 30.329 Thread 0x000001a0e4e37ba0 nmethod 18711 0x000001a0ba0fcb90 code [0x000001a0ba0fcd60, 0x000001a0ba0fd198]
Event: 30.329 Thread 0x000001a0e4e37ba0 18710       3       com.android.build.gradle.internal.dsl.PostProcessingBlock_Decorated::isRemoveUnusedCode (45 bytes)
Event: 30.330 Thread 0x000001a0e4e37ba0 nmethod 18710 0x000001a0ba0fd310 code [0x000001a0ba0fd500, 0x000001a0ba0fd938]
Event: 30.330 Thread 0x000001a0e4e37ba0 18712       3       com.android.build.gradle.internal.services.TaskCreationServicesImpl::provider (36 bytes)
Event: 30.330 Thread 0x000001a0e4e37ba0 nmethod 18712 0x000001a0ba0fdb10 code [0x000001a0ba0fde00, 0x000001a0ba0fed18]
Event: 30.330 Thread 0x000001a0e4e37ba0 18713       3       com.android.build.gradle.internal.services.TaskCreationServicesImpl$sam$java_util_concurrent_Callable$0::<init> (16 bytes)
Event: 30.330 Thread 0x000001a0e4e37ba0 nmethod 18713 0x000001a0ba0ff310 code [0x000001a0ba0ff520, 0x000001a0ba0ffb70]
Event: 30.330 Thread 0x000001a0e4e37ba0 18714       3       org.gradle.api.internal.provider.AbstractMinimalProvider::filter (6 bytes)
Event: 31.331 Thread 0x000001a0e4e37ba0 nmethod 18714 0x000001a0ba0ffe10 code [0x000001a0ba0fffc0, 0x000001a0ba1003f0]

GC Heap History (20 events):
Event: 23.942 GC heap before
{Heap before GC invocations=43 (full 0):
 garbage-first heap   total reserved 8388608K, committed 258048K, used 229199K [0x0000000600000000, 0x0000000800000000)
  region size 4096K, 20 young (81920K), 1 survivors (4096K)
 Metaspace       used 107604K, committed 110144K, reserved 1179648K
  class space    used 15417K, committed 16640K, reserved 1048576K
}
Event: 23.946 GC heap after
{Heap after GC invocations=44 (full 0):
 garbage-first heap   total reserved 8388608K, committed 258048K, used 154384K [0x0000000600000000, 0x0000000800000000)
  region size 4096K, 2 young (8192K), 2 survivors (8192K)
 Metaspace       used 107604K, committed 110144K, reserved 1179648K
  class space    used 15417K, committed 16640K, reserved 1048576K
}
Event: 24.428 GC heap before
{Heap before GC invocations=45 (full 0):
 garbage-first heap   total reserved 8388608K, committed 266240K, used 228112K [0x0000000600000000, 0x0000000800000000)
  region size 4096K, 20 young (81920K), 2 survivors (8192K)
 Metaspace       used 109253K, committed 111872K, reserved 1179648K
  class space    used 15684K, committed 16896K, reserved 1048576K
}
Event: 24.436 GC heap after
{Heap after GC invocations=46 (full 0):
 garbage-first heap   total reserved 8388608K, committed 266240K, used 163177K [0x0000000600000000, 0x0000000800000000)
  region size 4096K, 3 young (12288K), 3 survivors (12288K)
 Metaspace       used 109253K, committed 111872K, reserved 1179648K
  class space    used 15684K, committed 16896K, reserved 1048576K
}
Event: 24.536 GC heap before
{Heap before GC invocations=46 (full 0):
 garbage-first heap   total reserved 8388608K, committed 266240K, used 232809K [0x0000000600000000, 0x0000000800000000)
  region size 4096K, 21 young (86016K), 3 survivors (12288K)
 Metaspace       used 109255K, committed 111872K, reserved 1179648K
  class space    used 15684K, committed 16896K, reserved 1048576K
}
Event: 24.547 GC heap after
{Heap after GC invocations=47 (full 0):
 garbage-first heap   total reserved 8388608K, committed 335872K, used 165404K [0x0000000600000000, 0x0000000800000000)
  region size 4096K, 2 young (8192K), 2 survivors (8192K)
 Metaspace       used 109255K, committed 111872K, reserved 1179648K
  class space    used 15684K, committed 16896K, reserved 1048576K
}
Event: 25.310 GC heap before
{Heap before GC invocations=47 (full 0):
 garbage-first heap   total reserved 8388608K, committed 335872K, used 292380K [0x0000000600000000, 0x0000000800000000)
  region size 4096K, 34 young (139264K), 2 survivors (8192K)
 Metaspace       used 111519K, committed 114176K, reserved 1179648K
  class space    used 16029K, committed 17280K, reserved 1048576K
}
Event: 25.319 GC heap after
{Heap after GC invocations=48 (full 0):
 garbage-first heap   total reserved 8388608K, committed 335872K, used 176863K [0x0000000600000000, 0x0000000800000000)
  region size 4096K, 4 young (16384K), 4 survivors (16384K)
 Metaspace       used 111519K, committed 114176K, reserved 1179648K
  class space    used 16029K, committed 17280K, reserved 1048576K
}
Event: 25.680 GC heap before
{Heap before GC invocations=48 (full 0):
 garbage-first heap   total reserved 8388608K, committed 335872K, used 291551K [0x0000000600000000, 0x0000000800000000)
  region size 4096K, 33 young (135168K), 4 survivors (16384K)
 Metaspace       used 111691K, committed 114368K, reserved 1179648K
  class space    used 16045K, committed 17280K, reserved 1048576K
}
Event: 25.689 GC heap after
{Heap after GC invocations=49 (full 0):
 garbage-first heap   total reserved 8388608K, committed 335872K, used 182554K [0x0000000600000000, 0x0000000800000000)
  region size 4096K, 2 young (8192K), 2 survivors (8192K)
 Metaspace       used 111691K, committed 114368K, reserved 1179648K
  class space    used 16045K, committed 17280K, reserved 1048576K
}
Event: 26.311 GC heap before
{Heap before GC invocations=49 (full 0):
 garbage-first heap   total reserved 8388608K, committed 335872K, used 301338K [0x0000000600000000, 0x0000000800000000)
  region size 4096K, 32 young (131072K), 2 survivors (8192K)
 Metaspace       used 112234K, committed 115008K, reserved 1179648K
  class space    used 16100K, committed 17344K, reserved 1048576K
}
Event: 26.325 GC heap after
{Heap after GC invocations=50 (full 0):
 garbage-first heap   total reserved 8388608K, committed 335872K, used 193554K [0x0000000600000000, 0x0000000800000000)
  region size 4096K, 4 young (16384K), 4 survivors (16384K)
 Metaspace       used 112234K, committed 115008K, reserved 1179648K
  class space    used 16100K, committed 17344K, reserved 1048576K
}
Event: 26.817 GC heap before
{Heap before GC invocations=51 (full 0):
 garbage-first heap   total reserved 8388608K, committed 335872K, used 295954K [0x0000000600000000, 0x0000000800000000)
  region size 4096K, 29 young (118784K), 4 survivors (16384K)
 Metaspace       used 112823K, committed 115648K, reserved 1179648K
  class space    used 16174K, committed 17472K, reserved 1048576K
}
Event: 26.831 GC heap after
{Heap after GC invocations=52 (full 0):
 garbage-first heap   total reserved 8388608K, committed 335872K, used 205824K [0x0000000600000000, 0x0000000800000000)
  region size 4096K, 4 young (16384K), 4 survivors (16384K)
 Metaspace       used 112823K, committed 115648K, reserved 1179648K
  class space    used 16174K, committed 17472K, reserved 1048576K
}
Event: 26.974 GC heap before
{Heap before GC invocations=52 (full 0):
 garbage-first heap   total reserved 8388608K, committed 335872K, used 291840K [0x0000000600000000, 0x0000000800000000)
  region size 4096K, 26 young (106496K), 4 survivors (16384K)
 Metaspace       used 112849K, committed 115648K, reserved 1179648K
  class space    used 16176K, committed 17472K, reserved 1048576K
}
Event: 26.986 GC heap after
{Heap after GC invocations=53 (full 0):
 garbage-first heap   total reserved 8388608K, committed 471040K, used 207249K [0x0000000600000000, 0x0000000800000000)
  region size 4096K, 2 young (8192K), 2 survivors (8192K)
 Metaspace       used 112849K, committed 115648K, reserved 1179648K
  class space    used 16176K, committed 17472K, reserved 1048576K
}
Event: 27.481 GC heap before
{Heap before GC invocations=53 (full 0):
 garbage-first heap   total reserved 8388608K, committed 471040K, used 399761K [0x0000000600000000, 0x0000000800000000)
  region size 4096K, 50 young (204800K), 2 survivors (8192K)
 Metaspace       used 113226K, committed 116096K, reserved 1179648K
  class space    used 16227K, committed 17536K, reserved 1048576K
}
Event: 27.490 GC heap after
{Heap after GC invocations=54 (full 0):
 garbage-first heap   total reserved 8388608K, committed 471040K, used 219853K [0x0000000600000000, 0x0000000800000000)
  region size 4096K, 5 young (20480K), 5 survivors (20480K)
 Metaspace       used 113226K, committed 116096K, reserved 1179648K
  class space    used 16227K, committed 17536K, reserved 1048576K
}
Event: 28.783 GC heap before
{Heap before GC invocations=54 (full 0):
 garbage-first heap   total reserved 8388608K, committed 471040K, used 395981K [0x0000000600000000, 0x0000000800000000)
  region size 4096K, 49 young (200704K), 5 survivors (20480K)
 Metaspace       used 120476K, committed 123328K, reserved 1179648K
  class space    used 17107K, committed 18368K, reserved 1048576K
}
Event: 28.798 GC heap after
{Heap after GC invocations=55 (full 0):
 garbage-first heap   total reserved 8388608K, committed 471040K, used 237270K [0x0000000600000000, 0x0000000800000000)
  region size 4096K, 5 young (20480K), 5 survivors (20480K)
 Metaspace       used 120476K, committed 123328K, reserved 1179648K
  class space    used 17107K, committed 18368K, reserved 1048576K
}

Dll operation events (16 events):
Event: 0.009 Loaded shared library C:\Program Files\Java\jdk-22\bin\java.dll
Event: 0.046 Loaded shared library C:\Program Files\Java\jdk-22\bin\jsvml.dll
Event: 0.083 Loaded shared library C:\Program Files\Java\jdk-22\bin\zip.dll
Event: 0.086 Loaded shared library C:\Program Files\Java\jdk-22\bin\instrument.dll
Event: 0.091 Loaded shared library C:\Program Files\Java\jdk-22\bin\net.dll
Event: 0.093 Loaded shared library C:\Program Files\Java\jdk-22\bin\nio.dll
Event: 0.096 Loaded shared library C:\Program Files\Java\jdk-22\bin\zip.dll
Event: 0.225 Loaded shared library C:\Program Files\Java\jdk-22\bin\jimage.dll
Event: 0.307 Loaded shared library C:\Program Files\Java\jdk-22\bin\verify.dll
Event: 0.404 Loaded shared library C:\Users\hungk\.gradle\native\c067742578af261105cb4f569cf0c3c89f3d7b1fecec35dd04571415982c5e48\windows-amd64\native-platform.dll
Event: 0.412 Loaded shared library C:\Users\hungk\.gradle\native\100fb08df4bc3b14c8652ba06237920a3bd2aa13389f12d3474272988ae205f9\windows-amd64\native-platform-file-events.dll
Event: 0.976 Loaded shared library C:\Program Files\Java\jdk-22\bin\management.dll
Event: 0.979 Loaded shared library C:\Program Files\Java\jdk-22\bin\management_ext.dll
Event: 1.124 Loaded shared library C:\Program Files\Java\jdk-22\bin\extnet.dll
Event: 1.303 Loaded shared library C:\Program Files\Java\jdk-22\bin\sunmscapi.dll
Event: 8.795 Loaded shared library C:\Program Files\Java\jdk-22\bin\rmi.dll

Deoptimization events (20 events):
Event: 30.059 Thread 0x000001a12c7adf70 DEOPT PACKING pc=0x000001a0c8c9de88 sp=0x00000029802f7fb0
Event: 30.059 Thread 0x000001a12c7adf70 DEOPT UNPACKING pc=0x000001a0c8157da2 sp=0x00000029802f7f78 mode 2
Event: 30.063 Thread 0x000001a12c7adf70 Uncommon trap: trap_request=0xffffffc6 fr.pc=0x000001a0c8c9de88 relative=0x0000000000000988
Event: 30.063 Thread 0x000001a12c7adf70 Uncommon trap: reason=bimorphic_or_optimized_type_check action=maybe_recompile pc=0x000001a0c8c9de88 method=java.lang.Throwable.<init>(Ljava/lang/String;Ljava/lang/Throwable;)V @ 24 c2
Event: 30.063 Thread 0x000001a12c7adf70 DEOPT PACKING pc=0x000001a0c8c9de88 sp=0x00000029802f8b10
Event: 30.063 Thread 0x000001a12c7adf70 DEOPT UNPACKING pc=0x000001a0c8157da2 sp=0x00000029802f8ad8 mode 2
Event: 30.078 Thread 0x000001a12c7adf70 Uncommon trap: trap_request=0xffffffc6 fr.pc=0x000001a0c8c9de88 relative=0x0000000000000988
Event: 30.078 Thread 0x000001a12c7adf70 Uncommon trap: reason=bimorphic_or_optimized_type_check action=maybe_recompile pc=0x000001a0c8c9de88 method=java.lang.Throwable.<init>(Ljava/lang/String;Ljava/lang/Throwable;)V @ 24 c2
Event: 30.078 Thread 0x000001a12c7adf70 DEOPT PACKING pc=0x000001a0c8c9de88 sp=0x00000029802f9680
Event: 30.078 Thread 0x000001a12c7adf70 DEOPT UNPACKING pc=0x000001a0c8157da2 sp=0x00000029802f9648 mode 2
Event: 30.107 Thread 0x000001a12c7adf70 Uncommon trap: trap_request=0xffffffc6 fr.pc=0x000001a0c90366fc relative=0x000000000000081c
Event: 30.107 Thread 0x000001a12c7adf70 Uncommon trap: reason=bimorphic_or_optimized_type_check action=maybe_recompile pc=0x000001a0c90366fc method=org.gradle.api.Namer$Comparator.compare(Ljava/lang/Object;Ljava/lang/Object;)I @ 5 c2
Event: 30.107 Thread 0x000001a12c7adf70 DEOPT PACKING pc=0x000001a0c90366fc sp=0x00000029802f9d40
Event: 30.107 Thread 0x000001a12c7adf70 DEOPT UNPACKING pc=0x000001a0c8157da2 sp=0x00000029802f9cd0 mode 2
Event: 30.107 Thread 0x000001a12c7adf70 Uncommon trap: trap_request=0xffffffc6 fr.pc=0x000001a0c90366fc relative=0x000000000000081c
Event: 30.107 Thread 0x000001a12c7adf70 Uncommon trap: reason=bimorphic_or_optimized_type_check action=maybe_recompile pc=0x000001a0c90366fc method=org.gradle.api.Namer$Comparator.compare(Ljava/lang/Object;Ljava/lang/Object;)I @ 5 c2
Event: 30.107 Thread 0x000001a12c7adf70 DEOPT PACKING pc=0x000001a0c90366fc sp=0x00000029802f9db0
Event: 30.107 Thread 0x000001a12c7adf70 DEOPT UNPACKING pc=0x000001a0c8157da2 sp=0x00000029802f9d40 mode 2
Event: 30.161 Thread 0x000001a12c7adf70 DEOPT PACKING pc=0x000001a0b9f5ae00 sp=0x00000029802faaf0
Event: 30.161 Thread 0x000001a12c7adf70 DEOPT UNPACKING pc=0x000001a0c81588e2 sp=0x00000029802f9f98 mode 0

Classes loaded (20 events):
Event: 30.053 Loading class java/net/URL$2
Event: 30.053 Loading class java/net/URL$2 done
Event: 30.053 Loading class java/net/URL$1
Event: 30.054 Loading class java/net/URL$1 done
Event: 30.054 Loading class java/net/spi/URLStreamHandlerProvider
Event: 30.054 Loading class java/net/spi/URLStreamHandlerProvider done
Event: 30.056 Loading class sun/net/www/protocol/http/Handler
Event: 30.056 Loading class sun/net/www/protocol/http/Handler done
Event: 30.058 Loading class javax/crypto/JceSecurity$WeakIdentityWrapper
Event: 30.058 Loading class javax/crypto/JceSecurity$WeakIdentityWrapper done
Event: 30.058 Loading class javax/crypto/JceSecurity$2
Event: 30.058 Loading class javax/crypto/JceSecurity$2 done
Event: 30.058 Loading class javax/crypto/JceSecurity$3
Event: 30.058 Loading class javax/crypto/JceSecurity$3 done
Event: 30.058 Loading class javax/crypto/ProviderVerifier
Event: 30.058 Loading class javax/crypto/ProviderVerifier done
Event: 30.058 Loading class javax/crypto/ProviderVerifier$1
Event: 30.058 Loading class javax/crypto/ProviderVerifier$1 done
Event: 30.090 Loading class java/security/cert/CertificateEncodingException
Event: 30.091 Loading class java/security/cert/CertificateEncodingException done

Classes unloaded (0 events):
No events

Classes redefined (0 events):
No events

Internal exceptions (20 events):
Event: 28.014 Thread 0x000001a12c7adf70 Exception <a 'java/lang/IncompatibleClassChangeError'{0x00000006177ca0f8}: Found class java.lang.Object, but interface was expected> (0x00000006177ca0f8) 
thrown [s\open\src\hotspot\share\interpreter\linkResolver.cpp, line 841]
Event: 28.160 Thread 0x000001a12c7b27a0 Exception <a 'java/lang/NoSuchMethodError'{0x0000000617c7cd00}: static Lorg/gradle/tooling/internal/provider/PhasedBuildActionResult;.<clinit>()V> (0x0000000617c7cd00) 
thrown [s\open\src\hotspot\share\prims\jni.cpp, line 1111]
Event: 28.160 Thread 0x000001a12c7b27a0 Exception <a 'java/lang/NoSuchMethodError'{0x0000000617c81e18}: static Lorg/gradle/tooling/internal/provider/serialization/SerializedPayload;.<clinit>()V> (0x0000000617c81e18) 
thrown [s\open\src\hotspot\share\prims\jni.cpp, line 1111]
Event: 28.183 Thread 0x000001a1327899e0 Exception <a 'java/lang/NoSuchMethodError'{0x0000000616432850}: static Ljava/lang/Object;.<clinit>()V> (0x0000000616432850) 
thrown [s\open\src\hotspot\share\prims\jni.cpp, line 1111]
Event: 28.184 Thread 0x000001a1327899e0 Exception <a 'java/lang/NoSuchMethodError'{0x000000061643aa38}: static Lorg/jetbrains/kotlin/gradle/plugin/statistics/MetricContainer;.<clinit>()V> (0x000000061643aa38) 
thrown [s\open\src\hotspot\share\prims\jni.cpp, line 1111]
Event: 28.187 Thread 0x000001a12c7adf70 Exception <a 'java/lang/NoSuchMethodError'{0x0000000616ab46f0}: 'java.lang.Object java.lang.invoke.DirectMethodHandle$Holder.invokeStatic(java.lang.Object, int, java.lang.Object)'> (0x0000000616ab46f0) 
thrown [s\open\src\hotspot\share\interpreter\linkResolver.cpp, line 774]
Event: 28.189 Thread 0x000001a12c7adf70 Implicit null exception at 0x000001a0c922c4c6 to 0x000001a0c922c8a8
Event: 28.206 Thread 0x000001a12c7adf70 Implicit null exception at 0x000001a0c92785c7 to 0x000001a0c92786fb
Event: 28.231 Thread 0x000001a12c7adf70 Implicit null exception at 0x000001a0c92837fe to 0x000001a0c9283a9c
Event: 28.378 Thread 0x000001a12c7adf70 Implicit null exception at 0x000001a0c929eec2 to 0x000001a0c929f688
Event: 28.387 Thread 0x000001a12c7adf70 Exception <a 'java/lang/ClassNotFoundException'{0x000000061484c430}: com/android/build/gradle/internal/tasks/CompressAssetsTask_DecoratedBeanInfo> (0x000000061484c430) 
thrown [s\open\src\hotspot\share\classfile\systemDictionary.cpp, line 313]
Event: 28.387 Thread 0x000001a12c7adf70 Exception <a 'java/lang/ClassNotFoundException'{0x0000000614856f18}: com/android/build/gradle/internal/tasks/CompressAssetsTaskBeanInfo> (0x0000000614856f18) 
thrown [s\open\src\hotspot\share\classfile\systemDictionary.cpp, line 313]
Event: 28.387 Thread 0x000001a12c7adf70 Exception <a 'java/lang/ClassNotFoundException'{0x00000006148619e0}: com/android/build/gradle/internal/tasks/CompressAssetsTaskCustomizer> (0x00000006148619e0) 
thrown [s\open\src\hotspot\share\classfile\systemDictionary.cpp, line 313]
Event: 28.387 Thread 0x000001a12c7adf70 Exception <a 'java/lang/ClassNotFoundException'{0x0000000614880e58}: com/android/build/gradle/internal/tasks/CompressAssetsTask_DecoratedCustomizer> (0x0000000614880e58) 
thrown [s\open\src\hotspot\share\classfile\systemDictionary.cpp, line 313]
Event: 28.405 Thread 0x000001a12c7adf70 Implicit null exception at 0x000001a0c92a928e to 0x000001a0c92a99dc
Event: 28.405 Thread 0x000001a12c7adf70 Implicit null exception at 0x000001a0c92a834d to 0x000001a0c92a85a4
Event: 28.405 Thread 0x000001a12c7adf70 Implicit null exception at 0x000001a0c92ab24d to 0x000001a0c92ab4a4
Event: 28.845 Thread 0x000001a12c7adf70 Exception <a 'java/lang/ClassNotFoundException'{0x000000061c7dbfc8}: FlutterPlugin$_addTasksForOutputsAppLinkSettings_closure13$_closure42BeanInfo> (0x000000061c7dbfc8) 
thrown [s\open\src\hotspot\share\classfile\systemDictionary.cpp, line 313]
Event: 28.845 Thread 0x000001a12c7adf70 Exception <a 'java/lang/ClassNotFoundException'{0x000000061c7e7f68}: FlutterPlugin$_addTasksForOutputsAppLinkSettings_closure13$_closure42Customizer> (0x000000061c7e7f68) 
thrown [s\open\src\hotspot\share\classfile\systemDictionary.cpp, line 313]
Event: 30.050 Thread 0x000001a12c7adf70 Exception <a 'sun/nio/fs/WindowsException'{0x000000061ab6d908}> (0x000000061ab6d908) 
thrown [s\open\src\hotspot\share\prims\jni.cpp, line 520]

ZGC Phase Switch (0 events):
No events

VM Operations (20 events):
Event: 27.758 Executing VM operation: ICBufferFull done
Event: 27.908 Executing VM operation: HandshakeAllThreads (Deoptimize)
Event: 27.909 Executing VM operation: HandshakeAllThreads (Deoptimize) done
Event: 27.919 Executing VM operation: ICBufferFull
Event: 27.919 Executing VM operation: ICBufferFull done
Event: 28.185 Executing VM operation: ICBufferFull
Event: 28.186 Executing VM operation: ICBufferFull done
Event: 28.503 Executing VM operation: ICBufferFull
Event: 28.503 Executing VM operation: ICBufferFull done
Event: 28.618 Executing VM operation: HandshakeAllThreads (Deoptimize)
Event: 28.618 Executing VM operation: HandshakeAllThreads (Deoptimize) done
Event: 28.783 Executing VM operation: G1CollectForAllocation (G1 Evacuation Pause)
Event: 28.798 Executing VM operation: G1CollectForAllocation (G1 Evacuation Pause) done
Event: 30.055 Executing VM operation: HandshakeAllThreads (Deoptimize)
Event: 30.055 Executing VM operation: HandshakeAllThreads (Deoptimize) done
Event: 30.055 Executing VM operation: Cleanup
Event: 30.055 Executing VM operation: Cleanup done
Event: 30.057 Executing VM operation: HandshakeAllThreads (Deoptimize)
Event: 30.058 Executing VM operation: HandshakeAllThreads (Deoptimize) done
Event: 31.057 Executing VM operation: Cleanup

Events (20 events):
Event: 26.414 Thread 0x000001a0e4df38d0 flushing nmethod 0x000001a0c8d71e10
Event: 26.414 Thread 0x000001a0e4df38d0 flushing nmethod 0x000001a0b83d8790
Event: 26.414 Thread 0x000001a0e4df38d0 flushing nmethod 0x000001a0b8555d90
Event: 26.414 Thread 0x000001a0e4df38d0 flushing nmethod 0x000001a0b8803f90
Event: 26.414 Thread 0x000001a0e4df38d0 flushing nmethod 0x000001a0b8e85310
Event: 26.414 Thread 0x000001a0e4df38d0 flushing nmethod 0x000001a0b8eefc90
Event: 26.414 Thread 0x000001a0e4df38d0 flushing nmethod 0x000001a0b8f88010
Event: 26.414 Thread 0x000001a0e4df38d0 flushing nmethod 0x000001a0b917fd90
Event: 26.414 Thread 0x000001a0e4df38d0 flushing nmethod 0x000001a0b91e0c10
Event: 26.414 Thread 0x000001a0e4df38d0 flushing nmethod 0x000001a0b94df910
Event: 26.414 Thread 0x000001a0e4df38d0 flushing nmethod 0x000001a0b95a0b10
Event: 26.414 Thread 0x000001a0e4df38d0 flushing nmethod 0x000001a0b98ae710
Event: 26.414 Thread 0x000001a0e4df38d0 flushing nmethod 0x000001a0b98b7110
Event: 26.414 Thread 0x000001a0e4df38d0 flushing nmethod 0x000001a0b98b9b10
Event: 26.414 Thread 0x000001a0e4df38d0 flushing nmethod 0x000001a0b98ba110
Event: 27.690 Thread 0x000001a132b30fb0 Thread added: 0x000001a132b30fb0
Event: 28.171 Thread 0x000001a132b33da0 Thread added: 0x000001a132b33da0
Event: 28.708 Thread 0x000001a12ddc4660 Thread exited: 0x000001a12ddc4660
Event: 30.032 Thread 0x000001a12ddc2450 Thread exited: 0x000001a12ddc2450
Event: 30.162 Thread 0x000001a139f9ba70 Thread added: 0x000001a139f9ba70


Dynamic libraries:
0x00007ff702b00000 - 0x00007ff702b10000 	C:\Program Files\Java\jdk-22\bin\java.exe
0x00007ffc31140000 - 0x00007ffc313a3000 	C:\WINDOWS\SYSTEM32\ntdll.dll
0x00007ffc2ffb0000 - 0x00007ffc30078000 	C:\WINDOWS\System32\KERNEL32.DLL
0x00007ffc2e510000 - 0x00007ffc2e8c2000 	C:\WINDOWS\System32\KERNELBASE.dll
0x00007ffc2ebc0000 - 0x00007ffc2ed0b000 	C:\WINDOWS\System32\ucrtbase.dll
0x00007ffc175e0000 - 0x00007ffc175f7000 	C:\Program Files\Java\jdk-22\bin\jli.dll
0x00007ffc23300000 - 0x00007ffc2331b000 	C:\Program Files\Java\jdk-22\bin\VCRUNTIME140.dll
0x00007ffc2fef0000 - 0x00007ffc2ffa4000 	C:\WINDOWS\System32\ADVAPI32.dll
0x00007ffc2fe40000 - 0x00007ffc2fee9000 	C:\WINDOWS\System32\msvcrt.dll
0x00007ffc304a0000 - 0x00007ffc30546000 	C:\WINDOWS\System32\sechost.dll
0x00007ffc30980000 - 0x00007ffc30a96000 	C:\WINDOWS\System32\RPCRT4.dll
0x00007ffc2f540000 - 0x00007ffc2f708000 	C:\WINDOWS\System32\USER32.dll
0x00007ffc14af0000 - 0x00007ffc14d80000 	C:\WINDOWS\WinSxS\amd64_microsoft.windows.common-controls_6595b64144ccf1df_6.0.26100.2454_none_3e0b68a2e331ad60\COMCTL32.dll
0x00007ffc2e960000 - 0x00007ffc2e987000 	C:\WINDOWS\System32\win32u.dll
0x00007ffc2efe0000 - 0x00007ffc2f00a000 	C:\WINDOWS\System32\GDI32.dll
0x00007ffc2ee70000 - 0x00007ffc2ef9b000 	C:\WINDOWS\System32\gdi32full.dll
0x00007ffc2e990000 - 0x00007ffc2ea33000 	C:\WINDOWS\System32\msvcp_win.dll
0x00007ffc23250000 - 0x00007ffc2325b000 	C:\WINDOWS\SYSTEM32\VERSION.dll
0x00007ffc2f500000 - 0x00007ffc2f52f000 	C:\WINDOWS\System32\IMM32.DLL
0x00007ffc287a0000 - 0x00007ffc287ac000 	C:\Program Files\Java\jdk-22\bin\vcruntime140_1.dll
0x00007ffbed2f0000 - 0x00007ffbed37e000 	C:\Program Files\Java\jdk-22\bin\msvcp140.dll
0x00007ffbac570000 - 0x00007ffbad2b8000 	C:\Program Files\Java\jdk-22\bin\server\jvm.dll
0x00007ffc30150000 - 0x00007ffc301c4000 	C:\WINDOWS\System32\WS2_32.dll
0x00007ffc2d1e0000 - 0x00007ffc2d22e000 	C:\WINDOWS\SYSTEM32\POWRPROF.dll
0x00007ffc1fa60000 - 0x00007ffc1fa96000 	C:\WINDOWS\SYSTEM32\WINMM.dll
0x00007ffc2d1c0000 - 0x00007ffc2d1d4000 	C:\WINDOWS\SYSTEM32\UMPDC.dll
0x00007ffc2d460000 - 0x00007ffc2d47a000 	C:\WINDOWS\SYSTEM32\kernel.appcore.dll
0x00007ffc268c0000 - 0x00007ffc268ca000 	C:\Program Files\Java\jdk-22\bin\jimage.dll
0x00007ffc2bcb0000 - 0x00007ffc2bef1000 	C:\WINDOWS\SYSTEM32\DBGHELP.DLL
0x00007ffc2f010000 - 0x00007ffc2f38e000 	C:\WINDOWS\System32\combase.dll
0x00007ffc2f420000 - 0x00007ffc2f4f6000 	C:\WINDOWS\System32\OLEAUT32.dll
0x00007ffc119b0000 - 0x00007ffc119e9000 	C:\WINDOWS\SYSTEM32\dbgcore.DLL
0x00007ffc2ed10000 - 0x00007ffc2eda9000 	C:\WINDOWS\System32\bcryptPrimitives.dll
0x00007ffc19e60000 - 0x00007ffc19e6f000 	C:\Program Files\Java\jdk-22\bin\instrument.dll
0x00007ffc16ed0000 - 0x00007ffc16eee000 	C:\Program Files\Java\jdk-22\bin\java.dll
0x00007ffc2f720000 - 0x00007ffc2fe20000 	C:\WINDOWS\System32\SHELL32.dll
0x00007ffc30550000 - 0x00007ffc306e9000 	C:\WINDOWS\System32\ole32.dll
0x00007ffc2c260000 - 0x00007ffc2ca91000 	C:\WINDOWS\SYSTEM32\windows.storage.dll
0x00007ffc30b90000 - 0x00007ffc30c6a000 	C:\WINDOWS\System32\SHCORE.dll
0x00007ffc30920000 - 0x00007ffc3097d000 	C:\WINDOWS\System32\shlwapi.dll
0x00007ffc2e420000 - 0x00007ffc2e44e000 	C:\WINDOWS\SYSTEM32\profapi.dll
0x00007ffbed210000 - 0x00007ffbed2e7000 	C:\Program Files\Java\jdk-22\bin\jsvml.dll
0x00007ffc16290000 - 0x00007ffc162a7000 	C:\Program Files\Java\jdk-22\bin\zip.dll
0x00007ffc16df0000 - 0x00007ffc16e00000 	C:\Program Files\Java\jdk-22\bin\net.dll
0x00007ffc2d960000 - 0x00007ffc2d9c8000 	C:\WINDOWS\system32\mswsock.dll
0x00007ffc14880000 - 0x00007ffc14896000 	C:\Program Files\Java\jdk-22\bin\nio.dll
0x00007ffc16af0000 - 0x00007ffc16b00000 	C:\Program Files\Java\jdk-22\bin\verify.dll
0x00007ffc176c0000 - 0x00007ffc176e7000 	C:\Users\hungk\.gradle\native\c067742578af261105cb4f569cf0c3c89f3d7b1fecec35dd04571415982c5e48\windows-amd64\native-platform.dll
0x00007ffbf4040000 - 0x00007ffbf4184000 	C:\Users\hungk\.gradle\native\100fb08df4bc3b14c8652ba06237920a3bd2aa13389f12d3474272988ae205f9\windows-amd64\native-platform-file-events.dll
0x00007ffc164d0000 - 0x00007ffc164da000 	C:\Program Files\Java\jdk-22\bin\management.dll
0x00007ffc15eb0000 - 0x00007ffc15ebb000 	C:\Program Files\Java\jdk-22\bin\management_ext.dll
0x00007ffc30b80000 - 0x00007ffc30b88000 	C:\WINDOWS\System32\PSAPI.DLL
0x00007ffc2dc00000 - 0x00007ffc2dc1c000 	C:\WINDOWS\SYSTEM32\CRYPTSP.dll
0x00007ffc2d3c0000 - 0x00007ffc2d3f8000 	C:\WINDOWS\system32\rsaenh.dll
0x00007ffc2da00000 - 0x00007ffc2da2b000 	C:\WINDOWS\SYSTEM32\USERENV.dll
0x00007ffc2de40000 - 0x00007ffc2de66000 	C:\WINDOWS\SYSTEM32\bcrypt.dll
0x00007ffc2dc20000 - 0x00007ffc2dc2c000 	C:\WINDOWS\SYSTEM32\CRYPTBASE.dll
0x00007ffc2cf60000 - 0x00007ffc2cf92000 	C:\WINDOWS\SYSTEM32\IPHLPAPI.DLL
0x00007ffc2fe30000 - 0x00007ffc2fe3a000 	C:\WINDOWS\System32\NSI.dll
0x00007ffc15db0000 - 0x00007ffc15db9000 	C:\Program Files\Java\jdk-22\bin\extnet.dll
0x00007ffc15120000 - 0x00007ffc1512e000 	C:\Program Files\Java\jdk-22\bin\sunmscapi.dll
0x00007ffc2ea40000 - 0x00007ffc2ebb6000 	C:\WINDOWS\System32\CRYPT32.dll
0x00007ffc2de00000 - 0x00007ffc2de30000 	C:\WINDOWS\SYSTEM32\ncrypt.dll
0x00007ffc2ddb0000 - 0x00007ffc2ddef000 	C:\WINDOWS\SYSTEM32\NTASN1.dll
0x00007ffbec3b0000 - 0x00007ffbec3b8000 	C:\WINDOWS\system32\wshunix.dll
0x00007ffbfb260000 - 0x00007ffbfb278000 	C:\WINDOWS\system32\napinsp.dll
0x00007ffc2cfa0000 - 0x00007ffc2d0c5000 	C:\WINDOWS\SYSTEM32\DNSAPI.dll
0x00007ffbf25e0000 - 0x00007ffbf25f2000 	C:\WINDOWS\System32\winrnr.dll
0x00007ffbf24e0000 - 0x00007ffbf2502000 	C:\WINDOWS\system32\nlansp_c.dll
0x00007ffc25950000 - 0x00007ffc25966000 	C:\WINDOWS\system32\wshbth.dll
0x00007ffc25a70000 - 0x00007ffc25a7b000 	C:\Windows\System32\rasadhlp.dll
0x00007ffc27600000 - 0x00007ffc27685000 	C:\WINDOWS\System32\fwpuclnt.dll
0x00007ffc14fd0000 - 0x00007ffc14fd7000 	C:\Program Files\Java\jdk-22\bin\rmi.dll

dbghelp: loaded successfully - version: 4.0.5 - missing functions: none
symbol engine: initialized successfully - sym options: 0x614 - pdb path: .;C:\Program Files\Java\jdk-22\bin;C:\WINDOWS\SYSTEM32;C:\WINDOWS\WinSxS\amd64_microsoft.windows.common-controls_6595b64144ccf1df_6.0.26100.2454_none_3e0b68a2e331ad60;C:\Program Files\Java\jdk-22\bin\server;C:\Users\hungk\.gradle\native\c067742578af261105cb4f569cf0c3c89f3d7b1fecec35dd04571415982c5e48\windows-amd64;C:\Users\hungk\.gradle\native\100fb08df4bc3b14c8652ba06237920a3bd2aa13389f12d3474272988ae205f9\windows-amd64

VM Arguments:
jvm_args: -XX:MaxMetaspaceSize=4G -XX:ReservedCodeCacheSize=512m -XX:+HeapDumpOnOutOfMemoryError --add-opens=java.base/java.util=ALL-UNNAMED --add-opens=java.base/java.lang=ALL-UNNAMED --add-opens=java.base/java.lang.invoke=ALL-UNNAMED --add-opens=java.prefs/java.util.prefs=ALL-UNNAMED --add-exports=jdk.compiler/com.sun.tools.javac.api=ALL-UNNAMED --add-exports=jdk.compiler/com.sun.tools.javac.util=ALL-UNNAMED --add-opens=java.base/java.nio.charset=ALL-UNNAMED --add-opens=java.base/java.net=ALL-UNNAMED --add-opens=java.base/java.util.concurrent.atomic=ALL-UNNAMED -Xmx8G -Dfile.encoding=utf8 -Duser.country=US -Duser.language=en -Duser.variant -javaagent:C:\Users\hungk\.gradle\wrapper\dists\gradle-8.10.2-all\7iv73wktx1xtkvlq19urqw1wm\gradle-8.10.2\lib\agents\gradle-instrumentation-agent-8.10.2.jar 
java_command: org.gradle.launcher.daemon.bootstrap.GradleDaemon 8.10.2
java_class_path (initial): C:\Users\hungk\.gradle\wrapper\dists\gradle-8.10.2-all\7iv73wktx1xtkvlq19urqw1wm\gradle-8.10.2\lib\gradle-daemon-main-8.10.2.jar
Launcher Type: SUN_STANDARD

[Global flags]
     intx CICompilerCount                          = 4                                         {product} {ergonomic}
     uint ConcGCThreads                            = 3                                         {product} {ergonomic}
     uint G1ConcRefinementThreads                  = 10                                        {product} {ergonomic}
   size_t G1HeapRegionSize                         = 4194304                                   {product} {ergonomic}
     bool HeapDumpOnOutOfMemoryError               = true                                   {manageable} {command line}
   size_t InitialHeapSize                          = 130023424                                 {product} {ergonomic}
   size_t MarkStackSize                            = 4194304                                   {product} {ergonomic}
   size_t MaxHeapSize                              = 8589934592                                {product} {command line}
   size_t MaxMetaspaceSize                         = 4294967296                                {product} {command line}
   size_t MaxNewSize                               = 5150605312                                {product} {ergonomic}
   size_t MinHeapDeltaBytes                        = 4194304                                   {product} {ergonomic}
   size_t MinHeapSize                              = 8388608                                   {product} {ergonomic}
    uintx NonNMethodCodeHeapSize                   = 5839372                                {pd product} {ergonomic}
    uintx NonProfiledCodeHeapSize                  = 265515770                              {pd product} {ergonomic}
    uintx ProfiledCodeHeapSize                     = 265515770                              {pd product} {ergonomic}
    uintx ReservedCodeCacheSize                    = 536870912                              {pd product} {command line}
     bool SegmentedCodeCache                       = true                                      {product} {ergonomic}
   size_t SoftMaxHeapSize                          = 8589934592                             {manageable} {ergonomic}
     bool UseCompressedOops                        = true                           {product lp64_product} {ergonomic}
     bool UseG1GC                                  = true                                      {product} {ergonomic}
     bool UseLargePagesIndividualAllocation        = false                                  {pd product} {ergonomic}

Logging:
Log output configuration:
 #0: stdout all=warning uptime,level,tags foldmultilines=false
 #1: stderr all=off uptime,level,tags foldmultilines=false

Environment Variables:
PATH=C:\Program Files (x86)\VMware\VMware Workstation\bin\;C:\Program Files\Common Files\Oracle\Java\javapath;C:\Windows\system32;C:\Windows;C:\Windows\System32\Wbem;C:\Windows\System32\WindowsPowerShell\v1.0\;C:\Windows\System32\OpenSSH\;C:\Program Files (x86)\NVIDIA Corporation\PhysX\Common;C:\Program Files\NVIDIA Corporation\NVIDIA NvDLISR;C:\Program Files\Microsoft SQL Server\150\Tools\Binn\;C:\Program Files\Microsoft SQL Server\Client SDK\ODBC\170\Tools\Binn\;C:\Program Files\dotnet\;C:\Program Files (x86)\Microsoft SQL Server\160\Tools\Binn\;C:\Program Files\Microsoft SQL Server\160\Tools\Binn\;C:\Program Files\Microsoft SQL Server\160\DTS\Binn\;C:\Program Files (x86)\Microsoft SQL Server\160\DTS\Binn\;C:\WINDOWS\system32;C:\WINDOWS;C:\WINDOWS\System32\Wbem;C:\WINDOWS\System32\WindowsPowerShell\v1.0\;C:\WINDOWS\System32\OpenSSH\;C:\Program Files\nodejs\;C:\Program Files\Git\cmd;C:\Program Files\Cloudflare\Cloudflare WARP\;C:\Program Files\Docker\Docker\resources\bin;C:\xampp\php;C:\src\flutter_windows_3.29.2-stable\flutter\bin;D:\DOAN_chuyen_de_mobile\backend\apache-maven-3.9.11-bin\apache-maven-3.9.11\bin;C:\Users\hungk\AppData\Local\Programs\Python\Launcher\;C:\Users\hungk\AppData\Local\Microsoft\WindowsApps;C:\Users\hungk\.dotnet\tools;C:\Users\hungk\AppData\Local\Programs\Microsoft VS Code\bin;C:\Users\hungk\AppData\Roaming\npm;C:\Users\hungk\AppData\Local\Pub\Cache\bin;C:\Users\hungk\AppData\Local\Programs\DDN_CLI;C:\Users\hungk\AppData\Local\Android\Sdk\platform-tools;C:\Program Files\heroku\bin;
USERNAME=hungk
OS=Windows_NT
PROCESSOR_IDENTIFIER=Intel64 Family 6 Model 141 Stepping 1, GenuineIntel
TMP=C:\Users\hungk\AppData\Local\Temp
TEMP=C:\Users\hungk\AppData\Local\Temp




Periodic native trim disabled

---------------  S Y S T E M  ---------------

OS:
 Windows 11 , 64 bit Build 26100 (10.0.26100.2454)
OS uptime: 0 days 18:32 hours

CPU: total 12 (initial active 12) (6 cores per cpu, 2 threads per core) family 6 model 141 stepping 1 microcode 0x50, cx8, cmov, fxsr, ht, mmx, 3dnowpref, sse, sse2, sse3, ssse3, sse4.1, sse4.2, popcnt, lzcnt, tsc, tscinvbit, avx, avx2, aes, erms, clmul, bmi1, bmi2, adx, avx512f, avx512dq, avx512cd, avx512bw, avx512vl, sha, fma, vzeroupper, avx512_vpopcntdq, avx512_vpclmulqdq, avx512_vaes, avx512_vnni, clflush, clflushopt, clwb, avx512_vbmi2, avx512_vbmi, rdtscp, rdpid, fsrm, gfni, avx512_bitalg, f16c, pku, cet_ibt, cet_ss, avx512_ifma
Processor Information for all 12 processors :
  Max Mhz: 2688, Current Mhz: 2688, Mhz Limit: 2688

Memory: 4k page, system-wide physical 7929M (863M free)
TotalPageFile size 20217M (AvailPageFile size 14M)
current process WorkingSet (physical memory assigned to process): 776M, peak: 788M
current process commit charge ("private bytes"): 881M, peak: 892M

vm_info: Java HotSpot(TM) 64-Bit Server VM (22+36-2370) for windows-amd64 JRE (22+36-2370), built on 2024-02-15T22:15:19Z by "mach5one" with MS VC++ 17.6 (VS2022)

END.
