#
# There is insufficient memory for the Java Runtime Environment to continue.
# Native memory allocation (malloc) failed to allocate 1035376 bytes. Error detail: Chunk::new
# Possible reasons:
#   The system is out of physical RAM or swap space
#   This process is running with CompressedOops enabled, and the Java Heap may be blocking the growth of the native heap
# Possible solutions:
#   Reduce memory load on the system
#   Increase physical memory or swap space
#   Check if swap backing store is full
#   Decrease Java heap size (-Xmx/-Xms)
#   Decrease number of Java threads
#   Decrease Java thread stack sizes (-Xss)
#   Set larger code cache with -XX:ReservedCodeCacheSize=
#   JVM is running with Zero Based Compressed Oops mode in which the Java heap is
#     placed in the first 32GB address space. The Java Heap base address is the
#     maximum limit for the native heap growth. Please use -XX:HeapBaseMinAddress
#     to set the Java Heap base and to place the Java Heap above 32GB virtual address.
# This output file may be truncated or incomplete.
#
#  Out of Memory Error (arena.cpp:150), pid=23816, tid=5376
#
# JRE version: Java(TM) SE Runtime Environment (22.0+36) (build 22+36-2370)
# Java VM: Java HotSpot(TM) 64-Bit Server VM (22+36-2370, mixed mode, sharing, tiered, compressed oops, compressed class ptrs, g1 gc, windows-amd64)
# No core dump will be written. Minidumps are not enabled by default on client versions of Windows
#

---------------  S U M M A R Y ------------

Command Line: -XX:MaxMetaspaceSize=4G -XX:ReservedCodeCacheSize=512m -XX:+HeapDumpOnOutOfMemoryError --add-opens=java.base/java.util=ALL-UNNAMED --add-opens=java.base/java.lang=ALL-UNNAMED --add-opens=java.base/java.lang.invoke=ALL-UNNAMED --add-opens=java.prefs/java.util.prefs=ALL-UNNAMED --add-exports=jdk.compiler/com.sun.tools.javac.api=ALL-UNNAMED --add-exports=jdk.compiler/com.sun.tools.javac.util=ALL-UNNAMED --add-opens=java.base/java.nio.charset=ALL-UNNAMED --add-opens=java.base/java.net=ALL-UNNAMED --add-opens=java.base/java.util.concurrent.atomic=ALL-UNNAMED -Xmx8G -Dfile.encoding=utf8 -Duser.country=US -Duser.language=en -Duser.variant -javaagent:C:\Users\hungk\.gradle\wrapper\dists\gradle-8.10.2-all\7iv73wktx1xtkvlq19urqw1wm\gradle-8.10.2\lib\agents\gradle-instrumentation-agent-8.10.2.jar org.gradle.launcher.daemon.bootstrap.GradleDaemon 8.10.2

Host: 11th Gen Intel(R) Core(TM) i5-11400H @ 2.70GHz, 12 cores, 7G,  Windows 11 , 64 bit Build 26100 (10.0.26100.2454)
Time: Thu Oct 23 21:26:55 2025 SE Asia Standard Time elapsed time: 246.724603 seconds (0d 0h 4m 6s)

---------------  T H R E A D  ---------------

Current thread (0x000001896912ae30):  JavaThread "C2 CompilerThread0" daemon [_thread_in_native, id=5376, stack(0x00000056b8200000,0x00000056b8300000) (1024K)]


Current CompileTask:
C2:246724 21307       4       org.gradle.api.internal.artifacts.transform.AbstractTransformedArtifactSet::visit (104 bytes)

Stack: [0x00000056b8200000,0x00000056b8300000]
Native frames: (J=compiled Java code, j=interpreted, Vv=VM code, C=native code)
V  [jvm.dll+0x6e2349]  (no source info available)
V  [jvm.dll+0x874ed3]  (no source info available)
V  [jvm.dll+0x8772fe]  (no source info available)
V  [jvm.dll+0x8779d3]  (no source info available)
V  [jvm.dll+0x27fcb6]  (no source info available)
V  [jvm.dll+0xc3d0f]  (no source info available)
V  [jvm.dll+0xc3f6b]  (no source info available)
V  [jvm.dll+0x2f3b6f]  (no source info available)
V  [jvm.dll+0x60bd8a]  (no source info available)
V  [jvm.dll+0x250d2f]  (no source info available)
V  [jvm.dll+0x24948c]  (no source info available)
V  [jvm.dll+0x246eb6]  (no source info available)
V  [jvm.dll+0x1c4e90]  (no source info available)
V  [jvm.dll+0x25699e]  (no source info available)
V  [jvm.dll+0x254c5a]  (no source info available)
V  [jvm.dll+0x3f5426]  (no source info available)
V  [jvm.dll+0x81d50b]  (no source info available)
V  [jvm.dll+0x6e09e5]  (no source info available)
C  [ucrtbase.dll+0x14ea0]  (no source info available)
C  [KERNEL32.DLL+0x2e8d7]  (no source info available)
C  [ntdll.dll+0xdfbcc]  (no source info available)


---------------  P R O C E S S  ---------------

Threads class SMR info:
_java_thread_list=0x000001896a1bef10, length=71, elements={
0x000001896da60650, 0x0000018978f17000, 0x0000018978f17d50, 0x0000018978f1d600,
0x00000189691206f0, 0x0000018969121240, 0x0000018969122ed0, 0x000001896912ae30,
0x0000018969133a20, 0x00000189691fde70, 0x0000018969345110, 0x000001896ab4fba0,
0x000001896ac16f60, 0x000001896ac6fc00, 0x000001896aefa030, 0x000001896aef99a0,
0x000001896aef9310, 0x000001896b7ad9f0, 0x000001896b7ad360, 0x000001896b7ae710,
0x000001896b7abfb0, 0x000001896b7afac0, 0x000001896bb516c0, 0x00000189844ed700,
0x00000189844ef7d0, 0x0000018984bc4150, 0x0000018984bc47e0, 0x0000018984bc8980,
0x0000018984bc96a0, 0x0000018985928d90, 0x0000018985929ab0, 0x000001898592bb80,
0x000001898592e970, 0x000001898592f000, 0x0000018984bbd850, 0x000001898b3cceb0,
0x000001898b3c9a30, 0x000001898b3ca750, 0x000001898b3cbb00, 0x000001898b3ca0c0,
0x000001898b3cc190, 0x000001898b3cb470, 0x000001898b3cc820, 0x000001898b3cd540,
0x000001898b3ce260, 0x000001898b3cade0, 0x000001898b3ce8f0, 0x000001898b3d1d70,
0x000001898b3d0330, 0x000001898b3cf610, 0x000001898b3d2400, 0x000001898b3cef80,
0x000001898b3d2a90, 0x000001898b3d3120, 0x000001898b3cfca0, 0x000001898b3d37b0,
0x000001898b3d3e40, 0x000001898b3d09c0, 0x000001898b3d44d0, 0x000001898b3d1050,
0x000001898b3d4b60, 0x000001898b3d16e0, 0x000001898b3d5880, 0x000001898b3d5f10,
0x000001898b3d8670, 0x000001898b3d7fe0, 0x000001898b3d72c0, 0x000001898b3d65a0,
0x000001898b3d6c30, 0x000001898b3d7950, 0x00000189852f0700
}

Java Threads: ( => current thread )
  0x000001896da60650 JavaThread "main"                              [_thread_blocked, id=25468, stack(0x00000056b7400000,0x00000056b7500000) (1024K)]
  0x0000018978f17000 JavaThread "Reference Handler"          daemon [_thread_blocked, id=11124, stack(0x00000056b7c00000,0x00000056b7d00000) (1024K)]
  0x0000018978f17d50 JavaThread "Finalizer"                  daemon [_thread_blocked, id=524, stack(0x00000056b7d00000,0x00000056b7e00000) (1024K)]
  0x0000018978f1d600 JavaThread "Signal Dispatcher"          daemon [_thread_blocked, id=18800, stack(0x00000056b7e00000,0x00000056b7f00000) (1024K)]
  0x00000189691206f0 JavaThread "Attach Listener"            daemon [_thread_blocked, id=16952, stack(0x00000056b7f00000,0x00000056b8000000) (1024K)]
  0x0000018969121240 JavaThread "Service Thread"             daemon [_thread_blocked, id=14632, stack(0x00000056b8000000,0x00000056b8100000) (1024K)]
  0x0000018969122ed0 JavaThread "Monitor Deflation Thread"   daemon [_thread_blocked, id=18128, stack(0x00000056b8100000,0x00000056b8200000) (1024K)]
=>0x000001896912ae30 JavaThread "C2 CompilerThread0"         daemon [_thread_in_native, id=5376, stack(0x00000056b8200000,0x00000056b8300000) (1024K)]
  0x0000018969133a20 JavaThread "C1 CompilerThread0"         daemon [_thread_blocked, id=20504, stack(0x00000056b8300000,0x00000056b8400000) (1024K)]
  0x00000189691fde70 JavaThread "Common-Cleaner"             daemon [_thread_blocked, id=6152, stack(0x00000056b8400000,0x00000056b8500000) (1024K)]
  0x0000018969345110 JavaThread "Notification Thread"        daemon [_thread_blocked, id=13764, stack(0x00000056b8500000,0x00000056b8600000) (1024K)]
  0x000001896ab4fba0 JavaThread "Daemon health stats"               [_thread_blocked, id=21248, stack(0x00000056b8c00000,0x00000056b8d00000) (1024K)]
  0x000001896ac16f60 JavaThread "Incoming local TCP Connector on port 55050"        [_thread_in_native, id=14124, stack(0x00000056b8d00000,0x00000056b8e00000) (1024K)]
  0x000001896ac6fc00 JavaThread "Daemon periodic checks"            [_thread_blocked, id=17932, stack(0x00000056b8e00000,0x00000056b8f00000) (1024K)]
  0x000001896aefa030 JavaThread "Cache worker for journal cache (C:\Users\hungk\.gradle\caches\journal-1)"        [_thread_blocked, id=25552, stack(0x00000056b9b00000,0x00000056b9c00000) (1024K)]
  0x000001896aef99a0 JavaThread "File lock request listener"        [_thread_in_native, id=500, stack(0x00000056b9c00000,0x00000056b9d00000) (1024K)]
  0x000001896aef9310 JavaThread "Cache worker for file hash cache (C:\Users\hungk\.gradle\caches\8.10.2\fileHashes)"        [_thread_blocked, id=14100, stack(0x00000056b9d00000,0x00000056b9e00000) (1024K)]
  0x000001896b7ad9f0 JavaThread "File watcher server"        daemon [_thread_in_native, id=15316, stack(0x00000056ba200000,0x00000056ba300000) (1024K)]
  0x000001896b7ad360 JavaThread "File watcher consumer"      daemon [_thread_blocked, id=15820, stack(0x00000056ba300000,0x00000056ba400000) (1024K)]
  0x000001896b7ae710 JavaThread "Cache worker for file content cache (C:\Users\hungk\.gradle\caches\8.10.2\fileContent)"        [_thread_blocked, id=11000, stack(0x00000056ba500000,0x00000056ba600000) (1024K)]
  0x000001896b7abfb0 JavaThread "jar transforms"                    [_thread_blocked, id=22008, stack(0x00000056ba800000,0x00000056ba900000) (1024K)]
  0x000001896b7afac0 JavaThread "jar transforms Thread 2"           [_thread_blocked, id=25328, stack(0x00000056ba900000,0x00000056baa00000) (1024K)]
  0x000001896bb516c0 JavaThread "Memory manager"                    [_thread_blocked, id=10656, stack(0x00000056bcc00000,0x00000056bcd00000) (1024K)]
  0x00000189844ed700 JavaThread "jar transforms Thread 3"           [_thread_blocked, id=9380, stack(0x00000056c1d00000,0x00000056c1e00000) (1024K)]
  0x00000189844ef7d0 JavaThread "jar transforms Thread 4"           [_thread_blocked, id=24224, stack(0x00000056c1e00000,0x00000056c1f00000) (1024K)]
  0x0000018984bc4150 JavaThread "jar transforms Thread 5"           [_thread_blocked, id=24876, stack(0x00000056c3400000,0x00000056c3500000) (1024K)]
  0x0000018984bc47e0 JavaThread "jar transforms Thread 6"           [_thread_blocked, id=18316, stack(0x00000056c3500000,0x00000056c3600000) (1024K)]
  0x0000018984bc8980 JavaThread "jar transforms Thread 7"           [_thread_blocked, id=9724, stack(0x00000056c3700000,0x00000056c3800000) (1024K)]
  0x0000018984bc96a0 JavaThread "jar transforms Thread 8"           [_thread_blocked, id=21480, stack(0x00000056c3800000,0x00000056c3900000) (1024K)]
  0x0000018985928d90 JavaThread "jar transforms Thread 9"           [_thread_blocked, id=16404, stack(0x00000056c3900000,0x00000056c3a00000) (1024K)]
  0x0000018985929ab0 JavaThread "jar transforms Thread 10"          [_thread_blocked, id=18536, stack(0x00000056c3a00000,0x00000056c3b00000) (1024K)]
  0x000001898592bb80 JavaThread "jar transforms Thread 11"          [_thread_blocked, id=12232, stack(0x00000056c3b00000,0x00000056c3c00000) (1024K)]
  0x000001898592e970 JavaThread "jar transforms Thread 12"          [_thread_blocked, id=21120, stack(0x00000056c3c00000,0x00000056c3d00000) (1024K)]
  0x000001898592f000 JavaThread "pool-3-thread-1"                   [_thread_blocked, id=20100, stack(0x00000056c3600000,0x00000056c3700000) (1024K)]
  0x0000018984bbd850 JavaThread "pool-6-thread-1"                   [_thread_blocked, id=21596, stack(0x00000056bc200000,0x00000056bc300000) (1024K)]
  0x000001898b3cceb0 JavaThread "Daemon Thread 2"                   [_thread_blocked, id=2284, stack(0x00000056b7100000,0x00000056b7200000) (1024K)]
  0x000001898b3c9a30 JavaThread "Handler for socket connection from /127.0.0.1:55050 to /127.0.0.1:49765"        [_thread_in_native, id=22964, stack(0x00000056b7200000,0x00000056b7300000) (1024K)]
  0x000001898b3ca750 JavaThread "Cancel handler"                    [_thread_blocked, id=12788, stack(0x00000056b7300000,0x00000056b7400000) (1024K)]
  0x000001898b3cbb00 JavaThread "Daemon worker Thread 2"            [_thread_in_native, id=17152, stack(0x00000056b8600000,0x00000056b8700000) (1024K)]
  0x000001898b3ca0c0 JavaThread "Asynchronous log dispatcher for DefaultDaemonConnection: socket connection from /127.0.0.1:55050 to /127.0.0.1:49765"        [_thread_blocked, id=24492, stack(0x00000056b8700000,0x00000056b8800000) (1024K)]
  0x000001898b3cc190 JavaThread "Stdin handler"                     [_thread_blocked, id=9436, stack(0x00000056b8f00000,0x00000056b9000000) (1024K)]
  0x000001898b3cb470 JavaThread "Daemon client event forwarder"        [_thread_blocked, id=2852, stack(0x00000056b9000000,0x00000056b9100000) (1024K)]
  0x000001898b3cc820 JavaThread "Cache worker for file hash cache (D:\DOAN_chuyen_de_mobile\fontend\smart_dine\android\.gradle\8.10.2\fileHashes)"        [_thread_blocked, id=16744, stack(0x00000056b9600000,0x00000056b9700000) (1024K)]
  0x000001898b3cd540 JavaThread "Cache worker for Build Output Cleanup Cache (D:\DOAN_chuyen_de_mobile\fontend\smart_dine\android\.gradle\buildOutputCleanup)"        [_thread_blocked, id=16200, stack(0x00000056b9700000,0x00000056b9800000) (1024K)]
  0x000001898b3ce260 JavaThread "Cache worker for checksums cache (D:\DOAN_chuyen_de_mobile\fontend\smart_dine\android\.gradle\8.10.2\checksums)"        [_thread_blocked, id=19788, stack(0x00000056b9800000,0x00000056b9900000) (1024K)]
  0x000001898b3cade0 JavaThread "Cache worker for cache directory md-rule (C:\Users\hungk\.gradle\caches\8.10.2\md-rule)"        [_thread_blocked, id=17028, stack(0x00000056b9900000,0x00000056b9a00000) (1024K)]
  0x000001898b3ce8f0 JavaThread "Cache worker for cache directory md-supplier (C:\Users\hungk\.gradle\caches\8.10.2\md-supplier)"        [_thread_blocked, id=13736, stack(0x00000056b9a00000,0x00000056b9b00000) (1024K)]
  0x000001898b3d1d70 JavaThread "Cache worker for Build Output Cleanup Cache (C:\src\flutter_windows_3.29.2-stable\flutter\packages\flutter_tools\gradle\.gradle\buildOutputCleanup)"        [_thread_blocked, id=14600, stack(0x00000056ba000000,0x00000056ba100000) (1024K)]
  0x000001898b3d0330 JavaThread "Unconstrained build operations"        [_thread_blocked, id=10404, stack(0x00000056ba100000,0x00000056ba200000) (1024K)]
  0x000001898b3cf610 JavaThread "Unconstrained build operations Thread 2"        [_thread_blocked, id=18724, stack(0x00000056ba400000,0x00000056ba500000) (1024K)]
  0x000001898b3d2400 JavaThread "Unconstrained build operations Thread 3"        [_thread_blocked, id=22888, stack(0x00000056ba600000,0x00000056ba700000) (1024K)]
  0x000001898b3cef80 JavaThread "Unconstrained build operations Thread 4"        [_thread_blocked, id=19116, stack(0x00000056ba700000,0x00000056ba800000) (1024K)]
  0x000001898b3d2a90 JavaThread "Unconstrained build operations Thread 5"        [_thread_blocked, id=4464, stack(0x00000056baa00000,0x00000056bab00000) (1024K)]
  0x000001898b3d3120 JavaThread "Unconstrained build operations Thread 6"        [_thread_blocked, id=11184, stack(0x00000056bab00000,0x00000056bac00000) (1024K)]
  0x000001898b3cfca0 JavaThread "Unconstrained build operations Thread 7"        [_thread_blocked, id=22588, stack(0x00000056bac00000,0x00000056bad00000) (1024K)]
  0x000001898b3d37b0 JavaThread "Unconstrained build operations Thread 8"        [_thread_blocked, id=12660, stack(0x00000056bad00000,0x00000056bae00000) (1024K)]
  0x000001898b3d3e40 JavaThread "Unconstrained build operations Thread 9"        [_thread_blocked, id=13992, stack(0x00000056bae00000,0x00000056baf00000) (1024K)]
  0x000001898b3d09c0 JavaThread "Unconstrained build operations Thread 10"        [_thread_blocked, id=21468, stack(0x00000056baf00000,0x00000056bb000000) (1024K)]
  0x000001898b3d44d0 JavaThread "Unconstrained build operations Thread 11"        [_thread_blocked, id=17892, stack(0x00000056bb000000,0x00000056bb100000) (1024K)]
  0x000001898b3d1050 JavaThread "Unconstrained build operations Thread 12"        [_thread_blocked, id=21276, stack(0x00000056bb100000,0x00000056bb200000) (1024K)]
  0x000001898b3d4b60 JavaThread "Unconstrained build operations Thread 13"        [_thread_blocked, id=14596, stack(0x00000056bb200000,0x00000056bb300000) (1024K)]
  0x000001898b3d16e0 JavaThread "Unconstrained build operations Thread 14"        [_thread_blocked, id=10016, stack(0x00000056bb300000,0x00000056bb400000) (1024K)]
  0x000001898b3d5880 JavaThread "Unconstrained build operations Thread 15"        [_thread_blocked, id=3548, stack(0x00000056bb400000,0x00000056bb500000) (1024K)]
  0x000001898b3d5f10 JavaThread "Unconstrained build operations Thread 16"        [_thread_blocked, id=10956, stack(0x00000056bb500000,0x00000056bb600000) (1024K)]
  0x000001898b3d8670 JavaThread "Unconstrained build operations Thread 17"        [_thread_blocked, id=21728, stack(0x00000056bb600000,0x00000056bb700000) (1024K)]
  0x000001898b3d7fe0 JavaThread "Unconstrained build operations Thread 18"        [_thread_blocked, id=3084, stack(0x00000056bb700000,0x00000056bb800000) (1024K)]
  0x000001898b3d72c0 JavaThread "Unconstrained build operations Thread 19"        [_thread_blocked, id=952, stack(0x00000056bb800000,0x00000056bb900000) (1024K)]
  0x000001898b3d65a0 JavaThread "Unconstrained build operations Thread 20"        [_thread_blocked, id=11572, stack(0x00000056bb900000,0x00000056bba00000) (1024K)]
  0x000001898b3d6c30 JavaThread "Unconstrained build operations Thread 21"        [_thread_blocked, id=9684, stack(0x00000056bba00000,0x00000056bbb00000) (1024K)]
  0x000001898b3d7950 JavaThread "Unconstrained build operations Thread 22"        [_thread_blocked, id=19136, stack(0x00000056bbb00000,0x00000056bbc00000) (1024K)]
  0x00000189852f0700 JavaThread "build event listener"              [_thread_blocked, id=24556, stack(0x00000056bbc00000,0x00000056bbd00000) (1024K)]
Total: 71

Other Threads:
  0x0000018978ef7490 VMThread "VM Thread"                           [id=11732, stack(0x00000056b7b00000,0x00000056b7c00000) (1024K)]
  0x0000018978ee3060 WatcherThread "VM Periodic Task Thread"        [id=1804, stack(0x00000056b7a00000,0x00000056b7b00000) (1024K)]
  0x000001896db0b1f0 WorkerThread "GC Thread#0"                     [id=23768, stack(0x00000056b7500000,0x00000056b7600000) (1024K)]
  0x00000189697d28a0 WorkerThread "GC Thread#1"                     [id=3532, stack(0x00000056b8800000,0x00000056b8900000) (1024K)]
  0x0000018969c6b750 WorkerThread "GC Thread#2"                     [id=25076, stack(0x00000056b8900000,0x00000056b8a00000) (1024K)]
  0x00000189699a4fc0 WorkerThread "GC Thread#3"                     [id=14448, stack(0x00000056b8a00000,0x00000056b8b00000) (1024K)]
  0x000001896a1eb680 WorkerThread "GC Thread#4"                     [id=4252, stack(0x00000056b8b00000,0x00000056b8c00000) (1024K)]
  0x000001896a1ebde0 WorkerThread "GC Thread#5"                     [id=21952, stack(0x00000056b9100000,0x00000056b9200000) (1024K)]
  0x000001896a1ec190 WorkerThread "GC Thread#6"                     [id=4740, stack(0x00000056b9200000,0x00000056b9300000) (1024K)]
  0x000001896ae558e0 WorkerThread "GC Thread#7"                     [id=2104, stack(0x00000056b9300000,0x00000056b9400000) (1024K)]
  0x000001896ae57a10 WorkerThread "GC Thread#8"                     [id=13340, stack(0x00000056b9400000,0x00000056b9500000) (1024K)]
  0x000001896ae53f10 WorkerThread "GC Thread#9"                     [id=20636, stack(0x00000056b9500000,0x00000056b9600000) (1024K)]
  0x000001896db1d180 ConcurrentGCThread "G1 Main Marker"            [id=13148, stack(0x00000056b7600000,0x00000056b7700000) (1024K)]
  0x000001896db1e430 WorkerThread "G1 Conc#0"                       [id=23060, stack(0x00000056b7700000,0x00000056b7800000) (1024K)]
  0x000001896ae55180 WorkerThread "G1 Conc#1"                       [id=4996, stack(0x00000056b9e00000,0x00000056b9f00000) (1024K)]
  0x000001896ae56b50 WorkerThread "G1 Conc#2"                       [id=24968, stack(0x00000056b9f00000,0x00000056ba000000) (1024K)]
  0x0000018978d9aa40 ConcurrentGCThread "G1 Refine#0"               [id=22324, stack(0x00000056b7800000,0x00000056b7900000) (1024K)]
  0x0000018978d9c470 ConcurrentGCThread "G1 Service"                [id=9596, stack(0x00000056b7900000,0x00000056b7a00000) (1024K)]
Total: 18

Threads with active compile tasks:
C2 CompilerThread0  246810 21307       4       org.gradle.api.internal.artifacts.transform.AbstractTransformedArtifactSet::visit (104 bytes)
Total: 1

VM state: not at safepoint (normal execution)

VM Mutex/Monitor currently owned by a thread: None

Heap address: 0x0000000600000000, size: 8192 MB, Compressed Oops mode: Zero based, Oop shift amount: 3

CDS archive(s) mapped at: [0x0000018928000000-0x0000018928c60000-0x0000018928c60000), size 12976128, SharedBaseAddress: 0x0000018928000000, ArchiveRelocationMode: 1.
Compressed class space mapped at: 0x0000018929000000-0x0000018969000000, reserved size: 1073741824
Narrow klass base: 0x0000018928000000, Narrow klass shift: 0, Narrow klass range: 0x41000000

GC Precious Log:
 CardTable entry size: 512
 Card Set container configuration: InlinePtr #cards 4 size 8 Array Of Cards #cards 32 size 80 Howl #buckets 8 coarsen threshold 7372 Howl Bitmap #cards 1024 size 144 coarsen threshold 921 Card regions per heap region 1 cards per card region 8192
 CPUs: 12 total, 12 available
 Memory: 7929M
 Large Page Support: Disabled
 NUMA Support: Disabled
 Compressed Oops: Enabled (Zero based)
 Heap Region Size: 4M
 Heap Min Capacity: 8M
 Heap Initial Capacity: 124M
 Heap Max Capacity: 8G
 Pre-touch: Disabled
 Parallel Workers: 10
 Concurrent Workers: 3
 Concurrent Refinement Workers: 10
 Periodic GC: Disabled

Heap:
 garbage-first heap   total reserved 8388608K, committed 471040K, used 416660K [0x0000000600000000, 0x0000000800000000)
  region size 4096K, 42 young (172032K), 4 survivors (16384K)
 Metaspace       used 127286K, committed 130240K, reserved 1179648K
  class space    used 17731K, committed 19136K, reserved 1048576K

Heap Regions: E=young(eden), S=young(survivor), O=old, HS=humongous(starts), HC=humongous(continues), CS=collection set, F=free, TAMS=top-at-mark-start, PB=parsable bottom
|   0|0x0000000600000000, 0x0000000600400000, 0x0000000600400000|100%| O|  |TAMS 0x0000000600000000| PB 0x0000000600000000| Untracked |  0
|   1|0x0000000600400000, 0x0000000600800000, 0x0000000600800000|100%|HS|  |TAMS 0x0000000600400000| PB 0x0000000600400000| Complete |  0
|   2|0x0000000600800000, 0x0000000600c00000, 0x0000000600c00000|100%| O|  |TAMS 0x0000000600800000| PB 0x0000000600800000| Untracked |  0
|   3|0x0000000600c00000, 0x0000000601000000, 0x0000000601000000|100%| O|  |TAMS 0x0000000600c00000| PB 0x0000000600c00000| Untracked |  0
|   4|0x0000000601000000, 0x0000000601400000, 0x0000000601400000|100%| O|  |TAMS 0x0000000601000000| PB 0x0000000601000000| Untracked |  0
|   5|0x0000000601400000, 0x0000000601800000, 0x0000000601800000|100%| O|  |TAMS 0x0000000601400000| PB 0x0000000601400000| Untracked |  0
|   6|0x0000000601800000, 0x0000000601c00000, 0x0000000601c00000|100%| O|  |TAMS 0x0000000601800000| PB 0x0000000601800000| Untracked |  0
|   7|0x0000000601c00000, 0x0000000602000000, 0x0000000602000000|100%| O|  |TAMS 0x0000000601c00000| PB 0x0000000601c00000| Untracked |  0
|   8|0x0000000602000000, 0x0000000602400000, 0x0000000602400000|100%| O|  |TAMS 0x0000000602000000| PB 0x0000000602000000| Untracked |  0
|   9|0x0000000602400000, 0x0000000602800000, 0x0000000602800000|100%| O|  |TAMS 0x0000000602400000| PB 0x0000000602400000| Untracked |  0
|  10|0x0000000602800000, 0x0000000602c00000, 0x0000000602c00000|100%| O|  |TAMS 0x0000000602800000| PB 0x0000000602800000| Untracked |  0
|  11|0x0000000602c00000, 0x0000000603000000, 0x0000000603000000|100%|HS|  |TAMS 0x0000000602c00000| PB 0x0000000602c00000| Complete |  0
|  12|0x0000000603000000, 0x0000000603400000, 0x0000000603400000|100%| O|  |TAMS 0x0000000603000000| PB 0x0000000603000000| Untracked |  0
|  13|0x0000000603400000, 0x0000000603800000, 0x0000000603800000|100%| O|  |TAMS 0x0000000603400000| PB 0x0000000603400000| Untracked |  0
|  14|0x0000000603800000, 0x0000000603c00000, 0x0000000603c00000|100%|HS|  |TAMS 0x0000000603800000| PB 0x0000000603800000| Complete |  0
|  15|0x0000000603c00000, 0x0000000604000000, 0x0000000604000000|100%| O|  |TAMS 0x0000000603c00000| PB 0x0000000603c00000| Untracked |  0
|  16|0x0000000604000000, 0x0000000604000000, 0x0000000604400000|  0%| F|  |TAMS 0x0000000604000000| PB 0x0000000604000000| Untracked |  0
|  17|0x0000000604400000, 0x0000000604400000, 0x0000000604800000|  0%| F|  |TAMS 0x0000000604400000| PB 0x0000000604400000| Untracked |  0
|  18|0x0000000604800000, 0x0000000604c00000, 0x0000000604c00000|100%| O|  |TAMS 0x0000000604800000| PB 0x0000000604800000| Untracked |  0
|  19|0x0000000604c00000, 0x0000000605000000, 0x0000000605000000|100%| O|  |TAMS 0x0000000604c00000| PB 0x0000000604c00000| Untracked |  0
|  20|0x0000000605000000, 0x0000000605400000, 0x0000000605400000|100%| O|  |TAMS 0x0000000605000000| PB 0x0000000605000000| Untracked |  0
|  21|0x0000000605400000, 0x0000000605400000, 0x0000000605800000|  0%| F|  |TAMS 0x0000000605400000| PB 0x0000000605400000| Untracked |  0
|  22|0x0000000605800000, 0x0000000605c00000, 0x0000000605c00000|100%| O|Cm|TAMS 0x0000000605800000| PB 0x0000000605800000| Complete |  0
|  23|0x0000000605c00000, 0x0000000606000000, 0x0000000606000000|100%| O|  |TAMS 0x0000000605c00000| PB 0x0000000605c00000| Untracked |  0
|  24|0x0000000606000000, 0x0000000606400000, 0x0000000606400000|100%| O|  |TAMS 0x0000000606000000| PB 0x0000000606000000| Untracked |  0
|  25|0x0000000606400000, 0x0000000606800000, 0x0000000606800000|100%| O|  |TAMS 0x0000000606400000| PB 0x0000000606400000| Untracked |  0
|  26|0x0000000606800000, 0x0000000606c00000, 0x0000000606c00000|100%| O|Cm|TAMS 0x0000000606800000| PB 0x0000000606800000| Complete |  0
|  27|0x0000000606c00000, 0x0000000607000000, 0x0000000607000000|100%|HS|  |TAMS 0x0000000606c00000| PB 0x0000000606c00000| Complete |  0
|  28|0x0000000607000000, 0x0000000607400000, 0x0000000607400000|100%| O|  |TAMS 0x0000000607000000| PB 0x0000000607000000| Untracked |  0
|  29|0x0000000607400000, 0x0000000607800000, 0x0000000607800000|100%| O|  |TAMS 0x0000000607400000| PB 0x0000000607400000| Untracked |  0
|  30|0x0000000607800000, 0x0000000607c00000, 0x0000000607c00000|100%| O|  |TAMS 0x0000000607800000| PB 0x0000000607800000| Untracked |  0
|  31|0x0000000607c00000, 0x0000000607c00000, 0x0000000608000000|  0%| F|  |TAMS 0x0000000607c00000| PB 0x0000000607c00000| Untracked |  0
|  32|0x0000000608000000, 0x0000000608400000, 0x0000000608400000|100%| O|  |TAMS 0x0000000608000000| PB 0x0000000608000000| Untracked |  0
|  33|0x0000000608400000, 0x0000000608800000, 0x0000000608800000|100%| O|  |TAMS 0x0000000608400000| PB 0x0000000608400000| Untracked |  0
|  34|0x0000000608800000, 0x0000000608c00000, 0x0000000608c00000|100%| O|  |TAMS 0x0000000608800000| PB 0x0000000608800000| Untracked |  0
|  35|0x0000000608c00000, 0x0000000609000000, 0x0000000609000000|100%| O|  |TAMS 0x0000000608c00000| PB 0x0000000608c00000| Untracked |  0
|  36|0x0000000609000000, 0x0000000609000000, 0x0000000609400000|  0%| F|  |TAMS 0x0000000609000000| PB 0x0000000609000000| Untracked |  0
|  37|0x0000000609400000, 0x0000000609800000, 0x0000000609800000|100%| O|  |TAMS 0x0000000609400000| PB 0x0000000609400000| Untracked |  0
|  38|0x0000000609800000, 0x0000000609c00000, 0x0000000609c00000|100%| O|  |TAMS 0x0000000609800000| PB 0x0000000609800000| Untracked |  0
|  39|0x0000000609c00000, 0x000000060a000000, 0x000000060a000000|100%| O|  |TAMS 0x0000000609c00000| PB 0x0000000609c00000| Untracked |  0
|  40|0x000000060a000000, 0x000000060a400000, 0x000000060a400000|100%| O|Cm|TAMS 0x000000060a000000| PB 0x000000060a000000| Complete |  0
|  41|0x000000060a400000, 0x000000060a800000, 0x000000060a800000|100%| O|  |TAMS 0x000000060a400000| PB 0x000000060a400000| Untracked |  0
|  42|0x000000060a800000, 0x000000060ac00000, 0x000000060ac00000|100%| O|  |TAMS 0x000000060a800000| PB 0x000000060a800000| Untracked |  0
|  43|0x000000060ac00000, 0x000000060ac00000, 0x000000060b000000|  0%| F|  |TAMS 0x000000060ac00000| PB 0x000000060ac00000| Untracked |  0
|  44|0x000000060b000000, 0x000000060b400000, 0x000000060b400000|100%| O|  |TAMS 0x000000060b000000| PB 0x000000060b000000| Untracked |  0
|  45|0x000000060b400000, 0x000000060b400000, 0x000000060b800000|  0%| F|  |TAMS 0x000000060b400000| PB 0x000000060b400000| Untracked |  0
|  46|0x000000060b800000, 0x000000060b800000, 0x000000060bc00000|  0%| F|  |TAMS 0x000000060b800000| PB 0x000000060b800000| Untracked |  0
|  47|0x000000060bc00000, 0x000000060bc00000, 0x000000060c000000|  0%| F|  |TAMS 0x000000060bc00000| PB 0x000000060bc00000| Untracked |  0
|  48|0x000000060c000000, 0x000000060c400000, 0x000000060c400000|100%| O|  |TAMS 0x000000060c000000| PB 0x000000060c000000| Untracked |  0
|  49|0x000000060c400000, 0x000000060c800000, 0x000000060c800000|100%| O|Cm|TAMS 0x000000060c400000| PB 0x000000060c400000| Complete |  0
|  50|0x000000060c800000, 0x000000060c800000, 0x000000060cc00000|  0%| F|  |TAMS 0x000000060c800000| PB 0x000000060c800000| Untracked |  0
|  51|0x000000060cc00000, 0x000000060d000000, 0x000000060d000000|100%| O|  |TAMS 0x000000060cc00000| PB 0x000000060cc00000| Untracked |  0
|  52|0x000000060d000000, 0x000000060d400000, 0x000000060d400000|100%| O|  |TAMS 0x000000060d000000| PB 0x000000060d000000| Untracked |  0
|  53|0x000000060d400000, 0x000000060d400000, 0x000000060d800000|  0%| F|  |TAMS 0x000000060d400000| PB 0x000000060d400000| Untracked |  0
|  54|0x000000060d800000, 0x000000060dc00000, 0x000000060dc00000|100%| O|  |TAMS 0x000000060d800000| PB 0x000000060d800000| Untracked |  0
|  55|0x000000060dc00000, 0x000000060e000000, 0x000000060e000000|100%| O|Cm|TAMS 0x000000060dc00000| PB 0x000000060dc00000| Complete |  0
|  56|0x000000060e000000, 0x000000060e400000, 0x000000060e400000|100%| O|  |TAMS 0x000000060e000000| PB 0x000000060e000000| Untracked |  0
|  57|0x000000060e400000, 0x000000060e7157f0, 0x000000060e800000| 77%| E|  |TAMS 0x000000060e400000| PB 0x000000060e400000| Complete |  0
|  58|0x000000060e800000, 0x000000060ec00000, 0x000000060ec00000|100%| O|  |TAMS 0x000000060e800000| PB 0x000000060e800000| Untracked |  0
|  59|0x000000060ec00000, 0x000000060f000000, 0x000000060f000000|100%| O|  |TAMS 0x000000060ec00000| PB 0x000000060ec00000| Untracked |  0
|  60|0x000000060f000000, 0x000000060f400000, 0x000000060f400000|100%| O|  |TAMS 0x000000060f000000| PB 0x000000060f000000| Untracked |  0
|  61|0x000000060f400000, 0x000000060f800000, 0x000000060f800000|100%| O|  |TAMS 0x000000060f400000| PB 0x000000060f400000| Untracked |  0
|  62|0x000000060f800000, 0x000000060fc00000, 0x000000060fc00000|100%| O|  |TAMS 0x000000060f800000| PB 0x000000060f800000| Untracked |  0
|  63|0x000000060fc00000, 0x0000000610000000, 0x0000000610000000|100%| O|  |TAMS 0x000000060fc00000| PB 0x000000060fc00000| Untracked |  0
|  64|0x0000000610000000, 0x0000000610400000, 0x0000000610400000|100%| O|  |TAMS 0x0000000610000000| PB 0x0000000610000000| Untracked |  0
|  65|0x0000000610400000, 0x0000000610800000, 0x0000000610800000|100%| O|  |TAMS 0x0000000610400000| PB 0x0000000610400000| Untracked |  0
|  66|0x0000000610800000, 0x0000000610c00000, 0x0000000610c00000|100%| O|  |TAMS 0x0000000610800000| PB 0x0000000610800000| Untracked |  0
|  67|0x0000000610c00000, 0x0000000611000000, 0x0000000611000000|100%| O|  |TAMS 0x0000000610c00000| PB 0x0000000610c00000| Untracked |  0
|  68|0x0000000611000000, 0x0000000611400000, 0x0000000611400000|100%| O|  |TAMS 0x0000000611000000| PB 0x0000000611000000| Untracked |  0
|  69|0x0000000611400000, 0x0000000611800000, 0x0000000611800000|100%| E|CS|TAMS 0x0000000611400000| PB 0x0000000611400000| Complete |  0
|  70|0x0000000611800000, 0x0000000611c00000, 0x0000000611c00000|100%| E|CS|TAMS 0x0000000611800000| PB 0x0000000611800000| Complete |  0
|  71|0x0000000611c00000, 0x0000000612000000, 0x0000000612000000|100%| O|  |TAMS 0x0000000611c00000| PB 0x0000000611c00000| Untracked |  0
|  72|0x0000000612000000, 0x0000000612400000, 0x0000000612400000|100%| O|  |TAMS 0x0000000612000000| PB 0x0000000612000000| Untracked |  0
|  73|0x0000000612400000, 0x0000000612800000, 0x0000000612800000|100%| O|  |TAMS 0x0000000612400000| PB 0x0000000612400000| Untracked |  0
|  74|0x0000000612800000, 0x0000000612aa2230, 0x0000000612c00000| 65%| S|CS|TAMS 0x0000000612800000| PB 0x0000000612800000| Complete |  0
|  75|0x0000000612c00000, 0x0000000613000000, 0x0000000613000000|100%| E|CS|TAMS 0x0000000612c00000| PB 0x0000000612c00000| Complete |  0
|  76|0x0000000613000000, 0x0000000613400000, 0x0000000613400000|100%| E|CS|TAMS 0x0000000613000000| PB 0x0000000613000000| Complete |  0
|  77|0x0000000613400000, 0x0000000613800000, 0x0000000613800000|100%| S|CS|TAMS 0x0000000613400000| PB 0x0000000613400000| Complete |  0
|  78|0x0000000613800000, 0x0000000613c00000, 0x0000000613c00000|100%| S|CS|TAMS 0x0000000613800000| PB 0x0000000613800000| Complete |  0
|  79|0x0000000613c00000, 0x0000000614000000, 0x0000000614000000|100%| S|CS|TAMS 0x0000000613c00000| PB 0x0000000613c00000| Complete |  0
|  80|0x0000000614000000, 0x0000000614400000, 0x0000000614400000|100%| E|CS|TAMS 0x0000000614000000| PB 0x0000000614000000| Complete |  0
|  81|0x0000000614400000, 0x0000000614800000, 0x0000000614800000|100%| E|CS|TAMS 0x0000000614400000| PB 0x0000000614400000| Complete |  0
|  82|0x0000000614800000, 0x0000000614c00000, 0x0000000614c00000|100%| E|CS|TAMS 0x0000000614800000| PB 0x0000000614800000| Complete |  0
|  83|0x0000000614c00000, 0x0000000615000000, 0x0000000615000000|100%| E|CS|TAMS 0x0000000614c00000| PB 0x0000000614c00000| Complete |  0
|  84|0x0000000615000000, 0x0000000615400000, 0x0000000615400000|100%| E|CS|TAMS 0x0000000615000000| PB 0x0000000615000000| Complete |  0
|  85|0x0000000615400000, 0x0000000615800000, 0x0000000615800000|100%| E|CS|TAMS 0x0000000615400000| PB 0x0000000615400000| Complete |  0
|  86|0x0000000615800000, 0x0000000615c00000, 0x0000000615c00000|100%| E|CS|TAMS 0x0000000615800000| PB 0x0000000615800000| Complete |  0
|  87|0x0000000615c00000, 0x0000000616000000, 0x0000000616000000|100%| E|CS|TAMS 0x0000000615c00000| PB 0x0000000615c00000| Complete |  0
|  88|0x0000000616000000, 0x0000000616400000, 0x0000000616400000|100%| E|CS|TAMS 0x0000000616000000| PB 0x0000000616000000| Complete |  0
|  89|0x0000000616400000, 0x0000000616800000, 0x0000000616800000|100%| E|CS|TAMS 0x0000000616400000| PB 0x0000000616400000| Complete |  0
|  90|0x0000000616800000, 0x0000000616c00000, 0x0000000616c00000|100%| E|CS|TAMS 0x0000000616800000| PB 0x0000000616800000| Complete |  0
|  91|0x0000000616c00000, 0x0000000617000000, 0x0000000617000000|100%| E|CS|TAMS 0x0000000616c00000| PB 0x0000000616c00000| Complete |  0
|  92|0x0000000617000000, 0x0000000617400000, 0x0000000617400000|100%| E|CS|TAMS 0x0000000617000000| PB 0x0000000617000000| Complete |  0
|  93|0x0000000617400000, 0x0000000617800000, 0x0000000617800000|100%| E|CS|TAMS 0x0000000617400000| PB 0x0000000617400000| Complete |  0
|  94|0x0000000617800000, 0x0000000617c00000, 0x0000000617c00000|100%| E|CS|TAMS 0x0000000617800000| PB 0x0000000617800000| Complete |  0
|  95|0x0000000617c00000, 0x0000000618000000, 0x0000000618000000|100%| E|CS|TAMS 0x0000000617c00000| PB 0x0000000617c00000| Complete |  0
|  96|0x0000000618000000, 0x0000000618400000, 0x0000000618400000|100%| E|CS|TAMS 0x0000000618000000| PB 0x0000000618000000| Complete |  0
|  97|0x0000000618400000, 0x0000000618800000, 0x0000000618800000|100%| E|CS|TAMS 0x0000000618400000| PB 0x0000000618400000| Complete |  0
|  98|0x0000000618800000, 0x0000000618c00000, 0x0000000618c00000|100%| E|CS|TAMS 0x0000000618800000| PB 0x0000000618800000| Complete |  0
|  99|0x0000000618c00000, 0x0000000619000000, 0x0000000619000000|100%| E|CS|TAMS 0x0000000618c00000| PB 0x0000000618c00000| Complete |  0
| 100|0x0000000619000000, 0x0000000619400000, 0x0000000619400000|100%| E|CS|TAMS 0x0000000619000000| PB 0x0000000619000000| Complete |  0
| 101|0x0000000619400000, 0x0000000619800000, 0x0000000619800000|100%| E|CS|TAMS 0x0000000619400000| PB 0x0000000619400000| Complete |  0
| 102|0x0000000619800000, 0x0000000619c00000, 0x0000000619c00000|100%| E|CS|TAMS 0x0000000619800000| PB 0x0000000619800000| Complete |  0
| 103|0x0000000619c00000, 0x000000061a000000, 0x000000061a000000|100%| E|CS|TAMS 0x0000000619c00000| PB 0x0000000619c00000| Complete |  0
| 104|0x000000061a000000, 0x000000061a400000, 0x000000061a400000|100%| E|CS|TAMS 0x000000061a000000| PB 0x000000061a000000| Complete |  0
| 105|0x000000061a400000, 0x000000061a800000, 0x000000061a800000|100%| E|CS|TAMS 0x000000061a400000| PB 0x000000061a400000| Complete |  0
| 106|0x000000061a800000, 0x000000061ac00000, 0x000000061ac00000|100%| E|CS|TAMS 0x000000061a800000| PB 0x000000061a800000| Complete |  0
| 107|0x000000061ac00000, 0x000000061b000000, 0x000000061b000000|100%| E|CS|TAMS 0x000000061ac00000| PB 0x000000061ac00000| Complete |  0
| 108|0x000000061b000000, 0x000000061b400000, 0x000000061b400000|100%| E|CS|TAMS 0x000000061b000000| PB 0x000000061b000000| Complete |  0
| 109|0x000000061b400000, 0x000000061b800000, 0x000000061b800000|100%| E|CS|TAMS 0x000000061b400000| PB 0x000000061b400000| Complete |  0
| 110|0x000000061b800000, 0x000000061bc00000, 0x000000061bc00000|100%| E|CS|TAMS 0x000000061b800000| PB 0x000000061b800000| Complete |  0
| 111|0x000000061bc00000, 0x000000061c000000, 0x000000061c000000|100%| E|CS|TAMS 0x000000061bc00000| PB 0x000000061bc00000| Complete |  0
|2045|0x00000007ff400000, 0x00000007ff443150, 0x00000007ff800000|  6%| O|  |TAMS 0x00000007ff400000| PB 0x00000007ff400000| Untracked |  0
|2046|0x00000007ff800000, 0x00000007ffc00000, 0x00000007ffc00000|100%| O|  |TAMS 0x00000007ff800000| PB 0x00000007ff800000| Untracked |  0
|2047|0x00000007ffc00000, 0x0000000800000000, 0x0000000800000000|100%| E|CS|TAMS 0x00000007ffc00000| PB 0x00000007ffc00000| Complete |  0

Card table byte_map: [0x0000018977d20000,0x0000018978d20000] _byte_map_base: 0x0000018974d20000

Marking Bits: (CMBitMap*) 0x000001896db0b900
 Bits: [0x0000018920000000, 0x0000018928000000)

Polling page: 0x000001896c250000

Metaspace:

Usage:
  Non-class:    106.99 MB used.
      Class:     17.32 MB used.
       Both:    124.30 MB used.

Virtual space:
  Non-class space:      128.00 MB reserved,     108.50 MB ( 85%) committed,  2 nodes.
      Class space:        1.00 GB reserved,      18.69 MB (  2%) committed,  1 nodes.
             Both:        1.12 GB reserved,     127.19 MB ( 11%) committed. 

Chunk freelists:
   Non-Class:  3.50 MB
       Class:  13.29 MB
        Both:  16.79 MB

MaxMetaspaceSize: 4.00 GB
CompressedClassSpaceSize: 1.00 GB
Initial GC threshold: 21.00 MB
Current GC threshold: 195.56 MB
CDS: on
 - commit_granule_bytes: 65536.
 - commit_granule_words: 8192.
 - virtual_space_node_default_size: 8388608.
 - enlarge_chunks_in_place: 1.
 - use_allocation_guard: 0.


Internal statistics:

num_allocs_failed_limit: 6.
num_arena_births: 4598.
num_arena_deaths: 0.
num_vsnodes_births: 3.
num_vsnodes_deaths: 0.
num_space_committed: 2034.
num_space_uncommitted: 0.
num_chunks_returned_to_freelist: 6.
num_chunks_taken_from_freelist: 10333.
num_chunk_merges: 6.
num_chunk_splits: 6907.
num_chunks_enlarged: 4574.
num_inconsistent_stats: 0.

CodeHeap 'non-profiled nmethods': size=259264Kb used=15199Kb max_used=15199Kb free=244064Kb
 bounds [0x00000189102d0000, 0x00000189111b0000, 0x0000018920000000]
CodeHeap 'profiled nmethods': size=259264Kb used=32652Kb max_used=32652Kb free=226611Kb
 bounds [0x0000018900000000, 0x0000018901ff0000, 0x000001890fd30000]
CodeHeap 'non-nmethods': size=5760Kb used=3297Kb max_used=3338Kb free=2462Kb
 bounds [0x000001890fd30000, 0x0000018910080000, 0x00000189102d0000]
 total_blobs=18670 nmethods=17612 adapters=961
 compilation: enabled
              stopped_count=0, restarted_count=0
 full_count=0

Compilation events (20 events):
Event: 244.542 Thread 0x000001898302d9d0 21306       4       org.gradle.api.internal.artifacts.transform.AbstractTransformedArtifactSet::<init> (70 bytes)
Event: 244.565 Thread 0x000001898302d9d0 nmethod 21306 0x00000189111a2690 code [0x00000189111a2900, 0x00000189111a3490]
Event: 244.565 Thread 0x000001898302d9d0 21310       4       org.gradle.api.internal.artifacts.transform.AbstractTransformedArtifactSet$CalculateArtifacts::calculateValue (6 bytes)
Event: 244.620 Thread 0x000001898302d9d0 nmethod 21310 0x00000189111a3e10 code [0x00000189111a4180, 0x00000189111a5af0]
Event: 244.654 Thread 0x0000018969133a20 21312       3       jdk.xml.internal.SecuritySupport$$Lambda/0x00000189295a50a0::run (8 bytes)
Event: 244.655 Thread 0x0000018969133a20 nmethod 21312 0x0000018901fd8f10 code [0x0000018901fd90e0, 0x0000018901fd94b0]
Event: 244.655 Thread 0x0000018969133a20 21313       3       jdk.xml.internal.SecuritySupport::lambda$getSystemProperty$0 (5 bytes)
Event: 244.655 Thread 0x0000018969133a20 nmethod 21313 0x0000018901fd9610 code [0x0000018901fd97e0, 0x0000018901fd9b38]
Event: 244.677 Thread 0x0000018969133a20 21314       3       org.apache.commons.lang.StringUtils::capitalize (46 bytes)
Event: 244.679 Thread 0x0000018969133a20 nmethod 21314 0x0000018901fd9c90 code [0x0000018901fd9f60, 0x0000018901fdad30]
Event: 244.683 Thread 0x0000018969133a20 21315       3       org.gradle.api.internal.collections.FilteredElementSource::realizePending (11 bytes)
Event: 244.683 Thread 0x0000018969133a20 nmethod 21315 0x0000018901fdb290 code [0x0000018901fdb440, 0x0000018901fdb620]
Event: 244.684 Thread 0x0000018969133a20 21316       3       org.gradle.api.internal.collections.DefaultCollectionEventRegister$FilteredEventRegister::registerEagerAddAction (19 bytes)
Event: 244.686 Thread 0x0000018969133a20 nmethod 21316 0x0000018901fdb710 code [0x0000018901fdb8e0, 0x0000018901fdbd28]
Event: 244.694 Thread 0x000001898302d9d0 21317   !   4       org.gradle.api.internal.provider.DefaultProvider::getType (8 bytes)
Event: 244.699 Thread 0x0000018969133a20 21318       3       org.gradle.api.internal.artifacts.configurations.DefaultConfiguration::notifyChildren (40 bytes)
Event: 244.699 Thread 0x0000018969133a20 nmethod 21318 0x0000018901fdbf10 code [0x0000018901fdc100, 0x0000018901fdc6d0]
Event: 244.709 Thread 0x000001898302d9d0 nmethod 21317 0x00000189111a6910 code [0x00000189111a6b80, 0x00000189111a7738]
Event: 246.286 Thread 0x0000018969133a20 21319       3       jdk.management.jfr.internal.FlightRecorderMXBeanProvider$SingleMBeanComponent::mbeanInterfaceNames (11 bytes)
Event: 246.286 Thread 0x0000018969133a20 nmethod 21319 0x0000018901fdc890 code [0x0000018901fdca80, 0x0000018901fdcf08]

GC Heap History (20 events):
Event: 20.681 GC heap before
{Heap before GC invocations=50 (full 0):
 garbage-first heap   total reserved 8388608K, committed 368640K, used 327578K [0x0000000600000000, 0x0000000800000000)
  region size 4096K, 37 young (151552K), 3 survivors (12288K)
 Metaspace       used 107532K, committed 110272K, reserved 1179648K
  class space    used 15411K, committed 16704K, reserved 1048576K
}
Event: 20.701 GC heap after
{Heap after GC invocations=51 (full 0):
 garbage-first heap   total reserved 8388608K, committed 368640K, used 202165K [0x0000000600000000, 0x0000000800000000)
  region size 4096K, 5 young (20480K), 5 survivors (20480K)
 Metaspace       used 107532K, committed 110272K, reserved 1179648K
  class space    used 15411K, committed 16704K, reserved 1048576K
}
Event: 20.991 GC heap before
{Heap before GC invocations=51 (full 0):
 garbage-first heap   total reserved 8388608K, committed 368640K, used 320949K [0x0000000600000000, 0x0000000800000000)
  region size 4096K, 35 young (143360K), 5 survivors (20480K)
 Metaspace       used 107618K, committed 110336K, reserved 1179648K
  class space    used 15423K, committed 16704K, reserved 1048576K
}
Event: 21.003 GC heap after
{Heap after GC invocations=52 (full 0):
 garbage-first heap   total reserved 8388608K, committed 368640K, used 210411K [0x0000000600000000, 0x0000000800000000)
  region size 4096K, 3 young (12288K), 3 survivors (12288K)
 Metaspace       used 107618K, committed 110336K, reserved 1179648K
  class space    used 15423K, committed 16704K, reserved 1048576K
}
Event: 21.403 GC heap before
{Heap before GC invocations=53 (full 0):
 garbage-first heap   total reserved 8388608K, committed 368640K, used 325099K [0x0000000600000000, 0x0000000800000000)
  region size 4096K, 32 young (131072K), 3 survivors (12288K)
 Metaspace       used 107847K, committed 110592K, reserved 1179648K
  class space    used 15461K, committed 16768K, reserved 1048576K
}
Event: 21.409 GC heap after
{Heap after GC invocations=54 (full 0):
 garbage-first heap   total reserved 8388608K, committed 368640K, used 217170K [0x0000000600000000, 0x0000000800000000)
  region size 4096K, 4 young (16384K), 4 survivors (16384K)
 Metaspace       used 107847K, committed 110592K, reserved 1179648K
  class space    used 15461K, committed 16768K, reserved 1048576K
}
Event: 21.893 GC heap before
{Heap before GC invocations=54 (full 0):
 garbage-first heap   total reserved 8388608K, committed 368640K, used 323666K [0x0000000600000000, 0x0000000800000000)
  region size 4096K, 31 young (126976K), 4 survivors (16384K)
 Metaspace       used 109877K, committed 112704K, reserved 1179648K
  class space    used 15581K, committed 16896K, reserved 1048576K
}
Event: 21.908 GC heap after
{Heap after GC invocations=55 (full 0):
 garbage-first heap   total reserved 8388608K, committed 368640K, used 221470K [0x0000000600000000, 0x0000000800000000)
  region size 4096K, 3 young (12288K), 3 survivors (12288K)
 Metaspace       used 109877K, committed 112704K, reserved 1179648K
  class space    used 15581K, committed 16896K, reserved 1048576K
}
Event: 24.349 GC heap before
{Heap before GC invocations=55 (full 0):
 garbage-first heap   total reserved 8388608K, committed 368640K, used 327966K [0x0000000600000000, 0x0000000800000000)
  region size 4096K, 30 young (122880K), 3 survivors (12288K)
 Metaspace       used 116187K, committed 119040K, reserved 1179648K
  class space    used 16257K, committed 17600K, reserved 1048576K
}
Event: 24.359 GC heap after
{Heap after GC invocations=56 (full 0):
 garbage-first heap   total reserved 8388608K, committed 462848K, used 229818K [0x0000000600000000, 0x0000000800000000)
  region size 4096K, 3 young (12288K), 3 survivors (12288K)
 Metaspace       used 116187K, committed 119040K, reserved 1179648K
  class space    used 16257K, committed 17600K, reserved 1048576K
}
Event: 26.135 GC heap before
{Heap before GC invocations=57 (full 0):
 garbage-first heap   total reserved 8388608K, committed 462848K, used 405946K [0x0000000600000000, 0x0000000800000000)
  region size 4096K, 46 young (188416K), 3 survivors (12288K)
 Metaspace       used 116710K, committed 119616K, reserved 1179648K
  class space    used 16308K, committed 17664K, reserved 1048576K
}
Event: 26.149 GC heap after
{Heap after GC invocations=58 (full 0):
 garbage-first heap   total reserved 8388608K, committed 462848K, used 240235K [0x0000000600000000, 0x0000000800000000)
  region size 4096K, 5 young (20480K), 5 survivors (20480K)
 Metaspace       used 116710K, committed 119616K, reserved 1179648K
  class space    used 16308K, committed 17664K, reserved 1048576K
}
Event: 27.902 GC heap before
{Heap before GC invocations=58 (full 0):
 garbage-first heap   total reserved 8388608K, committed 462848K, used 412267K [0x0000000600000000, 0x0000000800000000)
  region size 4096K, 47 young (192512K), 5 survivors (20480K)
 Metaspace       used 117034K, committed 119936K, reserved 1179648K
  class space    used 16326K, committed 17664K, reserved 1048576K
}
Event: 27.924 GC heap after
{Heap after GC invocations=59 (full 0):
 garbage-first heap   total reserved 8388608K, committed 462848K, used 251714K [0x0000000600000000, 0x0000000800000000)
  region size 4096K, 6 young (24576K), 6 survivors (24576K)
 Metaspace       used 117034K, committed 119936K, reserved 1179648K
  class space    used 16326K, committed 17664K, reserved 1048576K
}
Event: 28.830 GC heap before
{Heap before GC invocations=59 (full 0):
 garbage-first heap   total reserved 8388608K, committed 462848K, used 407362K [0x0000000600000000, 0x0000000800000000)
  region size 4096K, 44 young (180224K), 6 survivors (24576K)
 Metaspace       used 117193K, committed 120128K, reserved 1179648K
  class space    used 16328K, committed 17664K, reserved 1048576K
}
Event: 28.848 GC heap after
{Heap after GC invocations=60 (full 0):
 garbage-first heap   total reserved 8388608K, committed 462848K, used 265839K [0x0000000600000000, 0x0000000800000000)
  region size 4096K, 4 young (16384K), 4 survivors (16384K)
 Metaspace       used 117193K, committed 120128K, reserved 1179648K
  class space    used 16328K, committed 17664K, reserved 1048576K
}
Event: 31.167 GC heap before
{Heap before GC invocations=61 (full 0):
 garbage-first heap   total reserved 8388608K, committed 462848K, used 413295K [0x0000000600000000, 0x0000000800000000)
  region size 4096K, 40 young (163840K), 4 survivors (16384K)
 Metaspace       used 120681K, committed 123648K, reserved 1179648K
  class space    used 16839K, committed 18240K, reserved 1048576K
}
Event: 31.179 GC heap after
{Heap after GC invocations=62 (full 0):
 garbage-first heap   total reserved 8388608K, committed 462848K, used 279688K [0x0000000600000000, 0x0000000800000000)
  region size 4096K, 4 young (16384K), 4 survivors (16384K)
 Metaspace       used 120681K, committed 123648K, reserved 1179648K
  class space    used 16839K, committed 18240K, reserved 1048576K
}
Event: 33.672 GC heap before
{Heap before GC invocations=62 (full 0):
 garbage-first heap   total reserved 8388608K, committed 462848K, used 414856K [0x0000000600000000, 0x0000000800000000)
  region size 4096K, 37 young (151552K), 4 survivors (16384K)
 Metaspace       used 126509K, committed 129408K, reserved 1179648K
  class space    used 17642K, committed 19008K, reserved 1048576K
}
Event: 33.703 GC heap after
{Heap after GC invocations=63 (full 0):
 garbage-first heap   total reserved 8388608K, committed 471040K, used 265108K [0x0000000600000000, 0x0000000800000000)
  region size 4096K, 4 young (16384K), 4 survivors (16384K)
 Metaspace       used 126509K, committed 129408K, reserved 1179648K
  class space    used 17642K, committed 19008K, reserved 1048576K
}

Dll operation events (15 events):
Event: 0.014 Loaded shared library C:\Program Files\Java\jdk-22\bin\java.dll
Event: 0.052 Loaded shared library C:\Program Files\Java\jdk-22\bin\jsvml.dll
Event: 0.096 Loaded shared library C:\Program Files\Java\jdk-22\bin\zip.dll
Event: 0.101 Loaded shared library C:\Program Files\Java\jdk-22\bin\instrument.dll
Event: 0.104 Loaded shared library C:\Program Files\Java\jdk-22\bin\net.dll
Event: 0.107 Loaded shared library C:\Program Files\Java\jdk-22\bin\nio.dll
Event: 0.110 Loaded shared library C:\Program Files\Java\jdk-22\bin\zip.dll
Event: 0.311 Loaded shared library C:\Program Files\Java\jdk-22\bin\jimage.dll
Event: 0.424 Loaded shared library C:\Program Files\Java\jdk-22\bin\verify.dll
Event: 0.533 Loaded shared library C:\Users\hungk\.gradle\native\c067742578af261105cb4f569cf0c3c89f3d7b1fecec35dd04571415982c5e48\windows-amd64\native-platform.dll
Event: 0.538 Loaded shared library C:\Users\hungk\.gradle\native\100fb08df4bc3b14c8652ba06237920a3bd2aa13389f12d3474272988ae205f9\windows-amd64\native-platform-file-events.dll
Event: 1.248 Loaded shared library C:\Program Files\Java\jdk-22\bin\management.dll
Event: 1.251 Loaded shared library C:\Program Files\Java\jdk-22\bin\management_ext.dll
Event: 1.434 Loaded shared library C:\Program Files\Java\jdk-22\bin\extnet.dll
Event: 1.556 Loaded shared library C:\Program Files\Java\jdk-22\bin\sunmscapi.dll

Deoptimization events (20 events):
Event: 242.125 Thread 0x000001898b3cbb00 Uncommon trap: trap_request=0xffffffbe fr.pc=0x0000018910dab68c relative=0x000000000000078c
Event: 242.125 Thread 0x000001898b3cbb00 Uncommon trap: reason=profile_predicate action=maybe_recompile pc=0x0000018910dab68c method=java.math.BigInteger.montReduce([I[III)[I @ 56 c2
Event: 242.125 Thread 0x000001898b3cbb00 DEOPT PACKING pc=0x0000018910dab68c sp=0x00000056b86fb0a0
Event: 242.125 Thread 0x000001898b3cbb00 DEOPT UNPACKING pc=0x000001890fd87da2 sp=0x00000056b86fb068 mode 2
Event: 242.126 Thread 0x000001898b3cbb00 Uncommon trap: trap_request=0xffffffbe fr.pc=0x00000189108bf8f8 relative=0x0000000000000698
Event: 242.126 Thread 0x000001898b3cbb00 Uncommon trap: reason=profile_predicate action=maybe_recompile pc=0x00000189108bf8f8 method=java.math.BigInteger.montReduce([I[III)[I @ 9 c2
Event: 242.126 Thread 0x000001898b3cbb00 DEOPT PACKING pc=0x00000189108bf8f8 sp=0x00000056b86fb0a0
Event: 242.127 Thread 0x000001898b3cbb00 DEOPT UNPACKING pc=0x000001890fd87da2 sp=0x00000056b86fb070 mode 2
Event: 243.381 Thread 0x000001898b3cbb00 Uncommon trap: trap_request=0xffffffc6 fr.pc=0x000001891052b858 relative=0x0000000000000878
Event: 243.381 Thread 0x000001898b3cbb00 Uncommon trap: reason=bimorphic_or_optimized_type_check action=maybe_recompile pc=0x000001891052b858 method=com.google.common.collect.AbstractMultimap.keySet()Ljava/util/Set; @ 11 c2
Event: 243.381 Thread 0x000001898b3cbb00 DEOPT PACKING pc=0x000001891052b858 sp=0x00000056b86f4a30
Event: 243.381 Thread 0x000001898b3cbb00 DEOPT UNPACKING pc=0x000001890fd87da2 sp=0x00000056b86f49f0 mode 2
Event: 244.494 Thread 0x000001898b3d7fe0 Uncommon trap: trap_request=0xffffff45 fr.pc=0x0000018910fdf034 relative=0x0000000000000a54
Event: 244.494 Thread 0x000001898b3d7fe0 Uncommon trap: reason=unstable_if action=reinterpret pc=0x0000018910fdf034 method=java.util.concurrent.ConcurrentHashMap.replaceNode(Ljava/lang/Object;Ljava/lang/Object;Ljava/lang/Object;)Ljava/lang/Object; @ 62 c2
Event: 244.494 Thread 0x000001898b3d7fe0 DEOPT PACKING pc=0x0000018910fdf034 sp=0x00000056bb7fe840
Event: 244.494 Thread 0x000001898b3d7fe0 DEOPT UNPACKING pc=0x000001890fd87da2 sp=0x00000056bb7fe7c8 mode 2
Event: 244.701 Thread 0x000001898b3cbb00 Uncommon trap: trap_request=0xffffff45 fr.pc=0x00000189110ebaa4 relative=0x0000000000000a24
Event: 244.701 Thread 0x000001898b3cbb00 Uncommon trap: reason=unstable_if action=reinterpret pc=0x00000189110ebaa4 method=org.gradle.internal.instantiation.generator.ManagedObjectFactory.newInstance(Lorg/gradle/internal/state/ModelObject;Ljava/lang/String;Ljava/lang/Class;)Ljava/lang/Object; @ 
Event: 244.701 Thread 0x000001898b3cbb00 DEOPT PACKING pc=0x00000189110ebaa4 sp=0x00000056b86f4320
Event: 244.701 Thread 0x000001898b3cbb00 DEOPT UNPACKING pc=0x000001890fd87da2 sp=0x00000056b86f4310 mode 2

Classes loaded (20 events):
Event: 32.301 Loading class javax/crypto/ProviderVerifier$1
Event: 32.301 Loading class javax/crypto/ProviderVerifier$1 done
Event: 32.452 Loading class java/security/cert/CertificateEncodingException
Event: 32.453 Loading class java/security/cert/CertificateEncodingException done
Event: 34.707 Loading class java/io/PrintWriter$1
Event: 34.707 Loading class jdk/internal/access/JavaIOPrintWriterAccess
Event: 34.707 Loading class jdk/internal/access/JavaIOPrintWriterAccess done
Event: 34.707 Loading class java/io/PrintWriter$1 done
Event: 34.707 Loading class java/lang/Throwable$WrappedPrintWriter
Event: 34.708 Loading class java/lang/Throwable$PrintStreamOrWriter
Event: 34.708 Loading class java/lang/Throwable$PrintStreamOrWriter done
Event: 34.708 Loading class java/lang/Throwable$WrappedPrintWriter done
Event: 34.709 Loading class java/lang/StackTraceElement$HashedModules
Event: 34.709 Loading class java/lang/StackTraceElement$HashedModules done
Event: 34.736 Loading class java/util/logging/LogRecord
Event: 34.737 Loading class java/util/logging/LogRecord done
Event: 34.936 Loading class java/util/Collections$EmptyListIterator
Event: 34.937 Loading class java/util/Collections$EmptyListIterator done
Event: 34.974 Loading class java/net/UrlDeserializedState
Event: 34.974 Loading class java/net/UrlDeserializedState done

Classes unloaded (0 events):
No events

Classes redefined (0 events):
No events

Internal exceptions (20 events):
Event: 34.976 Thread 0x00000189844ee420 Exception <a 'sun/nio/fs/WindowsException'{0x00000006162db1a8}> (0x00000006162db1a8) 
thrown [s\open\src\hotspot\share\prims\jni.cpp, line 520]
Event: 242.196 Thread 0x000001898b3cbb00 Exception <a 'java/lang/NoSuchMethodError'{0x000000061322c560}: static Lorg/gradle/tooling/internal/consumer/connection/InternalPhasedActionAdapter;.<clinit>()V> (0x000000061322c560) 
thrown [s\open\src\hotspot\share\prims\jni.cpp, line 1111]
Event: 242.252 Thread 0x000001898b3cbb00 Exception <a 'java/lang/NoSuchMethodError'{0x000000061324fcc8}: static Lorg/gradle/tooling/internal/consumer/connection/InternalBuildActionAdapter;.<clinit>()V> (0x000000061324fcc8) 
thrown [s\open\src\hotspot\share\prims\jni.cpp, line 1111]
Event: 242.405 Thread 0x000001898b3cbb00 Exception <a 'java/lang/NoSuchMethodError'{0x0000000613387968}: static Lorg/gradle/tooling/internal/consumer/versioning/VersionDetails;.<clinit>()V> (0x0000000613387968) 
thrown [s\open\src\hotspot\share\prims\jni.cpp, line 1111]
Event: 242.405 Thread 0x000001898b3cbb00 Exception <a 'java/lang/NoSuchMethodError'{0x000000061338a3d8}: static Lorg/gradle/tooling/internal/consumer/versioning/VersionDetails$R26VersionDetails;.<clinit>()V> (0x000000061338a3d8) 
thrown [s\open\src\hotspot\share\prims\jni.cpp, line 1111]
Event: 242.405 Thread 0x000001898b3cbb00 Exception <a 'java/lang/NoSuchMethodError'{0x000000061338b9f0}: static Lorg/gradle/tooling/internal/consumer/versioning/VersionDetails$R28VersionDetails;.<clinit>()V> (0x000000061338b9f0) 
thrown [s\open\src\hotspot\share\prims\jni.cpp, line 1111]
Event: 242.405 Thread 0x000001898b3cbb00 Exception <a 'java/lang/NoSuchMethodError'{0x000000061338cf58}: static Lorg/gradle/tooling/internal/consumer/versioning/VersionDetails$R35VersionDetails;.<clinit>()V> (0x000000061338cf58) 
thrown [s\open\src\hotspot\share\prims\jni.cpp, line 1111]
Event: 242.405 Thread 0x000001898b3cbb00 Exception <a 'java/lang/NoSuchMethodError'{0x000000061338e688}: static Lorg/gradle/tooling/internal/consumer/versioning/VersionDetails$R44VersionDetails;.<clinit>()V> (0x000000061338e688) 
thrown [s\open\src\hotspot\share\prims\jni.cpp, line 1111]
Event: 242.405 Thread 0x000001898b3cbb00 Exception <a 'java/lang/NoSuchMethodError'{0x000000061338fcf0}: static Lorg/gradle/tooling/internal/consumer/versioning/VersionDetails$R48VersionDetails;.<clinit>()V> (0x000000061338fcf0) 
thrown [s\open\src\hotspot\share\prims\jni.cpp, line 1111]
Event: 242.405 Thread 0x000001898b3cbb00 Exception <a 'java/lang/NoSuchMethodError'{0x0000000613391190}: static Lorg/gradle/tooling/internal/consumer/versioning/VersionDetails$R51VersionDetails;.<clinit>()V> (0x0000000613391190) 
thrown [s\open\src\hotspot\share\prims\jni.cpp, line 1111]
Event: 242.413 Thread 0x000001898b3cbb00 Exception <a 'java/lang/NoSuchMethodError'{0x00000006133a0858}: static [Lorg/gradle/tooling/BuildAction;.<clinit>()V> (0x00000006133a0858) 
thrown [s\open\src\hotspot\share\prims\jni.cpp, line 1111]
Event: 242.415 Thread 0x000001898b3cbb00 Exception <a 'java/lang/NoSuchMethodError'{0x00000006133ae250}: static Lorg/eclipse/buildship/core/internal/workspace/TellGradleToRunSynchronizationTasks;.<clinit>()V> (0x00000006133ae250) 
thrown [s\open\src\hotspot\share\prims\jni.cpp, line 1111]
Event: 242.860 Thread 0x000001898b3cbb00 Exception <a 'sun/nio/fs/WindowsException'{0x0000000612d64730}> (0x0000000612d64730) 
thrown [s\open\src\hotspot\share\prims\jni.cpp, line 520]
Event: 242.861 Thread 0x000001898b3cbb00 Exception <a 'sun/nio/fs/WindowsException'{0x0000000612d66028}> (0x0000000612d66028) 
thrown [s\open\src\hotspot\share\prims\jni.cpp, line 520]
Event: 242.861 Thread 0x000001898b3cbb00 Exception <a 'sun/nio/fs/WindowsException'{0x0000000612d676b8}> (0x0000000612d676b8) 
thrown [s\open\src\hotspot\share\prims\jni.cpp, line 520]
Event: 242.862 Thread 0x000001898b3cbb00 Exception <a 'sun/nio/fs/WindowsException'{0x0000000612d68a08}> (0x0000000612d68a08) 
thrown [s\open\src\hotspot\share\prims\jni.cpp, line 520]
Event: 243.023 Thread 0x000001898b3cbb00 Exception <a 'sun/nio/fs/WindowsException'{0x0000000612e7da50}> (0x0000000612e7da50) 
thrown [s\open\src\hotspot\share\prims\jni.cpp, line 520]
Event: 243.023 Thread 0x000001898b3cbb00 Exception <a 'sun/nio/fs/WindowsException'{0x0000000612e7f650}> (0x0000000612e7f650) 
thrown [s\open\src\hotspot\share\prims\jni.cpp, line 520]
Event: 243.024 Thread 0x000001898b3cbb00 Exception <a 'sun/nio/fs/WindowsException'{0x0000000612e81240}> (0x0000000612e81240) 
thrown [s\open\src\hotspot\share\prims\jni.cpp, line 520]
Event: 243.024 Thread 0x000001898b3cbb00 Exception <a 'sun/nio/fs/WindowsException'{0x0000000612e82af0}> (0x0000000612e82af0) 
thrown [s\open\src\hotspot\share\prims\jni.cpp, line 520]

ZGC Phase Switch (0 events):
No events

VM Operations (20 events):
Event: 92.386 Executing VM operation: Cleanup
Event: 92.386 Executing VM operation: Cleanup done
Event: 111.542 Executing VM operation: Cleanup
Event: 111.542 Executing VM operation: Cleanup done
Event: 141.773 Executing VM operation: Cleanup
Event: 141.773 Executing VM operation: Cleanup done
Event: 146.820 Executing VM operation: Cleanup
Event: 146.820 Executing VM operation: Cleanup done
Event: 151.857 Executing VM operation: Cleanup
Event: 151.857 Executing VM operation: Cleanup done
Event: 241.583 Executing VM operation: Cleanup
Event: 241.585 Executing VM operation: Cleanup done
Event: 242.592 Executing VM operation: Cleanup
Event: 242.609 Executing VM operation: Cleanup done
Event: 243.616 Executing VM operation: Cleanup
Event: 243.617 Executing VM operation: Cleanup done
Event: 244.633 Executing VM operation: Cleanup
Event: 244.633 Executing VM operation: Cleanup done
Event: 245.634 Executing VM operation: Cleanup
Event: 245.634 Executing VM operation: Cleanup done

Events (20 events):
Event: 244.242 Thread 0x000001898b3d2a90 Thread added: 0x000001898b3d2a90
Event: 244.245 Thread 0x000001898b3d3120 Thread added: 0x000001898b3d3120
Event: 244.245 Thread 0x000001898b3cfca0 Thread added: 0x000001898b3cfca0
Event: 244.246 Thread 0x000001898b3d37b0 Thread added: 0x000001898b3d37b0
Event: 244.253 Thread 0x000001898b3d3e40 Thread added: 0x000001898b3d3e40
Event: 244.255 Thread 0x000001898b3d09c0 Thread added: 0x000001898b3d09c0
Event: 244.257 Thread 0x000001898b3d44d0 Thread added: 0x000001898b3d44d0
Event: 244.434 Thread 0x000001898b3d1050 Thread added: 0x000001898b3d1050
Event: 244.437 Thread 0x000001898b3d4b60 Thread added: 0x000001898b3d4b60
Event: 244.439 Thread 0x000001898b3d16e0 Thread added: 0x000001898b3d16e0
Event: 244.440 Thread 0x000001898b3d5880 Thread added: 0x000001898b3d5880
Event: 244.442 Thread 0x000001898b3d5f10 Thread added: 0x000001898b3d5f10
Event: 244.445 Thread 0x000001898b3d8670 Thread added: 0x000001898b3d8670
Event: 244.448 Thread 0x000001898b3d7fe0 Thread added: 0x000001898b3d7fe0
Event: 244.454 Thread 0x000001898b3d72c0 Thread added: 0x000001898b3d72c0
Event: 244.455 Thread 0x000001898b3d65a0 Thread added: 0x000001898b3d65a0
Event: 244.459 Thread 0x000001898b3d6c30 Thread added: 0x000001898b3d6c30
Event: 244.481 Thread 0x000001898b3d7950 Thread added: 0x000001898b3d7950
Event: 244.498 Thread 0x000001898302d9d0 Thread added: 0x000001898302d9d0
Event: 246.286 Thread 0x000001898302d9d0 Thread exited: 0x000001898302d9d0


Dynamic libraries:
0x00007ff6198c0000 - 0x00007ff6198d0000 	C:\Program Files\Java\jdk-22\bin\java.exe
0x00007fffc49e0000 - 0x00007fffc4c43000 	C:\WINDOWS\SYSTEM32\ntdll.dll
0x00007fffc3990000 - 0x00007fffc3a58000 	C:\WINDOWS\System32\KERNEL32.DLL
0x00007fffc1f30000 - 0x00007fffc22e2000 	C:\WINDOWS\System32\KERNELBASE.dll
0x00007fffc1db0000 - 0x00007fffc1efb000 	C:\WINDOWS\System32\ucrtbase.dll
0x00007fffb9e90000 - 0x00007fffb9ea7000 	C:\Program Files\Java\jdk-22\bin\jli.dll
0x00007fffbaec0000 - 0x00007fffbaedb000 	C:\Program Files\Java\jdk-22\bin\VCRUNTIME140.dll
0x00007fffc38d0000 - 0x00007fffc3984000 	C:\WINDOWS\System32\ADVAPI32.dll
0x00007fffc3590000 - 0x00007fffc3639000 	C:\WINDOWS\System32\msvcrt.dll
0x00007fffc32e0000 - 0x00007fffc3386000 	C:\WINDOWS\System32\sechost.dll
0x00007fffc41e0000 - 0x00007fffc42f6000 	C:\WINDOWS\System32\RPCRT4.dll
0x00007fffc2840000 - 0x00007fffc2a08000 	C:\WINDOWS\System32\USER32.dll
0x00007fffc1f00000 - 0x00007fffc1f27000 	C:\WINDOWS\System32\win32u.dll
0x00007fffa7d30000 - 0x00007fffa7fc0000 	C:\WINDOWS\WinSxS\amd64_microsoft.windows.common-controls_6595b64144ccf1df_6.0.26100.2454_none_3e0b68a2e331ad60\COMCTL32.dll
0x00007fffc4300000 - 0x00007fffc432a000 	C:\WINDOWS\System32\GDI32.dll
0x00007fffc2430000 - 0x00007fffc255b000 	C:\WINDOWS\System32\gdi32full.dll
0x00007fffc2380000 - 0x00007fffc2423000 	C:\WINDOWS\System32\msvcp_win.dll
0x00007fffb8ac0000 - 0x00007fffb8acb000 	C:\WINDOWS\SYSTEM32\VERSION.dll
0x00007fffc3120000 - 0x00007fffc314f000 	C:\WINDOWS\System32\IMM32.DLL
0x00007fffbbfd0000 - 0x00007fffbbfdc000 	C:\Program Files\Java\jdk-22\bin\vcruntime140_1.dll
0x00007fff80780000 - 0x00007fff8080e000 	C:\Program Files\Java\jdk-22\bin\msvcp140.dll
0x00007fff50040000 - 0x00007fff50d88000 	C:\Program Files\Java\jdk-22\bin\server\jvm.dll
0x00007fffc3210000 - 0x00007fffc3284000 	C:\WINDOWS\System32\WS2_32.dll
0x00007fffc0a80000 - 0x00007fffc0ace000 	C:\WINDOWS\SYSTEM32\POWRPROF.dll
0x00007fffb4e70000 - 0x00007fffb4ea6000 	C:\WINDOWS\SYSTEM32\WINMM.dll
0x00007fffc0a60000 - 0x00007fffc0a74000 	C:\WINDOWS\SYSTEM32\UMPDC.dll
0x00007fffc0d00000 - 0x00007fffc0d1a000 	C:\WINDOWS\SYSTEM32\kernel.appcore.dll
0x00007fffbaea0000 - 0x00007fffbaeaa000 	C:\Program Files\Java\jdk-22\bin\jimage.dll
0x00007fffbf5a0000 - 0x00007fffbf7e1000 	C:\WINDOWS\SYSTEM32\DBGHELP.DLL
0x00007fffc3cb0000 - 0x00007fffc402e000 	C:\WINDOWS\System32\combase.dll
0x00007fffc4360000 - 0x00007fffc4436000 	C:\WINDOWS\System32\OLEAUT32.dll
0x00007fff86850000 - 0x00007fff86889000 	C:\WINDOWS\SYSTEM32\dbgcore.DLL
0x00007fffc2560000 - 0x00007fffc25f9000 	C:\WINDOWS\System32\bcryptPrimitives.dll
0x00007fffb9230000 - 0x00007fffb923f000 	C:\Program Files\Java\jdk-22\bin\instrument.dll
0x00007fffaa4f0000 - 0x00007fffaa50e000 	C:\Program Files\Java\jdk-22\bin\java.dll
0x00007fffc2a10000 - 0x00007fffc3110000 	C:\WINDOWS\System32\SHELL32.dll
0x00007fffc4040000 - 0x00007fffc41d9000 	C:\WINDOWS\System32\ole32.dll
0x00007fffbfb00000 - 0x00007fffc0331000 	C:\WINDOWS\SYSTEM32\windows.storage.dll
0x00007fffc3bd0000 - 0x00007fffc3caa000 	C:\WINDOWS\System32\SHCORE.dll
0x00007fffc48d0000 - 0x00007fffc492d000 	C:\WINDOWS\System32\shlwapi.dll
0x00007fffc1cc0000 - 0x00007fffc1cee000 	C:\WINDOWS\SYSTEM32\profapi.dll
0x00007fff781e0000 - 0x00007fff782b7000 	C:\Program Files\Java\jdk-22\bin\jsvml.dll
0x00007fffa8a00000 - 0x00007fffa8a17000 	C:\Program Files\Java\jdk-22\bin\zip.dll
0x00007fffb6000000 - 0x00007fffb6010000 	C:\Program Files\Java\jdk-22\bin\net.dll
0x00007fffc1200000 - 0x00007fffc1268000 	C:\WINDOWS\system32\mswsock.dll
0x00007fff9eac0000 - 0x00007fff9ead6000 	C:\Program Files\Java\jdk-22\bin\nio.dll
0x00007fffb5fd0000 - 0x00007fffb5fe0000 	C:\Program Files\Java\jdk-22\bin\verify.dll
0x00007fff878d0000 - 0x00007fff878f7000 	C:\Users\hungk\.gradle\native\c067742578af261105cb4f569cf0c3c89f3d7b1fecec35dd04571415982c5e48\windows-amd64\native-platform.dll
0x00007fff77440000 - 0x00007fff77584000 	C:\Users\hungk\.gradle\native\100fb08df4bc3b14c8652ba06237920a3bd2aa13389f12d3474272988ae205f9\windows-amd64\native-platform-file-events.dll
0x00007fffb3060000 - 0x00007fffb306a000 	C:\Program Files\Java\jdk-22\bin\management.dll
0x00007fffa97a0000 - 0x00007fffa97ab000 	C:\Program Files\Java\jdk-22\bin\management_ext.dll
0x00007fffc4990000 - 0x00007fffc4998000 	C:\WINDOWS\System32\PSAPI.DLL
0x00007fffc14a0000 - 0x00007fffc14bc000 	C:\WINDOWS\SYSTEM32\CRYPTSP.dll
0x00007fffc0c60000 - 0x00007fffc0c98000 	C:\WINDOWS\system32\rsaenh.dll
0x00007fffc12a0000 - 0x00007fffc12cb000 	C:\WINDOWS\SYSTEM32\USERENV.dll
0x00007fffc16e0000 - 0x00007fffc1706000 	C:\WINDOWS\SYSTEM32\bcrypt.dll
0x00007fffc14c0000 - 0x00007fffc14cc000 	C:\WINDOWS\SYSTEM32\CRYPTBASE.dll
0x00007fffc0800000 - 0x00007fffc0832000 	C:\WINDOWS\SYSTEM32\IPHLPAPI.DLL
0x00007fffc38b0000 - 0x00007fffc38ba000 	C:\WINDOWS\System32\NSI.dll
0x00007fffa9620000 - 0x00007fffa9629000 	C:\Program Files\Java\jdk-22\bin\extnet.dll
0x00007fffa7c60000 - 0x00007fffa7c6e000 	C:\Program Files\Java\jdk-22\bin\sunmscapi.dll
0x00007fffc26c0000 - 0x00007fffc2836000 	C:\WINDOWS\System32\CRYPT32.dll
0x00007fffc16a0000 - 0x00007fffc16d0000 	C:\WINDOWS\SYSTEM32\ncrypt.dll
0x00007fffc1650000 - 0x00007fffc168f000 	C:\WINDOWS\SYSTEM32\NTASN1.dll
0x00007fff89ef0000 - 0x00007fff89ef8000 	C:\WINDOWS\system32\wshunix.dll
0x00007fff90900000 - 0x00007fff90918000 	C:\WINDOWS\system32\napinsp.dll
0x00007fffc0840000 - 0x00007fffc0965000 	C:\WINDOWS\SYSTEM32\DNSAPI.dll
0x00007fff85920000 - 0x00007fff85932000 	C:\WINDOWS\System32\winrnr.dll
0x00007fff822a0000 - 0x00007fff822c2000 	C:\WINDOWS\system32\nlansp_c.dll
0x00007fffb91f0000 - 0x00007fffb9206000 	C:\WINDOWS\system32\wshbth.dll
0x00007fffb9de0000 - 0x00007fffb9deb000 	C:\Windows\System32\rasadhlp.dll
0x00007fffbaf10000 - 0x00007fffbaf95000 	C:\WINDOWS\System32\fwpuclnt.dll

dbghelp: loaded successfully - version: 4.0.5 - missing functions: none
symbol engine: initialized successfully - sym options: 0x614 - pdb path: .;C:\Program Files\Java\jdk-22\bin;C:\WINDOWS\SYSTEM32;C:\WINDOWS\WinSxS\amd64_microsoft.windows.common-controls_6595b64144ccf1df_6.0.26100.2454_none_3e0b68a2e331ad60;C:\Program Files\Java\jdk-22\bin\server;C:\Users\hungk\.gradle\native\c067742578af261105cb4f569cf0c3c89f3d7b1fecec35dd04571415982c5e48\windows-amd64;C:\Users\hungk\.gradle\native\100fb08df4bc3b14c8652ba06237920a3bd2aa13389f12d3474272988ae205f9\windows-amd64

VM Arguments:
jvm_args: -XX:MaxMetaspaceSize=4G -XX:ReservedCodeCacheSize=512m -XX:+HeapDumpOnOutOfMemoryError --add-opens=java.base/java.util=ALL-UNNAMED --add-opens=java.base/java.lang=ALL-UNNAMED --add-opens=java.base/java.lang.invoke=ALL-UNNAMED --add-opens=java.prefs/java.util.prefs=ALL-UNNAMED --add-exports=jdk.compiler/com.sun.tools.javac.api=ALL-UNNAMED --add-exports=jdk.compiler/com.sun.tools.javac.util=ALL-UNNAMED --add-opens=java.base/java.nio.charset=ALL-UNNAMED --add-opens=java.base/java.net=ALL-UNNAMED --add-opens=java.base/java.util.concurrent.atomic=ALL-UNNAMED -Xmx8G -Dfile.encoding=utf8 -Duser.country=US -Duser.language=en -Duser.variant -javaagent:C:\Users\hungk\.gradle\wrapper\dists\gradle-8.10.2-all\7iv73wktx1xtkvlq19urqw1wm\gradle-8.10.2\lib\agents\gradle-instrumentation-agent-8.10.2.jar 
java_command: org.gradle.launcher.daemon.bootstrap.GradleDaemon 8.10.2
java_class_path (initial): C:\Users\hungk\.gradle\wrapper\dists\gradle-8.10.2-all\7iv73wktx1xtkvlq19urqw1wm\gradle-8.10.2\lib\gradle-daemon-main-8.10.2.jar
Launcher Type: SUN_STANDARD

[Global flags]
     intx CICompilerCount                          = 4                                         {product} {ergonomic}
     uint ConcGCThreads                            = 3                                         {product} {ergonomic}
     uint G1ConcRefinementThreads                  = 10                                        {product} {ergonomic}
   size_t G1HeapRegionSize                         = 4194304                                   {product} {ergonomic}
     bool HeapDumpOnOutOfMemoryError               = true                                   {manageable} {command line}
   size_t InitialHeapSize                          = 130023424                                 {product} {ergonomic}
   size_t MarkStackSize                            = 4194304                                   {product} {ergonomic}
   size_t MaxHeapSize                              = 8589934592                                {product} {command line}
   size_t MaxMetaspaceSize                         = 4294967296                                {product} {command line}
   size_t MaxNewSize                               = 5150605312                                {product} {ergonomic}
   size_t MinHeapDeltaBytes                        = 4194304                                   {product} {ergonomic}
   size_t MinHeapSize                              = 8388608                                   {product} {ergonomic}
    uintx NonNMethodCodeHeapSize                   = 5839372                                {pd product} {ergonomic}
    uintx NonProfiledCodeHeapSize                  = 265515770                              {pd product} {ergonomic}
    uintx ProfiledCodeHeapSize                     = 265515770                              {pd product} {ergonomic}
    uintx ReservedCodeCacheSize                    = 536870912                              {pd product} {command line}
     bool SegmentedCodeCache                       = true                                      {product} {ergonomic}
   size_t SoftMaxHeapSize                          = 8589934592                             {manageable} {ergonomic}
     bool UseCompressedOops                        = true                           {product lp64_product} {ergonomic}
     bool UseG1GC                                  = true                                      {product} {ergonomic}
     bool UseLargePagesIndividualAllocation        = false                                  {pd product} {ergonomic}

Logging:
Log output configuration:
 #0: stdout all=warning uptime,level,tags foldmultilines=false
 #1: stderr all=off uptime,level,tags foldmultilines=false

Environment Variables:
PATH=C:\Program Files (x86)\VMware\VMware Workstation\bin\;C:\Program Files\Common Files\Oracle\Java\javapath;C:\Windows\system32;C:\Windows;C:\Windows\System32\Wbem;C:\Windows\System32\WindowsPowerShell\v1.0\;C:\Windows\System32\OpenSSH\;C:\Program Files (x86)\NVIDIA Corporation\PhysX\Common;C:\Program Files\NVIDIA Corporation\NVIDIA NvDLISR;C:\Program Files\Microsoft SQL Server\150\Tools\Binn\;C:\Program Files\Microsoft SQL Server\Client SDK\ODBC\170\Tools\Binn\;C:\Program Files\dotnet\;C:\Program Files (x86)\Microsoft SQL Server\160\Tools\Binn\;C:\Program Files\Microsoft SQL Server\160\Tools\Binn\;C:\Program Files\Microsoft SQL Server\160\DTS\Binn\;C:\Program Files (x86)\Microsoft SQL Server\160\DTS\Binn\;C:\WINDOWS\system32;C:\WINDOWS;C:\WINDOWS\System32\Wbem;C:\WINDOWS\System32\WindowsPowerShell\v1.0\;C:\WINDOWS\System32\OpenSSH\;C:\Program Files\nodejs\;C:\Program Files\Git\cmd;C:\Program Files\Cloudflare\Cloudflare WARP\;C:\Program Files\Docker\Docker\resources\bin;C:\xampp\php;C:\src\flutter_windows_3.29.2-stable\flutter\bin;D:\DOAN_chuyen_de_mobile\backend\apache-maven-3.9.11-bin\apache-maven-3.9.11\bin;C:\Users\hungk\AppData\Local\Programs\Python\Launcher\;C:\Users\hungk\AppData\Local\Microsoft\WindowsApps;C:\Users\hungk\.dotnet\tools;C:\Users\hungk\AppData\Local\Programs\Microsoft VS Code\bin;C:\Users\hungk\AppData\Roaming\npm;C:\Users\hungk\AppData\Local\Pub\Cache\bin;C:\Users\hungk\AppData\Local\Programs\DDN_CLI;C:\Users\hungk\AppData\Local\Android\Sdk\platform-tools;C:\Program Files\heroku\bin;
USERNAME=hungk
OS=Windows_NT
PROCESSOR_IDENTIFIER=Intel64 Family 6 Model 141 Stepping 1, GenuineIntel
TMP=C:\Users\hungk\AppData\Local\Temp
TEMP=C:\Users\hungk\AppData\Local\Temp




Periodic native trim disabled

---------------  S Y S T E M  ---------------

OS:
 Windows 11 , 64 bit Build 26100 (10.0.26100.2454)
OS uptime: 3 days 7:05 hours

CPU: total 12 (initial active 12) (6 cores per cpu, 2 threads per core) family 6 model 141 stepping 1 microcode 0x50, cx8, cmov, fxsr, ht, mmx, 3dnowpref, sse, sse2, sse3, ssse3, sse4.1, sse4.2, popcnt, lzcnt, tsc, tscinvbit, avx, avx2, aes, erms, clmul, bmi1, bmi2, adx, avx512f, avx512dq, avx512cd, avx512bw, avx512vl, sha, fma, vzeroupper, avx512_vpopcntdq, avx512_vpclmulqdq, avx512_vaes, avx512_vnni, clflush, clflushopt, clwb, avx512_vbmi2, avx512_vbmi, rdtscp, rdpid, fsrm, gfni, avx512_bitalg, f16c, pku, cet_ibt, cet_ss, avx512_ifma
Processor Information for all 12 processors :
  Max Mhz: 2688, Current Mhz: 2688, Mhz Limit: 2688

Memory: 4k page, system-wide physical 7929M (404M free)
TotalPageFile size 20217M (AvailPageFile size 43M)
current process WorkingSet (physical memory assigned to process): 211M, peak: 760M
current process commit charge ("private bytes"): 876M, peak: 892M

vm_info: Java HotSpot(TM) 64-Bit Server VM (22+36-2370) for windows-amd64 JRE (22+36-2370), built on 2024-02-15T22:15:19Z by "mach5one" with MS VC++ 17.6 (VS2022)

END.
