#
# There is insufficient memory for the Java Runtime Environment to continue.
# Native memory allocation (malloc) failed to allocate 1161264 bytes. Error detail: Chunk::new
# Possible reasons:
#   The system is out of physical RAM or swap space
#   This process is running with CompressedOops enabled, and the Java Heap may be blocking the growth of the native heap
# Possible solutions:
#   Reduce memory load on the system
#   Increase physical memory or swap space
#   Check if swap backing store is full
#   Decrease Java heap size (-Xmx/-Xms)
#   Decrease number of Java threads
#   Decrease Java thread stack sizes (-Xss)
#   Set larger code cache with -XX:ReservedCodeCacheSize=
#   JVM is running with Unscaled Compressed Oops mode in which the Java heap is
#     placed in the first 4GB address space. The Java Heap base address is the
#     maximum limit for the native heap growth. Please use -XX:HeapBaseMinAddress
#     to set the Java Heap base and to place the Java Heap above 4GB virtual address.
# This output file may be truncated or incomplete.
#
#  Out of Memory Error (arena.cpp:168), pid=19588, tid=23240
#
# JRE version: OpenJDK Runtime Environment Temurin-21.0.8+9 (21.0.8+9) (build 21.0.8+9-LTS)
# Java VM: OpenJDK 64-Bit Server VM Temurin-21.0.8+9 (21.0.8+9-LTS, mixed mode, sharing, tiered, compressed oops, compressed class ptrs, parallel gc, windows-amd64)
# No core dump will be written. Minidumps are not enabled by default on client versions of Windows
#

---------------  S U M M A R Y ------------

Command Line: --add-modules=ALL-SYSTEM --add-opens=java.base/java.util=ALL-UNNAMED --add-opens=java.base/java.lang=ALL-UNNAMED --add-opens=java.base/sun.nio.fs=ALL-UNNAMED -Declipse.application=org.eclipse.jdt.ls.core.id1 -Dosgi.bundles.defaultStartLevel=4 -Declipse.product=org.eclipse.jdt.ls.core.product -Djava.import.generatesMetadataFilesAtProjectRoot=false -DDetectVMInstallationsJob.disabled=true -Dfile.encoding=utf8 -XX:+UseParallelGC -XX:GCTimeRatio=4 -XX:AdaptiveSizePolicyWeight=90 -Dsun.zip.disableMemoryMapping=true -Xmx2G -Xms100m -Xlog:disable -javaagent:c:\Users\hungk\.vscode\extensions\redhat.java-1.46.0-win32-x64\lombok\lombok-1.18.39-4050.jar -XX:+HeapDumpOnOutOfMemoryError -XX:HeapDumpPath=c:\Users\hungk\AppData\Roaming\Code\User\workspaceStorage\c1ea95a410cbd50c8eb2bc13e37241c0\redhat.java -Daether.dependencyCollector.impl=bf c:\Users\hungk\.vscode\extensions\redhat.java-1.46.0-win32-x64\server\plugins\org.eclipse.equinox.launcher_1.7.0.v20250519-0528.jar -configuration c:\Users\hungk\AppData\Roaming\Code\User\globalStorage\redhat.java\1.46.0\config_win -data c:\Users\hungk\AppData\Roaming\Code\User\workspaceStorage\c1ea95a410cbd50c8eb2bc13e37241c0\redhat.java\jdt_ws --pipe=\\.\pipe\lsp-7f6fe01ffc02b79ce65c92fbfd7a43a2-sock

Host: 11th Gen Intel(R) Core(TM) i5-11400H @ 2.70GHz, 12 cores, 7G,  Windows 11 , 64 bit Build 26100 (10.0.26100.2454)
Time: Tue Oct 28 15:32:29 2025 SE Asia Standard Time elapsed time: 89.586029 seconds (0d 0h 1m 29s)

---------------  T H R E A D  ---------------

Current thread (0x000001dc7ec93610):  JavaThread "C2 CompilerThread0" daemon [_thread_in_native, id=23240, stack(0x000000bb3b500000,0x000000bb3b600000) (1024K)]


Current CompileTask:
C2:89586 10194       4       jdk.internal.module.SystemModuleFinders$SystemModuleReader::find (59 bytes)

Stack: [0x000000bb3b500000,0x000000bb3b600000]
Native frames: (J=compiled Java code, j=interpreted, Vv=VM code, C=native code)
V  [jvm.dll+0x6d2449]
V  [jvm.dll+0x8ae341]
V  [jvm.dll+0x8b08be]
V  [jvm.dll+0x8b0fa3]
V  [jvm.dll+0x280c96]
V  [jvm.dll+0xc581d]
V  [jvm.dll+0xc5d53]
V  [jvm.dll+0x3b919c]
V  [jvm.dll+0x1e1409]
V  [jvm.dll+0x249022]
V  [jvm.dll+0x2484af]
V  [jvm.dll+0x1c89ee]
V  [jvm.dll+0x257d4d]
V  [jvm.dll+0x2562ea]
V  [jvm.dll+0x3f2d16]
V  [jvm.dll+0x857e6b]
V  [jvm.dll+0x6d0b0d]
C  [ucrtbase.dll+0x14ea0]
C  [KERNEL32.DLL+0x2e8d7]
C  [ntdll.dll+0xdfbcc]


---------------  P R O C E S S  ---------------

Threads class SMR info:
_java_thread_list=0x000001dc5d6bc5f0, length=64, elements={
0x000001dc79f830f0, 0x000001dc7a020fd0, 0x000001dc7a022f50, 0x000001dc7a026ab0,
0x000001dc7a027700, 0x000001dc7a02adb0, 0x000001dc7a02ee50, 0x000001dc7ec93610,
0x000001dc7ec97cc0, 0x000001dc7a030f20, 0x000001dc7a02f4e0, 0x000001dc7a02fb70,
0x000001dc7a0315b0, 0x000001dc7a02e130, 0x000001dc7a030200, 0x000001dc7a030890,
0x000001dc581355f0, 0x000001dc581369a0, 0x000001dc58134f60, 0x000001dc58138a70,
0x000001dc58139100, 0x000001dc581383e0, 0x000001dc58136310, 0x000001dc58139e20,
0x000001dc5813a4b0, 0x000001dc58137030, 0x000001dc5813ab40, 0x000001dc581376c0,
0x000001dc5813b1d0, 0x000001dc58137d50, 0x000001dc5813c580, 0x000001dc5813b860,
0x000001dc5813bef0, 0x000001dc5bb78a00, 0x000001dc5bb76fc0, 0x000001dc5bb79090,
0x000001dc5bb79720, 0x000001dc5bb79db0, 0x000001dc5bb77650, 0x000001dc5bb76930,
0x000001dc5bb7b160, 0x000001dc5bb7aad0, 0x000001dc5bb77ce0, 0x000001dc5bb7d230,
0x000001dc5bb7b7f0, 0x000001dc5bb7be80, 0x000001dc5bb7d8c0, 0x000001dc5bb7cba0,
0x000001dc5d3f34a0, 0x000001dc5d3f4ee0, 0x000001dc5d3f4850, 0x000001dc5d3f5570,
0x000001dc5d3f2e10, 0x000001dc5d3f3b30, 0x000001dc5d3f41c0, 0x000001dc5bb78370,
0x000001dc5bb7c510, 0x000001dc5d287670, 0x000001dc5d285c30, 0x000001dc5d2862c0,
0x000001dc5d284f10, 0x000001dc5d287d00, 0x000001dc58226680, 0x000001dc5b267b80
}

Java Threads: ( => current thread )
  0x000001dc79f830f0 JavaThread "main"                              [_thread_blocked, id=6480, stack(0x000000bb3ab00000,0x000000bb3ac00000) (1024K)]
  0x000001dc7a020fd0 JavaThread "Reference Handler"          daemon [_thread_blocked, id=16676, stack(0x000000bb3af00000,0x000000bb3b000000) (1024K)]
  0x000001dc7a022f50 JavaThread "Finalizer"                  daemon [_thread_blocked, id=19972, stack(0x000000bb3b000000,0x000000bb3b100000) (1024K)]
  0x000001dc7a026ab0 JavaThread "Signal Dispatcher"          daemon [_thread_blocked, id=14020, stack(0x000000bb3b100000,0x000000bb3b200000) (1024K)]
  0x000001dc7a027700 JavaThread "Attach Listener"            daemon [_thread_blocked, id=19156, stack(0x000000bb3b200000,0x000000bb3b300000) (1024K)]
  0x000001dc7a02adb0 JavaThread "Service Thread"             daemon [_thread_blocked, id=20604, stack(0x000000bb3b300000,0x000000bb3b400000) (1024K)]
  0x000001dc7a02ee50 JavaThread "Monitor Deflation Thread"   daemon [_thread_blocked, id=7016, stack(0x000000bb3b400000,0x000000bb3b500000) (1024K)]
=>0x000001dc7ec93610 JavaThread "C2 CompilerThread0"         daemon [_thread_in_native, id=23240, stack(0x000000bb3b500000,0x000000bb3b600000) (1024K)]
  0x000001dc7ec97cc0 JavaThread "C1 CompilerThread0"         daemon [_thread_blocked, id=20088, stack(0x000000bb3b600000,0x000000bb3b700000) (1024K)]
  0x000001dc7a030f20 JavaThread "Common-Cleaner"             daemon [_thread_blocked, id=15168, stack(0x000000bb3b700000,0x000000bb3b800000) (1024K)]
  0x000001dc7a02f4e0 JavaThread "Notification Thread"        daemon [_thread_blocked, id=9408, stack(0x000000bb3b900000,0x000000bb3ba00000) (1024K)]
  0x000001dc7a02fb70 JavaThread "Active Thread: Equinox Container: 98312796-7ca4-4aad-9e24-ba4e069085cd"        [_thread_blocked, id=23292, stack(0x000000bb3c000000,0x000000bb3c100000) (1024K)]
  0x000001dc7a0315b0 JavaThread "Refresh Thread: Equinox Container: 98312796-7ca4-4aad-9e24-ba4e069085cd" daemon [_thread_blocked, id=15052, stack(0x000000bb3b800000,0x000000bb3b900000) (1024K)]
  0x000001dc7a02e130 JavaThread "Framework Event Dispatcher: Equinox Container: 98312796-7ca4-4aad-9e24-ba4e069085cd" daemon [_thread_blocked, id=9004, stack(0x000000bb3c200000,0x000000bb3c300000) (1024K)]
  0x000001dc7a030200 JavaThread "Start Level: Equinox Container: 98312796-7ca4-4aad-9e24-ba4e069085cd" daemon [_thread_blocked, id=21552, stack(0x000000bb3c300000,0x000000bb3c400000) (1024K)]
  0x000001dc7a030890 JavaThread "Bundle File Closer"         daemon [_thread_blocked, id=7284, stack(0x000000bb3c700000,0x000000bb3c800000) (1024K)]
  0x000001dc581355f0 JavaThread "SCR Component Actor"        daemon [_thread_blocked, id=4428, stack(0x000000bb3c400000,0x000000bb3c500000) (1024K)]
  0x000001dc581369a0 JavaThread "Worker-JM"                         [_thread_blocked, id=23584, stack(0x000000bb3c900000,0x000000bb3ca00000) (1024K)]
  0x000001dc58134f60 JavaThread "JNA Cleaner"                daemon [_thread_blocked, id=22828, stack(0x000000bb3ca00000,0x000000bb3cb00000) (1024K)]
  0x000001dc58138a70 JavaThread "Worker-0"                          [_thread_blocked, id=19940, stack(0x000000bb3cb00000,0x000000bb3cc00000) (1024K)]
  0x000001dc58139100 JavaThread "Worker-1"                          [_thread_blocked, id=3988, stack(0x000000bb3cc00000,0x000000bb3cd00000) (1024K)]
  0x000001dc581383e0 JavaThread "Java indexing"              daemon [_thread_blocked, id=14740, stack(0x000000bb3ce00000,0x000000bb3cf00000) (1024K)]
  0x000001dc58136310 JavaThread "Worker-3"                          [_thread_blocked, id=16980, stack(0x000000bb3d200000,0x000000bb3d300000) (1024K)]
  0x000001dc58139e20 JavaThread "Thread-1"                   daemon [_thread_in_native, id=12292, stack(0x000000bb3d300000,0x000000bb3d400000) (1024K)]
  0x000001dc5813a4b0 JavaThread "Thread-2"                   daemon [_thread_in_native, id=15928, stack(0x000000bb3d400000,0x000000bb3d500000) (1024K)]
  0x000001dc58137030 JavaThread "Thread-3"                   daemon [_thread_in_native, id=21108, stack(0x000000bb3d500000,0x000000bb3d600000) (1024K)]
  0x000001dc5813ab40 JavaThread "Thread-4"                   daemon [_thread_in_native, id=16104, stack(0x000000bb3d600000,0x000000bb3d700000) (1024K)]
  0x000001dc581376c0 JavaThread "Thread-5"                   daemon [_thread_in_native, id=20744, stack(0x000000bb3d700000,0x000000bb3d800000) (1024K)]
  0x000001dc5813b1d0 JavaThread "Thread-6"                   daemon [_thread_in_native, id=4076, stack(0x000000bb3d800000,0x000000bb3d900000) (1024K)]
  0x000001dc58137d50 JavaThread "Thread-7"                   daemon [_thread_in_native, id=19596, stack(0x000000bb3d900000,0x000000bb3da00000) (1024K)]
  0x000001dc5813c580 JavaThread "Thread-8"                   daemon [_thread_in_native, id=12228, stack(0x000000bb3da00000,0x000000bb3db00000) (1024K)]
  0x000001dc5813b860 JavaThread "Thread-9"                   daemon [_thread_in_native, id=15876, stack(0x000000bb3db00000,0x000000bb3dc00000) (1024K)]
  0x000001dc5813bef0 JavaThread "Thread-10"                  daemon [_thread_in_native, id=1936, stack(0x000000bb3dc00000,0x000000bb3dd00000) (1024K)]
  0x000001dc5bb78a00 JavaThread "Thread-11"                  daemon [_thread_in_native, id=7240, stack(0x000000bb3dd00000,0x000000bb3de00000) (1024K)]
  0x000001dc5bb76fc0 JavaThread "Thread-12"                  daemon [_thread_in_native, id=23776, stack(0x000000bb3de00000,0x000000bb3df00000) (1024K)]
  0x000001dc5bb79090 JavaThread "Thread-13"                  daemon [_thread_in_native, id=20532, stack(0x000000bb3df00000,0x000000bb3e000000) (1024K)]
  0x000001dc5bb79720 JavaThread "pool-2-thread-1"                   [_thread_blocked, id=15228, stack(0x000000bb3e000000,0x000000bb3e100000) (1024K)]
  0x000001dc5bb79db0 JavaThread "Timer-0"                           [_thread_blocked, id=23660, stack(0x000000bb3e100000,0x000000bb3e200000) (1024K)]
  0x000001dc5bb77650 JavaThread "Worker-4"                          [_thread_blocked, id=4396, stack(0x000000bb3e200000,0x000000bb3e300000) (1024K)]
  0x000001dc5bb76930 JavaThread "Timer-1"                           [_thread_blocked, id=14768, stack(0x000000bb3e300000,0x000000bb3e400000) (1024K)]
  0x000001dc5bb7b160 JavaThread "WorkspaceEventsHandler"            [_thread_blocked, id=24108, stack(0x000000bb3e500000,0x000000bb3e600000) (1024K)]
  0x000001dc5bb7aad0 JavaThread "pool-1-thread-1"                   [_thread_blocked, id=19068, stack(0x000000bb3e600000,0x000000bb3e700000) (1024K)]
  0x000001dc5bb77ce0 JavaThread "Worker-5"                          [_thread_blocked, id=15692, stack(0x000000bb3e700000,0x000000bb3e800000) (1024K)]
  0x000001dc5bb7d230 JavaThread "Worker-6: Building"                [_thread_blocked, id=22048, stack(0x000000bb3e900000,0x000000bb3ea00000) (1024K)]
  0x000001dc5bb7b7f0 JavaThread "ForkJoinPool.commonPool-worker-1" daemon [_thread_blocked, id=13408, stack(0x000000bb3eb00000,0x000000bb3ec00000) (1024K)]
  0x000001dc5bb7be80 JavaThread "ForkJoinPool.commonPool-worker-2" daemon [_thread_blocked, id=12632, stack(0x000000bb3ec00000,0x000000bb3ed00000) (1024K)]
  0x000001dc5bb7d8c0 JavaThread "ForkJoinPool.commonPool-worker-3" daemon [_thread_blocked, id=18240, stack(0x000000bb3ed00000,0x000000bb3ee00000) (1024K)]
  0x000001dc5bb7cba0 JavaThread "ForkJoinPool.commonPool-worker-4" daemon [_thread_blocked, id=9352, stack(0x000000bb3ee00000,0x000000bb3ef00000) (1024K)]
  0x000001dc5d3f34a0 JavaThread "Timer-2"                           [_thread_blocked, id=14980, stack(0x000000bb3ef00000,0x000000bb3f000000) (1024K)]
  0x000001dc5d3f4ee0 JavaThread "Exec process"                      [_thread_blocked, id=23412, stack(0x000000bb3cd00000,0x000000bb3ce00000) (1024K)]
  0x000001dc5d3f4850 JavaThread "Exec process Thread 2"             [_thread_blocked, id=24608, stack(0x000000bb3ea00000,0x000000bb3eb00000) (1024K)]
  0x000001dc5d3f5570 JavaThread "Exec process Thread 3"             [_thread_blocked, id=17624, stack(0x000000bb3f100000,0x000000bb3f200000) (1024K)]
  0x000001dc5d3f2e10 JavaThread "Timer-3"                           [_thread_blocked, id=23096, stack(0x000000bb3e400000,0x000000bb3e500000) (1024K)]
  0x000001dc5d3f3b30 JavaThread "Timer-4"                           [_thread_blocked, id=17484, stack(0x000000bb3f000000,0x000000bb3f100000) (1024K)]
  0x000001dc5d3f41c0 JavaThread "Timer-5"                           [_thread_blocked, id=19776, stack(0x000000bb3f200000,0x000000bb3f300000) (1024K)]
  0x000001dc5bb78370 JavaThread "Timer-6"                           [_thread_blocked, id=10500, stack(0x000000bb3f300000,0x000000bb3f400000) (1024K)]
  0x000001dc5bb7c510 JavaThread "Timer-7"                           [_thread_blocked, id=17960, stack(0x000000bb3f400000,0x000000bb3f500000) (1024K)]
  0x000001dc5d287670 JavaThread "Timer-8"                           [_thread_blocked, id=12212, stack(0x000000bb3aa00000,0x000000bb3ab00000) (1024K)]
  0x000001dc5d285c30 JavaThread "Timer-9"                           [_thread_blocked, id=25216, stack(0x000000bb3c800000,0x000000bb3c900000) (1024K)]
  0x000001dc5d2862c0 JavaThread "ForkJoinPool.commonPool-worker-5" daemon [_thread_blocked, id=8916, stack(0x000000bb3f500000,0x000000bb3f600000) (1024K)]
  0x000001dc5d284f10 JavaThread "Timer-10"                          [_thread_blocked, id=24660, stack(0x000000bb3f600000,0x000000bb3f700000) (1024K)]
  0x000001dc5d287d00 JavaThread "Timer-11"                          [_thread_blocked, id=25500, stack(0x000000bb3f700000,0x000000bb3f800000) (1024K)]
  0x000001dc58226680 JavaThread "C2 CompilerThread1"         daemon [_thread_blocked, id=19928, stack(0x000000bb3a800000,0x000000bb3a900000) (1024K)]
  0x000001dc5b267b80 JavaThread "C2 CompilerThread2"         daemon [_thread_blocked, id=16856, stack(0x000000bb3a900000,0x000000bb3aa00000) (1024K)]
Total: 64

Other Threads:
  0x000001dc79f14980 VMThread "VM Thread"                           [id=11928, stack(0x000000bb3ae00000,0x000000bb3af00000) (1024K)]
  0x000001dc79feff20 WatcherThread "VM Periodic Task Thread"        [id=23336, stack(0x000000bb3ad00000,0x000000bb3ae00000) (1024K)]
  0x000001dc79fa1760 WorkerThread "GC Thread#0"                     [id=11544, stack(0x000000bb3ac00000,0x000000bb3ad00000) (1024K)]
  0x000001dc58762a90 WorkerThread "GC Thread#1"                     [id=10480, stack(0x000000bb3ba00000,0x000000bb3bb00000) (1024K)]
  0x000001dc584ad9e0 WorkerThread "GC Thread#2"                     [id=11776, stack(0x000000bb3bb00000,0x000000bb3bc00000) (1024K)]
  0x000001dc58440fc0 WorkerThread "GC Thread#3"                     [id=22628, stack(0x000000bb3bc00000,0x000000bb3bd00000) (1024K)]
  0x000001dc5846be00 WorkerThread "GC Thread#4"                     [id=15532, stack(0x000000bb3bd00000,0x000000bb3be00000) (1024K)]
  0x000001dc588082b0 WorkerThread "GC Thread#5"                     [id=21484, stack(0x000000bb3be00000,0x000000bb3bf00000) (1024K)]
  0x000001dc58358f00 WorkerThread "GC Thread#6"                     [id=14092, stack(0x000000bb3bf00000,0x000000bb3c000000) (1024K)]
  0x000001dc583d8520 WorkerThread "GC Thread#7"                     [id=14540, stack(0x000000bb3c100000,0x000000bb3c200000) (1024K)]
  0x000001dc586524f0 WorkerThread "GC Thread#8"                     [id=17044, stack(0x000000bb3c500000,0x000000bb3c600000) (1024K)]
  0x000001dc58a42020 WorkerThread "GC Thread#9"                     [id=22336, stack(0x000000bb3c600000,0x000000bb3c700000) (1024K)]
Total: 12

Threads with active compile tasks:
C2 CompilerThread0  89605 10194       4       jdk.internal.module.SystemModuleFinders$SystemModuleReader::find (59 bytes)
C1 CompilerThread0  89605 10347   !   2       java.util.zip.InflaterInputStream::read (129 bytes)
C2 CompilerThread1  89605 10195       4       jdk.internal.jimage.BasicImageReader::verifyLocation (39 bytes)
C2 CompilerThread2  89605 10288       4       jdk.nio.zipfs.ZipFileSystem::makeParentDirs (133 bytes)
Total: 4

VM state: at safepoint (normal execution)

VM Mutex/Monitor currently owned by a thread:  ([mutex/lock_event])
[0x00007ffc84735458] Threads_lock - owner thread: 0x000001dc79f14980
[0x00007ffc84735558] Heap_lock - owner thread: 0x000001dc5bb7d230

Heap address: 0x0000000080000000, size: 2048 MB, Compressed Oops mode: 32-bit

CDS archive(s) mapped at: [0x000001dc13000000-0x000001dc13ba0000-0x000001dc13ba0000), size 12189696, SharedBaseAddress: 0x000001dc13000000, ArchiveRelocationMode: 1.
Compressed class space mapped at: 0x000001dc14000000-0x000001dc54000000, reserved size: 1073741824
Narrow klass base: 0x000001dc13000000, Narrow klass shift: 0, Narrow klass range: 0x100000000

GC Precious Log:
 CardTable entry size: 512
 CPUs: 12 total, 12 available
 Memory: 7929M
 Large Page Support: Disabled
 NUMA Support: Disabled
 Compressed Oops: Enabled (32-bit)
 Alignments: Space 512K, Generation 512K, Heap 2M
 Heap Min Capacity: 100M
 Heap Initial Capacity: 100M
 Heap Max Capacity: 2G
 Pre-touch: Disabled
 Parallel Workers: 10

Heap:
 PSYoungGen      total 10240K, used 1504K [0x00000000d5580000, 0x00000000d6100000, 0x0000000100000000)
  eden space 8704K, 0% used [0x00000000d5580000,0x00000000d5580000,0x00000000d5e00000)
  from space 1536K, 97% used [0x00000000d5e00000,0x00000000d5f78040,0x00000000d5f80000)
  to   space 512K, 0% used [0x00000000d6080000,0x00000000d6080000,0x00000000d6100000)
 ParOldGen       total 77824K, used 77795K [0x0000000080000000, 0x0000000084c00000, 0x00000000d5580000)
  object space 77824K, 99% used [0x0000000080000000,0x0000000084bf8fe8,0x0000000084c00000)
 Metaspace       used 73711K, committed 75264K, reserved 1179648K
  class space    used 9171K, committed 9856K, reserved 1048576K

Card table byte_map: [0x000001dc79920000,0x000001dc79d30000] _byte_map_base: 0x000001dc79520000

Marking Bits: (ParMarkBitMap*) 0x00007ffc8473a340
 Begin Bits: [0x000001dc0f000000, 0x000001dc11000000)
 End Bits:   [0x000001dc11000000, 0x000001dc13000000)

Polling page: 0x000001dc77da0000

Metaspace:

Usage:
  Non-class:     63.03 MB used.
      Class:      8.96 MB used.
       Both:     71.98 MB used.

Virtual space:
  Non-class space:      128.00 MB reserved,      63.88 MB ( 50%) committed,  2 nodes.
      Class space:        1.00 GB reserved,       9.62 MB ( <1%) committed,  1 nodes.
             Both:        1.12 GB reserved,      73.50 MB (  6%) committed. 

Chunk freelists:
   Non-Class:  15.97 MB
       Class:  6.39 MB
        Both:  22.36 MB

MaxMetaspaceSize: unlimited
CompressedClassSpaceSize: 1.00 GB
Initial GC threshold: 21.00 MB
Current GC threshold: 97.31 MB
CDS: on
 - commit_granule_bytes: 65536.
 - commit_granule_words: 8192.
 - virtual_space_node_default_size: 8388608.
 - enlarge_chunks_in_place: 1.
 - use_allocation_guard: 0.


Internal statistics:

num_allocs_failed_limit: 9.
num_arena_births: 1390.
num_arena_deaths: 14.
num_vsnodes_births: 3.
num_vsnodes_deaths: 0.
num_space_committed: 1176.
num_space_uncommitted: 0.
num_chunks_returned_to_freelist: 23.
num_chunks_taken_from_freelist: 4524.
num_chunk_merges: 15.
num_chunk_splits: 2880.
num_chunks_enlarged: 1762.
num_inconsistent_stats: 0.

CodeHeap 'non-profiled nmethods': size=120000Kb used=7665Kb max_used=7665Kb free=112334Kb
 bounds [0x000001dc07ad0000, 0x000001dc08250000, 0x000001dc0f000000]
CodeHeap 'profiled nmethods': size=120000Kb used=19892Kb max_used=19892Kb free=100107Kb
 bounds [0x000001dc00000000, 0x000001dc01370000, 0x000001dc07530000]
CodeHeap 'non-nmethods': size=5760Kb used=1450Kb max_used=1523Kb free=4309Kb
 bounds [0x000001dc07530000, 0x000001dc077a0000, 0x000001dc07ad0000]
CodeCache: size=245760Kb, used=29007Kb, max_used=29080Kb, free=216750Kb
 total_blobs=10341, nmethods=9590, adapters=657, full_count=0
Compilation: enabled, stopped_count=0, restarted_count=0

Compilation events (20 events):
Event: 88.554 Thread 0x000001dc7ec97cc0 nmethod 10334 0x000001dc0824c210 code [0x000001dc0824c3a0, 0x000001dc0824c470]
Event: 88.554 Thread 0x000001dc7ec97cc0 10336       3       java.util.concurrent.locks.ReentrantReadWriteLock$WriteLock::lock (9 bytes)
Event: 88.554 Thread 0x000001dc7ec97cc0 nmethod 10336 0x000001dc01365f90 code [0x000001dc01366140, 0x000001dc01366288]
Event: 88.554 Thread 0x000001dc7ec97cc0 10337       3       java.util.concurrent.locks.ReentrantReadWriteLock$WriteLock::unlock (10 bytes)
Event: 88.554 Thread 0x000001dc7ec97cc0 nmethod 10337 0x000001dc01366390 code [0x000001dc01366560, 0x000001dc01366838]
Event: 88.554 Thread 0x000001dc7ec97cc0 10338       3       java.util.concurrent.locks.ReentrantReadWriteLock$Sync::tryRelease (51 bytes)
Event: 88.555 Thread 0x000001dc7ec97cc0 nmethod 10338 0x000001dc01366990 code [0x000001dc01366b60, 0x000001dc01366f90]
Event: 88.555 Thread 0x000001dc7ec97cc0 10341       3       jdk.nio.zipfs.ZipCoder$UTF8::toString (49 bytes)
Event: 88.556 Thread 0x000001dc7ec97cc0 nmethod 10341 0x000001dc01367110 code [0x000001dc013672e0, 0x000001dc013675d8]
Event: 88.556 Thread 0x000001dc7ec97cc0 10340       3       jdk.nio.zipfs.ZipPath::toString (12 bytes)
Event: 88.556 Thread 0x000001dc7ec97cc0 nmethod 10340 0x000001dc01367710 code [0x000001dc013678c0, 0x000001dc01367b08]
Event: 88.556 Thread 0x000001dc7ec97cc0 10343       3       jdk.nio.zipfs.ZipFileSystemProvider::readAttributes (9 bytes)
Event: 88.556 Thread 0x000001dc7ec97cc0 nmethod 10343 0x000001dc01367c10 code [0x000001dc01367e00, 0x000001dc013683a0]
Event: 88.556 Thread 0x000001dc7ec97cc0 10344       3       jdk.nio.zipfs.ZipPath::readAttributes (58 bytes)
Event: 88.557 Thread 0x000001dc7ec97cc0 nmethod 10344 0x000001dc01368590 code [0x000001dc01368860, 0x000001dc01369408]
Event: 88.557 Thread 0x000001dc7ec97cc0 10345       3       jdk.nio.zipfs.ZipPath::readAttributes (30 bytes)
Event: 88.557 Thread 0x000001dc7ec97cc0 nmethod 10345 0x000001dc01369890 code [0x000001dc01369a80, 0x000001dc01369eb8]
Event: 88.557 Thread 0x000001dc7ec97cc0 10346   !   3       jdk.nio.zipfs.ZipFileSystem::getFileAttributes (169 bytes)
Event: 88.558 Thread 0x000001dc7ec97cc0 nmethod 10346 0x000001dc0136a090 code [0x000001dc0136a4c0, 0x000001dc0136c690]
Event: 88.558 Thread 0x000001dc7ec97cc0 10347   !   2       java.util.zip.InflaterInputStream::read (129 bytes)

GC Heap History (20 events):
Event: 87.923 GC heap after
{Heap after GC invocations=198 (full 3):
 PSYoungGen      total 9216K, used 128K [0x00000000d5580000, 0x00000000d6100000, 0x0000000100000000)
  eden space 8704K, 0% used [0x00000000d5580000,0x00000000d5580000,0x00000000d5e00000)
  from space 512K, 25% used [0x00000000d6000000,0x00000000d6020000,0x00000000d6080000)
  to   space 512K, 0% used [0x00000000d6080000,0x00000000d6080000,0x00000000d6100000)
 ParOldGen       total 70656K, used 70533K [0x0000000080000000, 0x0000000084500000, 0x00000000d5580000)
  object space 70656K, 99% used [0x0000000080000000,0x00000000844e14e0,0x0000000084500000)
 Metaspace       used 72249K, committed 73856K, reserved 1114112K
  class space    used 8999K, committed 9728K, reserved 1048576K
}
Event: 87.934 GC heap before
{Heap before GC invocations=199 (full 3):
 PSYoungGen      total 9216K, used 8832K [0x00000000d5580000, 0x00000000d6100000, 0x0000000100000000)
  eden space 8704K, 100% used [0x00000000d5580000,0x00000000d5e00000,0x00000000d5e00000)
  from space 512K, 25% used [0x00000000d6000000,0x00000000d6020000,0x00000000d6080000)
  to   space 512K, 0% used [0x00000000d6080000,0x00000000d6080000,0x00000000d6100000)
 ParOldGen       total 70656K, used 70533K [0x0000000080000000, 0x0000000084500000, 0x00000000d5580000)
  object space 70656K, 99% used [0x0000000080000000,0x00000000844e14e0,0x0000000084500000)
 Metaspace       used 72249K, committed 73856K, reserved 1114112K
  class space    used 8999K, committed 9728K, reserved 1048576K
}
Event: 87.934 GC heap after
{Heap after GC invocations=199 (full 3):
 PSYoungGen      total 9216K, used 128K [0x00000000d5580000, 0x00000000d6100000, 0x0000000100000000)
  eden space 8704K, 0% used [0x00000000d5580000,0x00000000d5580000,0x00000000d5e00000)
  from space 512K, 25% used [0x00000000d6080000,0x00000000d60a0000,0x00000000d6100000)
  to   space 512K, 0% used [0x00000000d6000000,0x00000000d6000000,0x00000000d6080000)
 ParOldGen       total 70656K, used 70541K [0x0000000080000000, 0x0000000084500000, 0x00000000d5580000)
  object space 70656K, 99% used [0x0000000080000000,0x00000000844e34e0,0x0000000084500000)
 Metaspace       used 72249K, committed 73856K, reserved 1114112K
  class space    used 8999K, committed 9728K, reserved 1048576K
}
Event: 87.945 GC heap before
{Heap before GC invocations=200 (full 3):
 PSYoungGen      total 9216K, used 8832K [0x00000000d5580000, 0x00000000d6100000, 0x0000000100000000)
  eden space 8704K, 100% used [0x00000000d5580000,0x00000000d5e00000,0x00000000d5e00000)
  from space 512K, 25% used [0x00000000d6080000,0x00000000d60a0000,0x00000000d6100000)
  to   space 512K, 0% used [0x00000000d6000000,0x00000000d6000000,0x00000000d6080000)
 ParOldGen       total 70656K, used 70541K [0x0000000080000000, 0x0000000084500000, 0x00000000d5580000)
  object space 70656K, 99% used [0x0000000080000000,0x00000000844e34e0,0x0000000084500000)
 Metaspace       used 72249K, committed 73856K, reserved 1114112K
  class space    used 8999K, committed 9728K, reserved 1048576K
}
Event: 87.945 GC heap after
{Heap after GC invocations=200 (full 3):
 PSYoungGen      total 9216K, used 192K [0x00000000d5580000, 0x00000000d6100000, 0x0000000100000000)
  eden space 8704K, 0% used [0x00000000d5580000,0x00000000d5580000,0x00000000d5e00000)
  from space 512K, 37% used [0x00000000d6000000,0x00000000d6030000,0x00000000d6080000)
  to   space 512K, 0% used [0x00000000d6080000,0x00000000d6080000,0x00000000d6100000)
 ParOldGen       total 70656K, used 70541K [0x0000000080000000, 0x0000000084500000, 0x00000000d5580000)
  object space 70656K, 99% used [0x0000000080000000,0x00000000844e34e0,0x0000000084500000)
 Metaspace       used 72249K, committed 73856K, reserved 1114112K
  class space    used 8999K, committed 9728K, reserved 1048576K
}
Event: 87.956 GC heap before
{Heap before GC invocations=201 (full 3):
 PSYoungGen      total 9216K, used 8896K [0x00000000d5580000, 0x00000000d6100000, 0x0000000100000000)
  eden space 8704K, 100% used [0x00000000d5580000,0x00000000d5e00000,0x00000000d5e00000)
  from space 512K, 37% used [0x00000000d6000000,0x00000000d6030000,0x00000000d6080000)
  to   space 512K, 0% used [0x00000000d6080000,0x00000000d6080000,0x00000000d6100000)
 ParOldGen       total 70656K, used 70541K [0x0000000080000000, 0x0000000084500000, 0x00000000d5580000)
  object space 70656K, 99% used [0x0000000080000000,0x00000000844e34e0,0x0000000084500000)
 Metaspace       used 72249K, committed 73856K, reserved 1114112K
  class space    used 8999K, committed 9728K, reserved 1048576K
}
Event: 87.956 GC heap after
{Heap after GC invocations=201 (full 3):
 PSYoungGen      total 9216K, used 224K [0x00000000d5580000, 0x00000000d6100000, 0x0000000100000000)
  eden space 8704K, 0% used [0x00000000d5580000,0x00000000d5580000,0x00000000d5e00000)
  from space 512K, 43% used [0x00000000d6080000,0x00000000d60b8000,0x00000000d6100000)
  to   space 512K, 0% used [0x00000000d6000000,0x00000000d6000000,0x00000000d6080000)
 ParOldGen       total 70656K, used 70541K [0x0000000080000000, 0x0000000084500000, 0x00000000d5580000)
  object space 70656K, 99% used [0x0000000080000000,0x00000000844e34e0,0x0000000084500000)
 Metaspace       used 72249K, committed 73856K, reserved 1114112K
  class space    used 8999K, committed 9728K, reserved 1048576K
}
Event: 87.966 GC heap before
{Heap before GC invocations=202 (full 3):
 PSYoungGen      total 9216K, used 8928K [0x00000000d5580000, 0x00000000d6100000, 0x0000000100000000)
  eden space 8704K, 100% used [0x00000000d5580000,0x00000000d5e00000,0x00000000d5e00000)
  from space 512K, 43% used [0x00000000d6080000,0x00000000d60b8000,0x00000000d6100000)
  to   space 512K, 0% used [0x00000000d6000000,0x00000000d6000000,0x00000000d6080000)
 ParOldGen       total 70656K, used 70541K [0x0000000080000000, 0x0000000084500000, 0x00000000d5580000)
  object space 70656K, 99% used [0x0000000080000000,0x00000000844e34e0,0x0000000084500000)
 Metaspace       used 72249K, committed 73856K, reserved 1114112K
  class space    used 8999K, committed 9728K, reserved 1048576K
}
Event: 87.967 GC heap after
{Heap after GC invocations=202 (full 3):
 PSYoungGen      total 9216K, used 224K [0x00000000d5580000, 0x00000000d6100000, 0x0000000100000000)
  eden space 8704K, 0% used [0x00000000d5580000,0x00000000d5580000,0x00000000d5e00000)
  from space 512K, 43% used [0x00000000d6000000,0x00000000d6038000,0x00000000d6080000)
  to   space 512K, 0% used [0x00000000d6080000,0x00000000d6080000,0x00000000d6100000)
 ParOldGen       total 70656K, used 70541K [0x0000000080000000, 0x0000000084500000, 0x00000000d5580000)
  object space 70656K, 99% used [0x0000000080000000,0x00000000844e34e0,0x0000000084500000)
 Metaspace       used 72249K, committed 73856K, reserved 1114112K
  class space    used 8999K, committed 9728K, reserved 1048576K
}
Event: 87.977 GC heap before
{Heap before GC invocations=203 (full 3):
 PSYoungGen      total 9216K, used 8928K [0x00000000d5580000, 0x00000000d6100000, 0x0000000100000000)
  eden space 8704K, 100% used [0x00000000d5580000,0x00000000d5e00000,0x00000000d5e00000)
  from space 512K, 43% used [0x00000000d6000000,0x00000000d6038000,0x00000000d6080000)
  to   space 512K, 0% used [0x00000000d6080000,0x00000000d6080000,0x00000000d6100000)
 ParOldGen       total 70656K, used 70541K [0x0000000080000000, 0x0000000084500000, 0x00000000d5580000)
  object space 70656K, 99% used [0x0000000080000000,0x00000000844e34e0,0x0000000084500000)
 Metaspace       used 72249K, committed 73856K, reserved 1114112K
  class space    used 8999K, committed 9728K, reserved 1048576K
}
Event: 87.977 GC heap after
{Heap after GC invocations=203 (full 3):
 PSYoungGen      total 9216K, used 224K [0x00000000d5580000, 0x00000000d6100000, 0x0000000100000000)
  eden space 8704K, 0% used [0x00000000d5580000,0x00000000d5580000,0x00000000d5e00000)
  from space 512K, 43% used [0x00000000d6080000,0x00000000d60b8000,0x00000000d6100000)
  to   space 512K, 0% used [0x00000000d6000000,0x00000000d6000000,0x00000000d6080000)
 ParOldGen       total 70656K, used 70541K [0x0000000080000000, 0x0000000084500000, 0x00000000d5580000)
  object space 70656K, 99% used [0x0000000080000000,0x00000000844e34e0,0x0000000084500000)
 Metaspace       used 72249K, committed 73856K, reserved 1114112K
  class space    used 8999K, committed 9728K, reserved 1048576K
}
Event: 87.987 GC heap before
{Heap before GC invocations=204 (full 3):
 PSYoungGen      total 9216K, used 8928K [0x00000000d5580000, 0x00000000d6100000, 0x0000000100000000)
  eden space 8704K, 100% used [0x00000000d5580000,0x00000000d5e00000,0x00000000d5e00000)
  from space 512K, 43% used [0x00000000d6080000,0x00000000d60b8000,0x00000000d6100000)
  to   space 512K, 0% used [0x00000000d6000000,0x00000000d6000000,0x00000000d6080000)
 ParOldGen       total 70656K, used 70541K [0x0000000080000000, 0x0000000084500000, 0x00000000d5580000)
  object space 70656K, 99% used [0x0000000080000000,0x00000000844e34e0,0x0000000084500000)
 Metaspace       used 72249K, committed 73856K, reserved 1114112K
  class space    used 8999K, committed 9728K, reserved 1048576K
}
Event: 87.987 GC heap after
{Heap after GC invocations=204 (full 3):
 PSYoungGen      total 9216K, used 224K [0x00000000d5580000, 0x00000000d6100000, 0x0000000100000000)
  eden space 8704K, 0% used [0x00000000d5580000,0x00000000d5580000,0x00000000d5e00000)
  from space 512K, 43% used [0x00000000d6000000,0x00000000d6038000,0x00000000d6080000)
  to   space 512K, 0% used [0x00000000d6080000,0x00000000d6080000,0x00000000d6100000)
 ParOldGen       total 70656K, used 70541K [0x0000000080000000, 0x0000000084500000, 0x00000000d5580000)
  object space 70656K, 99% used [0x0000000080000000,0x00000000844e34e0,0x0000000084500000)
 Metaspace       used 72249K, committed 73856K, reserved 1114112K
  class space    used 8999K, committed 9728K, reserved 1048576K
}
Event: 87.998 GC heap before
{Heap before GC invocations=205 (full 3):
 PSYoungGen      total 9216K, used 8928K [0x00000000d5580000, 0x00000000d6100000, 0x0000000100000000)
  eden space 8704K, 100% used [0x00000000d5580000,0x00000000d5e00000,0x00000000d5e00000)
  from space 512K, 43% used [0x00000000d6000000,0x00000000d6038000,0x00000000d6080000)
  to   space 512K, 0% used [0x00000000d6080000,0x00000000d6080000,0x00000000d6100000)
 ParOldGen       total 70656K, used 70541K [0x0000000080000000, 0x0000000084500000, 0x00000000d5580000)
  object space 70656K, 99% used [0x0000000080000000,0x00000000844e34e0,0x0000000084500000)
 Metaspace       used 72249K, committed 73856K, reserved 1114112K
  class space    used 8999K, committed 9728K, reserved 1048576K
}
Event: 87.998 GC heap after
{Heap after GC invocations=205 (full 3):
 PSYoungGen      total 9216K, used 192K [0x00000000d5580000, 0x00000000d6100000, 0x0000000100000000)
  eden space 8704K, 0% used [0x00000000d5580000,0x00000000d5580000,0x00000000d5e00000)
  from space 512K, 37% used [0x00000000d6080000,0x00000000d60b0000,0x00000000d6100000)
  to   space 512K, 0% used [0x00000000d6000000,0x00000000d6000000,0x00000000d6080000)
 ParOldGen       total 70656K, used 70541K [0x0000000080000000, 0x0000000084500000, 0x00000000d5580000)
  object space 70656K, 99% used [0x0000000080000000,0x00000000844e34e0,0x0000000084500000)
 Metaspace       used 72249K, committed 73856K, reserved 1114112K
  class space    used 8999K, committed 9728K, reserved 1048576K
}
Event: 88.298 GC heap before
{Heap before GC invocations=206 (full 3):
 PSYoungGen      total 9216K, used 8896K [0x00000000d5580000, 0x00000000d6100000, 0x0000000100000000)
  eden space 8704K, 100% used [0x00000000d5580000,0x00000000d5e00000,0x00000000d5e00000)
  from space 512K, 37% used [0x00000000d6080000,0x00000000d60b0000,0x00000000d6100000)
  to   space 512K, 0% used [0x00000000d6000000,0x00000000d6000000,0x00000000d6080000)
 ParOldGen       total 70656K, used 70541K [0x0000000080000000, 0x0000000084500000, 0x00000000d5580000)
  object space 70656K, 99% used [0x0000000080000000,0x00000000844e34e0,0x0000000084500000)
 Metaspace       used 72530K, committed 74176K, reserved 1114112K
  class space    used 9029K, committed 9728K, reserved 1048576K
}
Event: 88.299 GC heap after
{Heap after GC invocations=206 (full 3):
 PSYoungGen      total 9216K, used 504K [0x00000000d5580000, 0x00000000d6100000, 0x0000000100000000)
  eden space 8704K, 0% used [0x00000000d5580000,0x00000000d5580000,0x00000000d5e00000)
  from space 512K, 98% used [0x00000000d6000000,0x00000000d607e1d8,0x00000000d6080000)
  to   space 512K, 0% used [0x00000000d6080000,0x00000000d6080000,0x00000000d6100000)
 ParOldGen       total 71168K, used 70701K [0x0000000080000000, 0x0000000084580000, 0x00000000d5580000)
  object space 71168K, 99% used [0x0000000080000000,0x000000008450b500,0x0000000084580000)
 Metaspace       used 72530K, committed 74176K, reserved 1114112K
  class space    used 9029K, committed 9728K, reserved 1048576K
}
Event: 88.481 GC heap before
{Heap before GC invocations=207 (full 3):
 PSYoungGen      total 9216K, used 9208K [0x00000000d5580000, 0x00000000d6100000, 0x0000000100000000)
  eden space 8704K, 100% used [0x00000000d5580000,0x00000000d5e00000,0x00000000d5e00000)
  from space 512K, 98% used [0x00000000d6000000,0x00000000d607e1d8,0x00000000d6080000)
  to   space 512K, 0% used [0x00000000d6080000,0x00000000d6080000,0x00000000d6100000)
 ParOldGen       total 71168K, used 70701K [0x0000000080000000, 0x0000000084580000, 0x00000000d5580000)
  object space 71168K, 99% used [0x0000000080000000,0x000000008450b500,0x0000000084580000)
 Metaspace       used 73506K, committed 75072K, reserved 1114112K
  class space    used 9151K, committed 9856K, reserved 1048576K
}
Event: 88.484 GC heap after
{Heap after GC invocations=207 (full 3):
 PSYoungGen      total 9216K, used 505K [0x00000000d5580000, 0x00000000d6100000, 0x0000000100000000)
  eden space 8704K, 0% used [0x00000000d5580000,0x00000000d5580000,0x00000000d5e00000)
  from space 512K, 98% used [0x00000000d6080000,0x00000000d60fe490,0x00000000d6100000)
  to   space 1536K, 0% used [0x00000000d5e00000,0x00000000d5e00000,0x00000000d5f80000)
 ParOldGen       total 71680K, used 71197K [0x0000000080000000, 0x0000000084600000, 0x00000000d5580000)
  object space 71680K, 99% used [0x0000000080000000,0x00000000845876d8,0x0000000084600000)
 Metaspace       used 73506K, committed 75072K, reserved 1114112K
  class space    used 9151K, committed 9856K, reserved 1048576K
}
Event: 88.559 GC heap before
{Heap before GC invocations=208 (full 3):
 PSYoungGen      total 9216K, used 9209K [0x00000000d5580000, 0x00000000d6100000, 0x0000000100000000)
  eden space 8704K, 100% used [0x00000000d5580000,0x00000000d5e00000,0x00000000d5e00000)
  from space 512K, 98% used [0x00000000d6080000,0x00000000d60fe490,0x00000000d6100000)
  to   space 1536K, 0% used [0x00000000d5e00000,0x00000000d5e00000,0x00000000d5f80000)
 ParOldGen       total 71680K, used 71197K [0x0000000080000000, 0x0000000084600000, 0x00000000d5580000)
  object space 71680K, 99% used [0x0000000080000000,0x00000000845876d8,0x0000000084600000)
 Metaspace       used 73711K, committed 75264K, reserved 1179648K
  class space    used 9171K, committed 9856K, reserved 1048576K
}

Dll operation events (15 events):
Event: 0.010 Loaded shared library c:\Users\hungk\.vscode\extensions\redhat.java-1.46.0-win32-x64\jre\21.0.8-win32-x86_64\bin\java.dll
Event: 0.071 Loaded shared library c:\Users\hungk\.vscode\extensions\redhat.java-1.46.0-win32-x64\jre\21.0.8-win32-x86_64\bin\zip.dll
Event: 0.095 Loaded shared library C:\Users\hungk\.vscode\extensions\redhat.java-1.46.0-win32-x64\jre\21.0.8-win32-x86_64\bin\instrument.dll
Event: 0.100 Loaded shared library C:\Users\hungk\.vscode\extensions\redhat.java-1.46.0-win32-x64\jre\21.0.8-win32-x86_64\bin\net.dll
Event: 0.103 Loaded shared library C:\Users\hungk\.vscode\extensions\redhat.java-1.46.0-win32-x64\jre\21.0.8-win32-x86_64\bin\nio.dll
Event: 0.106 Loaded shared library C:\Users\hungk\.vscode\extensions\redhat.java-1.46.0-win32-x64\jre\21.0.8-win32-x86_64\bin\zip.dll
Event: 0.125 Loaded shared library C:\Users\hungk\.vscode\extensions\redhat.java-1.46.0-win32-x64\jre\21.0.8-win32-x86_64\bin\jimage.dll
Event: 0.202 Loaded shared library c:\Users\hungk\.vscode\extensions\redhat.java-1.46.0-win32-x64\jre\21.0.8-win32-x86_64\bin\verify.dll
Event: 5.146 Loaded shared library C:\Users\hungk\AppData\Roaming\Code\User\globalStorage\redhat.java\1.46.0\config_win\org.eclipse.equinox.launcher\org.eclipse.equinox.launcher.win32.win32.x86_64_1.2.1400.v20250801-0854\eclipse_11916.dll
Event: 14.778 Loaded shared library C:\Users\hungk\AppData\Local\Temp\jna-99640741\jna5034403416990421672.dll
Event: 16.032 Loaded shared library C:\Users\hungk\.vscode\extensions\redhat.java-1.46.0-win32-x64\jre\21.0.8-win32-x86_64\bin\sunmscapi.dll
Event: 16.371 Loaded shared library C:\Users\hungk\.vscode\extensions\redhat.java-1.46.0-win32-x64\jre\21.0.8-win32-x86_64\bin\extnet.dll
Event: 30.556 Loaded shared library C:\Users\hungk\.gradle\native\c067742578af261105cb4f569cf0c3c89f3d7b1fecec35dd04571415982c5e48\windows-amd64\native-platform.dll
Event: 39.391 Loaded shared library C:\Users\hungk\.vscode\extensions\redhat.java-1.46.0-win32-x64\jre\21.0.8-win32-x86_64\bin\management.dll
Event: 39.393 Loaded shared library C:\Users\hungk\.vscode\extensions\redhat.java-1.46.0-win32-x64\jre\21.0.8-win32-x86_64\bin\management_ext.dll

Deoptimization events (20 events):
Event: 88.543 Thread 0x000001dc5bb7d230 Uncommon trap: trap_request=0xffffffc6 fr.pc=0x000001dc081b6bf8 relative=0x0000000000003c58
Event: 88.543 Thread 0x000001dc5bb7d230 Uncommon trap: reason=bimorphic_or_optimized_type_check action=maybe_recompile pc=0x000001dc081b6bf8 method=java.nio.file.FileTreeWalker.next()Ljava/nio/file/FileTreeWalker$Event; @ 37 c2
Event: 88.543 Thread 0x000001dc5bb7d230 DEOPT PACKING pc=0x000001dc081b6bf8 sp=0x000000bb3e9fe5a0
Event: 88.543 Thread 0x000001dc5bb7d230 DEOPT UNPACKING pc=0x000001dc07586da2 sp=0x000000bb3e9fe5f0 mode 2
Event: 88.546 Thread 0x000001dc5bb7d230 Uncommon trap: trap_request=0xffffffc6 fr.pc=0x000001dc07d1a048 relative=0x0000000000002268
Event: 88.546 Thread 0x000001dc5bb7d230 Uncommon trap: reason=bimorphic_or_optimized_type_check action=maybe_recompile pc=0x000001dc07d1a048 method=java.util.zip.InflaterInputStream.read([BII)I @ 78 c2
Event: 88.546 Thread 0x000001dc5bb7d230 DEOPT PACKING pc=0x000001dc07d1a048 sp=0x000000bb3e9fdd60
Event: 88.546 Thread 0x000001dc5bb7d230 DEOPT UNPACKING pc=0x000001dc07586da2 sp=0x000000bb3e9fddc0 mode 2
Event: 88.547 Thread 0x000001dc5bb7d230 Uncommon trap: trap_request=0xffffffc6 fr.pc=0x000001dc07d1a048 relative=0x0000000000002268
Event: 88.547 Thread 0x000001dc5bb7d230 Uncommon trap: reason=bimorphic_or_optimized_type_check action=maybe_recompile pc=0x000001dc07d1a048 method=java.util.zip.InflaterInputStream.read([BII)I @ 78 c2
Event: 88.547 Thread 0x000001dc5bb7d230 DEOPT PACKING pc=0x000001dc07d1a048 sp=0x000000bb3e9fdd60
Event: 88.547 Thread 0x000001dc5bb7d230 DEOPT UNPACKING pc=0x000001dc07586da2 sp=0x000000bb3e9fddc0 mode 2
Event: 88.548 Thread 0x000001dc5bb7d230 Uncommon trap: trap_request=0xffffffc6 fr.pc=0x000001dc07d1a048 relative=0x0000000000002268
Event: 88.548 Thread 0x000001dc5bb7d230 Uncommon trap: reason=bimorphic_or_optimized_type_check action=maybe_recompile pc=0x000001dc07d1a048 method=java.util.zip.InflaterInputStream.read([BII)I @ 78 c2
Event: 88.548 Thread 0x000001dc5bb7d230 DEOPT PACKING pc=0x000001dc07d1a048 sp=0x000000bb3e9fdd60
Event: 88.548 Thread 0x000001dc5bb7d230 DEOPT UNPACKING pc=0x000001dc07586da2 sp=0x000000bb3e9fddc0 mode 2
Event: 88.548 Thread 0x000001dc5bb7d230 Uncommon trap: trap_request=0xffffffc6 fr.pc=0x000001dc07d1a048 relative=0x0000000000002268
Event: 88.548 Thread 0x000001dc5bb7d230 Uncommon trap: reason=bimorphic_or_optimized_type_check action=maybe_recompile pc=0x000001dc07d1a048 method=java.util.zip.InflaterInputStream.read([BII)I @ 78 c2
Event: 88.548 Thread 0x000001dc5bb7d230 DEOPT PACKING pc=0x000001dc07d1a048 sp=0x000000bb3e9fdd60
Event: 88.548 Thread 0x000001dc5bb7d230 DEOPT UNPACKING pc=0x000001dc07586da2 sp=0x000000bb3e9fddc0 mode 2

Classes loaded (20 events):
Event: 88.243 Loading class java/lang/invoke/MethodHandleImpl$CountingWrapper$1
Event: 88.243 Loading class java/lang/invoke/MethodHandleImpl$CountingWrapper$1 done
Event: 88.328 Loading class java/util/stream/ReduceOps$5
Event: 88.329 Loading class java/util/stream/ReduceOps$5 done
Event: 88.329 Loading class java/util/stream/ReduceOps$CountingSink$OfRef
Event: 88.329 Loading class java/util/stream/ReduceOps$CountingSink
Event: 88.329 Loading class java/util/stream/ReduceOps$CountingSink done
Event: 88.329 Loading class java/util/stream/ReduceOps$CountingSink$OfRef done
Event: 88.353 Loading class java/util/stream/ReduceOps$1
Event: 88.353 Loading class java/util/stream/ReduceOps$1 done
Event: 88.353 Loading class java/util/stream/ReduceOps$1ReducingSink
Event: 88.353 Loading class java/util/stream/ReduceOps$1ReducingSink done
Event: 88.376 Loading class java/io/SequenceInputStream
Event: 88.376 Loading class java/io/SequenceInputStream done
Event: 88.484 Loading class java/nio/file/attribute/PosixFileAttributes
Event: 88.485 Loading class java/nio/file/attribute/PosixFileAttributes done
Event: 88.512 Loading class java/nio/file/attribute/PosixFileAttributeView
Event: 88.512 Loading class java/nio/file/attribute/PosixFileAttributeView done
Event: 88.539 Loading class java/nio/file/DirectoryIteratorException
Event: 88.540 Loading class java/nio/file/DirectoryIteratorException done

Classes unloaded (7 events):
Event: 15.288 Thread 0x000001dc79f14980 Unloading class 0x000001dc141a9400 'java/lang/invoke/LambdaForm$MH+0x000001dc141a9400'
Event: 15.288 Thread 0x000001dc79f14980 Unloading class 0x000001dc141a9000 'java/lang/invoke/LambdaForm$MH+0x000001dc141a9000'
Event: 15.288 Thread 0x000001dc79f14980 Unloading class 0x000001dc141a8c00 'java/lang/invoke/LambdaForm$MH+0x000001dc141a8c00'
Event: 15.288 Thread 0x000001dc79f14980 Unloading class 0x000001dc141a8800 'java/lang/invoke/LambdaForm$MH+0x000001dc141a8800'
Event: 15.288 Thread 0x000001dc79f14980 Unloading class 0x000001dc141a8400 'java/lang/invoke/LambdaForm$BMH+0x000001dc141a8400'
Event: 15.288 Thread 0x000001dc79f14980 Unloading class 0x000001dc141a8000 'java/lang/invoke/LambdaForm$DMH+0x000001dc141a8000'
Event: 15.288 Thread 0x000001dc79f14980 Unloading class 0x000001dc141a6c00 'java/lang/invoke/LambdaForm$DMH+0x000001dc141a6c00'

Classes redefined (0 events):
No events

Internal exceptions (20 events):
Event: 88.312 Thread 0x000001dc5bb7be80 Exception <a 'sun/nio/fs/WindowsException'{0x00000000d56bbf18}> (0x00000000d56bbf18) 
thrown [s\src\hotspot\share\prims\jni.cpp, line 520]
Event: 88.312 Thread 0x000001dc5bb7be80 Exception <a 'sun/nio/fs/WindowsException'{0x00000000d56bca18}> (0x00000000d56bca18) 
thrown [s\src\hotspot\share\prims\jni.cpp, line 520]
Event: 88.312 Thread 0x000001dc5bb7be80 Exception <a 'sun/nio/fs/WindowsException'{0x00000000d56bdd80}> (0x00000000d56bdd80) 
thrown [s\src\hotspot\share\prims\jni.cpp, line 520]
Event: 88.312 Thread 0x000001dc5bb7be80 Exception <a 'sun/nio/fs/WindowsException'{0x00000000d56be660}> (0x00000000d56be660) 
thrown [s\src\hotspot\share\prims\jni.cpp, line 520]
Event: 88.334 Thread 0x000001dc5bb77ce0 Exception <a 'sun/nio/fs/WindowsException'{0x00000000d5880838}> (0x00000000d5880838) 
thrown [s\src\hotspot\share\prims\jni.cpp, line 520]
Event: 88.334 Thread 0x000001dc5bb77ce0 Exception <a 'sun/nio/fs/WindowsException'{0x00000000d5881088}> (0x00000000d5881088) 
thrown [s\src\hotspot\share\prims\jni.cpp, line 520]
Event: 88.334 Thread 0x000001dc5bb77ce0 Exception <a 'sun/nio/fs/WindowsException'{0x00000000d5882140}> (0x00000000d5882140) 
thrown [s\src\hotspot\share\prims\jni.cpp, line 520]
Event: 88.334 Thread 0x000001dc5bb77ce0 Exception <a 'sun/nio/fs/WindowsException'{0x00000000d5882770}> (0x00000000d5882770) 
thrown [s\src\hotspot\share\prims\jni.cpp, line 520]
Event: 88.334 Thread 0x000001dc5bb77ce0 Exception <a 'sun/nio/fs/WindowsException'{0x00000000d58833e0}> (0x00000000d58833e0) 
thrown [s\src\hotspot\share\prims\jni.cpp, line 520]
Event: 88.334 Thread 0x000001dc5bb77ce0 Exception <a 'sun/nio/fs/WindowsException'{0x00000000d5883c30}> (0x00000000d5883c30) 
thrown [s\src\hotspot\share\prims\jni.cpp, line 520]
Event: 88.335 Thread 0x000001dc5bb77ce0 Exception <a 'sun/nio/fs/WindowsException'{0x00000000d5886bf8}> (0x00000000d5886bf8) 
thrown [s\src\hotspot\share\prims\jni.cpp, line 520]
Event: 88.335 Thread 0x000001dc5bb77ce0 Exception <a 'sun/nio/fs/WindowsException'{0x00000000d5887448}> (0x00000000d5887448) 
thrown [s\src\hotspot\share\prims\jni.cpp, line 520]
Event: 88.335 Thread 0x000001dc5bb77ce0 Exception <a 'sun/nio/fs/WindowsException'{0x00000000d5888500}> (0x00000000d5888500) 
thrown [s\src\hotspot\share\prims\jni.cpp, line 520]
Event: 88.335 Thread 0x000001dc5bb77ce0 Exception <a 'sun/nio/fs/WindowsException'{0x00000000d5888b30}> (0x00000000d5888b30) 
thrown [s\src\hotspot\share\prims\jni.cpp, line 520]
Event: 88.360 Thread 0x000001dc5bb77ce0 Exception <a 'java/lang/NoSuchMethodError'{0x00000000d58df438}: 'java.lang.Object java.lang.invoke.DirectMethodHandle$Holder.invokeStatic(java.lang.Object, java.lang.Object, int, java.lang.Object)'> (0x00000000d58df438) 
thrown [s\src\hotspot\share\interpreter\linkResolver.cpp, line 773]
Event: 88.393 Thread 0x000001dc5bb77ce0 Exception <a 'java/io/FileNotFoundException'{0x00000000d5b534e8}> (0x00000000d5b534e8) 
thrown [s\src\hotspot\share\prims\jni.cpp, line 520]
Event: 88.393 Thread 0x000001dc5bb77ce0 Exception <a 'java/io/FileNotFoundException'{0x00000000d5b54250}> (0x00000000d5b54250) 
thrown [s\src\hotspot\share\prims\jni.cpp, line 520]
Event: 88.467 Thread 0x000001dc5bb7d230 Exception <a 'java/io/FileNotFoundException'{0x00000000d5d02b88}> (0x00000000d5d02b88) 
thrown [s\src\hotspot\share\prims\jni.cpp, line 520]
Event: 88.467 Thread 0x000001dc5bb7d230 Exception <a 'java/io/FileNotFoundException'{0x00000000d5d03f20}> (0x00000000d5d03f20) 
thrown [s\src\hotspot\share\prims\jni.cpp, line 520]
Event: 88.467 Thread 0x000001dc5bb7d230 Exception <a 'java/io/FileNotFoundException'{0x00000000d5d05180}> (0x00000000d5d05180) 
thrown [s\src\hotspot\share\prims\jni.cpp, line 520]

ZGC Phase Switch (0 events):
No events

VM Operations (20 events):
Event: 87.967 Executing VM operation: ParallelGCFailedAllocation (Allocation Failure) done
Event: 87.977 Executing VM operation: ParallelGCFailedAllocation (Allocation Failure)
Event: 87.977 Executing VM operation: ParallelGCFailedAllocation (Allocation Failure) done
Event: 87.987 Executing VM operation: ParallelGCFailedAllocation (Allocation Failure)
Event: 87.987 Executing VM operation: ParallelGCFailedAllocation (Allocation Failure) done
Event: 87.998 Executing VM operation: ParallelGCFailedAllocation (Allocation Failure)
Event: 87.998 Executing VM operation: ParallelGCFailedAllocation (Allocation Failure) done
Event: 88.297 Executing VM operation: ParallelGCFailedAllocation (Allocation Failure)
Event: 88.299 Executing VM operation: ParallelGCFailedAllocation (Allocation Failure) done
Event: 88.318 Executing VM operation: HandshakeAllThreads (Deoptimize)
Event: 88.318 Executing VM operation: HandshakeAllThreads (Deoptimize) done
Event: 88.332 Executing VM operation: HandshakeAllThreads (Deoptimize)
Event: 88.333 Executing VM operation: HandshakeAllThreads (Deoptimize) done
Event: 88.449 Executing VM operation: HandshakeAllThreads (Deoptimize)
Event: 88.449 Executing VM operation: HandshakeAllThreads (Deoptimize) done
Event: 88.481 Executing VM operation: ParallelGCFailedAllocation (Allocation Failure)
Event: 88.484 Executing VM operation: ParallelGCFailedAllocation (Allocation Failure) done
Event: 88.512 Executing VM operation: HandshakeAllThreads (Deoptimize)
Event: 88.512 Executing VM operation: HandshakeAllThreads (Deoptimize) done
Event: 88.559 Executing VM operation: ParallelGCFailedAllocation (Allocation Failure)

Memory protections (0 events):
No events

Nmethod flushes (20 events):
Event: 39.450 Thread 0x000001dc79f14980 flushing  nmethod 0x000001dc00779210
Event: 39.450 Thread 0x000001dc79f14980 flushing  nmethod 0x000001dc0077bc10
Event: 39.450 Thread 0x000001dc79f14980 flushing  nmethod 0x000001dc00782010
Event: 39.450 Thread 0x000001dc79f14980 flushing  nmethod 0x000001dc00786d90
Event: 39.450 Thread 0x000001dc79f14980 flushing  nmethod 0x000001dc007a3810
Event: 39.450 Thread 0x000001dc79f14980 flushing  nmethod 0x000001dc007fab10
Event: 39.450 Thread 0x000001dc79f14980 flushing  nmethod 0x000001dc0081b690
Event: 39.450 Thread 0x000001dc79f14980 flushing  nmethod 0x000001dc0081eb90
Event: 39.450 Thread 0x000001dc79f14980 flushing  nmethod 0x000001dc0081f890
Event: 39.450 Thread 0x000001dc79f14980 flushing  nmethod 0x000001dc0083d810
Event: 39.450 Thread 0x000001dc79f14980 flushing  nmethod 0x000001dc0083f090
Event: 39.450 Thread 0x000001dc79f14980 flushing  nmethod 0x000001dc0083f690
Event: 39.450 Thread 0x000001dc79f14980 flushing  nmethod 0x000001dc0083ff10
Event: 39.450 Thread 0x000001dc79f14980 flushing  nmethod 0x000001dc00840610
Event: 39.450 Thread 0x000001dc79f14980 flushing  nmethod 0x000001dc00840990
Event: 39.450 Thread 0x000001dc79f14980 flushing  nmethod 0x000001dc00842b90
Event: 39.450 Thread 0x000001dc79f14980 flushing  nmethod 0x000001dc00861210
Event: 39.450 Thread 0x000001dc79f14980 flushing  nmethod 0x000001dc00862b10
Event: 39.450 Thread 0x000001dc79f14980 flushing  nmethod 0x000001dc00864110
Event: 39.450 Thread 0x000001dc79f14980 flushing  nmethod 0x000001dc0086f690

Events (20 events):
Event: 70.227 Thread 0x000001dc5d287d00 Thread exited: 0x000001dc5d287d00
Event: 70.337 Thread 0x000001dc7ec97cc0 Thread added: 0x000001dc59e55790
Event: 70.539 Thread 0x000001dc5bb7b7f0 Thread added: 0x000001dc5d2862c0
Event: 70.566 Thread 0x000001dc58136310 Thread added: 0x000001dc5d284f10
Event: 70.568 Thread 0x000001dc58136310 Thread added: 0x000001dc5d286fe0
Event: 70.580 Thread 0x000001dc5d286fe0 Thread exited: 0x000001dc5d286fe0
Event: 70.581 Thread 0x000001dc58136310 Thread added: 0x000001dc5d287d00
Event: 70.582 Thread 0x000001dc58136310 Thread added: 0x000001dc5d2855a0
Event: 70.603 Thread 0x000001dc5d2855a0 Thread added: 0x000001dc5d284880
Event: 70.731 Thread 0x000001dc59e55790 Thread exited: 0x000001dc59e55790
Event: 70.845 Thread 0x000001dc5b267b80 Thread exited: 0x000001dc5b267b80
Event: 75.286 Thread 0x000001dc7ec97cc0 Thread added: 0x000001dc5b267b80
Event: 75.298 Thread 0x000001dc7ec93610 Thread added: 0x000001dc5db498b0
Event: 76.503 Thread 0x000001dc5db498b0 Thread exited: 0x000001dc5db498b0
Event: 76.503 Thread 0x000001dc5b267b80 Thread exited: 0x000001dc5b267b80
Event: 86.507 Thread 0x000001dc7ec93610 Thread added: 0x000001dc58226680
Event: 88.198 Thread 0x000001dc5d284880 Thread exited: 0x000001dc5d284880
Event: 88.203 Thread 0x000001dc5d2855a0 Thread exited: 0x000001dc5d2855a0
Event: 88.203 Thread 0x000001dc58139790 Thread exited: 0x000001dc58139790
Event: 88.328 Thread 0x000001dc7ec97cc0 Thread added: 0x000001dc5b267b80


Dynamic libraries:
0x00007ff617a50000 - 0x00007ff617a5e000 	c:\Users\hungk\.vscode\extensions\redhat.java-1.46.0-win32-x64\jre\21.0.8-win32-x86_64\bin\java.exe
0x00007ffd2eb00000 - 0x00007ffd2ed63000 	C:\WINDOWS\SYSTEM32\ntdll.dll
0x00007ffd2e340000 - 0x00007ffd2e408000 	C:\WINDOWS\System32\KERNEL32.DLL
0x00007ffd2c470000 - 0x00007ffd2c822000 	C:\WINDOWS\System32\KERNELBASE.dll
0x00007ffd2c040000 - 0x00007ffd2c18b000 	C:\WINDOWS\System32\ucrtbase.dll
0x00007ffcf26e0000 - 0x00007ffcf26f8000 	c:\Users\hungk\.vscode\extensions\redhat.java-1.46.0-win32-x64\jre\21.0.8-win32-x86_64\bin\jli.dll
0x00007ffd2e170000 - 0x00007ffd2e338000 	C:\WINDOWS\System32\USER32.dll
0x00007ffd2bed0000 - 0x00007ffd2bef7000 	C:\WINDOWS\System32\win32u.dll
0x00007ffd10710000 - 0x00007ffd1072e000 	c:\Users\hungk\.vscode\extensions\redhat.java-1.46.0-win32-x64\jre\21.0.8-win32-x86_64\bin\VCRUNTIME140.dll
0x00007ffd2e4d0000 - 0x00007ffd2e4fa000 	C:\WINDOWS\System32\GDI32.dll
0x00007ffd2b000000 - 0x00007ffd2b290000 	C:\WINDOWS\WinSxS\amd64_microsoft.windows.common-controls_6595b64144ccf1df_6.0.26100.2454_none_3e0b68a2e331ad60\COMCTL32.dll
0x00007ffd2c830000 - 0x00007ffd2c95b000 	C:\WINDOWS\System32\gdi32full.dll
0x00007ffd2e550000 - 0x00007ffd2e5f9000 	C:\WINDOWS\System32\msvcrt.dll
0x00007ffd2bf00000 - 0x00007ffd2bfa3000 	C:\WINDOWS\System32\msvcp_win.dll
0x00007ffd2dae0000 - 0x00007ffd2db0f000 	C:\WINDOWS\System32\IMM32.DLL
0x00007ffd18be0000 - 0x00007ffd18bec000 	c:\Users\hungk\.vscode\extensions\redhat.java-1.46.0-win32-x64\jre\21.0.8-win32-x86_64\bin\vcruntime140_1.dll
0x00007ffcccbc0000 - 0x00007ffcccc4d000 	c:\Users\hungk\.vscode\extensions\redhat.java-1.46.0-win32-x64\jre\21.0.8-win32-x86_64\bin\msvcp140.dll
0x00007ffc83a80000 - 0x00007ffc84817000 	c:\Users\hungk\.vscode\extensions\redhat.java-1.46.0-win32-x64\jre\21.0.8-win32-x86_64\bin\server\jvm.dll
0x00007ffd2e410000 - 0x00007ffd2e4c4000 	C:\WINDOWS\System32\ADVAPI32.dll
0x00007ffd2e670000 - 0x00007ffd2e716000 	C:\WINDOWS\System32\sechost.dll
0x00007ffd2db20000 - 0x00007ffd2dc36000 	C:\WINDOWS\System32\RPCRT4.dll
0x00007ffd2e970000 - 0x00007ffd2e9e4000 	C:\WINDOWS\System32\WS2_32.dll
0x00007ffd2b740000 - 0x00007ffd2b78e000 	C:\WINDOWS\SYSTEM32\POWRPROF.dll
0x00007ffd1e500000 - 0x00007ffd1e536000 	C:\WINDOWS\SYSTEM32\WINMM.dll
0x00007ffd21b40000 - 0x00007ffd21b4b000 	C:\WINDOWS\SYSTEM32\VERSION.dll
0x00007ffd2b2e0000 - 0x00007ffd2b2f4000 	C:\WINDOWS\SYSTEM32\UMPDC.dll
0x00007ffd2a4a0000 - 0x00007ffd2a4ba000 	C:\WINDOWS\SYSTEM32\kernel.appcore.dll
0x00007ffd189e0000 - 0x00007ffd189ea000 	c:\Users\hungk\.vscode\extensions\redhat.java-1.46.0-win32-x64\jre\21.0.8-win32-x86_64\bin\jimage.dll
0x00007ffd2b7a0000 - 0x00007ffd2b9e1000 	C:\WINDOWS\SYSTEM32\DBGHELP.DLL
0x00007ffd2dc40000 - 0x00007ffd2dfbe000 	C:\WINDOWS\System32\combase.dll
0x00007ffd2c9e0000 - 0x00007ffd2cab6000 	C:\WINDOWS\System32\OLEAUT32.dll
0x00007ffd039f0000 - 0x00007ffd03a29000 	C:\WINDOWS\SYSTEM32\dbgcore.DLL
0x00007ffd2c190000 - 0x00007ffd2c229000 	C:\WINDOWS\System32\bcryptPrimitives.dll
0x00007ffd15280000 - 0x00007ffd1528f000 	c:\Users\hungk\.vscode\extensions\redhat.java-1.46.0-win32-x64\jre\21.0.8-win32-x86_64\bin\instrument.dll
0x00007ffcdea50000 - 0x00007ffcdea6f000 	c:\Users\hungk\.vscode\extensions\redhat.java-1.46.0-win32-x64\jre\21.0.8-win32-x86_64\bin\java.dll
0x00007ffd2d200000 - 0x00007ffd2d900000 	C:\WINDOWS\System32\SHELL32.dll
0x00007ffd291d0000 - 0x00007ffd29a01000 	C:\WINDOWS\SYSTEM32\windows.storage.dll
0x00007ffd2cac0000 - 0x00007ffd2cb9a000 	C:\WINDOWS\System32\SHCORE.dll
0x00007ffd2e610000 - 0x00007ffd2e66d000 	C:\WINDOWS\System32\shlwapi.dll
0x00007ffd2bde0000 - 0x00007ffd2be0e000 	C:\WINDOWS\SYSTEM32\profapi.dll
0x00007ffcddcb0000 - 0x00007ffcddcc8000 	c:\Users\hungk\.vscode\extensions\redhat.java-1.46.0-win32-x64\jre\21.0.8-win32-x86_64\bin\zip.dll
0x00007ffd188d0000 - 0x00007ffd188e0000 	C:\Users\hungk\.vscode\extensions\redhat.java-1.46.0-win32-x64\jre\21.0.8-win32-x86_64\bin\net.dll
0x00007ffd25200000 - 0x00007ffd25326000 	C:\WINDOWS\SYSTEM32\WINHTTP.dll
0x00007ffd2ab20000 - 0x00007ffd2ab88000 	C:\WINDOWS\system32\mswsock.dll
0x00007ffcdd8f0000 - 0x00007ffcdd906000 	C:\Users\hungk\.vscode\extensions\redhat.java-1.46.0-win32-x64\jre\21.0.8-win32-x86_64\bin\nio.dll
0x00007ffd14ce0000 - 0x00007ffd14cf0000 	c:\Users\hungk\.vscode\extensions\redhat.java-1.46.0-win32-x64\jre\21.0.8-win32-x86_64\bin\verify.dll
0x00007ffd15590000 - 0x00007ffd155d4000 	C:\Users\hungk\AppData\Roaming\Code\User\globalStorage\redhat.java\1.46.0\config_win\org.eclipse.equinox.launcher\org.eclipse.equinox.launcher.win32.win32.x86_64_1.2.1400.v20250801-0854\eclipse_11916.dll
0x00007ffd2dfd0000 - 0x00007ffd2e169000 	C:\WINDOWS\System32\ole32.dll
0x00007ffd2bb10000 - 0x00007ffd2bb2c000 	C:\WINDOWS\SYSTEM32\CRYPTSP.dll
0x00007ffd2a400000 - 0x00007ffd2a438000 	C:\WINDOWS\system32\rsaenh.dll
0x00007ffd2abc0000 - 0x00007ffd2abeb000 	C:\WINDOWS\SYSTEM32\USERENV.dll
0x00007ffd2b710000 - 0x00007ffd2b736000 	C:\WINDOWS\SYSTEM32\bcrypt.dll
0x00007ffd2ae90000 - 0x00007ffd2ae9c000 	C:\WINDOWS\SYSTEM32\CRYPTBASE.dll
0x00007ffd2a030000 - 0x00007ffd2a062000 	C:\WINDOWS\SYSTEM32\IPHLPAPI.DLL
0x00007ffd2d1f0000 - 0x00007ffd2d1fa000 	C:\WINDOWS\System32\NSI.dll
0x00007ffd14c60000 - 0x00007ffd14ca9000 	C:\Users\hungk\AppData\Local\Temp\jna-99640741\jna5034403416990421672.dll
0x00007ffd2e600000 - 0x00007ffd2e608000 	C:\WINDOWS\System32\PSAPI.DLL
0x00007ffd253d0000 - 0x00007ffd253ee000 	C:\WINDOWS\SYSTEM32\dhcpcsvc6.DLL
0x00007ffd253a0000 - 0x00007ffd253c5000 	C:\WINDOWS\SYSTEM32\dhcpcsvc.DLL
0x00007ffd156f0000 - 0x00007ffd156fe000 	C:\Users\hungk\.vscode\extensions\redhat.java-1.46.0-win32-x64\jre\21.0.8-win32-x86_64\bin\sunmscapi.dll
0x00007ffd2c2f0000 - 0x00007ffd2c466000 	C:\WINDOWS\System32\CRYPT32.dll
0x00007ffd2b2a0000 - 0x00007ffd2b2d0000 	C:\WINDOWS\SYSTEM32\ncrypt.dll
0x00007ffd2afb0000 - 0x00007ffd2afef000 	C:\WINDOWS\SYSTEM32\NTASN1.dll
0x00007ffd2a070000 - 0x00007ffd2a195000 	C:\WINDOWS\SYSTEM32\DNSAPI.dll
0x00007ffd24130000 - 0x00007ffd2413b000 	C:\Windows\System32\rasadhlp.dll
0x00007ffd25400000 - 0x00007ffd25485000 	C:\WINDOWS\System32\fwpuclnt.dll
0x00007ffd15530000 - 0x00007ffd15539000 	C:\Users\hungk\.vscode\extensions\redhat.java-1.46.0-win32-x64\jre\21.0.8-win32-x86_64\bin\extnet.dll
0x00007ffd14f20000 - 0x00007ffd14f47000 	C:\Users\hungk\.gradle\native\c067742578af261105cb4f569cf0c3c89f3d7b1fecec35dd04571415982c5e48\windows-amd64\native-platform.dll
0x00007ffd15da0000 - 0x00007ffd15daa000 	C:\Users\hungk\.vscode\extensions\redhat.java-1.46.0-win32-x64\jre\21.0.8-win32-x86_64\bin\management.dll
0x00007ffd15d00000 - 0x00007ffd15d0b000 	C:\Users\hungk\.vscode\extensions\redhat.java-1.46.0-win32-x64\jre\21.0.8-win32-x86_64\bin\management_ext.dll
0x00007ffce12a0000 - 0x00007ffce12a8000 	C:\WINDOWS\system32\wshunix.dll

JVMTI agents:
c:\Users\hungk\.vscode\extensions\redhat.java-1.46.0-win32-x64\lombok\lombok-1.18.39-4050.jar path:c:\Users\hungk\.vscode\extensions\redhat.java-1.46.0-win32-x64\jre\21.0.8-win32-x86_64\bin\instrument.dll, loaded, initialized, instrumentlib options:none

dbghelp: loaded successfully - version: 4.0.5 - missing functions: none
symbol engine: initialized successfully - sym options: 0x614 - pdb path: .;c:\Users\hungk\.vscode\extensions\redhat.java-1.46.0-win32-x64\jre\21.0.8-win32-x86_64\bin;C:\WINDOWS\SYSTEM32;C:\WINDOWS\WinSxS\amd64_microsoft.windows.common-controls_6595b64144ccf1df_6.0.26100.2454_none_3e0b68a2e331ad60;c:\Users\hungk\.vscode\extensions\redhat.java-1.46.0-win32-x64\jre\21.0.8-win32-x86_64\bin\server;C:\Users\hungk\AppData\Roaming\Code\User\globalStorage\redhat.java\1.46.0\config_win\org.eclipse.equinox.launcher\org.eclipse.equinox.launcher.win32.win32.x86_64_1.2.1400.v20250801-0854;C:\Users\hungk\AppData\Local\Temp\jna-99640741;C:\Users\hungk\.gradle\native\c067742578af261105cb4f569cf0c3c89f3d7b1fecec35dd04571415982c5e48\windows-amd64

VM Arguments:
jvm_args: --add-modules=ALL-SYSTEM --add-opens=java.base/java.util=ALL-UNNAMED --add-opens=java.base/java.lang=ALL-UNNAMED --add-opens=java.base/sun.nio.fs=ALL-UNNAMED -Declipse.application=org.eclipse.jdt.ls.core.id1 -Dosgi.bundles.defaultStartLevel=4 -Declipse.product=org.eclipse.jdt.ls.core.product -Djava.import.generatesMetadataFilesAtProjectRoot=false -DDetectVMInstallationsJob.disabled=true -Dfile.encoding=utf8 -XX:+UseParallelGC -XX:GCTimeRatio=4 -XX:AdaptiveSizePolicyWeight=90 -Dsun.zip.disableMemoryMapping=true -Xmx2G -Xms100m -Xlog:disable -javaagent:c:\Users\hungk\.vscode\extensions\redhat.java-1.46.0-win32-x64\lombok\lombok-1.18.39-4050.jar -XX:+HeapDumpOnOutOfMemoryError -XX:HeapDumpPath=c:\Users\hungk\AppData\Roaming\Code\User\workspaceStorage\c1ea95a410cbd50c8eb2bc13e37241c0\redhat.java -Daether.dependencyCollector.impl=bf 
java_command: c:\Users\hungk\.vscode\extensions\redhat.java-1.46.0-win32-x64\server\plugins\org.eclipse.equinox.launcher_1.7.0.v20250519-0528.jar -configuration c:\Users\hungk\AppData\Roaming\Code\User\globalStorage\redhat.java\1.46.0\config_win -data c:\Users\hungk\AppData\Roaming\Code\User\workspaceStorage\c1ea95a410cbd50c8eb2bc13e37241c0\redhat.java\jdt_ws --pipe=\\.\pipe\lsp-7f6fe01ffc02b79ce65c92fbfd7a43a2-sock
java_class_path (initial): c:\Users\hungk\.vscode\extensions\redhat.java-1.46.0-win32-x64\server\plugins\org.eclipse.equinox.launcher_1.7.0.v20250519-0528.jar
Launcher Type: SUN_STANDARD

[Global flags]
    uintx AdaptiveSizePolicyWeight                 = 90                                        {product} {command line}
     intx CICompilerCount                          = 4                                         {product} {ergonomic}
    uintx GCTimeRatio                              = 4                                         {product} {command line}
     bool HeapDumpOnOutOfMemoryError               = true                                   {manageable} {command line}
    ccstr HeapDumpPath                             = c:\Users\hungk\AppData\Roaming\Code\User\workspaceStorage\c1ea95a410cbd50c8eb2bc13e37241c0\redhat.java         {manageable} {command line}
   size_t InitialHeapSize                          = 104857600                                 {product} {command line}
   size_t MaxHeapSize                              = 2147483648                                {product} {command line}
   size_t MaxNewSize                               = 715653120                                 {product} {ergonomic}
   size_t MinHeapDeltaBytes                        = 524288                                    {product} {ergonomic}
   size_t MinHeapSize                              = 104857600                                 {product} {command line}
   size_t NewSize                                  = 34603008                                  {product} {ergonomic}
    uintx NonNMethodCodeHeapSize                   = 5839372                                {pd product} {ergonomic}
    uintx NonProfiledCodeHeapSize                  = 122909434                              {pd product} {ergonomic}
   size_t OldSize                                  = 70254592                                  {product} {ergonomic}
    uintx ProfiledCodeHeapSize                     = 122909434                              {pd product} {ergonomic}
    uintx ReservedCodeCacheSize                    = 251658240                              {pd product} {ergonomic}
     bool SegmentedCodeCache                       = true                                      {product} {ergonomic}
   size_t SoftMaxHeapSize                          = 2147483648                             {manageable} {ergonomic}
     bool UseCompressedOops                        = true                           {product lp64_product} {ergonomic}
     bool UseLargePagesIndividualAllocation        = false                                  {pd product} {ergonomic}
     bool UseParallelGC                            = true                                      {product} {command line}

Logging:
Log output configuration:
 #0: stdout all=off uptime,level,tags foldmultilines=false
 #1: stderr all=off uptime,level,tags foldmultilines=false

Environment Variables:
PATH=C:\Program Files (x86)\VMware\VMware Workstation\bin\;C:\Program Files\Common Files\Oracle\Java\javapath;C:\Windows\system32;C:\Windows;C:\Windows\System32\Wbem;C:\Windows\System32\WindowsPowerShell\v1.0\;C:\Windows\System32\OpenSSH\;C:\Program Files (x86)\NVIDIA Corporation\PhysX\Common;C:\Program Files\NVIDIA Corporation\NVIDIA NvDLISR;C:\Program Files\Microsoft SQL Server\150\Tools\Binn\;C:\Program Files\Microsoft SQL Server\Client SDK\ODBC\170\Tools\Binn\;C:\Program Files\dotnet\;C:\Program Files (x86)\Microsoft SQL Server\160\Tools\Binn\;C:\Program Files\Microsoft SQL Server\160\Tools\Binn\;C:\Program Files\Microsoft SQL Server\160\DTS\Binn\;C:\Program Files (x86)\Microsoft SQL Server\160\DTS\Binn\;C:\WINDOWS\system32;C:\WINDOWS;C:\WINDOWS\System32\Wbem;C:\WINDOWS\System32\WindowsPowerShell\v1.0\;C:\WINDOWS\System32\OpenSSH\;C:\Program Files\nodejs\;C:\Program Files\Git\cmd;C:\Program Files\Cloudflare\Cloudflare WARP\;C:\Program Files\Docker\Docker\resources\bin;C:\xampp\php;C:\src\flutter_windows_3.29.2-stable\flutter\bin;D:\DOAN_chuyen_de_mobile\backend\apache-maven-3.9.11-bin\apache-maven-3.9.11\bin;C:\Users\hungk\AppData\Local\Programs\Python\Launcher\;C:\Users\hungk\AppData\Local\Microsoft\WindowsApps;C:\Users\hungk\.dotnet\tools;C:\Users\hungk\AppData\Local\Programs\Microsoft VS Code\bin;C:\Users\hungk\AppData\Roaming\npm;C:\Users\hungk\AppData\Local\Pub\Cache\bin;C:\Users\hungk\AppData\Local\Programs\DDN_CLI;C:\Users\hungk\AppData\Local\Android\Sdk\platform-tools;C:\Program Files\heroku\bin;
USERNAME=hungk
OS=Windows_NT
PROCESSOR_IDENTIFIER=Intel64 Family 6 Model 141 Stepping 1, GenuineIntel
TMP=C:\Users\hungk\AppData\Local\Temp
TEMP=C:\Users\hungk\AppData\Local\Temp




Periodic native trim disabled

---------------  S Y S T E M  ---------------

OS:
 Windows 11 , 64 bit Build 26100 (10.0.26100.2454)
OS uptime: 0 days 23:28 hours

CPU: total 12 (initial active 12) (6 cores per cpu, 2 threads per core) family 6 model 141 stepping 1 microcode 0x50, cx8, cmov, fxsr, ht, mmx, 3dnowpref, sse, sse2, sse3, ssse3, sse4.1, sse4.2, popcnt, lzcnt, tsc, tscinvbit, avx, avx2, aes, erms, clmul, bmi1, bmi2, adx, avx512f, avx512dq, avx512cd, avx512bw, avx512vl, sha, fma, vzeroupper, avx512_vpopcntdq, avx512_vpclmulqdq, avx512_vaes, avx512_vnni, clflush, clflushopt, clwb, avx512_vbmi2, avx512_vbmi, rdtscp, rdpid, fsrm, gfni, avx512_bitalg, f16c, pku, cet_ibt, cet_ss, avx512_ifma
Processor Information for the first 12 processors :
  Max Mhz: 2688, Current Mhz: 2688, Mhz Limit: 2688

Memory: 4k page, system-wide physical 7929M (762M free)
TotalPageFile size 20217M (AvailPageFile size 18M)
current process WorkingSet (physical memory assigned to process): 257M, peak: 292M
current process commit charge ("private bytes"): 436M, peak: 438M

vm_info: OpenJDK 64-Bit Server VM (21.0.8+9-LTS) for windows-amd64 JRE (21.0.8+9-LTS), built on 2025-07-15T00:00:00Z by "admin" with MS VC++ 17.7 (VS2022)

END.
